[INFO] Scanning for projects...
[INFO] 
[INFO] ------------------< me.mrCookieSlime:CommandOverride >------------------
[INFO] Building CommandOverride DEV - 5 (git d578e9d8)
[INFO] --------------------------------[ jar ]---------------------------------
[INFO] Downloading from paper-repo: https://repo.destroystokyo.com/repository/maven-public/io/github/thebusybiscuit/CSCoreLib2/0.2/CSCoreLib2-0.2.pom
[INFO] Downloading from spigot-repo: https://hub.spigotmc.org/nexus/content/repositories/snapshots/io/github/thebusybiscuit/CSCoreLib2/0.2/CSCoreLib2-0.2.pom
[INFO] Downloading from jitpack.io: https://jitpack.io/io/github/thebusybiscuit/CSCoreLib2/0.2/CSCoreLib2-0.2.pom
[INFO] Downloading from placeholderapi-repo: http://repo.extendedclip.com/content/repositories/placeholderapi/io/github/thebusybiscuit/CSCoreLib2/0.2/CSCoreLib2-0.2.pom
[INFO] Downloading from CodeMC: https://repo.codemc.org/repository/maven-public/io/github/thebusybiscuit/CSCoreLib2/0.2/CSCoreLib2-0.2.pom
[INFO] Downloading from central: https://repo.maven.apache.org/maven2/io/github/thebusybiscuit/CSCoreLib2/0.2/CSCoreLib2-0.2.pom
[INFO] ------------------------------------------------------------------------
[INFO] BUILD FAILURE
[INFO] ------------------------------------------------------------------------
[INFO] Total time:  7.353 s
[INFO] Finished at: 2019-06-12T00:39:43+02:00
[INFO] ------------------------------------------------------------------------
[ERROR] Failed to execute goal on project CommandOverride: Could not resolve dependencies for project me.mrCookieSlime:CommandOverride:jar:DEV - 5 (git d578e9d8): Failed to collect dependencies at io.github.thebusybiscuit:CSCoreLib2:jar:0.2: Failed to read artifact descriptor for io.github.thebusybiscuit:CSCoreLib2:jar:0.2: Could not transfer artifact io.github.thebusybiscuit:CSCoreLib2:pom:0.2 from/to jitpack.io (https://jitpack.io): Not authorized -> [Help 1]
[ERROR] 
[ERROR] To see the full stack trace of the errors, re-run Maven with the -e switch.
[ERROR] Re-run Maven using the -X switch to enable full debug logging.
[ERROR] 
[ERROR] For more information about the errors and possible solutions, please read the following articles:
[ERROR] [Help 1] http://cwiki.apache.org/confluence/display/MAVEN/DependencyResolutionException
