[INFO] Scanning for projects...
[INFO] 
[INFO] --------------< io.github.thebusybiscuit:RankPrefixPlus >---------------
[INFO] Building RankPrefixPlus DEV - 12 (git f2dfba26)
[INFO] --------------------------------[ jar ]---------------------------------
[WARNING] The POM for com.github.thebusybiscuit:CS-CoreLib2:jar:0.3.6 is invalid, transitive dependencies (if any) will not be available, enable debug logging for more details
[INFO] 
[INFO] --- maven-clean-plugin:2.5:clean (default-clean) @ RankPrefixPlus ---
[INFO] 
[INFO] --- maven-resources-plugin:2.6:resources (default-resources) @ RankPrefixPlus ---
[INFO] Using 'UTF-8' encoding to copy filtered resources.
[INFO] Copying 2 resources
[INFO] 
[INFO] --- maven-compiler-plugin:3.1:compile (default-compile) @ RankPrefixPlus ---
[INFO] Changes detected - recompiling the module!
[INFO] Compiling 3 source files to /home/pi/Desktop/Build Server/TheBusyBiscuit/RankPrefixPlus/master/files/target/classes
[INFO] 
[INFO] --- maven-resources-plugin:2.6:testResources (default-testResources) @ RankPrefixPlus ---
[INFO] Using 'UTF-8' encoding to copy filtered resources.
[INFO] skip non existing resourceDirectory /home/pi/Desktop/Build Server/TheBusyBiscuit/RankPrefixPlus/master/files/tests/resources
[INFO] 
[INFO] --- maven-compiler-plugin:3.1:testCompile (default-testCompile) @ RankPrefixPlus ---
[INFO] No sources to compile
[INFO] 
[INFO] --- maven-surefire-plugin:2.12.4:test (default-test) @ RankPrefixPlus ---
[INFO] No tests to run.
[INFO] 
[INFO] --- maven-jar-plugin:2.4:jar (default-jar) @ RankPrefixPlus ---
[INFO] Building jar: /home/pi/Desktop/Build Server/TheBusyBiscuit/RankPrefixPlus/master/files/target/RankPrefixPlus-12.jar
[INFO] 
[INFO] --- maven-shade-plugin:3.2.1:shade (default) @ RankPrefixPlus ---
[INFO] Including com.github.thebusybiscuit:CS-CoreLib2:jar:0.3.6 in the shaded jar.
[INFO] Including org.bstats:bstats-bukkit:jar:1.5 in the shaded jar.
[INFO] Replacing original artifact with shaded artifact.
[INFO] Replacing /home/pi/Desktop/Build Server/TheBusyBiscuit/RankPrefixPlus/master/files/target/RankPrefixPlus-12.jar with /home/pi/Desktop/Build Server/TheBusyBiscuit/RankPrefixPlus/master/files/target/RankPrefixPlus-DEV - 12 (git f2dfba26)-shaded.jar
[INFO] Dependency-reduced POM written at: /home/pi/Desktop/Build Server/TheBusyBiscuit/RankPrefixPlus/master/files/dependency-reduced-pom.xml
[INFO] 
[INFO] --------------< io.github.thebusybiscuit:RankPrefixPlus >---------------
[INFO] Building RankPrefixPlus DEV - 12 (git f2dfba26)
[INFO] --------------------------------[ jar ]---------------------------------
[INFO] 
[INFO] --- sonar-maven-plugin:3.6.0.1398:sonar (default-cli) @ RankPrefixPlus ---
[INFO] User cache: /home/pi/.sonar/cache
[INFO] SonarQube version: 8.0.0
[INFO] Default locale: "de_DE", source code encoding: "UTF-8"
[INFO] Load global settings
[INFO] Load global settings (done) | time=725ms
[INFO] Server id: 74E9293D-AWHW8ct9-T_TB3XqouNu
[INFO] User cache: /home/pi/.sonar/cache
[INFO] Load/download plugins
[INFO] Load plugins index
[INFO] Load plugins index (done) | time=285ms
[INFO] Load/download plugins (done) | time=1276ms
[INFO] Loaded core extensions: developer-scanner
[INFO] Process project properties
[INFO] Execute project builders
[INFO] Execute project builders (done) | time=18ms
[INFO] Project key: TheBusyBiscuit_RankPrefixPlus
[INFO] Base dir: /home/pi/Desktop/Build Server/TheBusyBiscuit/RankPrefixPlus/master/files
[INFO] Working dir: /home/pi/Desktop/Build Server/TheBusyBiscuit/RankPrefixPlus/master/files/target/sonar
[INFO] Load project settings for component key: 'TheBusyBiscuit_RankPrefixPlus'
[INFO] Load project settings for component key: 'TheBusyBiscuit_RankPrefixPlus' (done) | time=94ms
[INFO] Load project branches
[INFO] Load project branches (done) | time=79ms
[INFO] Load project pull requests
[INFO] Load project pull requests (done) | time=132ms
[INFO] Load branch configuration
[INFO] Load branch configuration (done) | time=6ms
[INFO] Load quality profiles
[INFO] Load quality profiles (done) | time=216ms
[INFO] Load active rules
[INFO] Load active rules (done) | time=4249ms
[INFO] Organization key: thebusybiscuit-github
[INFO] Indexing files...
[INFO] Project configuration:
[INFO] 5 files indexed
[INFO] 0 files ignored because of scm ignore settings
[INFO] Quality profile for java: Additional Checks
[INFO] ------------- Run sensors on module RankPrefixPlus
[INFO] Load metrics repository
[INFO] Load metrics repository (done) | time=89ms
[INFO] Sensor JavaSquidSensor [java]
[INFO] Configured Java source version (sonar.java.source): 8
[INFO] JavaClasspath initialization
[INFO] JavaClasspath initialization (done) | time=56ms
[INFO] JavaTestClasspath initialization
[INFO] JavaTestClasspath initialization (done) | time=3ms
[INFO] Java Main Files AST scan
[INFO] 3 source files to be analyzed
[INFO] Load project repositories
[INFO] Load project repositories (done) | time=100ms
[INFO] 3/3 source files have been analyzed
[WARNING] Classes not found during the analysis : [org.json.simple.JSONObject, org.yaml.snakeyaml.Yaml]
[INFO] Java Main Files AST scan (done) | time=8921ms
[INFO] Java Test Files AST scan
[INFO] 0 source files to be analyzed
[INFO] Java Test Files AST scan (done) | time=3ms
[INFO] 0/0 source files have been analyzed
[INFO] Sensor JavaSquidSensor [java] (done) | time=12397ms
[INFO] Sensor SurefireSensor [java]
[INFO] parsing [/home/pi/Desktop/Build Server/TheBusyBiscuit/RankPrefixPlus/master/files/target/surefire-reports]
[INFO] Sensor SurefireSensor [java] (done) | time=8ms
[INFO] Sensor JaCoCoSensor [java]
[INFO] Sensor JaCoCoSensor [java] (done) | time=4ms
[INFO] Sensor JavaXmlSensor [java]
[INFO] Sensor JavaXmlSensor [java] (done) | time=5ms
[INFO] Sensor HTML [web]
[INFO] Sensor HTML [web] (done) | time=213ms
[INFO] Sensor JaCoCo XML Report Importer [jacoco]
[INFO] Sensor JaCoCo XML Report Importer [jacoco] (done) | time=13ms
[INFO] Sensor JavaSecuritySensor [security]
[INFO] Reading type hierarchy from: /home/pi/Desktop/Build Server/TheBusyBiscuit/RankPrefixPlus/master/files/target/sonar/ucfg2/java
[INFO] Read 67 type definitions
[INFO] Reading UCFGs from: /home/pi/Desktop/Build Server/TheBusyBiscuit/RankPrefixPlus/master/files/target/sonar/ucfg2/java
[INFO] 19:20:13.174 Building Type propagation graph
[INFO] 19:20:13.225 Running Tarjan on 149 nodes
[INFO] 19:20:13.235 Tarjan found 146 components
[INFO] 19:20:13.299 Variable type analysis: done
[INFO] 19:20:13.302 Building Type propagation graph
[INFO] 19:20:13.34 Running Tarjan on 149 nodes
[INFO] 19:20:13.344 Tarjan found 146 components
[INFO] 19:20:13.348 Variable type analysis: done
[INFO] Analyzing 19 ucfgs to detect vulnerabilities.
[INFO] All rules entrypoints : 0 Retained UCFGs : 0
[INFO] rule: S5131, entrypoints: 0
[INFO] Visited 0 ucfgs in 0 ms, 0 steps
[INFO] rule: S5131 done
[INFO] rule: S3649, entrypoints: 0
[INFO] Visited 0 ucfgs in 0 ms, 0 steps
[INFO] rule: S3649 done
[INFO] rule: S2076, entrypoints: 0
[INFO] Visited 0 ucfgs in 0 ms, 0 steps
[INFO] rule: S2076 done
[INFO] rule: S2091, entrypoints: 0
[INFO] Visited 0 ucfgs in 0 ms, 0 steps
[INFO] rule: S2091 done
[INFO] rule: S2078, entrypoints: 0
[INFO] Visited 0 ucfgs in 0 ms, 0 steps
[INFO] rule: S2078 done
[INFO] rule: S2631, entrypoints: 0
[INFO] Visited 0 ucfgs in 0 ms, 0 steps
[INFO] rule: S2631 done
[INFO] rule: S5135, entrypoints: 0
[INFO] Visited 0 ucfgs in 0 ms, 0 steps
[INFO] rule: S5135 done
[INFO] rule: S2083, entrypoints: 0
[INFO] Visited 0 ucfgs in 0 ms, 0 steps
[INFO] rule: S2083 done
[INFO] rule: S5167, entrypoints: 0
[INFO] Visited 0 ucfgs in 0 ms, 0 steps
[INFO] rule: S5167 done
[INFO] rule: S5144, entrypoints: 0
[INFO] Visited 0 ucfgs in 0 ms, 0 steps
[INFO] rule: S5144 done
[INFO] rule: S5145, entrypoints: 0
[INFO] Visited 0 ucfgs in 0 ms, 0 steps
[INFO] rule: S5145 done
[INFO] rule: S5146, entrypoints: 0
[INFO] Visited 0 ucfgs in 0 ms, 0 steps
[INFO] rule: S5146 done
[INFO] rule: S5334, entrypoints: 0
[INFO] Visited 0 ucfgs in 0 ms, 0 steps
[INFO] rule: S5334 done
[INFO] Sensor JavaSecuritySensor [security] (done) | time=2670ms
[INFO] Sensor CSharpSecuritySensor [security]
[INFO] Reading type hierarchy from: /home/pi/Desktop/Build Server/TheBusyBiscuit/RankPrefixPlus/master/files/target/ucfg_cs2
[INFO] Read 0 type definitions
[INFO] Reading UCFGs from: /home/pi/Desktop/Build Server/TheBusyBiscuit/RankPrefixPlus/master/files/target/ucfg_cs2
[INFO] No UCFGs have been included for analysis.
[INFO] Sensor CSharpSecuritySensor [security] (done) | time=5ms
[INFO] Sensor PhpSecuritySensor [security]
[INFO] Reading type hierarchy from: /home/pi/Desktop/Build Server/TheBusyBiscuit/RankPrefixPlus/master/files/target/sonar/ucfg2/php
[INFO] Read 0 type definitions
[INFO] Reading UCFGs from: /home/pi/Desktop/Build Server/TheBusyBiscuit/RankPrefixPlus/master/files/target/sonar/ucfg2/php
[INFO] No UCFGs have been included for analysis.
[INFO] Sensor PhpSecuritySensor [security] (done) | time=4ms
[INFO] ------------- Run sensors on project
[INFO] Sensor Zero Coverage Sensor
[INFO] Sensor Zero Coverage Sensor (done) | time=40ms
[INFO] Sensor Java CPD Block Indexer
[INFO] Sensor Java CPD Block Indexer (done) | time=129ms
[INFO] Calculating CPD for 3 files
[INFO] CPD calculation finished
[INFO] Analysis report generated in 389ms, dir size=161 KB
[INFO] Analysis report compressed in 92ms, zip size=37 KB
[INFO] Analysis report uploaded in 599ms
[INFO] ANALYSIS SUCCESSFUL, you can browse https://sonarcloud.io/dashboard?id=TheBusyBiscuit_RankPrefixPlus
[INFO] Note that you will be able to access the updated dashboard once the server has processed the submitted analysis report
[INFO] More about the report processing at https://sonarcloud.io/api/ce/task?id=AWyq5MtSSuEZ7Wgz0yhF
[INFO] Analysis total time: 41.891 s
[INFO] ------------------------------------------------------------------------
[INFO] BUILD SUCCESS
[INFO] ------------------------------------------------------------------------
[INFO] Total time:  01:01 min
[INFO] Finished at: 2019-08-19T19:20:16+02:00
[INFO] ------------------------------------------------------------------------
