[INFO] Scanning for projects...
[INFO] 
[INFO] ------------------------------------------------------------------------
[INFO] Building RankPrefixPlus DEV - 7 (git 48c70fae)
[INFO] ------------------------------------------------------------------------
[INFO] Downloading from vault-repo: http://nexus.hc.to/content/repositories/pub_releases/org/bukkit/bukkit/1.14.2-R0.1-SNAPSHOT/maven-metadata.xml
[WARNING] The POM for com.github.thebusybiscuit:CS-CoreLib2:jar:0.3.2 is invalid, transitive dependencies (if any) will not be available, enable debug logging for more details
[INFO] Downloading from vault-repo: http://nexus.hc.to/content/repositories/pub_releases/org/bukkit/bukkit/1.13.1-R0.1-SNAPSHOT/maven-metadata.xml
[INFO] 
[INFO] --- maven-clean-plugin:2.5:clean (default-clean) @ RankPrefixPlus ---
[INFO] 
[INFO] --- maven-resources-plugin:2.6:resources (default-resources) @ RankPrefixPlus ---
[INFO] Using 'UTF-8' encoding to copy filtered resources.
[INFO] Copying 1 resource
[INFO] 
[INFO] --- maven-compiler-plugin:3.1:compile (default-compile) @ RankPrefixPlus ---
[INFO] Changes detected - recompiling the module!
[INFO] Compiling 3 source files to E:\Projects\GitHub\builds\TheBusyBiscuit\RankPrefixPlus\master\files\target\classes
[INFO] 
[INFO] --- maven-resources-plugin:2.6:testResources (default-testResources) @ RankPrefixPlus ---
[INFO] Using 'UTF-8' encoding to copy filtered resources.
[INFO] skip non existing resourceDirectory E:\Projects\GitHub\builds\TheBusyBiscuit\RankPrefixPlus\master\files\tests\resources
[INFO] 
[INFO] --- maven-compiler-plugin:3.1:testCompile (default-testCompile) @ RankPrefixPlus ---
[INFO] No sources to compile
[INFO] 
[INFO] --- maven-surefire-plugin:2.12.4:test (default-test) @ RankPrefixPlus ---
[INFO] No tests to run.
[INFO] 
[INFO] --- maven-jar-plugin:2.4:jar (default-jar) @ RankPrefixPlus ---
[INFO] Building jar: E:\Projects\GitHub\builds\TheBusyBiscuit\RankPrefixPlus\master\files\target\RankPrefixPlus-7.jar
[INFO] 
[INFO] --- maven-shade-plugin:3.2.1:shade (default) @ RankPrefixPlus ---
[INFO] Including com.github.thebusybiscuit:CS-CoreLib2:jar:0.3.2 in the shaded jar.
[INFO] Including org.bstats:bstats-bukkit:jar:1.5 in the shaded jar.
[INFO] Replacing original artifact with shaded artifact.
[INFO] Replacing E:\Projects\GitHub\builds\TheBusyBiscuit\RankPrefixPlus\master\files\target\RankPrefixPlus-7.jar with E:\Projects\GitHub\builds\TheBusyBiscuit\RankPrefixPlus\master\files\target\RankPrefixPlus-DEV - 7 (git 48c70fae)-shaded.jar
[INFO] Dependency-reduced POM written at: E:\Projects\GitHub\builds\TheBusyBiscuit\RankPrefixPlus\master\files\dependency-reduced-pom.xml
[INFO] ------------------------------------------------------------------------
[INFO] BUILD SUCCESS
[INFO] ------------------------------------------------------------------------
[INFO] Total time: 3.543 s
[INFO] Finished at: 2019-06-22T17:53:52+02:00
[INFO] Final Memory: 21M/215M
[INFO] ------------------------------------------------------------------------
