[INFO] Scanning for projects...
[INFO] 
[INFO] -----------------< io.github.thebusybiscuit:SoulJars >------------------
[INFO] Building SoulJars DEV - 4 (git 4a600aa2)
[INFO] --------------------------------[ jar ]---------------------------------
[WARNING] The POM for com.github.thebusybiscuit:CS-CoreLib2:jar:0.4.1 is invalid, transitive dependencies (if any) will not be available, enable debug logging for more details
[WARNING] The POM for com.github.TheBusyBiscuit:Slimefun4:jar:580931d729 is invalid, transitive dependencies (if any) will not be available, enable debug logging for more details
[WARNING] The POM for com.github.thebusybiscuit:CS-CoreLib2:jar:0.5.1 is invalid, transitive dependencies (if any) will not be available, enable debug logging for more details
[INFO] 
[INFO] --- maven-clean-plugin:2.5:clean (default-clean) @ SoulJars ---
[INFO] 
[INFO] --- maven-resources-plugin:2.6:resources (default-resources) @ SoulJars ---
[INFO] Using 'UTF-8' encoding to copy filtered resources.
[INFO] Copying 2 resources
[INFO] 
[INFO] --- maven-compiler-plugin:3.1:compile (default-compile) @ SoulJars ---
[INFO] Changes detected - recompiling the module!
[INFO] Compiling 1 source file to /home/pi/Desktop/Build Server/TheBusyBiscuit/SoulJars/master/files/target/classes
[INFO] 
[INFO] --- maven-resources-plugin:2.6:testResources (default-testResources) @ SoulJars ---
[INFO] Using 'UTF-8' encoding to copy filtered resources.
[INFO] skip non existing resourceDirectory /home/pi/Desktop/Build Server/TheBusyBiscuit/SoulJars/master/files/tests/resources
[INFO] 
[INFO] --- maven-compiler-plugin:3.1:testCompile (default-testCompile) @ SoulJars ---
[INFO] No sources to compile
[INFO] 
[INFO] --- maven-surefire-plugin:2.12.4:test (default-test) @ SoulJars ---
[INFO] No tests to run.
[INFO] 
[INFO] --- maven-jar-plugin:2.4:jar (default-jar) @ SoulJars ---
[INFO] Building jar: /home/pi/Desktop/Build Server/TheBusyBiscuit/SoulJars/master/files/target/SoulJars-4.jar
[INFO] 
[INFO] --- maven-shade-plugin:3.2.1:shade (default) @ SoulJars ---
[INFO] Including com.github.thebusybiscuit:CS-CoreLib2:jar:0.5.1 in the shaded jar.
[INFO] Including org.bstats:bstats-bukkit:jar:1.5 in the shaded jar.
[INFO] Replacing original artifact with shaded artifact.
[INFO] Replacing /home/pi/Desktop/Build Server/TheBusyBiscuit/SoulJars/master/files/target/SoulJars-4.jar with /home/pi/Desktop/Build Server/TheBusyBiscuit/SoulJars/master/files/target/SoulJars-DEV - 4 (git 4a600aa2)-shaded.jar
[INFO] Dependency-reduced POM written at: /home/pi/Desktop/Build Server/TheBusyBiscuit/SoulJars/master/files/dependency-reduced-pom.xml
[INFO] 
[INFO] -----------------< io.github.thebusybiscuit:SoulJars >------------------
[INFO] Building SoulJars DEV - 4 (git 4a600aa2)
[INFO] --------------------------------[ jar ]---------------------------------
[INFO] 
[INFO] --- sonar-maven-plugin:3.6.0.1398:sonar (default-cli) @ SoulJars ---
[INFO] User cache: /home/pi/.sonar/cache
[INFO] SonarQube version: 8.0.0
[INFO] Default locale: "de_DE", source code encoding: "UTF-8"
[INFO] Load global settings
[INFO] Load global settings (done) | time=769ms
[INFO] Server id: 74E9293D-AWHW8ct9-T_TB3XqouNu
[INFO] User cache: /home/pi/.sonar/cache
[INFO] Load/download plugins
[INFO] Load plugins index
[INFO] Load plugins index (done) | time=282ms
[INFO] Load/download plugins (done) | time=815ms
[INFO] Loaded core extensions: developer-scanner
[INFO] Process project properties
[INFO] Execute project builders
[INFO] Execute project builders (done) | time=17ms
[INFO] Project key: TheBusyBiscuit_SoulJars
[INFO] Base dir: /home/pi/Desktop/Build Server/TheBusyBiscuit/SoulJars/master/files
[INFO] Working dir: /home/pi/Desktop/Build Server/TheBusyBiscuit/SoulJars/master/files/target/sonar
[INFO] Load project settings for component key: 'TheBusyBiscuit_SoulJars'
[INFO] Load project branches
[INFO] Load project branches (done) | time=54ms
[INFO] Load project pull requests
[INFO] Load project pull requests (done) | time=60ms
[INFO] Load branch configuration
[INFO] Load branch configuration (done) | time=6ms
[INFO] Load quality profiles
[INFO] Load quality profiles (done) | time=258ms
[INFO] Load active rules
[INFO] Load active rules (done) | time=3743ms
[INFO] Organization key: thebusybiscuit-github
[INFO] Indexing files...
[INFO] Project configuration:
[INFO] 4 files indexed
[INFO] 0 files ignored because of scm ignore settings
 Quality profile for java: Additional Checks
[INFO][INFO] Quality profile for xml: Sonar way
[INFO] ------------- Run sensors on module SoulJars
[INFO] Load metrics repository
[INFO] Load metrics repository (done) | time=104ms
[INFO] Sensor JavaSquidSensor [java]
[INFO] Configured Java source version (sonar.java.source): 8
[INFO] JavaClasspath initialization
[INFO] JavaClasspath initialization (done) | time=54ms
[INFO] JavaTestClasspath initialization
[INFO] JavaTestClasspath initialization (done) | time=3ms
[INFO] Java Main Files AST scan
[INFO] 1 source files to be analyzed
[INFO] Load project repositories
[INFO] Load project repositories (done) | time=73ms
[INFO] 1/1 source files have been analyzed
[WARNING] Classes not found during the analysis : [com.google.common.collect.Multimap, com.google.gson.JsonObject, org.yaml.snakeyaml.Yaml]
[INFO] Java Main Files AST scan (done) | time=7995ms
[INFO] Java Test Files AST scan
[INFO] 0 source files to be analyzed
[INFO] 0/0 source files have been analyzed
[INFO] Java Test Files AST scan (done) | time=3ms
[INFO] Sensor JavaSquidSensor [java] (done) | time=10695ms
[INFO] Sensor SurefireSensor [java]
[INFO] parsing [/home/pi/Desktop/Build Server/TheBusyBiscuit/SoulJars/master/files/target/surefire-reports]
[INFO] Sensor SurefireSensor [java] (done) | time=7ms
[INFO] Sensor JaCoCoSensor [java]
[INFO] Sensor JaCoCoSensor [java] (done) | time=4ms
[INFO] Sensor JavaXmlSensor [java]
[INFO] 1 source files to be analyzed
[INFO] Sensor JavaXmlSensor [java] (done) | time=705ms
[INFO] 1/1 source files have been analyzed
[INFO] Sensor HTML [web]
[INFO] Sensor HTML [web] (done) | time=19ms
[INFO] Sensor XML Sensor [xml]
[INFO] 1 source files to be analyzed
[INFO] Sensor XML Sensor [xml] (done) | time=636ms
[INFO] 1/1 source files have been analyzed
[INFO] Sensor JaCoCo XML Report Importer [jacoco]
[INFO] Sensor JaCoCo XML Report Importer [jacoco] (done) | time=16ms
[INFO] Sensor JavaSecuritySensor [security]
[INFO] Reading type hierarchy from: /home/pi/Desktop/Build Server/TheBusyBiscuit/SoulJars/master/files/target/sonar/ucfg2/java
[INFO] Read 73 type definitions
[INFO] Reading UCFGs from: /home/pi/Desktop/Build Server/TheBusyBiscuit/SoulJars/master/files/target/sonar/ucfg2/java
[INFO] 13:12:45.271 Building Type propagation graph
[INFO] 13:12:45.311 Running Tarjan on 70 nodes
[INFO] 13:12:45.319 Tarjan found 70 components
[INFO] 13:12:45.335 Variable type analysis: done
[INFO] 13:12:45.337 Building Type propagation graph
[INFO] 13:12:45.348 Running Tarjan on 70 nodes
[INFO] 13:12:45.351 Tarjan found 70 components
[INFO] 13:12:45.353 Variable type analysis: done
[INFO] Analyzing 3 ucfgs to detect vulnerabilities.
[INFO] All rules entrypoints : 0 Retained UCFGs : 0
[INFO] rule: S5131, entrypoints: 0
[INFO] Visited 0 ucfgs in 0 ms, 0 steps
[INFO] rule: S5131 done
[INFO] rule: S3649, entrypoints: 0
[INFO] Visited 0 ucfgs in 0 ms, 0 steps
[INFO] rule: S3649 done
[INFO] rule: S2076, entrypoints: 0
[INFO] Visited 0 ucfgs in 0 ms, 0 steps
[INFO] rule: S2076 done
[INFO] rule: S2091, entrypoints: 0
[INFO] Visited 0 ucfgs in 0 ms, 0 steps
[INFO] rule: S2091 done
[INFO] rule: S2078, entrypoints: 0
[INFO] Visited 0 ucfgs in 0 ms, 0 steps
[INFO] rule: S2078 done
[INFO] rule: S2631, entrypoints: 0
[INFO] Visited 0 ucfgs in 0 ms, 0 steps
[INFO] rule: S2631 done
[INFO] rule: S5135, entrypoints: 0
[INFO] Visited 0 ucfgs in 0 ms, 0 steps
[INFO] rule: S5135 done
[INFO] rule: S2083, entrypoints: 0
[INFO] Visited 0 ucfgs in 0 ms, 0 steps
[INFO] rule: S2083 done
[INFO] rule: S5167, entrypoints: 0
[INFO] Visited 0 ucfgs in 0 ms, 0 steps
[INFO] rule: S5167 done
[INFO] rule: S5144, entrypoints: 0
[INFO] Visited 0 ucfgs in 0 ms, 0 steps
[INFO] rule: S5144 done
[INFO] rule: S5145, entrypoints: 0
[INFO] Visited 0 ucfgs in 0 ms, 0 steps
[INFO] rule: S5145 done
[INFO] rule: S5146, entrypoints: 0
[INFO] Visited 0 ucfgs in 0 ms, 0 steps
[INFO] rule: S5146 done
[INFO] rule: S5334, entrypoints: 0
[INFO] Visited 0 ucfgs in 0 ms, 0 steps
[INFO] rule: S5334 done
[INFO] Sensor JavaSecuritySensor [security] (done) | time=1979ms
[INFO] Sensor CSharpSecuritySensor [security]
[INFO] Reading type hierarchy from: /home/pi/Desktop/Build Server/TheBusyBiscuit/SoulJars/master/files/target/ucfg_cs2
[INFO] Read 0 type definitions
[INFO] Reading UCFGs from: /home/pi/Desktop/Build Server/TheBusyBiscuit/SoulJars/master/files/target/ucfg_cs2
[INFO] No UCFGs have been included for analysis.
[INFO] Sensor CSharpSecuritySensor [security] (done) | time=4ms
[INFO] Sensor PhpSecuritySensor [security]
[INFO] Reading type hierarchy from: /home/pi/Desktop/Build Server/TheBusyBiscuit/SoulJars/master/files/target/sonar/ucfg2/php
[INFO] Read 0 type definitions
[INFO] Reading UCFGs from: /home/pi/Desktop/Build Server/TheBusyBiscuit/SoulJars/master/files/target/sonar/ucfg2/php
[INFO] No UCFGs have been included for analysis.
[INFO] Sensor PhpSecuritySensor [security] (done) | time=4ms
[INFO] ------------- Run sensors on project
[INFO] Sensor Zero Coverage Sensor
[INFO] Sensor Zero Coverage Sensor (done) | time=42ms
[INFO] Sensor Java CPD Block Indexer
[INFO] Sensor Java CPD Block Indexer (done) | time=108ms
[INFO] SCM provider for this project is: git
[INFO] 2 files to be analyzed
[INFO] 1/2 files analyzed
[WARNING] Missing blame information for the following files:
[WARNING]   * dependency-reduced-pom.xml
[WARNING] This may lead to missing/broken features in SonarQube
[INFO] Calculating CPD for 1 file
[INFO] CPD calculation finished
[INFO] Analysis report generated in 901ms, dir size=161 KB
[INFO] Analysis report compressed in 449ms, zip size=35 KB
[INFO] Analysis report uploaded in 1265ms
[INFO] ANALYSIS SUCCESSFUL, you can browse https://sonarcloud.io/dashboard?id=TheBusyBiscuit_SoulJars
[INFO] Note that you will be able to access the updated dashboard once the server has processed the submitted analysis report
[INFO] More about the report processing at https://sonarcloud.io/api/ce/task?id=AW0gBqeh7H9OfyRQWD5E
[INFO] Analysis total time: 38.086 s
[INFO] ------------------------------------------------------------------------
[INFO] BUILD SUCCESS
[INFO] ------------------------------------------------------------------------
[INFO] Total time:  54.362 s
[INFO] Finished at: 2019-09-11T13:12:50+02:00
[INFO] ------------------------------------------------------------------------
