[INFO] Scanning for projects...
[INFO] 
[INFO] -------------< io.github.thebusybiscuit:ElectricSpawners >--------------
[INFO] Building ElectricSpawners DEV - 14 (git 4b8c86c4)
[INFO] --------------------------------[ jar ]---------------------------------
[INFO] Downloading from paper-repo: https://repo.destroystokyo.com/repository/maven-public/org/bukkit/bukkit/1.15.2-R0.1-SNAPSHOT/bukkit-1.15.2-R0.1-20200528.094028-111.pom
[INFO] Downloaded from paper-repo: https://repo.destroystokyo.com/repository/maven-public/org/bukkit/bukkit/1.15.2-R0.1-SNAPSHOT/bukkit-1.15.2-R0.1-20200528.094028-111.pom (0 B at 0 B/s)
[INFO] Downloading from paper-repo: https://repo.destroystokyo.com/repository/maven-public/commons-lang/commons-lang/2.6/commons-lang-2.6.pom
[INFO] Downloaded from paper-repo: https://repo.destroystokyo.com/repository/maven-public/commons-lang/commons-lang/2.6/commons-lang-2.6.pom (0 B at 0 B/s)
[INFO] Downloading from paper-repo: https://repo.destroystokyo.com/repository/maven-public/org/apache/commons/commons-parent/17/commons-parent-17.pom
[INFO] Downloaded from paper-repo: https://repo.destroystokyo.com/repository/maven-public/org/apache/commons/commons-parent/17/commons-parent-17.pom (0 B at 0 B/s)
[INFO] Downloading from paper-repo: https://repo.destroystokyo.com/repository/maven-public/org/apache/apache/7/apache-7.pom
[INFO] Downloaded from paper-repo: https://repo.destroystokyo.com/repository/maven-public/org/apache/apache/7/apache-7.pom (0 B at 0 B/s)
[INFO] Downloading from paper-repo: https://repo.destroystokyo.com/repository/maven-public/com/google/guava/guava/21.0/guava-21.0.pom
[INFO] Downloaded from paper-repo: https://repo.destroystokyo.com/repository/maven-public/com/google/guava/guava/21.0/guava-21.0.pom (0 B at 0 B/s)
[INFO] Downloading from paper-repo: https://repo.destroystokyo.com/repository/maven-public/com/google/guava/guava-parent/21.0/guava-parent-21.0.pom
[INFO] Downloaded from paper-repo: https://repo.destroystokyo.com/repository/maven-public/com/google/guava/guava-parent/21.0/guava-parent-21.0.pom (0 B at 0 B/s)
[INFO] Downloading from paper-repo: https://repo.destroystokyo.com/repository/maven-public/org/sonatype/oss/oss-parent/7/oss-parent-7.pom
[INFO] Downloaded from paper-repo: https://repo.destroystokyo.com/repository/maven-public/org/sonatype/oss/oss-parent/7/oss-parent-7.pom (0 B at 0 B/s)
[INFO] Downloading from paper-repo: https://repo.destroystokyo.com/repository/maven-public/com/google/code/gson/gson/2.8.0/gson-2.8.0.pom
[INFO] Downloaded from paper-repo: https://repo.destroystokyo.com/repository/maven-public/com/google/code/gson/gson/2.8.0/gson-2.8.0.pom (0 B at 0 B/s)
[INFO] Downloading from paper-repo: https://repo.destroystokyo.com/repository/maven-public/com/google/code/gson/gson-parent/2.8.0/gson-parent-2.8.0.pom
[INFO] Downloaded from paper-repo: https://repo.destroystokyo.com/repository/maven-public/com/google/code/gson/gson-parent/2.8.0/gson-parent-2.8.0.pom (0 B at 0 B/s)
[INFO] Downloading from paper-repo: https://repo.destroystokyo.com/repository/maven-public/org/yaml/snakeyaml/1.25/snakeyaml-1.25.pom
[INFO] Downloaded from paper-repo: https://repo.destroystokyo.com/repository/maven-public/org/yaml/snakeyaml/1.25/snakeyaml-1.25.pom (0 B at 0 B/s)
[WARNING] The POM for com.github.TheBusyBiscuit:Slimefun4:jar:e2b979fca9 is invalid, transitive dependencies (if any) will not be available, enable debug logging for more details
[INFO] Downloading from paper-repo: https://repo.destroystokyo.com/repository/maven-public/org/bukkit/bukkit/1.15.2-R0.1-SNAPSHOT/bukkit-1.15.2-R0.1-20200528.094028-111.jar
[INFO] Downloading from paper-repo: https://repo.destroystokyo.com/repository/maven-public/com/google/guava/guava/21.0/guava-21.0.jar
[INFO] Downloading from paper-repo: https://repo.destroystokyo.com/repository/maven-public/com/google/code/gson/gson/2.8.0/gson-2.8.0.jar
[INFO] Downloading from paper-repo: https://repo.destroystokyo.com/repository/maven-public/org/yaml/snakeyaml/1.25/snakeyaml-1.25.jar
[INFO] Downloaded from paper-repo: https://repo.destroystokyo.com/repository/maven-public/com/google/guava/guava/21.0/guava-21.0.jar (0 B at 0 B/s)
[INFO] Downloaded from paper-repo: https://repo.destroystokyo.com/repository/maven-public/com/google/code/gson/gson/2.8.0/gson-2.8.0.jar (0 B at 0 B/s)
[INFO] Downloaded from paper-repo: https://repo.destroystokyo.com/repository/maven-public/org/bukkit/bukkit/1.15.2-R0.1-SNAPSHOT/bukkit-1.15.2-R0.1-20200528.094028-111.jar (0 B at 0 B/s)
[INFO] Downloaded from paper-repo: https://repo.destroystokyo.com/repository/maven-public/org/yaml/snakeyaml/1.25/snakeyaml-1.25.jar (0 B at 0 B/s)
[INFO] 
--- maven-clean-plugin:2.5:clean (default-clean) @ ElectricSpawners ---
[INFO] [INFO] 
[INFO] --- maven-resources-plugin:2.6:resources (default-resources) @ ElectricSpawners ---
[INFO] Using 'UTF-8' encoding to copy filtered resources.
[INFO] Copying 2 resources
[INFO] Copying 1 resource
[INFO] 
[INFO] --- maven-compiler-plugin:3.1:compile (default-compile) @ ElectricSpawners ---
[INFO] Changes detected - recompiling the module!
[INFO] Compiling 2 source files to /home/runner/work/builds/builds/TheBusyBiscuit/ElectricSpawners/master/files/target/classes
[INFO] 
[INFO] --- maven-resources-plugin:2.6:testResources (default-testResources) @ ElectricSpawners ---
[INFO] Using 'UTF-8' encoding to copy filtered resources.
[INFO] skip non existing resourceDirectory /home/runner/work/builds/builds/TheBusyBiscuit/ElectricSpawners/master/files/src/test/resources
[INFO] 
[INFO] --- maven-compiler-plugin:3.1:testCompile (default-testCompile) @ ElectricSpawners ---
[INFO] No sources to compile
[INFO] 
[INFO] --- maven-surefire-plugin:2.12.4:test (default-test) @ ElectricSpawners ---
[INFO] No tests to run.
[INFO] 
[INFO] --- maven-jar-plugin:2.4:jar (default-jar) @ ElectricSpawners ---
[INFO] Building jar: /home/runner/work/builds/builds/TheBusyBiscuit/ElectricSpawners/master/files/target/ElectricSpawners-14.jar
[INFO] 
[INFO] -------------< io.github.thebusybiscuit:ElectricSpawners >--------------
[INFO] Building ElectricSpawners DEV - 14 (git 4b8c86c4)
[INFO] --------------------------------[ jar ]---------------------------------
[INFO] 
[INFO] --- sonar-maven-plugin:3.7.0.1746:sonar (default-cli) @ ElectricSpawners ---
[INFO] User cache: /home/runner/.sonar/cache
[INFO] SonarQube version: 8.0.0
[INFO] Default locale: "en", source code encoding: "UTF-8"
[INFO] Load global settings
[INFO] Load global settings (done) | time=600ms
[INFO] Server id: 1BD809FA-AWHW8ct9-T_TB3XqouNu
[INFO] User cache: /home/runner/.sonar/cache
[INFO] Load/download plugins
[INFO] Load plugins index
[INFO] Load plugins index (done) | time=132ms
[INFO] Load/download plugins (done) | time=226ms
[INFO] Loaded core extensions: developer-scanner
[WARNING] The version of Java (1.8.0_252) you have used to run this analysis is deprecated and we will stop accepting it from October 2020. Please update to at least Java 11.
[INFO] Process project properties
[INFO] Execute project builders
[INFO] Execute project builders (done) | time=8ms
[INFO] Project key: TheBusyBiscuit_ElectricSpawners
[INFO] Base dir: /home/runner/work/builds/builds/TheBusyBiscuit/ElectricSpawners/master/files
[INFO] Working dir: /home/runner/work/builds/builds/TheBusyBiscuit/ElectricSpawners/master/files/target/sonar
[INFO] Load project settings for component key: 'TheBusyBiscuit_ElectricSpawners'
[INFO] Load project settings for component key: 'TheBusyBiscuit_ElectricSpawners' (done) | time=213ms
[INFO] Found an active CI vendor: 'Github Actions'
[INFO] Load project branches
[INFO] Load project branches (done) | time=106ms
[INFO] Check ALM binding of project 'TheBusyBiscuit_ElectricSpawners'
[INFO] Detected project binding: NOT_BOUND
[INFO] Check ALM binding of project 'TheBusyBiscuit_ElectricSpawners' (done) | time=102ms
[INFO] Load project pull requests
[INFO] Load project pull requests (done) | time=97ms
[INFO] Load branch configuration
[INFO] Github event: schedule
[INFO] Load branch configuration (done) | time=2ms
[INFO] Load quality profiles
[INFO] Load quality profiles (done) | time=152ms
[INFO] Load active rules
[INFO] Load active rules (done) | time=3336ms
[INFO] Organization key: thebusybiscuit-github
[INFO] Indexing files...
[INFO] Project configuration:
[INFO] 3 files indexed
[INFO] 0 files ignored because of scm ignore settings
[INFO] Quality profile for java: Additional Checks
[INFO] Quality profile for xml: Sonar way
[INFO] ------------- Run sensors on module ElectricSpawners
[INFO] Load metrics repository
[INFO] Load metrics repository (done) | time=106ms
[INFO] Sensor JavaSquidSensor [java]
[INFO] Configured Java source version (sonar.java.source): 8
[INFO] JavaClasspath initialization
[INFO] JavaClasspath initialization (done) | time=9ms
[INFO] JavaTestClasspath initialization
[INFO] JavaTestClasspath initialization (done) | time=1ms
[INFO] Java Main Files AST scan
[INFO] 2 source files to be analyzed
[INFO] Load project repositories
[INFO] Load project repositories (done) | time=119ms
Status ERROR: org.eclipse.jdt.core code=4 Could not retrieve declared methods java.lang.NullPointerException
[INFO] 2/2 source files have been analyzed
[INFO] Java Main Files AST scan (done) | time=2324ms
[INFO] Java Test Files AST scan
[INFO] 0 source files to be analyzed
[INFO] Java Test Files AST scan (done) | time=1ms
[INFO] Java Generated Files AST scan
[INFO] 0 source files to be analyzed
[INFO] Java Generated Files AST scan (done) | time=1ms
[INFO] Sensor JavaSquidSensor [java] (done) | time=2489ms
[INFO] Sensor SonarCSS Rules [cssfamily]
[INFO] No CSS, PHP, HTML or VueJS files are found in the project. CSS analysis is skipped.
[INFO] Sensor SonarCSS Rules [cssfamily] (done) | time=0ms
[INFO] Sensor SurefireSensor [java]
[INFO] parsing [/home/runner/work/builds/builds/TheBusyBiscuit/ElectricSpawners/master/files/target/surefire-reports]
[INFO] Sensor SurefireSensor [java] (done) | time=2ms
[INFO] Sensor JavaXmlSensor [java]
[INFO] 0/0 source files have been analyzed
[INF]O 1 source files to be analyzed
[INFO] 0/0 source files have been analyzed
[INFO] 1/1 source files have been analyzed
[INFO] Sensor JavaXmlSensor [java] (done) | time=211ms
[INFO] Sensor HTML [web]
[INFO] Sensor HTML [web] (done) | time=3ms
[INFO] Sensor XML Sensor [xml]
[INFO] 1 source files to be analyzed
[INFO] 1/1 source files have been analyzed
[INFO] Sensor XML Sensor [xml] (done) | time=106ms
[INFO] Sensor JaCoCo XML Report Importer [jacoco]
[INFO] 'sonar.coverage.jacoco.xmlReportPaths' is not defined. Using default locations: target/site/jacoco/jacoco.xml,target/site/jacoco-it/jacoco.xml,build/reports/jacoco/test/jacocoTestReport.xml
[INFO] No report imported, no coverage information will be imported by JaCoCo XML Report Importer
[INFO] Sensor JaCoCo XML Report Importer [jacoco] (done) | time=15ms
[INFO] Sensor ThymeLeaf template sensor [securityjavafrontend]
[INFO] Sensor ThymeLeaf template sensor [securityjavafrontend] (done) | time=2ms
[INFO] Sensor JavaSecuritySensor [security]
[INFO] Reading type hierarchy from: /home/runner/work/builds/builds/TheBusyBiscuit/ElectricSpawners/master/files/target/sonar/ucfg2/java
[INFO] Read 74 type definitions
[INFO] Reading UCFGs from: /home/runner/work/builds/builds/TheBusyBiscuit/ElectricSpawners/master/files/target/sonar/ucfg2/java
[INFO] 20:34:56.772 Building Type propagation graph
[INFO] 20:34:56.786 Running Tarjan on 44 nodes
[INFO] 20:34:56.797 Tarjan found 44 components
[INFO] 20:34:56.799 Variable type analysis: done
[INFO] 20:34:56.8 Building Type propagation graph
[INFO] 20:34:56.802 Running Tarjan on 44 nodes
[INFO] 20:34:56.803 Tarjan found 44 components
[INFO] 20:34:56.809 Variable type analysis: done
[INFO] Analyzing 18 ucfgs to detect vulnerabilities.
[INFO] All rules entrypoints : 0 Retained UCFGs : 0
[INFO] rule: S5131, entrypoints: 0
[INFO] rule: S5131 done
[INFO] rule: S3649, entrypoints: 0
[INFO] rule: S3649 done
[INFO] rule: S2076, entrypoints: 0
[INFO] rule: S2076 done
[INFO] rule: S2091, entrypoints: 0
[INFO] rule: S2091 done
[INFO] rule: S2078, entrypoints: 0
[INFO] rule: S2078 done
[INFO] rule: S2631, entrypoints: 0
[INFO] rule: S2631 done
[INFO] rule: S5135, entrypoints: 0
[INFO] rule: S5135 done
[INFO] rule: S2083, entrypoints: 0
[INFO] rule: S2083 done
[INFO] rule: S5167, entrypoints: 0
[INFO] rule: S5167 done
[INFO] rule: S5144, entrypoints: 0
[INFO] rule: S5144 done
[INFO] rule: S5145, entrypoints: 0
[INFO] rule: S5145 done
[INFO] rule: S5146, entrypoints: 0
[INFO] rule: S5146 done
[INFO] rule: S5334, entrypoints: 0
[INFO] rule: S5334 done
[INFO] Sensor JavaSecuritySensor [security] (done) | time=304ms
[INFO] Sensor CSharpSecuritySensor [security]
[INFO] Reading type hierarchy from: /home/runner/work/builds/builds/TheBusyBiscuit/ElectricSpawners/master/files/target/ucfg_cs2
[INFO] Read 0 type definitions
[INFO] Reading UCFGs from: /home/runner/work/builds/builds/TheBusyBiscuit/ElectricSpawners/master/files/target/ucfg_cs2
[INFO] No UCFGs have been included for analysis.
[INFO] Sensor CSharpSecuritySensor [security] (done) | time=2ms
[INFO] Sensor PhpSecuritySensor [security]
[INFO] Reading type hierarchy from: /home/runner/work/builds/builds/TheBusyBiscuit/ElectricSpawners/master/files/target/sonar/ucfg2/php
[INFO] Read 0 type definitions
[INFO] Reading UCFGs from: /home/runner/work/builds/builds/TheBusyBiscuit/ElectricSpawners/master/files/target/sonar/ucfg2/php
[INFO] No UCFGs have been included for analysis.
[INFO] Sensor PhpSecuritySensor [security] (done) | time=3ms
[INFO] Sensor PythonSecuritySensor [security]
[INFO] Reading type hierarchy from: /home/runner/work/builds/builds/TheBusyBiscuit/ElectricSpawners/master/files/target/sonar/ucfg2/python
[INFO] Read 0 type definitions
[INFO] Reading UCFGs from: /home/runner/work/builds/builds/TheBusyBiscuit/ElectricSpawners/master/files/target/sonar/ucfg2/python
[INFO] No UCFGs have been included for analysis.
[INFO] Sensor PythonSecuritySensor [security] (done) | time=2ms
[INFO] ------------- Run sensors on project
[INFO] Sensor Zero Coverage Sensor
[INFO] Sensor Zero Coverage Sensor (done) | time=9ms
[INFO] Sensor Java CPD Block Indexer
[INFO] Sensor Java CPD Block Indexer (done) | time=20ms
[INFO] SCM Publisher SCM provider for this project is: git
[INFO] SCM Publisher 3 source files to be analyzed
[INFO] SCM Publisher 2/3 source files have been analyzed (done) | time=172ms
[WARNING] Missing blame information for the following files:
[WARNING]   * pom.xml
[WARNING] This may lead to missing/broken features in SonarCloud
[INFO] CPD Executor Calculating CPD for 2 files
[INFO] CPD Executor CPD calculation finished (done) | time=20ms
[INFO] Analysis report generated in 90ms, dir size=177 KB
[INFO] Analysis report compressed in 23ms, zip size=40 KB
[INFO] Analysis report uploaded in 196ms
[INFO] ANALYSIS SUCCESSFUL, you can find the results at: https://sonarcloud.io/dashboard?id=TheBusyBiscuit_ElectricSpawners
[INFO] Note that you will be able to access the updated dashboard once the server has processed the submitted analysis report
[INFO] More about the report processing at https://sonarcloud.io/api/ce/task?id=AXJc_rtHypOYaYAlMaz0
[INFO] Analysis total time: 11.662 s
[INFO] ------------------------------------------------------------------------
[INFO] BUILD SUCCESS
[INFO] ------------------------------------------------------------------------
[INFO] Total time:  23.065 s
[INFO] Finished at: 2020-05-28T20:34:57Z
[INFO] ------------------------------------------------------------------------
