[INFO] Scanning for projects...
[INFO] Downloading from central: https://repo.maven.apache.org/maven2/org/apache/maven/plugins/maven-shade-plugin/3.2.1/maven-shade-plugin-3.2.1.pom
[INFO] Downloaded from central: https://repo.maven.apache.org/maven2/org/apache/maven/plugins/maven-shade-plugin/3.2.1/maven-shade-plugin-3.2.1.pom (9.3 kB at 20 kB/s)
[INFO] Downloading from central: https://repo.maven.apache.org/maven2/org/apache/maven/plugins/maven-shade-plugin/3.2.1/maven-shade-plugin-3.2.1.jar
[INFO] Downloaded from central: https://repo.maven.apache.org/maven2/org/apache/maven/plugins/maven-shade-plugin/3.2.1/maven-shade-plugin-3.2.1.jar (114 kB at 1.7 MB/s)
[INFO] Downloading from central: https://repo.maven.apache.org/maven2/org/apache/maven/plugins/maven-javadoc-plugin/3.2.0/maven-javadoc-plugin-3.2.0.pom
[INFO] Downloaded from central: https://repo.maven.apache.org/maven2/org/apache/maven/plugins/maven-javadoc-plugin/3.2.0/maven-javadoc-plugin-3.2.0.pom (20 kB at 513 kB/s)
[INFO] Downloading from central: https://repo.maven.apache.org/maven2/org/apache/maven/plugins/maven-javadoc-plugin/3.2.0/maven-javadoc-plugin-3.2.0.jar
[INFO] Downloaded from central: https://repo.maven.apache.org/maven2/org/apache/maven/plugins/maven-javadoc-plugin/3.2.0/maven-javadoc-plugin-3.2.0.jar (492 kB at 4.5 MB/s)
[INFO] Downloading from central: https://repo.maven.apache.org/maven2/org/apache/maven/plugins/maven-surefire-plugin/2.12.4/maven-surefire-plugin-2.12.4.pom
[INFO] Downloaded from central: https://repo.maven.apache.org/maven2/org/apache/maven/plugins/maven-surefire-plugin/2.12.4/maven-surefire-plugin-2.12.4.pom (10 kB at 374 kB/s)
[INFO] Downloading from central: https://repo.maven.apache.org/maven2/org/apache/maven/surefire/surefire/2.12.4/surefire-2.12.4.pom
[INFO] Downloaded from central: https://repo.maven.apache.org/maven2/org/apache/maven/surefire/surefire/2.12.4/surefire-2.12.4.pom (14 kB at 511 kB/s)
[INFO] Downloading from central: https://repo.maven.apache.org/maven2/org/apache/maven/plugins/maven-surefire-plugin/2.12.4/maven-surefire-plugin-2.12.4.jar
[INFO] Downloaded from central: https://repo.maven.apache.org/maven2/org/apache/maven/plugins/maven-surefire-plugin/2.12.4/maven-surefire-plugin-2.12.4.jar (30 kB at 896 kB/s)
[INFO] Downloading from central: https://repo.maven.apache.org/maven2/org/apache/maven/plugins/maven-install-plugin/2.4/maven-install-plugin-2.4.pom
[INFO] Downloaded from central: https://repo.maven.apache.org/maven2/org/apache/maven/plugins/maven-install-plugin/2.4/maven-install-plugin-2.4.pom (6.4 kB at 213 kB/s)
[INFO] Downloading from central: https://repo.maven.apache.org/maven2/org/apache/maven/plugins/maven-install-plugin/2.4/maven-install-plugin-2.4.jar
[INFO] Downloaded from central: https://repo.maven.apache.org/maven2/org/apache/maven/plugins/maven-install-plugin/2.4/maven-install-plugin-2.4.jar (27 kB at 869 kB/s)
[INFO] Downloading from central: https://repo.maven.apache.org/maven2/org/apache/maven/plugins/maven-deploy-plugin/2.7/maven-deploy-plugin-2.7.pom
[INFO] Downloaded from central: https://repo.maven.apache.org/maven2/org/apache/maven/plugins/maven-deploy-plugin/2.7/maven-deploy-plugin-2.7.pom (5.6 kB at 208 kB/s)
[INFO] Downloading from central: https://repo.maven.apache.org/maven2/org/apache/maven/plugins/maven-deploy-plugin/2.7/maven-deploy-plugin-2.7.jar
[INFO] Downloaded from central: https://repo.maven.apache.org/maven2/org/apache/maven/plugins/maven-deploy-plugin/2.7/maven-deploy-plugin-2.7.jar (27 kB at 958 kB/s)
[INFO] Downloading from central: https://repo.maven.apache.org/maven2/org/apache/maven/plugins/maven-site-plugin/3.3/maven-site-plugin-3.3.pom
[INFO] Downloaded from central: https://repo.maven.apache.org/maven2/org/apache/maven/plugins/maven-site-plugin/3.3/maven-site-plugin-3.3.pom (21 kB at 694 kB/s)
[INFO] Downloading from central: https://repo.maven.apache.org/maven2/org/apache/maven/plugins/maven-plugins/24/maven-plugins-24.pom
[INFO] Downloaded from central: https://repo.maven.apache.org/maven2/org/apache/maven/plugins/maven-plugins/24/maven-plugins-24.pom (11 kB at 386 kB/s)
[INFO] Downloading from central: https://repo.maven.apache.org/maven2/org/apache/apache/13/apache-13.pom
[INFO] Downloaded from central: https://repo.maven.apache.org/maven2/org/apache/apache/13/apache-13.pom (0 B at 0 B/s)
[INFO] Downloading from central: https://repo.maven.apache.org/maven2/org/apache/maven/plugins/maven-site-plugin/3.3/maven-site-plugin-3.3.jar
[INFO] Downloaded from central: https://repo.maven.apache.org/maven2/org/apache/maven/plugins/maven-site-plugin/3.3/maven-site-plugin-3.3.jar (124 kB at 2.7 MB/s)
[INFO] Downloading from central: https://repo.maven.apache.org/maven2/org/apache/maven/plugins/maven-antrun-plugin/1.3/maven-antrun-plugin-1.3.pom
[INFO] Downloaded from central: https://repo.maven.apache.org/maven2/org/apache/maven/plugins/maven-antrun-plugin/1.3/maven-antrun-plugin-1.3.pom (4.7 kB at 158 kB/s)
[INFO] Downloading from central: https://repo.maven.apache.org/maven2/org/apache/maven/plugins/maven-plugins/12/maven-plugins-12.pom
[INFO] Downloaded from central: https://repo.maven.apache.org/maven2/org/apache/maven/plugins/maven-plugins/12/maven-plugins-12.pom (12 kB at 336 kB/s)
[INFO] Downloading from central: https://repo.maven.apache.org/maven2/org/apache/apache/4/apache-4.pom
[INFO] Downloaded from central: https://repo.maven.apache.org/maven2/org/apache/apache/4/apache-4.pom (0 B at 0 B/s)
[INFO] Downloading from central: https://repo.maven.apache.org/maven2/org/apache/maven/plugins/maven-antrun-plugin/1.3/maven-antrun-plugin-1.3.jar
[INFO] Downloaded from central: https://repo.maven.apache.org/maven2/org/apache/maven/plugins/maven-antrun-plugin/1.3/maven-antrun-plugin-1.3.jar (24 kB at 842 kB/s)
[INFO] Downloading from central: https://repo.maven.apache.org/maven2/org/apache/maven/plugins/maven-assembly-plugin/2.2-beta-5/maven-assembly-plugin-2.2-beta-5.pom
[INFO] Downloaded from central: https://repo.maven.apache.org/maven2/org/apache/maven/plugins/maven-assembly-plugin/2.2-beta-5/maven-assembly-plugin-2.2-beta-5.pom (15 kB at 399 kB/s)
[INFO] Downloading from central: https://repo.maven.apache.org/maven2/org/apache/maven/plugins/maven-plugins/16/maven-plugins-16.pom
[INFO] Downloaded from central: https://repo.maven.apache.org/maven2/org/apache/maven/plugins/maven-plugins/16/maven-plugins-16.pom (13 kB at 381 kB/s)
[INFO] Downloading from central: https://repo.maven.apache.org/maven2/org/apache/maven/plugins/maven-assembly-plugin/2.2-beta-5/maven-assembly-plugin-2.2-beta-5.jar
[INFO] Downloaded from central: https://repo.maven.apache.org/maven2/org/apache/maven/plugins/maven-assembly-plugin/2.2-beta-5/maven-assembly-plugin-2.2-beta-5.jar (209 kB at 3.3 MB/s)
[INFO] Downloading from central: https://repo.maven.apache.org/maven2/org/apache/maven/plugins/maven-dependency-plugin/2.8/maven-dependency-plugin-2.8.pom
[INFO] Downloaded from central: https://repo.maven.apache.org/maven2/org/apache/maven/plugins/maven-dependency-plugin/2.8/maven-dependency-plugin-2.8.pom (11 kB at 294 kB/s)
[INFO] Downloading from central: https://repo.maven.apache.org/maven2/org/apache/maven/plugins/maven-dependency-plugin/2.8/maven-dependency-plugin-2.8.jar
[INFO] Downloaded from central: https://repo.maven.apache.org/maven2/org/apache/maven/plugins/maven-dependency-plugin/2.8/maven-dependency-plugin-2.8.jar (153 kB at 2.8 MB/s)
[INFO] Downloading from central: https://repo.maven.apache.org/maven2/org/apache/maven/plugins/maven-release-plugin/2.5.3/maven-release-plugin-2.5.3.pom
[INFO] Downloaded from central: https://repo.maven.apache.org/maven2/org/apache/maven/plugins/maven-release-plugin/2.5.3/maven-release-plugin-2.5.3.pom (11 kB at 346 kB/s)
[INFO] Downloading from central: https://repo.maven.apache.org/maven2/org/apache/maven/release/maven-release/2.5.3/maven-release-2.5.3.pom
[INFO] Downloaded from central: https://repo.maven.apache.org/maven2/org/apache/maven/release/maven-release/2.5.3/maven-release-2.5.3.pom (5.0 kB at 132 kB/s)
[INFO] Downloading from central: https://repo.maven.apache.org/maven2/org/apache/maven/maven-parent/27/maven-parent-27.pom
[INFO] Downloaded from central: https://repo.maven.apache.org/maven2/org/apache/maven/maven-parent/27/maven-parent-27.pom (41 kB at 1.5 MB/s)
[INFO] Downloading from central: https://repo.maven.apache.org/maven2/org/apache/apache/17/apache-17.pom
[INFO] Downloaded from central: https://repo.maven.apache.org/maven2/org/apache/apache/17/apache-17.pom (16 kB at 487 kB/s)
[INFO] Downloading from central: https://repo.maven.apache.org/maven2/org/apache/maven/plugins/maven-release-plugin/2.5.3/maven-release-plugin-2.5.3.jar
[INFO] Downloaded from central: https://repo.maven.apache.org/maven2/org/apache/maven/plugins/maven-release-plugin/2.5.3/maven-release-plugin-2.5.3.jar (53 kB at 1.4 MB/s)
[INFO] Downloading from central: https://repo.maven.apache.org/maven2/org/apache/maven/plugins/maven-metadata.xml
[INFO] Downloading from central: https://repo.maven.apache.org/maven2/org/codehaus/mojo/maven-metadata.xml
[INFO] Downloaded from central: https://repo.maven.apache.org/maven2/org/apache/maven/plugins/maven-metadata.xml (14 kB at 417 kB/s)
[INFO] Downloaded from central: https://repo.maven.apache.org/maven2/org/codehaus/mojo/maven-metadata.xml (20 kB at 310 kB/s)
[INFO] Downloading from central: https://repo.maven.apache.org/maven2/org/codehaus/mojo/sonar-maven-plugin/maven-metadata.xml
[INFO] Downloaded from central: https://repo.maven.apache.org/maven2/org/codehaus/mojo/sonar-maven-plugin/maven-metadata.xml (1.2 kB at 36 kB/s)
[INFO] Downloading from central: https://repo.maven.apache.org/maven2/org/codehaus/mojo/sonar-maven-plugin/3.7.0.1746/sonar-maven-plugin-3.7.0.1746.pom
[INFO] Downloaded from central: https://repo.maven.apache.org/maven2/org/codehaus/mojo/sonar-maven-plugin/3.7.0.1746/sonar-maven-plugin-3.7.0.1746.pom (1.1 kB at 29 kB/s)
[INFO] Downloading from central: https://repo.maven.apache.org/maven2/org/codehaus/mojo/mojo-parent/40/mojo-parent-40.pom
[INFO] Downloaded from central: https://repo.maven.apache.org/maven2/org/codehaus/mojo/mojo-parent/40/mojo-parent-40.pom (34 kB at 909 kB/s)
[INFO] 
[INFO] ----------------< com.github.slimefun:SensibleToolbox >-----------------
[INFO] Building SensibleToolbox DEV - 11 (git f3c452a2)
[INFO] --------------------------------[ jar ]---------------------------------
[INFO] Downloading from CodeMC: https://repo.codemc.org/repository/maven-public/org/spigotmc/spigot-api/1.16.3-R0.1-SNAPSHOT/maven-metadata.xml
[INFO] Downloading from dmulloy2-repo: https://repo.dmulloy2.net/nexus/repository/public/org/spigotmc/spigot-api/1.16.3-R0.1-SNAPSHOT/maven-metadata.xml
[INFO] Downloading from paper-repo: https://repo.destroystokyo.com/repository/maven-public/com/github/TheBusyBiscuit/CS-CoreLib/6e17183656/CS-CoreLib-6e17183656.pom
[INFO] Downloading from spigot-repo: https://hub.spigotmc.org/nexus/content/repositories/snapshots/com/github/TheBusyBiscuit/CS-CoreLib/6e17183656/CS-CoreLib-6e17183656.pom
[INFO] Downloading from jitpack.io: https://jitpack.io/com/github/TheBusyBiscuit/CS-CoreLib/6e17183656/CS-CoreLib-6e17183656.pom
[INFO] Downloaded from jitpack.io: https://jitpack.io/com/github/TheBusyBiscuit/CS-CoreLib/6e17183656/CS-CoreLib-6e17183656.pom (4.6 kB at 32 kB/s)
[INFO] Downloading from paper-repo: https://repo.destroystokyo.com/repository/maven-public/com/github/TheBusyBiscuit/Slimefun4/RC-16/Slimefun4-RC-16.pom
[INFO] Downloading from spigot-repo: https://hub.spigotmc.org/nexus/content/repositories/snapshots/com/github/TheBusyBiscuit/Slimefun4/RC-16/Slimefun4-RC-16.pom
[INFO] Downloading from jitpack.io: https://jitpack.io/com/github/TheBusyBiscuit/Slimefun4/RC-16/Slimefun4-RC-16.pom
[INFO] Downloaded from jitpack.io: https://jitpack.io/com/github/TheBusyBiscuit/Slimefun4/RC-16/Slimefun4-RC-16.pom (12 kB at 186 kB/s)
[INFO] Downloading from paper-repo: https://repo.destroystokyo.com/repository/maven-public/com/comphenix/protocol/ProtocolLib/4.5.0/ProtocolLib-4.5.0.pom
[INFO] Downloading from spigot-repo: https://hub.spigotmc.org/nexus/content/repositories/snapshots/com/comphenix/protocol/ProtocolLib/4.5.0/ProtocolLib-4.5.0.pom
[INFO] Downloading from jitpack.io: https://jitpack.io/com/comphenix/protocol/ProtocolLib/4.5.0/ProtocolLib-4.5.0.pom
[INFO] Downloading from CodeMC: https://repo.codemc.org/repository/maven-public/com/comphenix/protocol/ProtocolLib/4.5.0/ProtocolLib-4.5.0.pom
[INFO] Downloaded from CodeMC: https://repo.codemc.org/repository/maven-public/com/comphenix/protocol/ProtocolLib/4.5.0/ProtocolLib-4.5.0.pom (9.2 kB at 12 kB/s)
[INFO] Downloading from paper-repo: https://repo.destroystokyo.com/repository/maven-public/cglib/cglib-nodep/3.2.5/cglib-nodep-3.2.5.pom
[INFO] Downloaded from paper-repo: https://repo.destroystokyo.com/repository/maven-public/cglib/cglib-nodep/3.2.5/cglib-nodep-3.2.5.pom (3.9 kB at 2.6 kB/s)
[INFO] Downloading from paper-repo: https://repo.destroystokyo.com/repository/maven-public/cglib/cglib-parent/3.2.5/cglib-parent-3.2.5.pom
[INFO] Downloaded from paper-repo: https://repo.destroystokyo.com/repository/maven-public/cglib/cglib-parent/3.2.5/cglib-parent-3.2.5.pom (9.8 kB at 7.9 kB/s)
[INFO] Downloading from paper-repo: https://repo.destroystokyo.com/repository/maven-public/com/comphenix/executors/BukkitExecutors/1.1-SNAPSHOT/maven-metadata.xml
[INFO] Downloading from spigot-repo: https://hub.spigotmc.org/nexus/content/repositories/snapshots/com/comphenix/executors/BukkitExecutors/1.1-SNAPSHOT/maven-metadata.xml
[INFO] Downloading from jitpack.io: https://jitpack.io/com/comphenix/executors/BukkitExecutors/1.1-SNAPSHOT/maven-metadata.xml
[INFO] Downloading from CodeMC: https://repo.codemc.org/repository/maven-public/com/comphenix/executors/BukkitExecutors/1.1-SNAPSHOT/maven-metadata.xml
[INFO] Downloading from dmulloy2-repo: https://repo.dmulloy2.net/nexus/repository/public/com/comphenix/executors/BukkitExecutors/1.1-SNAPSHOT/maven-metadata.xml
[INFO] Downloading from worldedit-repo: https://maven.sk89q.com/repo/com/comphenix/executors/BukkitExecutors/1.1-SNAPSHOT/maven-metadata.xml
[INFO] Downloaded from dmulloy2-repo: https://repo.dmulloy2.net/nexus/repository/public/com/comphenix/executors/BukkitExecutors/1.1-SNAPSHOT/maven-metadata.xml (782 B at 7.4 kB/s)
[INFO] Downloaded from CodeMC: https://repo.codemc.org/repository/maven-public/com/comphenix/executors/BukkitExecutors/1.1-SNAPSHOT/maven-metadata.xml (782 B at 1.1 kB/s)
[INFO] Downloading from paper-repo: https://repo.destroystokyo.com/repository/maven-public/com/comphenix/executors/BukkitExecutors/1.1-SNAPSHOT/BukkitExecutors-1.1-20191013.233151-1.pom
[INFO] Downloading from spigot-repo: https://hub.spigotmc.org/nexus/content/repositories/snapshots/com/comphenix/executors/BukkitExecutors/1.1-SNAPSHOT/BukkitExecutors-1.1-20191013.233151-1.pom
[INFO] Downloading from jitpack.io: https://jitpack.io/com/comphenix/executors/BukkitExecutors/1.1-SNAPSHOT/BukkitExecutors-1.1-20191013.233151-1.pom
[INFO] DownloadinSNAPSHOT/BukkitExecutors-1.1-20191013.233151-1.pom
g from CodeMC: https://repo.codemc.org/repository/maven-public/com/comphenix/executors/BukkitExecutors/1.1-[INFO] Downloaded from CodeMC: https://repo.codemc.org/repository/maven-public/com/comphenix/executors/BukkitExecutors/1.1-SNAPSHOT/BukkitExecutors-1.1-20191013.233151-1.pom (4.1 kB at 8.9 kB/s)
[INFO] Downloading from paper-repo: https://repo.destroystokyo.com/repository/maven-public/com/gmail/filoghost/holographicdisplays/holographicdisplays-api/2.4.0/holographicdisplays-api-2.4.0.pom
[INFO] Downloading from spigot-repo: https://hub.spigotmc.org/nexus/content/repositories/snapshots/com/gmail/filoghost/holographicdisplays/holographicdisplays-api/2.4.0/holographicdisplays-api-2.4.0.pom
[INFO] Downloading from jitpack.io: https://jitpack.io/com/gmail/filoghost/holographicdisplays/holographicdisplays-api/2.4.0/holographicdisplays-api-2.4.0.pom
[INFO] Downloading from CodeMC: https://repo.codemc.org/repository/maven-public/com/gmail/filoghost/holographicdisplays/holographicdisplays-api/2.4.0/holographicdisplays-api-2.4.0.pom
[INFO] Downloaded from CodeMC: https://repo.codemc.org/repository/maven-public/com/gmail/filoghost/holographicdisplays/holographicdisplays-api/2.4.0/holographicdisplays-api-2.4.0.pom (930 B at 2.0 kB/s)
[INFO] Downloading from paper-repo: https://repo.destroystokyo.com/repository/maven-public/com/gmail/filoghost/holographicdisplays/holographicdisplays-parent/2.4.0/holographicdisplays-parent-2.4.0.pom
[INFO] Downloading from spigot-repo: https://hub.spigotmc.org/nexus/content/repositories/snapshots/com/gmail/filoghost/holographicdisplays/holographicdisplays-parent/2.4.0/holographicdisplays-parent-2.4.0.pom
[INFO] Downloading from jitpack.io: https://jitpack.io/com/gmail/filoghost/holographicdisplays/holographicdisplays-parent/2.4.0/holographicdisplays-parent-2.4.0.pom
[INFO] Downloading from CodeMC: https://repo.codemc.org/repository/maven-public/com/gmail/filoghost/holographicdisplays/holographicdisplays-parent/2.4.0/holographicdisplays-parent-2.4.0.pom
[INFO] Downloaded from CodeMC: https://repo.codemc.org/repository/maven-public/com/gmail/filoghost/holographicdisplays/holographicdisplays-parent/2.4.0/holographicdisplays-parent-2.4.0.pom (2.7 kB at 5.5 kB/s)
[INFO] Downloading from paper-repo: https://repo.destroystokyo.com/repository/maven-public/com/github/thebusybiscuit/CS-CoreLib2/0.25/CS-CoreLib2-0.25.pom
[INFO] Downloading from spigot-repo: https://hub.spigotmc.org/nexus/content/repositories/snapshots/com/github/thebusybiscuit/CS-CoreLib2/0.25/CS-CoreLib2-0.25.pom
[INFO] Downloading from jitpack.io: https://jitpack.io/com/github/thebusybiscuit/CS-CoreLib2/0.25/CS-CoreLib2-0.25.pom
[INFO] Downloaded from jitpack.io: https://jitpack.io/com/github/thebusybiscuit/CS-CoreLib2/0.25/CS-CoreLib2-0.25.pom (8.8 kB at 174 kB/s)
[WARNING] The POM for com.github.thebusybiscuit:CS-CoreLib2:jar:0.25 is invalid, transitive dependencies (if any) will not be available, enable debug logging for more details
[INFO] Downloading from CodeMC: https://repo.codemc.org/repository/maven-public/com/sk89q/worldedit/worldedit-bukkit/7.2.0-SNAPSHOT/maven-metadata.xml
[INFO] Downloading from dmulloy2-repo: https://repo.dmulloy2.net/nexus/repository/public/com/sk89q/worldedit/worldedit-bukkit/7.2.0-SNAPSHOT/maven-metadata.xml
[INFO] Downloading from CodeMC: https://repo.codemc.org/repository/maven-public/com/sk89q/worldedit/worldedit-core/7.2.0-SNAPSHOT/maven-metadata.xml
[INFO] Downloading from dmulloy2-repo: https://repo.dmulloy2.net/nexus/repository/public/com/sk89q/worldedit/worldedit-core/7.2.0-SNAPSHOT/maven-metadata.xml
[INFO] Downloading from CodeMC: https://repo.codemc.org/repository/maven-public/com/sk89q/worldedit/worldedit-libs/core/7.2.0-SNAPSHOT/maven-metadata.xml
[INFO] Downloading from dmulloy2-repo: https://repo.dmulloy2.net/nexus/repository/public/com/sk89q/worldedit/worldedit-libs/core/7.2.0-SNAPSHOT/maven-metadata.xml
[INFO] Downloading from paper-repo: https://repo.destroystokyo.com/repository/maven-public/de/schlichtherle/truezip/6.8.3/truezip-6.8.3.pom
[INFO] Downloaded from paper-repo: https://repo.destroystokyo.com/repository/maven-public/de/schlichtherle/truezip/6.8.3/truezip-6.8.3.pom (5.1 kB at 4.0 kB/s)
[INFO] Downloading from paper-repo: https://repo.destroystokyo.com/repository/maven-public/de/schlichtherle/asl20-oss-parent/13/asl20-oss-parent-13.pom
[INFO] Downloaded from paper-repo: https://repo.destroystokyo.com/repository/maven-public/de/schlichtherle/asl20-oss-parent/13/asl20-oss-parent-13.pom (9.5 kB at 8.0 kB/s)
[INFO] Downloading from CodeMC: https://repo.codemc.org/repository/maven-public/com/sk89q/worldedit/worldedit-libs/bukkit/7.2.0-SNAPSHOT/maven-metadata.xml
[INFO] Downloading from dmulloy2-repo: https://repo.dmulloy2.net/nexus/repository/public/com/sk89q/worldedit/worldedit-libs/bukkit/7.2.0-SNAPSHOT/maven-metadata.xml
[INFO] Downloading from CodeMC: https://repo.codemc.org/repository/maven-public/org/spigotmc/spigot-api/1.16.1-R0.1-SNAPSHOT/maven-metadata.xml
[INFO] Downloading from dmulloy2-repo: https://repo.dmulloy2.net/nexus/repository/public/org/spigotmc/spigot-api/1.16.1-R0.1-SNAPSHOT/maven-metadata.xml
[INFO] Downloading from paper-repo: https://repo.destroystokyo.com/repository/maven-public/org/spigotmc/spigot-api/1.16.3-R0.1-SNAPSHOT/spigot-api-1.16.3-R0.1-20201001.091126-14.jar
[INFO] Downloading from paper-repo: https://repo.destroystokyo.com/repository/maven-public/com/github/TheBusyBiscuit/CS-CoreLib/6e17183656/CS-CoreLib-6e17183656.jar
[INFO] Downloading from paper-repo: https://repo.destroystokyo.com/repository/maven-public/com/github/TheBusyBiscuit/Slimefun4/RC-16/Slimefun4-RC-16.jar
[INFO] Downloading from paper-repo: https://repo.destroystokyo.com/repository/maven-public/com/comphenix/protocol/ProtocolLib/4.5.0/ProtocolLib-4.5.0.jar
[INFO] Downloading from paper-repo: https://repo.destroystokyo.com/repository/maven-public/cglib/cglib-nodep/3.2.5/cglib-nodep-3.2.5.jar
[INFO] Downloaded from paper-repo: https://repo.destroystokyo.com/repository/maven-public/org/spigotmc/spigot-api/1.16.3-R0.1-SNAPSHOT/spigot-api-1.16.3-R0.1-20201001.091126-14.jar (0 B at 0 B/s)
[INFO] Downloading from paper-repo: https://repo.destroystokyo.com/repository/maven-public/com/gmail/filoghost/holographicdisplays/holographicdisplays-api/2.4.0/holographicdisplays-api-2.4.0.jar
[INFO] Downloading from paper-repo: https://repo.destroystokyo.com/repository/maven-public/com/github/thebusybiscuit/CS-CoreLib2/0.25/CS-CoreLib2-0.25.jar
[INFO] Downloading from paper-repo: https://repo.destroystokyo.com/repository/maven-public/de/schlichtherle/truezip/6.8.3/truezip-6.8.3.jar
[INFO] Downloaded from paper-repo: https://repo.destroystokyo.com/repository/maven-public/cglib/cglib-nodep/3.2.5/cglib-nodep-3.2.5.jar (353 kB at 174 kB/s)
[INFO] Downloaded from paper-repo: https://repo.destroystokyo.com/repository/maven-public/de/schlichtherle/truezip/6.8.3/truezip-6.8.3.jar (480 kB at 171 kB/s)
[INFO] Downloading from spigot-repo: https://hub.spigotmc.org/nexus/content/repositories/snapshots/com/github/TheBusyBiscuit/CS-CoreLib/6e17183656/CS-CoreLib-6e17183656.jar
[INFO] Downloading from spigot-repo: https://hub.spigotmc.org/nexus/content/repositories/snapshots/com/github/TheBusyBiscuit/Slimefun4/RC-16/Slimefun4-RC-16.jar
[INFO] Downloading from spigot-repo: https://hub.spigotmc.org/nexus/content/repositories/snapshots/com/comphenix/protocol/ProtocolLib/4.5.0/ProtocolLib-4.5.0.jar
[INFO] Downloading from spigot-repo: https://hub.spigotmc.org/nexus/content/repositories/snapshots/com/gmail/filoghost/holographicdisplays/holographicdisplays-api/2.4.0/holographicdisplays-api-2.4.0.jar
[INFO] Downloading from spigot-repo: https://hub.spigotmc.org/nexus/content/repositories/snapshots/com/github/thebusybiscuit/CS-CoreLib2/0.25/CS-CoreLib2-0.25.jar
[INFO] Downloading from jitpack.io: https://jitpack.io/com/github/TheBusyBiscuit/CS-CoreLib/6e17183656/CS-CoreLib-6e17183656.jar
[INFO] Downloading from jitpack.io: https://jitpack.io/com/github/thebusybiscuit/CS-CoreLib2/0.25/CS-CoreLib2-0.25.jar
[INFO] Downloading from jitpack.io: https://jitpack.io/com/gmail/filoghost/holographicdisplays/holographicdisplays-api/2.4.0/holographicdisplays-api-2.4.0.jar
[INFO] Downloading from jitpack.io: https://jitpack.io/com/comphenix/protocol/ProtocolLib/4.5.0/ProtocolLib-4.5.0.jar
[INFO] Downloading from jitpack.io: https://jitpack.io/com/github/TheBusyBiscuit/Slimefun4/RC-16/Slimefun4-RC-16.jar
[INFO] Downloaded from jitpack.io: https://jitpack.io/com/github/thebusybiscuit/CS-CoreLib2/0.25/CS-CoreLib2-0.25.jar (217 kB at 2.2 MB/s)
[INFO] Downloaded from jitpack.io: https://jitpack.io/com/github/TheBusyBiscuit/CS-CoreLib/6e17183656/CS-CoreLib-6e17183656.jar (308 kB at 2.7 MB/s)
[INFO] Downloaded from jitpack.io: https://jitpack.io/com/github/TheBusyBiscuit/Slimefun4/RC-16/Slimefun4-RC-16.jar (4.1 MB at 22 MB/s)
[INFO] Downloading from CodeMC: https://repo.codemc.org/repository/maven-public/com/comphenix/protocol/ProtocolLib/4.5.0/ProtocolLib-4.5.0.jar
[INFO] Downloading from CodeMC: https://repo.codemc.org/repository/maven-public/com/gmail/filoghost/holographicdisplays/holographicdisplays-api/2.4.0/holographicdisplays-api-2.4.0.jar
[INFO] Downloading from CodeMC: https://repo.codemc.org/repository/maven-public/com/comphenix/executors/BukkitExecutors/1.1-SNAPSHOT/BukkitExecutors-1.1-20191013.233151-1.jar
[INFO] Downloaded from CodeMC: https://repo.codemc.org/repository/maven-public/com/gmail/filoghost/holographicdisplays/holographicdisplays-api/2.4.0/holographicdisplays-api-2.4.0.jar (8.0 kB at 9.8 kB/s)
[INFO] Downloaded from CodeMC: https://repo.codemc.org/repository/maven-public/com/comphenix/executors/BukkitExecutors/1.1-SNAPSHOT/BukkitExecutors-1.1-20191013.233151-1.jar (28 kB at 32 kB/s)
[INFO] Downloaded from CodeMC: https://repo.codemc.org/repository/maven-public/com/comphenix/protocol/ProtocolLib/4.5.0/ProtocolLib-4.5.0.jar (1.5 MB at 1.1 MB/s)
[INFO] 
[INFO] --- maven-clean-plugin:2.5:clean (default-clean) @ SensibleToolbox ---
[INFO] 
[INFO] --- maven-resources-plugin:2.6:resources (default-resources) @ SensibleToolbox ---
[INFO] Using 'UTF-8' encoding to copy filtered resources.
[INFO] Copying 2 resources
[INFO] Copying 1 resource
[INFO] 
[INFO] --- maven-compiler-plugin:3.8.1:compile (default-compile) @ SensibleToolbox ---
[INFO] Changes detected - recompiling the module!
[INFO] Compiling 230 source files to /home/runner/work/builds/builds/Slimefun/SensibleToolbox/master/files/target/classes
[INFO] /home/runner/work/builds/builds/Slimefun/SensibleToolbox/master/files/src/main/java/io/github/thebusybiscuit/sensibletoolbox/listeners/FurnaceListener.java: Some input files use or override a deprecated API.
[INFO] /home/runner/work/builds/builds/Slimefun/SensibleToolbox/master/files/src/main/java/io/github/thebusybiscuit/sensibletoolbox/listeners/FurnaceListener.java: Recompile with -Xlint:deprecation for details.
[INFO] 
[INFO] --- maven-resources-plugin:2.6:testResources (default-testResources) @ SensibleToolbox ---
[INFO] Using 'UTF-8' encoding to copy filtered resources.
[INFO] skip non existing resourceDirectory /home/runner/work/builds/builds/Slimefun/SensibleToolbox/master/files/src/test/resources
[INFO] 
[INFO] --- maven-compiler-plugin:3.8.1:testCompile (default-testCompile) @ SensibleToolbox ---
[INFO] No sources to compile
[INFO] 
[INFO] --- maven-surefire-plugin:2.12.4:test (default-test) @ SensibleToolbox ---
[INFO] Downloading from central: https://repo.maven.apache.org/maven2/org/apache/maven/maven-plugin-api/2.0.9/maven-plugin-api-2.0.9.pom
[INFO] Downloaded from central: https://repo.maven.apache.org/maven2/org/apache/maven/maven-plugin-api/2.0.9/maven-plugin-api-2.0.9.pom (1.5 kB at 45 kB/s)
[INFO] Downloading from central: https://repo.maven.apache.org/maven2/org/apache/maven/maven/2.0.9/maven-2.0.9.pom
[INFO] Downloaded from central: https://repo.maven.apache.org/maven2/org/apache/maven/maven/2.0.9/maven-2.0.9.pom (19 kB at 630 kB/s)
[INFO] Downloading from central: https://repo.maven.apache.org/maven2/org/apache/maven/maven-parent/8/maven-parent-8.pom
[INFO] Downloaded from central: https://repo.maven.apache.org/maven2/org/apache/maven/maven-parent/8/maven-parent-8.pom (24 kB at 862 kB/s)
[INFO] Downloading from central: https://repo.maven.apache.org/maven2/org/apache/maven/surefire/surefire-booter/2.12.4/surefire-booter-2.12.4.pom
[INFO] Downloaded from central: https://repo.maven.apache.org/maven2/org/apache/maven/surefire/surefire-booter/2.12.4/surefire-booter-2.12.4.pom (3.0 kB at 112 kB/s)
[INFO] Downloading from central: https://repo.maven.apache.org/maven2/org/apache/maven/surefire/surefire-api/2.12.4/surefire-api-2.12.4.pom
[INFO] Downloaded from central: https://repo.maven.apache.org/maven2/org/apache/maven/surefire/surefire-api/2.12.4/surefire-api-2.12.4.pom (2.5 kB at 100 kB/s)
[INFO] Downloading from central: https://repo.maven.apache.org/maven2/org/apache/maven/surefire/maven-surefire-common/2.12.4/maven-surefire-common-2.12.4.pom
[INFO] Downloaded from central: https://repo.maven.apache.org/maven2/org/apache/maven/surefire/maven-surefire-common/2.12.4/maven-surefire-common-2.12.4.pom (5.5 kB at 221 kB/s)
[INFO] Downloading from central: https://repo.maven.apache.org/maven2/org/apache/maven/plugin-tools/maven-plugin-annotations/3.1/maven-plugin-annotations-3.1.pom
[INFO] Downloaded from central: https://repo.maven.apache.org/maven2/org/apache/maven/plugin-tools/maven-plugin-annotations/3.1/maven-plugin-annotations-3.1.pom (1.6 kB at 65 kB/s)
[INFO] Downloading from central: https://repo.maven.apache.org/maven2/org/apache/maven/plugin-tools/maven-plugin-tools/3.1/maven-plugin-tools-3.1.pom
[INFO] Downloaded from central: https://repo.maven.apache.org/maven2/org/apache/maven/plugin-tools/maven-plugin-tools/3.1/maven-plugin-tools-3.1.pom (16 kB at 599 kB/s)
[INFO] Downloading from central: https://repo.maven.apache.org/maven2/org/apache/maven/maven-artifact/2.0.9/maven-artifact-2.0.9.pom
[INFO] Downloaded from central: https://repo.maven.apache.org/maven2/org/apache/maven/maven-artifact/2.0.9/maven-artifact-2.0.9.pom (1.6 kB at 54 kB/s)
[INFO] Downloading from central: https://repo.maven.apache.org/maven2/org/codehaus/plexus/plexus-utils/3.0.8/plexus-utils-3.0.8.pom
[INFO] Downloaded from central: https://repo.maven.apache.org/maven2/org/codehaus/plexus/plexus-utils/3.0.8/plexus-utils-3.0.8.pom (3.1 kB at 121 kB/s)
[INFO] Downloading from central: https://repo.maven.apache.org/maven2/org/codehaus/plexus/plexus/3.2/plexus-3.2.pom
[INFO] Downloaded from central: https://repo.maven.apache.org/maven2/org/codehaus/plexus/plexus/3.2/plexus-3.2.pom (19 kB at 625 kB/s)
[INFO] Downloading from central: https://repo.maven.apache.org/maven2/org/apache/maven/maven-project/2.0.9/maven-project-2.0.9.pom
[INFO] Downloaded from central: https://repo.maven.apache.org/maven2/org/apache/maven/maven-project/2.0.9/maven-project-2.0.9.pom (2.7 kB at 108 kB/s)
[INFO] Downloading from central: https://repo.maven.apache.org/maven2/org/apache/maven/maven-settings/2.0.9/maven-settings-2.0.9.pom
[INFO] Downloaded from central: https://repo.maven.apache.org/maven2/org/apache/maven/maven-settings/2.0.9/maven-settings-2.0.9.pom (2.1 kB at 86 kB/s)
[INFO] Downloading from central: https://repo.maven.apache.org/maven2/org/apache/maven/maven-model/2.0.9/maven-model-2.0.9.pom
[INFO] Downloaded from central: https://repo.maven.apache.org/maven2/org/apache/maven/maven-model/2.0.9/maven-model-2.0.9.pom (3.1 kB at 95 kB/s)
[INFO] Downloading from central: https://repo.maven.apache.org/maven2/org/apache/maven/maven-profile/2.0.9/maven-profile-2.0.9.pom
[INFO] Downloaded from central: https://repo.maven.apache.org/maven2/org/apache/maven/maven-profile/2.0.9/maven-profile-2.0.9.pom (2.0 kB at 51 kB/s)
[INFO] Downloading from central: https://repo.maven.apache.org/maven2/org/apache/maven/maven-artifact-manager/2.0.9/maven-artifact-manager-2.0.9.pom
[INFO] Downloaded from central: https://repo.maven.apache.org/maven2/org/apache/maven/maven-artifact-manager/2.0.9/maven-artifact-manager-2.0.9.pom (2.7 kB at 84 kB/s)
[INFO] Downloading from central: https://repo.maven.apache.org/maven2/org/apache/maven/maven-repository-metadata/2.0.9/maven-repository-metadata-2.0.9.pom
[INFO] Downloaded from central: https://repo.maven.apache.org/maven2/org/apache/maven/maven-repository-metadata/2.0.9/maven-repository-metadata-2.0.9.pom (1.9 kB at 63 kB/s)
[INFO] Downloading from central: https://repo.maven.apache.org/maven2/org/apache/maven/maven-plugin-registry/2.0.9/maven-plugin-registry-2.0.9.pom
[INFO] Downloaded from central: https://repo.maven.apache.org/maven2/org/apache/maven/maven-plugin-registry/2.0.9/maven-plugin-registry-2.0.9.pom (2.0 kB at 79 kB/s)
[INFO] Downloading from central: https://repo.maven.apache.org/maven2/org/apache/maven/maven-core/2.0.9/maven-core-2.0.9.pom
[INFO] Downloaded from central: https://repo.maven.apache.org/maven2/org/apache/maven/maven-core/2.0.9/maven-core-2.0.9.pom (7.8 kB at 299 kB/s)
[INFO] Downloading from central: https://repo.maven.apache.org/maven2/org/apache/maven/maven-plugin-parameter-documenter/2.0.9/maven-plugin-parameter-documenter-2.0.9.pom
[INFO] Downloaded from central: https://repo.maven.apache.org/maven2/org/apache/maven/maven-plugin-parameter-documenter/2.0.9/maven-plugin-parameter-documenter-2.0.9.pom (2.0 kB at 65 kB/s)
[INFO] Downloading from central: https://repo.maven.apache.org/maven2/org/apache/maven/reporting/maven-reporting-api/2.0.9/maven-reporting-api-2.0.9.pom
[INFO] Downloaded from central: https://repo.maven.apache.org/maven2/org/apache/maven/reporting/maven-reporting-api/2.0.9/maven-reporting-api-2.0.9.pom (1.8 kB at 62 kB/s)
[INFO] Downloading from central: https://repo.maven.apache.org/maven2/org/apache/maven/reporting/maven-reporting/2.0.9/maven-reporting-2.0.9.pom
[INFO] Downloaded from central: https://repo.maven.apache.org/maven2/org/apache/maven/reporting/maven-reporting/2.0.9/maven-reporting-2.0.9.pom (1.5 kB at 49 kB/s)
[INFO] Downloading from central: https://repo.maven.apache.org/maven2/org/apache/maven/maven-error-diagnostics/2.0.9/maven-error-diagnostics-2.0.9.pom
[INFO] Downloaded from central: https://repo.maven.apache.org/maven2/org/apache/maven/maven-error-diagnostics/2.0.9/maven-error-diagnostics-2.0.9.pom (1.7 kB at 54 kB/s)
[INFO] Downloading from central: https://repo.maven.apache.org/maven2/org/apache/maven/maven-plugin-descriptor/2.0.9/maven-plugin-descriptor-2.0.9.pom
[INFO] Downloaded from central: https://repo.maven.apache.org/maven2/org/apache/maven/maven-plugin-descriptor/2.0.9/maven-plugin-descriptor-2.0.9.pom (2.1 kB at 53 kB/s)
[INFO] Downloading from central: https://repo.maven.apache.org/maven2/org/apache/maven/maven-monitor/2.0.9/maven-monitor-2.0.9.pom
[INFO] Downloaded from central: https://repo.maven.apache.org/maven2/org/apache/maven/maven-monitor/2.0.9/maven-monitor-2.0.9.pom (1.3 kB at 49 kB/s)
[INFO] Downloading from central: https://repo.maven.apache.org/maven2/org/apache/maven/maven-toolchain/2.0.9/maven-toolchain-2.0.9.pom
[INFO] Downloaded from central: https://repo.maven.apache.org/maven2/org/apache/maven/maven-toolchain/2.0.9/maven-toolchain-2.0.9.pom (3.5 kB at 116 kB/s)
[INFO] Downloading from central: https://repo.maven.apache.org/maven2/org/apache/commons/commons-lang3/3.1/commons-lang3-3.1.pom
[INFO] Downloaded from central: https://repo.maven.apache.org/maven2/org/apache/commons/commons-lang3/3.1/commons-lang3-3.1.pom (17 kB at 576 kB/s)
[INFO] Downloading from central: https://repo.maven.apache.org/maven2/org/apache/commons/commons-parent/22/commons-parent-22.pom
[INFO] Downloaded from central: https://repo.maven.apache.org/maven2/org/apache/commons/commons-parent/22/commons-parent-22.pom (42 kB at 1.4 MB/s)
[INFO] Downloading from central: https://repo.maven.apache.org/maven2/org/apache/apache/9/apache-9.pom
[INFO] Downloaded from central: https://repo.maven.apache.org/maven2/org/apache/apache/9/apache-9.pom (15 kB at 541 kB/s)
[INFO] Downloading from central: https://repo.maven.apache.org/maven2/org/apache/maven/shared/maven-common-artifact-filters/1.3/maven-common-artifact-filters-1.3.pom
[INFO] Downloaded from central: https://repo.maven.apache.org/maven2/org/apache/maven/shared/maven-common-artifact-filters/1.3/maven-common-artifact-filters-1.3.pom (3.7 kB at 148 kB/s)
[INFO] Downloading from central: https://repo.maven.apache.org/maven2/org/apache/maven/shared/maven-shared-components/12/maven-shared-components-12.pom
[INFO] Downloaded from central: https://repo.maven.apache.org/maven2/org/apache/maven/shared/maven-shared-components/12/maven-shared-components-12.pom (9.3 kB at 311 kB/s)
[INFO] Downloading from central: https://repo.maven.apache.org/maven2/org/apache/maven/maven-parent/13/maven-parent-13.pom
[INFO] Downloaded from central: https://repo.maven.apache.org/maven2/org/apache/maven/maven-parent/13/maven-parent-13.pom (23 kB at 871 kB/s)
[INFO] Downloading from central: https://repo.maven.apache.org/maven2/org/apache/maven/maven-plugin-api/2.0.9/maven-plugin-api-2.0.9.jar
[INFO] Downloading from central: https://repo.maven.apache.org/maven2/org/apache/maven/surefire/surefire-booter/2.12.4/surefire-booter-2.12.4.jar
[INFO] Downloading from central: https://repo.maven.apache.org/maven2/org/apache/maven/surefire/surefire-api/2.12.4/surefire-api-2.12.4.jar
[INFO] Downloading from central: https://repo.maven.apache.org/maven2/org/apache/maven/surefire/maven-surefire-common/2.12.4/maven-surefire-common-2.12.4.jar
[INFO] Downloading from central: https://repo.maven.apache.org/maven2/org/apache/commons/commons-lang3/3.1/commons-lang3-3.1.jar
[INFO] Downloaded from central: https://repo.maven.apache.org/maven2/org/apache/maven/maven-plugin-api/2.0.9/maven-plugin-api-2.0.9.jar (13 kB at 477 kB/s)
g from central: https://repo.maven.apa[INFO] Downloadinche.org/maven2/org/apache/maven/shared/maven-common-artifact-filters/1.3/maven-common-artifact-filters-1.3.jar
[INFO] Downloaded from central: https://repo.maven.apache.org/maven2/org/apache/maven/surefire/surefire-booter/2.12.4/surefire-booter-2.12.4.jar (35 kB at 826 kB/s)
[INFO] Downloading from central: https://repo.maven.apache.org/maven2/org/codehaus/plexus/plexus-utils/3.0.8/plexus-utils-3.0.8.jar
[INFO] Downloaded from central: https://repo.maven.apache.org/maven2/org/apache/maven/shared/maven-common-artifact-filters/1.3/maven-common-artifact-filters-1.3.jar (31 kB at 740 kB/s)
[INFO] Downloading from central: https://repo.maven.apache.org/maven2/org/apache/maven/maven-artifact/2.0.9/maven-artifact-2.0.9.jar
[INFO] Downloaded from central: https://repo.maven.apache.org/maven2/org/apache/maven/surefire/surefire-api/2.12.4/surefire-api-2.12.4.jar (118 kB at 1.7 MB/s)
[INFO] Downloading from central: https://repo.maven.apache.org/maven2/org/apache/maven/maven-project/2.0.9/maven-project-2.0.9.jar
[INFO] Downloaded from central: https://repo.maven.apache.org/maven2/org/apache/maven/maven-project/2.0.9/maven-project-2.0.9.jar (122 kB at 1.6 MB/s)
[INFO] Downloading from central: https://repo.maven.apache.org/maven2/org/apache/maven/maven-settings/2.0.9/maven-settings-2.0.9.jar
[INFO] Downloaded from central: https://repo.maven.apache.org/maven2/org/apache/maven/maven-artifact/2.0.9/maven-artifact-2.0.9.jar (89 kB at 1.1 MB/s)
[INFO] Downloading from central: https://repo.maven.apache.org/maven2/org/apache/maven/maven-profile/2.0.9/maven-profile-2.0.9.jar
[INFO] Downloaded from central: https://repo.maven.apache.org/maven2/org/codehaus/plexus/plexus-utils/3.0.8/plexus-utils-3.0.8.jar (232 kB at 2.9 MB/s)
[INFO] Downloading from central: https://repo.maven.apache.org/maven2/org/apache/maven/maven-model/2.0.9/maven-model-2.0.9.jar
[INFO] Downloaded from central: https://repo.maven.apache.org/maven2/org/apache/maven/surefire/maven-surefire-common/2.12.4/maven-surefire-common-2.12.4.jar (263 kB at 2.8 MB/s)
[INFO] Downloading from central: https://repo.maven.apache.org/maven2/org/apache/maven/maven-artifact-manager/2.0.9/maven-artifact-manager-2.0.9.jar
[INFO] Downloaded from central: https://repo.maven.apache.org/maven2/org/apache/commons/commons-lang3/3.1/commons-lang3-3.1.jar (316 kB at 3.1 MB/s)
[INFO] Downloading from central: https://repo.maven.apache.org/maven2/org/apache/maven/maven-plugin-registry/2.0.9/maven-plugin-registry-2.0.9.jar
[INFO] Downloaded from central: https://repo.maven.apache.org/maven2/org/apache/maven/maven-profile/2.0.9/maven-profile-2.0.9.jar (35 kB at 321 kB/s)
[INFO] Downloading from central: https://repo.maven.apache.org/maven2/org/apache/maven/maven-core/2.0.9/maven-core-2.0.9.jar
[INFO] Downloaded from central: https://repo.maven.apache.org/maven2/org/apache/maven/maven-settings/2.0.9/maven-settings-2.0.9.jar (49 kB at 442 kB/s)
[INFO] Downloading from central: https://repo.maven.apache.org/maven2/org/apache/maven/maven-plugin-parameter-documenter/2.0.9/maven-plugin-parameter-documenter-2.0.9.jar
[INFO] Downloaded from central: https://repo.maven.apache.org/maven2/org/apache/maven/maven-model/2.0.9/maven-model-2.0.9.jar (87 kB at 794 kB/s)
[INFO] Downloading from central: https://repo.maven.apache.org/maven2/org/apache/maven/reporting/maven-reporting-api/2.0.9/maven-reporting-api-2.0.9.jar
[INFO] Downloaded from central: https://repo.maven.apache.org/maven2/org/apache/maven/maven-plugin-registry/2.0.9/maven-plugin-registry-2.0.9.jar (29 kB at 236 kB/s)
[INFO] Downloading from central: https://repo.maven.apache.org/maven2/org/apache/maven/maven-repository-metadata/2.0.9/maven-repository-metadata-2.0.9.jar
[INFO] Downloaded from central: https://repo.maven.apache.org/maven2/org/apache/maven/maven-artifact-manager/2.0.9/maven-artifact-manager-2.0.9.jar (58 kB at 452 kB/s)
[INFO] Downloading from central: https://repo.maven.apache.org/maven2/org/apache/maven/maven-error-diagnostics/2.0.9/maven-error-diagnostics-2.0.9.jar
[INFO] Downloaded from central: https://repo.maven.apache.org/maven2/org/apache/maven/reporting/maven-reporting-api/2.0.9/maven-reporting-api-2.0.9.jar (10 kB at 76 kB/s)
[INFO] Downloaded from central: https://repo.maven.apache.org/maven2/org/apache/maven/maven-plugin-parameter-documenter/2.0.9/maven-plugin-parameter-documenter-2.0.9.jar (21 kB at 155 kB/s)
[INFO] Downloading from central: https://repo.maven.apache.org/maven2/org/apache/maven/maven-plugin-descriptor/2.0.9/maven-plugin-descriptor-2.0.9.jar
[INFO] Downloading from central: https://repo.maven.apache.org/maven2/org/apache/maven/maven-monitor/2.0.9/maven-monitor-2.0.9.jar
[INFO] Downloaded from central: https://repo.maven.apache.org/maven2/org/apache/maven/maven-core/2.0.9/maven-core-2.0.9.jar (160 kB at 1.1 MB/s)
[INFO] Downloading from central: https://repo.maven.apache.org/maven2/org/apache/maven/maven-toolchain/2.0.9/maven-toolchain-2.0.9.jar
[INFO] Downloaded from central: https://repo.maven.apache.org/maven2/org/apache/maven/maven-error-diagnostics/2.0.9/maven-error-diagnostics-2.0.9.jar (14 kB at 93 kB/s)
[INFO] Downloaded from central: https://repo.maven.apache.org/maven2/org/apache/maven/maven-repository-metadata/2.0.9/maven-repository-metadata-2.0.9.jar (25 kB at 166 kB/s)
[INFO] Downloading from central: https://repo.maven.apache.org/maven2/org/apache/maven/plugin-tools/maven-plugin-annotations/3.1/maven-plugin-annotations-3.1.jar
[INFO] Downloaded from central: https://repo.maven.apache.org/maven2/org/apache/maven/maven-toolchain/2.0.9/maven-toolchain-2.0.9.jar (38 kB at 240 kB/s)
[INFO] Downloaded from central: https://repo.maven.apache.org/maven2/org/apache/maven/maven-plugin-descriptor/2.0.9/maven-plugin-descriptor-2.0.9.jar (37 kB at 234 kB/s)
[INFO] Downloaded from central: https://repo.maven.apache.org/maven2/org/apache/maven/plugin-tools/maven-plugin-annotations/3.1/maven-plugin-annotations-3.1.jar (14 kB at 87 kB/s)
[INFO] Downloaded from central: https://repo.maven.apache.org/maven2/org/apache/maven/maven-monitor/2.0.9/maven-monitor-2.0.9.jar (10 kB at 62 kB/s)
[INFO] No tests to run.
[INFO] 
[INFO] --- maven-jar-plugin:2.4:jar (default-jar) @ SensibleToolbox ---
[INFO] Building jar: /home/runner/work/builds/builds/Slimefun/SensibleToolbox/master/files/target/SensibleToolbox-11.jar
[INFO] 
[INFO] >>> maven-source-plugin:3.2.1:jar (attach-sources) > generate-sources @ SensibleToolbox >>>
[INFO] 
[INFO] <<< maven-source-plugin:3.2.1:jar (attach-sources) < generate-sources @ SensibleToolbox <<<
[INFO] 
[INFO] 
[INFO] --- maven-source-plugin:3.2.1:jar (attach-sources) @ SensibleToolbox ---
[INFO] Building jar: /home/runner/work/builds/builds/Slimefun/SensibleToolbox/master/files/target/SensibleToolbox-11-sources.jar
[INFO] 
[INFO] --- maven-shade-plugin:3.2.1:shade (default) @ SensibleToolbox ---
[INFO] Downloading from central: https://repo.maven.apache.org/maven2/org/codehaus/plexus/plexus-utils/3.1.0/plexus-utils-3.1.0.pom
[INFO] Downloaded from central: https://repo.maven.apache.org/maven2/org/codehaus/plexus/plexus-utils/3.1.0/plexus-utils-3.1.0.pom (4.7 kB at 161 kB/s)
[INFO] Downloading from central: https://repo.maven.apache.org/maven2/org/apache/maven/shared/maven-artifact-transfer/0.10.0/maven-artifact-transfer-0.10.0.pom
[INFO] Downloaded from central: https://repo.maven.apache.org/maven2/org/apache/maven/shared/maven-artifact-transfer/0.10.0/maven-artifact-transfer-0.10.0.pom (12 kB at 428 kB/s)
[INFO] Downloading from central: https://repo.maven.apache.org/maven2/org/apache/maven/shared/maven-shared-components/31/maven-shared-components-31.pom
[INFO] Downloaded from central: https://repo.maven.apache.org/maven2/org/apache/maven/shared/maven-shared-components/31/maven-shared-components-31.pom (5.1 kB at 204 kB/s)
[INFO] Downloading from central: https://repo.maven.apache.org/maven2/org/apache/maven/maven-parent/31/maven-parent-31.pom
[INFO] Downloaded from central: https://repo.maven.apache.org/maven2/org/apache/maven/maven-parent/31/maven-parent-31.pom (43 kB at 1.5 MB/s)
[INFO] Downloading from central: https://repo.maven.apache.org/maven2/org/apache/apache/19/apache-19.pom
[INFO] Downloaded from central: https://repo.maven.apache.org/maven2/org/apache/apache/19/apache-19.pom (15 kB at 534 kB/s)
[INFO] Downloading from central: https://repo.maven.apache.org/maven2/org/ow2/asm/asm/7.0/asm-7.0.pom
[INFO] Downloaded from central: https://repo.maven.apache.org/maven2/org/ow2/asm/asm/7.0/asm-7.0.pom (2.9 kB at 109 kB/s)
[INFO] Downloading from central: https://repo.maven.apache.org/maven2/org/ow2/asm/asm-commons/7.0/asm-commons-7.0.pom
[INFO] Downloaded from central: https://repo.maven.apache.org/maven2/org/ow2/asm/asm-commons/7.0/asm-commons-7.0.pom (3.7 kB at 141 kB/s)
[INFO] Downloading from central: https://repo.maven.apache.org/maven2/org/ow2/asm/asm-tree/7.0/asm-tree-7.0.pom
[INFO] Downloaded from central: https://repo.maven.apache.org/maven2/org/ow2/asm/asm-tree/7.0/asm-tree-7.0.pom (3.1 kB at 116 kB/s)
[INFO] Downloading from central: https://repo.maven.apache.org/maven2/org/ow2/asm/asm-analysis/7.0/asm-analysis-7.0.pom
[INFO] Downloaded from central: https://repo.maven.apache.org/maven2/org/ow2/asm/asm-analysis/7.0/asm-analysis-7.0.pom (3.2 kB at 121 kB/s)
[INFO] Downloading from central: https://repo.maven.apache.org/maven2/org/vafer/jdependency/2.1.1/jdependency-2.1.1.pom
[INFO] Downloaded from central: https://repo.maven.apache.org/maven2/org/vafer/jdependency/2.1.1/jdependency-2.1.1.pom (11 kB at 417 kB/s)
[INFO] Downloading from central: https://repo.maven.apache.org/maven2/org/ow2/asm/asm/7.0-beta/asm-7.0-beta.pom
[INFO] Downloaded from central: https://repo.maven.apache.org/maven2/org/ow2/asm/asm/7.0-beta/asm-7.0-beta.pom (2.9 kB at 113 kB/s)
[INFO] Downloading from central: https://repo.maven.apache.org/maven2/org/ow2/asm/asm-analysis/7.0-beta/asm-analysis-7.0-beta.pom
[INFO] Downloaded from central: https://repo.maven.apache.org/maven2/org/ow2/asm/asm-analysis/7.0-beta/asm-analysis-7.0-beta.pom (3.2 kB at 113 kB/s)
[INFO] Downloading from central: https://repo.maven.apache.org/maven2/org/ow2/asm/asm-tree/7.0-beta/asm-tree-7.0-beta.pom
[INFO] Downloaded from central: https://repo.maven.apache.org/maven2/org/ow2/asm/asm-tree/7.0-beta/asm-tree-7.0-beta.pom (3.1 kB at 126 kB/s)
[INFO] Downloading from central: https://repo.maven.apache.org/maven2/org/ow2/asm/asm-commons/7.0-beta/asm-commons-7.0-beta.pom
[INFO] Downloaded from central: https://repo.maven.apache.org/maven2/org/ow2/asm/asm-commons/7.0-beta/asm-commons-7.0-beta.pom (3.7 kB at 148 kB/s)
[INFO] Downloading from central: https://repo.maven.apache.org/maven2/org/ow2/asm/asm-util/7.0-beta/asm-util-7.0-beta.pom
[INFO] Downloaded from central: https://repo.maven.apache.org/maven2/org/ow2/asm/asm-util/7.0-beta/asm-util-7.0-beta.pom (3.7 kB at 115 kB/s)
[INFO] Downloading from central: https://repo.maven.apache.org/maven2/com/google/guava/guava/19.0/guava-19.0.pom
[INFO] Downloaded from central: https://repo.maven.apache.org/maven2/com/google/guava/guava/19.0/guava-19.0.pom (6.8 kB at 234 kB/s)
[INFO] Downloading from central: https://repo.maven.apache.org/maven2/com/google/guava/guava-parent/19.0/guava-parent-19.0.pom
[INFO] Downloaded from central: https://repo.maven.apache.org/maven2/com/google/guava/guava-parent/19.0/guava-parent-19.0.pom (9.9 kB at 395 kB/s)
[INFO] Downloading from central: https://repo.maven.apache.org/maven2/org/codehaus/plexus/plexus-utils/3.1.0/plexus-utils-3.1.0.jar
[INFO] Downloading from central: https://repo.maven.apache.org/maven2/org/apache/maven/shared/maven-artifact-transfer/0.10.0/maven-artifact-transfer-0.10.0.jar
[INFO] Downloading from central: https://repo.maven.apache.org/maven2/org/ow2/asm/asm/7.0/asm-7.0.jar
[INFO] Downloading from central: https://repo.maven.apache.org/maven2/org/ow2/asm/asm-commons/7.0/asm-commons-7.0.jar
[INFO] Downloading from central: https://repo.maven.apache.org/maven2/org/ow2/asm/asm-tree/7.0/asm-tree-7.0.jar
[INFO] Downloaded from central: https://repo.maven.apache.org/maven2/org/apache/maven/shared/maven-artifact-transfer/0.10.0/maven-artifact-transfer-0.10.0.jar (128 kB at 3.0 MB/s)
[INFO] Downloading from central: https://repo.maven.apache.org/maven2/org/ow2/asm/asm-analysis/7.0/asm-analysis-7.0.jar
[INFO] Downloaded from central: https://repo.maven.apache.org/maven2/org/ow2/asm/asm/7.0/asm-7.0.jar (114 kB at 2.8 MB/s)
[INFO] Downloading from central: https://repo.maven.apache.org/maven2/org/vafer/jdependency/2.1.1/jdependency-2.1.1.jar
[INFO] Downloaded from central: https://repo.maven.apache.org/maven2/org/ow2/asm/asm-tree/7.0/asm-tree-7.0.jar (50 kB at 1.5 MB/s)
[INFO] Downloading from central: https://repo.maven.apache.org/maven2/org/ow2/asm/asm-util/7.0-beta/asm-util-7.0-beta.jar
[INFO] Downloaded from central: https://repo.maven.apache.org/maven2/org/ow2/asm/asm-analysis/7.0/asm-analysis-7.0.jar (33 kB at 793 kB/s)
[INFO] Downloading from central: https://repo.maven.apache.org/maven2/com/google/guava/guava/19.0/guava-19.0.jar
[INFO] Downloaded from central: https://repo.maven.apache.org/maven2/org/codehaus/plexus/plexus-utils/3.1.0/plexus-utils-3.1.0.jar (262 kB at 3.5 MB/s)
[INFO] Downloaded from central: https://repo.maven.apache.org/maven2/org/ow2/asm/asm-commons/7.0/asm-commons-7.0.jar (80 kB at 1.2 MB/s)
[INFO] Downloaded from central: https://repo.maven.apache.org/maven2/org/vafer/jdependency/2.1.1/jdependency-2.1.1.jar (186 kB at 3.4 MB/s)
[INFO] Downloaded from central: https://repo.maven.apache.org/maven2/org/ow2/asm/asm-util/7.0-beta/asm-util-7.0-beta.jar (81 kB at 1.3 MB/s)
[INFO] Downloaded from central: https://repo.maven.apache.org/maven2/com/google/guava/guava/19.0/guava-19.0.jar (2.3 MB at 17 MB/s)
[INFO] Including com.github.thebusybiscuit:CS-CoreLib2:jar:0.25 in the shaded jar.
[INFO] Including org.bstats:bstats-bukkit:jar:1.7 in the shaded jar.
[INFO] Replacing original artifact with shaded artifact.
[INFO] Replacing /home/runner/work/builds/builds/Slimefun/SensibleToolbox/master/files/target/SensibleToolbox-11.jar with /home/runner/work/builds/builds/Slimefun/SensibleToolbox/master/files/target/SensibleToolbox-DEV - 11 (git f3c452a2)-shaded.jar
[INFO] Dependency-reduced POM written at: /home/runner/work/builds/builds/Slimefun/SensibleToolbox/master/files/dependency-reduced-pom.xml
[INFO] 
[INFO] ----------------< com.github.slimefun:SensibleToolbox >-----------------
[INFO] Building SensibleToolbox DEV - 11 (git f3c452a2)
[INFO] --------------------------------[ jar ]---------------------------------
[INFO] 
[INFO] --- sonar-maven-plugin:3.7.0.1746:sonar (default-cli) @ SensibleToolbox ---
[INFO] User cache: /home/runner/.sonar/cache
[INFO] SonarQube version: 8.0.0
[INFO] Default locale: "en", source code encoding: "UTF-8"
[INFO] Load global settings
[INFO] Load global settings (done) | time=611ms
[INFO] Server id: 1BD809FA-AWHW8ct9-T_TB3XqouNu
[INFO] User cache: /home/runner/.sonar/cache
[INFO] Load/download plugins
[INFO] Load plugins index
[INFO] Load plugins index (done) | time=142ms
[INFO] Load/download plugins (done) | time=222ms
[INFO] Loaded core extensions: developer-scanner
[INFO] JavaScript/TypeScript frontend is enabled
[WARNING] The version of Java (1.8.0_265) you have used to run this analysis is deprecated and we will stop accepting it from October 2020. Please update to at least Java 11.
[INFO] Process project properties
[INFO] Execute project builders
[INFO] Execute project builders (done) | time=9ms
[INFO] Project key: Slimefun_SensibleToolbox
[INFO] Base dir: /home/runner/work/builds/builds/Slimefun/SensibleToolbox/master/files
[INFO] Working dir: /home/runner/work/builds/builds/Slimefun/SensibleToolbox/master/files/target/sonar
[INFO] Load project settings for component key: 'Slimefun_SensibleToolbox'
[INFO] Load project settings for component key: 'Slimefun_SensibleToolbox' (done) | time=210ms
[INFO] Found an active CI vendor: 'Github Actions'
[INFO] Load project branches
[INFO] Load project branches (done) | time=113ms
[INFO] Check ALM binding of project 'Slimefun_SensibleToolbox'
[INFO] Detected project binding: BOUND
[INFO] Check ALM binding of project 'Slimefun_SensibleToolbox' (done) | time=109ms
[INFO] Load project pull requests
[INFO] Load project pull requests (done) | time=104ms
[INFO] Load branch configuration
[INFO] Github event: schedule
[INFO] Load branch configuration (done) | time=7ms
[INFO] Load quality profiles
[INFO] Load quality profiles (done) | time=162ms
[INFO] Load active rules
[INFO] Load active rules (done) | time=3467ms
[INFO] Organization key: slimefun
[INFO] Indexing files...
[INFO] Project configuration:
[INFO] 230 files indexed
[INFO] 1 file ignored because of scm ignore settings
[INFO] Quality profile for java: Additional Checks
[INFO] ------------- Run sensors on module SensibleToolbox
[INFO] JavaScript/TypeScript frontend is enabled
[INFO] Load metrics repository
[INFO] Load metrics repository (done) | time=108ms
[INFO] Sensor JavaSquidSensor [java]
[INFO] Configured Java source version (sonar.java.source): 8
[INFO] JavaClasspath initialization
[INFO] JavaClasspath initialization (done) | time=10ms
[INFO] JavaTestClasspath initialization
[INFO] JavaTestClasspath initialization (done) | time=1ms
[INFO] Java Main Files AST scan
[INFO] 230 source files to be analyzed
[INFO] Load project repositories
[INFO] Load project repositories (done) | time=125ms
[INFO] 50/230 files analyzed, current file: src/main/java/io/github/thebusybiscuit/sensibletoolbox/items/components/SubspaceTransponder.java
[INFO] 132/230 files analyzed, current file: src/main/java/io/github/thebusybiscuit/sensibletoolbox/core/storage/LocationManager.java
[INFO] 194/230 files analyzed, current file: src/main/java/io/github/thebusybiscuit/sensibletoolbox/blocks/machines/SCURelay.java
[INFO] 230/230 source files have been analyzed
[INFO] Java Main Files AST scan (done) | time=33020ms
[INFO] Java Test Files AST scan
[INFO] 0 source files to be analyzed
[INFO] Java Test Files AST scan (done) | time=7ms
[INFO] Java Generated Files AST scan
[INFO] 0 source files to be analyzed
[INFO] 0/0 source files have been analyzed
[INFO] Java Generated Files AST scan (done) | time=3ms
[INFO] Sensor JavaSquidSensor [java] (done) | time=33200ms
[INFO] Sensor SonarCSS Rules [cssfamily]
[INFO] No CSS, PHP, HTML or VueJS files are found in the project. CSS analysis is skipped.
[INFO] Sensor SonarCSS Rules [cssfamily] (done) | time=2ms
[INFO] Sensor C# Properties [csharp]
[INFO] Sensor C# Properties [csharp] (done) | time=1ms
[INFO] Sensor SurefireSensor [java]
[INFO] parsing [/home/runner/work/builds/builds/Slimefun/SensibleToolbox/master/files/target/surefire-reports]
[INFO] Sensor SurefireSensor [java] (done) | time=2ms
[INFO] Sensor JavaXmlSensor [java]
[INFO] 0/0 source files have been analyzed
[INFO] Sensor JavaXmlSensor [java] (done) | time=3ms
[INFO] Sensor HTML [web]
[INFO] Sensor HTML [web] (done) | time=4ms
[INFO] Sensor VB.NET Properties [vbnet]
[INFO] Sensor VB.NET Properties [vbnet] (done) | time=6ms
[INFO] Sensor JaCoCo XML Report Importer [jacoco]
[WARNING] No coverage report can be found with sonar.coverage.jacoco.xmlReportPaths='target/site/jacoco/jacoco.xml'. Using default locations: target/site/jacoco/jacoco.xml,target/site/jacoco-it/jacoco.xml,build/reports/jacoco/test/jacocoTestReport.xml
[INFO] No report imported, no coverage information will be imported by JaCoCo XML Report Importer
[INFO] Sensor JaCoCo XML Report Importer [jacoco] (done) | time=12ms
[INFO] Sensor ThymeLeaf template sensor [securityjavafrontend]
[INFO] Sensor ThymeLeaf template sensor [securityjavafrontend] (done) | time=3ms
[INFO] Sensor JavaSecuritySensor [security]
[INFO] Reading type hierarchy from: /home/runner/work/builds/builds/Slimefun/SensibleToolbox/master/files/target/sonar/ucfg2/java
[INFO] Read 591 type definitions
[INFO] Reading UCFGs from: /home/runner/work/builds/builds/Slimefun/SensibleToolbox/master/files/target/sonar/ucfg2/java
[INFO] 19:16:24.034 Building Type propagation graph
[INFO] 19:16:24.138 Running Tarjan on 12419 nodes
[INFO] 19:16:24.16 Tarjan found 12395 components
[INFO] 19:16:24.192 Variable type analysis: done
[INFO] 19:16:24.195 Building Type propagation graph
[INFO] 19:16:24.258 Running Tarjan on 12361 nodes
[INFO] 19:16:24.274 Tarjan found 12337 components
[INFO] 19:16:24.294 Variable type analysis: done
[INFO] Analyzing 2550 ucfgs to detect vulnerabilities.
[INFO] All rules entrypoints : 0 Retained UCFGs : 0
[INFO] rule: S5131, entrypoints: 0
[INFO] rule: S5131 done
[INFO] rule: S3649, entrypoints: 0
[INFO] rule: S3649 done
[INFO] rule: S2076, entrypoints: 0
[INFO] rule: S2076 done
[INFO] rule: S2091, entrypoints: 0
[INFO] rule: S2091 done
[INFO] rule: S2078, entrypoints: 0
[INFO] rule: S2078 done
[INFO] rule: S2631, entrypoints: 0
[INFO] rule: S2631 done
[INFO] rule: S5135, entrypoints: 0
[INFO] rule: S5135 done
[INFO] rule: S2083, entrypoints: 0
[INFO] rule: S2083 done
[INFO] rule: S5167, entrypoints: 0
[INFO] rule: S5167 done
[INFO] rule: S5144, entrypoints: 0
[INFO] rule: S5144 done
[INFO] rule: S5145, entrypoints: 0
[INFO] rule: S5145 done
[INFO] rule: S5146, entrypoints: 0
[INFO] rule: S5146 done
[INFO] rule: S5334, entrypoints: 0
[INFO] rule: S5334 done
[INFO] Sensor JavaSecuritySensor [security] (done) | time=5504ms
[INFO] Sensor CSharpSecuritySensor [security]
[INFO] Reading type hierarchy from: /home/runner/work/builds/builds/Slimefun/SensibleToolbox/master/files/target/ucfg_cs2
[INFO] Read 0 type definitions
[INFO] Reading UCFGs from: /home/runner/work/builds/builds/Slimefun/SensibleToolbox/master/files/target/ucfg_cs2
[INFO] No UCFGs have been included for analysis.
[INFO] Sensor CSharpSecuritySensor [security] (done) | time=5ms
[INFO] Sensor PhpSecuritySensor [security]
[INFO] Reading type hierarchy from: /home/runner/work/builds/builds/Slimefun/SensibleToolbox/master/files/target/sonar/ucfg2/php
[INFO] Read 0 type definitions
[INFO] Reading UCFGs from: /home/runner/work/builds/builds/Slimefun/SensibleToolbox/master/files/target/sonar/ucfg2/php
[INFO] No UCFGs have been included for analysis.
[INFO] Sensor PhpSecuritySensor [security] (done) | time=2ms
[INFO] Sensor PythonSecuritySensor [security]
[INFO] Reading type hierarchy from: /home/runner/work/builds/builds/Slimefun/SensibleToolbox/master/files/target/sonar/ucfg2/python
[INFO] Read 0 type definitions
[INFO] Reading UCFGs from: /home/runner/work/builds/builds/Slimefun/SensibleToolbox/master/files/target/sonar/ucfg2/python
[INFO] No UCFGs have been included for analysis.
[INFO] Sensor PythonSecuritySensor [security] (done) | time=2ms
[INFO] Sensor JsSecuritySensor [security]
[INFO] Reading type hierarchy from: /home/runner/work/builds/builds/Slimefun/SensibleToolbox/master/files/target/sonar/ucfg2/js
[INFO] Read 0 type definitions
[INFO] Reading UCFGs from: /home/runner/work/builds/builds/Slimefun/SensibleToolbox/master/files/target/sonar/ucfg2/js
[INFO] No UCFGs have been included for analysis.
[INFO] Sensor JsSecuritySensor [security] (done) | time=2ms
[INFO] ------------- Run sensors on project
[INFO] Sensor Zero Coverage Sensor
[INFO] Sensor Zero Coverage Sensor (done) | time=61ms
[INFO] Sensor Java CPD Block Indexer
[INFO] Sensor Java CPD Block Indexer (done) | time=291ms
[INFO] SCM Publisher SCM provider for this project is: git
[INFO] SCM Publisher 1 source file to be analyzed
[INFO] SCM Publisher 1/1 source file have been analyzed (done) | time=629ms
[INFO] CPD Executor 26 files had no CPD blocks
[INFO] CPD Executor Calculating CPD for 204 files
[INFO] CPD Executor CPD calculation finished (done) | time=113ms
[INFO] Analysis report generated in 210ms, dir size=2 MB
[INFO] Analysis report compressed in 529ms, zip size=1 MB
[INFO] Analysis report uploaded in 715ms
[INFO] ANALYSIS SUCCESSFUL, you can find the results at: https://sonarcloud.io/dashboard?id=Slimefun_SensibleToolbox
[INFO] Note that you will be able to access the updated dashboard once the server has processed the submitted analysis report
[INFO] More about the report processing at https://sonarcloud.io/api/ce/task?id=AXTlmDQ02DK2qr0JqtWQ
[INFO] Analysis total time: 49.882 s
[INFO] ------------------------------------------------------------------------
[INFO] BUILD SUCCESS
[INFO] ------------------------------------------------------------------------
[INFO] Total time:  01:24 min
[INFO] Finished at: 2020-10-01T19:16:31Z
[INFO] ------------------------------------------------------------------------
