[INFO] Scanning for projects...
[INFO] 
[INFO] -----------< io.github.sefiraat.simplestorage:SimpleStorage >-----------
[INFO] Building SimpleStorage DEV - 2 (git 531ca814)
[INFO] --------------------------------[ jar ]---------------------------------
[INFO] Downloading from jitpack.io: https://jitpack.io/org/spigotmc/spigot-api/1.16.5-R0.1-SNAPSHOT/maven-metadata.xml
[INFO] Downloading from paper-repo: https://repo.destroystokyo.com/repository/maven-public/org/spigotmc/spigot-api/1.16.5-R0.1-SNAPSHOT/maven-metadata.xml
[INFO] Downloaded from paper-repo: https://repo.destroystokyo.com/repository/maven-public/org/spigotmc/spigot-api/1.16.5-R0.1-SNAPSHOT/maven-metadata.xml (1.5 kB at 753 B/s)
[INFO] Downloading from spigot-repo: https://hub.spigotmc.org/nexus/content/repositories/snapshots/com/github/Slimefun/Slimefun4/a36f487/Slimefun4-a36f487.pom
[INFO] Downloading from paper-repo: https://repo.destroystokyo.com/repository/maven-public/com/github/Slimefun/Slimefun4/a36f487/Slimefun4-a36f487.pom
[INFO] Downloading from jitpack.io: https://jitpack.io/com/github/Slimefun/Slimefun4/a36f487/Slimefun4-a36f487.pom
[INFO] Downloaded from jitpack.io: https://jitpack.io/com/github/Slimefun/Slimefun4/a36f487/Slimefun4-a36f487.pom (13 kB at 86 kB/s)
[INFO] Downloading from spigot-repo: https://hub.spigotmc.org/nexus/content/repositories/snapshots/io/github/mooy1/InfinityLib/beef552/InfinityLib-beef552.pom
[INFO] Downloading from paper-repo: https://repo.destroystokyo.com/repository/maven-public/io/github/mooy1/InfinityLib/beef552/InfinityLib-beef552.pom
[INFO] Downloading from jitpack.io: https://jitpack.io/io/github/mooy1/InfinityLib/beef552/InfinityLib-beef552.pom
[INFO] Downloaded from jitpack.io: https://jitpack.io/io/github/mooy1/InfinityLib/beef552/InfinityLib-beef552.pom (5.4 kB at 96 kB/s)
[INFO] Downloading from spigot-repo: https://hub.spigotmc.org/nexus/content/repositories/snapshots/org/bstats/bstats-bukkit/2.2.1/bstats-bukkit-2.2.1.pom
[INFO] Downloading from paper-repo: https://repo.destroystokyo.com/repository/maven-public/org/bstats/bstats-bukkit/2.2.1/bstats-bukkit-2.2.1.pom
[INFO] Downloaded from paper-repo: https://repo.destroystokyo.com/repository/maven-public/org/bstats/bstats-bukkit/2.2.1/bstats-bukkit-2.2.1.pom (1.7 kB at 1.5 kB/s)
[INFO] Downloading from spigot-repo: https://hub.spigotmc.org/nexus/content/repositories/snapshots/org/bstats/bstats-base/2.2.1/bstats-base-2.2.1.pom
[INFO] Downloading from paper-repo: https://repo.destroystokyo.com/repository/maven-public/org/bstats/bstats-base/2.2.1/bstats-base-2.2.1.pom
[INFO] Downloaded from paper-repo: https://repo.destroystokyo.com/repository/maven-public/org/bstats/bstats-base/2.2.1/bstats-base-2.2.1.pom (1.5 kB at 1.3 kB/s)
[INFO] Downloading from spigot-repo: https://hub.spigotmc.org/nexus/content/repositories/snapshots/com/github/Slimefun/Slimefun4/a36f487/Slimefun4-a36f487.jar
[INFO] Downloading from spigot-repo: https://hub.spigotmc.org/nexus/content/repositories/snapshots/io/github/mooy1/InfinityLib/beef552/InfinityLib-beef552.jar
[INFO] Downloading from spigot-repo: https://hub.spigotmc.org/nexus/content/repositories/snapshots/org/bstats/bstats-bukkit/2.2.1/bstats-bukkit-2.2.1.jar
[INFO] Downloading from spigot-repo: https://hub.spigotmc.org/nexus/content/repositories/snapshots/org/bstats/bstats-base/2.2.1/bstats-base-2.2.1.jar
[INFO] Downloading from paper-repo: https://repo.destroystokyo.com/repository/maven-public/com/github/Slimefun/Slimefun4/a36f487/Slimefun4-a36f487.jar
[INFO] Downloading from paper-repo: https://repo.destroystokyo.com/repository/maven-public/io/github/mooy1/InfinityLib/beef552/InfinityLib-beef552.jar
[INFO] Downloading from paper-repo: https://repo.destroystokyo.com/repository/maven-public/org/bstats/bstats-bukkit/2.2.1/bstats-bukkit-2.2.1.jar
[INFO] Downloading from paper-repo: https://repo.destroystokyo.com/repository/maven-public/org/bstats/bstats-base/2.2.1/bstats-base-2.2.1.jar
[INFO] Downloaded from paper-repo: https://repo.destroystokyo.com/repository/maven-public/org/bstats/bstats-bukkit/2.2.1/bstats-bukkit-2.2.1.jar (4.1 kB at 13 kB/s)
[INFO] Downloaded from paper-repo: https://repo.destroystokyo.com/repository/maven-public/org/bstats/bstats-base/2.2.1/bstats-base-2.2.1.jar (22 kB at 25 kB/s)
[INFO] Downloading from jitpack.io: https://jitpack.io/com/github/Slimefun/Slimefun4/a36f487/Slimefun4-a36f487.jar
[INFO] Downloading from jitpack.io: https://jitpack.io/io/github/mooy1/InfinityLib/beef552/InfinityLib-beef552.jar
[INFO] Downloaded from jitpack.io: https://jitpack.io/io/github/mooy1/InfinityLib/beef552/InfinityLib-beef552.jar (82 kB at 547 kB/s)
[INFO] Downloaded from jitpack.io: https://jitpack.io/com/github/Slimefun/Slimefun4/a36f487/Slimefun4-a36f487.jar (4.3 MB at 15 MB/s)
[INFO] 
[INFO] --- maven-clean-plugin:2.5:clean (default-clean) @ SimpleStorage ---
[INFO] 
[INFO] --- maven-resources-plugin:2.6:resources (default-resources) @ SimpleStorage ---
[INFO] Using 'UTF-8' encoding to copy filtered resources.
[INFO] Copying 3 resources
[INFO] 
[INFO] --- maven-compiler-plugin:3.1:compile (default-compile) @ SimpleStorage ---
[INFO] Changes detected - recompiling the module!
[INFO] Compiling 36 source files to /home/runner/work/builds/builds/Sefiraat/Simple-Storage/master/files/target/classes
[INFO] 
[INFO] --- maven-resources-plugin:2.6:testResources (default-testResources) @ SimpleStorage ---
[INFO] Using 'UTF-8' encoding to copy filtered resources.
[INFO] skip non existing resourceDirectory /home/runner/work/builds/builds/Sefiraat/Simple-Storage/master/files/src/test/resources
[INFO] 
[INFO] --- maven-compiler-plugin:3.1:testCompile (default-testCompile) @ SimpleStorage ---
[INFO] No sources to compile
[INFO] 
[INFO] --- maven-surefire-plugin:2.12.4:test (default-test) @ SimpleStorage ---
[INFO] No tests to run.
[INFO] 
[INFO] --- maven-jar-plugin:2.4:jar (default-jar) @ SimpleStorage ---
[INFO] Building jar: /home/runner/work/builds/builds/Sefiraat/Simple-Storage/master/files/target/Simple-Storage-2.jar
[INFO] 
[INFO] --- maven-shade-plugin:3.2.4:shade (default) @ SimpleStorage ---
[INFO] Including io.github.mooy1:InfinityLib:jar:beef552 in the shaded jar.
[INFO] Including org.bstats:bstats-bukkit:jar:2.2.1 in the shaded jar.
[INFO] Including org.bstats:bstats-base:jar:2.2.1 in the shaded jar.
[INFO] Replacing original artifact with shaded artifact.
[INFO] Replacing /home/runner/work/builds/builds/Sefiraat/Simple-Storage/master/files/target/Simple-Storage-2.jar with /home/runner/work/builds/builds/Sefiraat/Simple-Storage/master/files/target/SimpleStorage-DEV - 2 (git 531ca814)-shaded.jar
[INFO] Dependency-reduced POM written at: /home/runner/work/builds/builds/Sefiraat/Simple-Storage/master/files/dependency-reduced-pom.xml
[INFO] ------------------------------------------------------------------------
[INFO] BUILD SUCCESS
[INFO] ------------------------------------------------------------------------
[INFO] Total time:  11.711 s
[INFO] Finished at: 2021-06-11T19:31:51Z
[INFO] ------------------------------------------------------------------------
