[INFO] Scanning for projects...
[INFO] 
[INFO] -----------< io.github.sefiraat.simplestorage:SimpleStorage >-----------
[INFO] Building SimpleStorage DEV - 7 (git ef9035b3)
[INFO] --------------------------------[ jar ]---------------------------------
[INFO] Downloading from spigot-repo: https://hub.spigotmc.org/nexus/content/repositories/snapshots/io/github/mooy1/InfinityLib/b4e69ad/InfinityLib-b4e69ad.pom
[INFO] Downloading from paper-repo: https://repo.destroystokyo.com/repository/maven-public/io/github/mooy1/InfinityLib/b4e69ad/InfinityLib-b4e69ad.pom
[INFO] Downloading from jitpack.io: https://jitpack.io/io/github/mooy1/InfinityLib/b4e69ad/InfinityLib-b4e69ad.pom
[INFO] Downloaded from jitpack.io: https://jitpack.io/io/github/mooy1/InfinityLib/b4e69ad/InfinityLib-b4e69ad.pom (5.8 kB at 24 kB/s)
[INFO] Downloading from spigot-repo: https://hub.spigotmc.org/nexus/content/repositories/snapshots/io/github/mooy1/InfinityLib/b4e69ad/InfinityLib-b4e69ad.jar
[INFO] Downloading from paper-repo: https://repo.destroystokyo.com/repository/maven-public/io/github/mooy1/InfinityLib/b4e69ad/InfinityLib-b4e69ad.jar
[INFO] Downloading from jitpack.io: https://jitpack.io/io/github/mooy1/InfinityLib/b4e69ad/InfinityLib-b4e69ad.jar
[INFO] Downloaded from jitpack.io: https://jitpack.io/io/github/mooy1/InfinityLib/b4e69ad/InfinityLib-b4e69ad.jar (90 kB at 1.3 MB/s)
[INFO] 
[INFO] --- maven-clean-plugin:2.5:clean (default-clean) @ SimpleStorage ---
[INFO] 
[INFO] --- maven-resources-plugin:2.6:resources (default-resources) @ SimpleStorage ---
[INFO] Using 'UTF-8' encoding to copy filtered resources.
[INFO] Copying 3 resources
[INFO] 
[INFO] --- maven-compiler-plugin:3.1:compile (default-compile) @ SimpleStorage ---
[INFO] Changes detected - recompiling the module!
[INFO] Compiling 39 source files to /home/runner/work/builds/builds/Sefiraat/Simple-Storage/master/files/target/classes
[WARNING] /home/runner/work/builds/builds/Sefiraat/Simple-Storage/master/files/src/main/java/io/github/sefiraat/simplestorage/items/chests/SimpleInventoryCache.java: Some input files use or override a deprecated API.
[WARNING] /home/runner/work/builds/builds/Sefiraat/Simple-Storage/master/files/src/main/java/io/github/sefiraat/simplestorage/items/chests/SimpleInventoryCache.java: Recompile with -Xlint:deprecation for details.
[INFO] 
[INFO] --- maven-resources-plugin:2.6:testResources (default-testResources) @ SimpleStorage ---
[INFO] Using 'UTF-8' encoding to copy filtered resources.
[INFO] skip non existing resourceDirectory /home/runner/work/builds/builds/Sefiraat/Simple-Storage/master/files/src/test/resources
[INFO] 
[INFO] --- maven-compiler-plugin:3.1:testCompile (default-testCompile) @ SimpleStorage ---
[INFO] No sources to compile
[INFO] 
[INFO] --- maven-surefire-plugin:2.12.4:test (default-test) @ SimpleStorage ---
[INFO] No tests to run.
[INFO] 
[INFO] --- maven-jar-plugin:2.4:jar (default-jar) @ SimpleStorage ---
[INFO] Building jar: /home/runner/work/builds/builds/Sefiraat/Simple-Storage/master/files/target/Simple-Storage-7.jar
[INFO] 
[INFO] --- maven-shade-plugin:3.2.4:shade (default) @ SimpleStorage ---
[INFO] Including io.github.mooy1:InfinityLib:jar:b4e69ad in the shaded jar.
[INFO] Including org.bstats:bstats-bukkit:jar:2.2.1 in the shaded jar.
[INFO] Including org.bstats:bstats-base:jar:2.2.1 in the shaded jar.
[INFO] Replacing original artifact with shaded artifact.
[INFO] Replacing /home/runner/work/builds/builds/Sefiraat/Simple-Storage/master/files/target/Simple-Storage-7.jar with /home/runner/work/builds/builds/Sefiraat/Simple-Storage/master/files/target/SimpleStorage-DEV - 7 (git ef9035b3)-shaded.jar
[INFO] Dependency-reduced POM written at: /home/runner/work/builds/builds/Sefiraat/Simple-Storage/master/files/dependency-reduced-pom.xml
[INFO] ------------------------------------------------------------------------
[INFO] BUILD SUCCESS
[INFO] ------------------------------------------------------------------------
[INFO] Total time:  6.237 s
[INFO] Finished at: 2021-09-06T13:27:01Z
[INFO] ------------------------------------------------------------------------
