[INFO] Scanning for projects...
[INFO] 
[INFO] ------------< io.github.thebusybiscuit:ColoredEnderChests >-------------
[INFO] Building ColoredEnderChests DEV - 18 (git 2aa9dae4)
[INFO] --------------------------------[ jar ]---------------------------------
[INFO] Downloading from paper-repo: https://repo.destroystokyo.com/repository/maven-public/org/spigotmc/spigot-api/1.16.3-R0.1-SNAPSHOT/maven-metadata.xml
[INFO] Downloading from jitpack.io: https://jitpack.io/org/spigotmc/spigot-api/1.16.3-R0.1-SNAPSHOT/maven-metadata.xml
[INFO] Downloading from spigot-repo: https://hub.spigotmc.org/nexus/content/repositories/snapshots/org/spigotmc/spigot-api/1.16.3-R0.1-SNAPSHOT/maven-metadata.xml
[INFO] Downloading from bstats-repo: https://repo.codemc.org/repository/maven-public/org/spigotmc/spigot-api/1.16.3-R0.1-SNAPSHOT/maven-metadata.xml
[INFO] Downloaded from spigot-repo: https://hub.spigotmc.org/nexus/content/repositories/snapshots/org/spigotmc/spigot-api/1.16.3-R0.1-SNAPSHOT/maven-metadata.xml (1.5 kB at 3.0 kB/s)
[INFO] Downloaded from paper-repo: https://repo.destroystokyo.com/repository/maven-public/org/spigotmc/spigot-api/1.16.3-R0.1-SNAPSHOT/maven-metadata.xml (1.5 kB at 487 B/s)
[INFO] Downloading from paper-repo: https://repo.destroystokyo.com/repository/maven-public/org/spigotmc/spigot-api/1.16.3-R0.1-SNAPSHOT/spigot-api-1.16.3-R0.1-20201025.071724-27.pom
[INFO] Downloaded from paper-repo: https://repo.destroystokyo.com/repository/maven-public/org/spigotmc/spigot-api/1.16.3-R0.1-SNAPSHOT/spigot-api-1.16.3-R0.1-20201025.071724-27.pom (11 kB at 8.2 kB/s)
[INFO] Downloading from paper-repo: https://repo.destroystokyo.com/repository/maven-public/org/spigotmc/spigot-api/1.16.3-R0.1-SNAPSHOT/spigot-api-1.16.3-R0.1-20201025.071724-27.jar
[INFO] Downloaded from paper-repo: https://repo.destroystokyo.com/repository/maven-public/org/spigotmc/spigot-api/1.16.3-R0.1-SNAPSHOT/spigot-api-1.16.3-R0.1-20201025.071724-27.jar (1.3 MB at 1.7 MB/s)
[INFO] 
[INFO] --- maven-clean-plugin:2.5:clean (default-clean) @ ColoredEnderChests ---
[INFO] 
[INFO] --- maven-resources-plugin:2.6:resources (default-resources) @ ColoredEnderChests ---
[INFO] Using 'UTF-8' encoding to copy filtered resources.
[INFO] Copying 2 resources
[INFO] Copying 1 resource
[INFO] 
[INFO] --- maven-compiler-plugin:3.1:compile (default-compile) @ ColoredEnderChests ---
[INFO] Changes detected - recompiling the module!
[INFO] Compiling 4 source files to /home/runner/work/builds/builds/TheBusyBiscuit/ColoredEnderChests/master/files/target/classes
[WARNING] /home/runner/work/builds/builds/TheBusyBiscuit/ColoredEnderChests/master/files/src/main/java/io/github/thebusybiscuit/coloredenderchests/EnderChestBlockHandler.java: /home/runner/work/builds/builds/TheBusyBiscuit/ColoredEnderChests/master/files/src/main/java/io/github/thebusybiscuit/coloredenderchests/EnderChestBlockHandler.java uses or overrides a deprecated API.
[WARNING] /home/runner/work/builds/builds/TheBusyBiscuit/ColoredEnderChests/master/files/src/main/java/io/github/thebusybiscuit/coloredenderchests/EnderChestBlockHandler.java: Recompile with -Xlint:deprecation for details.
[INFO] 
[INFO] --- maven-resources-plugin:2.6:testResources (default-testResources) @ ColoredEnderChests ---
[INFO] Using 'UTF-8' encoding to copy filtered resources.
[INFO] skip non existing resourceDirectory /home/runner/work/builds/builds/TheBusyBiscuit/ColoredEnderChests/master/files/src/test/resources
[INFO] 
[INFO] --- maven-compiler-plugin:3.1:testCompile (default-testCompile) @ ColoredEnderChests ---
[INFO] No sources to compile
[INFO] 
[INFO] --- maven-surefire-plugin:2.12.4:test (default-test) @ ColoredEnderChests ---
[INFO] No tests to run.
[INFO] 
[INFO] --- maven-jar-plugin:2.4:jar (default-jar) @ ColoredEnderChests ---
[INFO] Building jar: /home/runner/work/builds/builds/TheBusyBiscuit/ColoredEnderChests/master/files/target/ColoredEnderChests-18.jar
[INFO] 
[INFO] --- maven-shade-plugin:3.2.4:shade (default) @ ColoredEnderChests ---
[INFO] Including org.bstats:bstats-bukkit:jar:1.8 in the shaded jar.
[INFO] Replacing original artifact with shaded artifact.
[INFO] Replacing /home/runner/work/builds/builds/TheBusyBiscuit/ColoredEnderChests/master/files/target/ColoredEnderChests-18.jar with /home/runner/work/builds/builds/TheBusyBiscuit/ColoredEnderChests/master/files/target/ColoredEnderChests-DEV - 18 (git 2aa9dae4)-shaded.jar
[INFO] Dependency-reduced POM written at: /home/runner/work/builds/builds/TheBusyBiscuit/ColoredEnderChests/master/files/dependency-reduced-pom.xml
[INFO] 
[INFO] ------------< io.github.thebusybiscuit:ColoredEnderChests >-------------
[INFO] Building ColoredEnderChests DEV - 18 (git 2aa9dae4)
[INFO] --------------------------------[ jar ]---------------------------------
[INFO] 
[INFO] --- sonar-maven-plugin:3.7.0.1746:sonar (default-cli) @ ColoredEnderChests ---
ache: /home/runner/.sonar/cache
[INFO] User c[INFO] SonarQube version: 8.5.0
[INFO] Default locale: "en", source code encoding: "UTF-8"
[INFO] Load global settings
[INFO] Load global settings (done) | time=600ms
[INFO] Server id: 1BD809FA-AWHW8ct9-T_TB3XqouNu
[INFO] User cache: /home/runner/.sonar/cache
[INFO] Load/download plugins
[INFO] Load plugins index
[INFO] Load plugins index (done) | time=148ms
[INFO] Load/download plugins (done) | time=283ms
[INFO] Loaded core extensions: developer-scanner
[INFO] JavaScript/TypeScript frontend is enabled
[INFO] Found an active CI vendor: 'Github Actions'
[INFO] Load project settings for component key: 'TheBusyBiscuit_ColoredEnderChests'
[INFO] Load project settings for component key: 'TheBusyBiscuit_ColoredEnderChests' (done) | time=111ms
[INFO] Process project properties
[INFO] Execute project builders
[INFO] Execute project builders (done) | time=6ms
[INFO] Project key: TheBusyBiscuit_ColoredEnderChests
[INFO] Base dir: /home/runner/work/builds/builds/TheBusyBiscuit/ColoredEnderChests/master/files
[INFO] Working dir: /home/runner/work/builds/builds/TheBusyBiscuit/ColoredEnderChests/master/files/target/sonar
[INFO] Load project branches
[INFO] Load project branches (done) | time=123ms
[INFO] Check ALM binding of project 'TheBusyBiscuit_ColoredEnderChests'
[INFO] Detected project binding: NOT_BOUND
[INFO] Check ALM binding of project 'TheBusyBiscuit_ColoredEnderChests' (done) | time=116ms
[INFO] Load project pull requests
[INFO] Load project pull requests (done) | time=106ms
[INFO] Load branch configuration
[INFO] Github event: schedule
[INFO] Load branch configuration (done) | time=2ms
[INFO] Load quality profiles
[INFO] Load quality profiles (done) | time=162ms
[INFO] Load active rules
[INFO] Load active rules (done) | time=3586ms
[INFO] Organization key: thebusybiscuit-github
[INFO] Indexing files...
[INFO] Project configuration:
[INFO] 4 files indexed
[INFO] 1 file ignored because of scm ignore settings
[INFO] Quality profile for java: Additional Checks
[INFO] ------------- Run sensors on module ColoredEnderChests
[INFO] JavaScript/TypeScript frontend is enabled
[INFO] Load metrics repository
[INFO] Load metrics repository (done) | time=112ms
[INFO] Sensor JavaSquidSensor [java]
[INFO] Configured Java source version (sonar.java.source): 8
[INFO] JavaClasspath initialization
[INFO] JavaClasspath initialization (done) | time=11ms
[INFO] JavaTestClasspath initialization
[INFO] JavaTestClasspath initialization (done) | time=1ms
[INFO] Java Main Files AST scan
[INFO] 4 source files to be analyzed
[INFO] Load project repositories
[INFO] Load project repositories (done) | time=124ms
[INFO] 4/4 source files have been analyzed
[INFO] Java Main Files AST scan (done) | time=2579ms
[INFO] Java Test Files AST scan
[INFO] 0 source files to be analyzed
[INFO] Java Test Files AST scan (done) | time=2ms
[INFO] Java Generated Files AST scan
[INFO] 0 source files to be analyzed
[INFO] Java Generated Files AST scan (done) | time=4ms
[INFO] Sensor JavaSquidSensor [java] (done) | time=2981ms
[INFO] Sensor SonarCSS Rules [cssfamily]
[INFO] No CSS, PHP, HTML or VueJS files are found in the project. CSS analysis is skipped.
[INFO] Sensor SonarCSS Rules [cssfamily] (done) | time=2ms
[INFO] Sensor C# Properties [csharp]
[INFO] Sensor C# Properties [csharp] (done) | time=2ms
[INFO] Sensor SurefireSensor [java]
[INFO] parsing [/home/runner/work/builds/builds/TheBusyBiscuit/ColoredEnderChests/master/files/target/surefire-reports]
[INFO] Sensor SurefireSensor [java] (done) | time=1ms
[INFO] 0/0 source files have been analyzed
[INFO] 0/0 source files have been analyzed
[INFO] Sensor JavaXmlSensor [java]
[INFO] Sensor JavaXmlSensor [java] (done) | time=4ms
[INFO] Sensor HTML [web]
[INFO] Sensor HTML [web] (done) | time=3ms
[INFO] Sensor VB.NET Properties [vbnet]
[INFO] Sensor VB.NET Properties [vbnet] (done) | time=1ms
[INFO] Sensor JaCoCo XML Report Importer [jacoco]
[INFO] 'sonar.coverage.jacoco.xmlReportPaths' is not defined. Using default locations: target/site/jacoco/jacoco.xml,target/site/jacoco-it/jacoco.xml,build/reports/jacoco/test/jacocoTestReport.xml
[INFO] No report imported, no coverage information will be imported by JaCoCo XML Report Importer
[INFO] Sensor JaCoCo XML Report Importer [jacoco] (done) | time=11ms
[INFO] Sensor ThymeLeaf template sensor [securityjavafrontend]
[INFO] Sensor ThymeLeaf template sensor [securityjavafrontend] (done) | time=3ms
[INFO] Sensor JavaSecuritySensor [security]
[INFO] Reading type hierarchy from: /home/runner/work/builds/builds/TheBusyBiscuit/ColoredEnderChests/master/files/target/sonar/ucfg2/java
[INFO] Read 70 type definitions
[INFO] Reading UCFGs from: /home/runner/work/builds/builds/TheBusyBiscuit/ColoredEnderChests/master/files/target/sonar/ucfg2/java
[INFO] 14:46:58.28539 Building Runtime Type propagation graph
[INFO] 14:46:58.298179 Running Tarjan on 107 nodes
[INFO] 14:46:58.300441 Tarjan found 107 components
[INFO] 14:46:58.303867 Variable type analysis: done
[INFO] 14:46:58.306423 Building Runtimraph
e Type propagation g[INFO] 14:46:58.314048 Running Tarjan on 107 nodes
[INFO] 14:46:58.315423 Tarjan found 107 components
[INFO] 14:46:58.316706 Variable type analysis: done
[INFO] Analyzing 18 ucfgs to detect vulnerabilities.
[INFO] All rules entrypoints : 0 Retained UCFGs : 0
[INFO] rule: S5131, entrypoints: 0
[INFO] rule: S5131 done
[INFO] rule: S3649, entrypoints: 0
[INFO] rule: S3649 done
[INFO] rule: S2076, entrypoints: 0
[INFO] rule: S2076 done
[INFO] rule: S2091, entrypoints: 0
[INFO] rule: S2091 done
[INFO] rule: S2078, entrypoints: 0
[INFO] rule: S2078 done
[INFO] rule: S2631, entrypoints: 0
[INFO] rule: S2631 done
[INFO] rule: S5135, entrypoints: 0
[INFO] rule: S5135 done
[INFO] rule: S2083, entrypoints: 0
[INFO] rule: S2083 done
[INFO] rule: S5167, entrypoints: 0
[INFO] rule: S5167 done
[INFO] rule: S5144, entrypoints: 0
[INFO] rule: S5144 done
[INFO] rule: S5145, entrypoints: 0
[INFO] rule: S5145 done
[INFO] rule: S5146, entrypoints: 0
[INFO] rule: S5146 done
[INFO] rule: S5334, entrypoints: 0
[INFO] rule: S5334 done
[INFO] Sensor JavaSecuritySensor [security] (done) | time=544ms
[INFO] Sensor CSharpSecuritySensor [security]
[INFO] Reading type hierarchy from: /home/runner/work/builds/builds/TheBusyBiscuit/ColoredEnderChests/master/files/target/ucfg_cs2
[INFO] Read 0 type definitions
[INFO] Reading UCFGs from: /home/runner/work/builds/builds/TheBusyBiscuit/ColoredEnderChests/master/files/target/ucfg_cs2
[INFO] No UCFGs have been included for analysis.
[INFO] Sensor CSharpSecuritySensor [security] (done) | time=3ms
[INFO] Sensor PhpSecuritySensor [security]
[INFO] Reading type hierarchy from: /home/runner/work/builds/builds/TheBusyBiscuit/ColoredEnderChests/master/files/target/sonar/ucfg2/php
[INFO] Read 0 type definitions
[INFO] Reading UCFGs from: /home/runner/work/builds/builds/TheBusyBiscuit/ColoredEnderChests/master/files/target/sonar/ucfg2/php
[INFO] No UCFGs have been included for analysis.
[INFO] Sensor PhpSecuritySensor [security] (done) | time=17ms
[INFO] Sensor PythonSecuritySensor [security]
[INFO] Reading type hierarchy from: /home/runner/work/builds/builds/TheBusyBiscuit/ColoredEnderChests/master/files/target/sonar/ucfg2/python
[INFO] Read 0 type definitions
[INFO] Reading UCFGs from: /home/runner/work/builds/builds/TheBusyBiscuit/ColoredEnderChests/master/files/target/sonar/ucfg2/python
[INFO] No UCFGs have been included for analysis.
[INFO] Sensor PythonSecuritySensor [security] (done) | time=3ms
[INFO] Sensor JsSecuritySensor [security]
[INFO] Reading type hierarchy from: /home/runner/work/builds/builds/TheBusyBiscuit/ColoredEnderChests/master/files/target/sonar/ucfg2/js
[INFO] Read 0 type definitions
[INFO] Reading UCFGs from: /home/runner/work/builds/builds/TheBusyBiscuit/ColoredEnderChests/master/files/target/sonar/ucfg2/js
[INFO] No UCFGs have been included for analysis.
[INFO] Sensor JsSecuritySensor [security] (done) | time=2ms
[INFO] ------------- Run sensors on project
[INFO] Sensor Zero Coverage Sensor
[INFO] Sensor Zero Coverage Sensor (done) | time=15ms
[INFO] Sensor Java CPD Block Indexer
[INFO] Sensor Java CPD Block Indexer (done) | time=30ms
[INFO] CPD Executor Calculating CPD for 4 files
[INFO] CPD Executor CPD calculation finished (done) | time=14ms
[INFO] Analysis report generated in 182ms, dir size=196 KB
[INFO] Analysis report compressed in 27ms, zip size=46 KB
[INFO] Analysis report uploaded in 350ms
[INFO] ANALYSIS SUCCESSFUL, you can find the results at: https://sonarcloud.io/dashboard?id=TheBusyBiscuit_ColoredEnderChests
[INFO] Note that you will be able to access the updated dashboard once the server has processed the submitted analysis report
[INFO] More about the report processing at https://sonarcloud.io/api/ce/task?id=AXaFxIvAwbPuUcFvwUoY
[INFO] Analysis total time: 11.143 s
[INFO] ------------------------------------------------------------------------
[INFO] BUILD SUCCESS
[INFO] ------------------------------------------------------------------------
[INFO] Total time:  21.270 s
[INFO] Finished at: 2020-12-21T14:46:59Z
[INFO] ------------------------------------------------------------------------
