[INFO] Scanning for projects...
[INFO] 
[INFO] ------------< io.github.thebusybiscuit:ColoredEnderChests >-------------
[INFO] Building ColoredEnderChests DEV - 23 (git 4d041832)
[INFO] --------------------------------[ jar ]---------------------------------
[INFO] Downloading from paper-repo: https://repo.destroystokyo.com/repository/maven-public/com/github/thebusybiscuit/Slimefun4/RC-27/Slimefun4-RC-27.pom
[INFO] Downloading from spigot-repo: https://hub.spigotmc.org/nexus/content/repositories/snapshots/com/github/thebusybiscuit/Slimefun4/RC-27/Slimefun4-RC-27.pom
[INFO] Downloading from jitpack.io: https://jitpack.io/com/github/thebusybiscuit/Slimefun4/RC-27/Slimefun4-RC-27.pom
[INFO] Downloaded from jitpack.io: https://jitpack.io/com/github/thebusybiscuit/Slimefun4/RC-27/Slimefun4-RC-27.pom (14 kB at 79 kB/s)
[INFO] Downloading from paper-repo: https://repo.destroystokyo.com/repository/maven-public/com/github/thebusybiscuit/Slimefun4/RC-27/Slimefun4-RC-27.jar
[INFO] Downloading from spigot-repo: https://hub.spigotmc.org/nexus/content/repositories/snapshots/com/github/thebusybiscuit/Slimefun4/RC-27/Slimefun4-RC-27.jar
[INFO] Downloading from jitpack.io: https://jitpack.io/com/github/thebusybiscuit/Slimefun4/RC-27/Slimefun4-RC-27.jar
[INFO] Downloaded from jitpack.io: https://jitpack.io/com/github/thebusybiscuit/Slimefun4/RC-27/Slimefun4-RC-27.jar (4.3 MB at 17 MB/s)
[INFO] 
[INFO] --- maven-clean-plugin:2.5:clean (default-clean) @ ColoredEnderChests ---
[INFO] 
[INFO] --- maven-resources-plugin:2.6:resources (default-resources) @ ColoredEnderChests ---
[INFO] Using 'UTF-8' encoding to copy filtered resources.
[INFO] Copying 2 resources
[INFO] Copying 1 resource
[INFO] 
[INFO] --- maven-compiler-plugin:3.1:compile (default-compile) @ ColoredEnderChests ---
[INFO] Changes detected - recompiling the module!
[INFO] Compiling 3 source files to /home/runner/work/builds/builds/TheBusyBiscuit/ColoredEnderChests/master/files/target/classes
[INFO] 
[INFO] --- maven-resources-plugin:2.6:testResources (default-testResources) @ ColoredEnderChests ---
[INFO] Using 'UTF-8' encoding to copy filtered resources.
[INFO] skip non existing resourceDirectory /home/runner/work/builds/builds/TheBusyBiscuit/ColoredEnderChests/master/files/src/test/resources
[INFO] 
[INFO] --- maven-compiler-plugin:3.1:testCompile (default-testCompile) @ ColoredEnderChests ---
[INFO] No sources to compile
[INFO] 
[INFO] --- maven-surefire-plugin:2.12.4:test (default-test) @ ColoredEnderChests ---
[INFO] No tests to run.
[INFO] 
[INFO] --- maven-jar-plugin:2.4:jar (default-jar) @ ColoredEnderChests ---
[INFO] Building jar: /home/runner/work/builds/builds/TheBusyBiscuit/ColoredEnderChests/master/files/target/ColoredEnderChests-23.jar
[INFO] 
[INFO] --- maven-shade-plugin:3.2.4:shade (default) @ ColoredEnderChests ---
[INFO] Including org.bstats:bstats-bukkit:jar:2.2.1 in the shaded jar.
[INFO] Including org.bstats:bstats-base:jar:2.2.1 in the shaded jar.
[INFO] Replacing original artifact with shaded artifact.
[INFO] Replacing /home/runner/work/builds/builds/TheBusyBiscuit/ColoredEnderChests/master/files/target/ColoredEnderChests-23.jar with /home/runner/work/builds/builds/TheBusyBiscuit/ColoredEnderChests/master/files/target/ColoredEnderChests-DEV - 23 (git 4d041832)-shaded.jar
[INFO] Dependency-reduced POM written at: /home/runner/work/builds/builds/TheBusyBiscuit/ColoredEnderChests/master/files/dependency-reduced-pom.xml
[INFO] 
[INFO] ------------< io.github.thebusybiscuit:ColoredEnderChests >-------------
[INFO] Building ColoredEnderChests DEV - 23 (git 4d041832)
[INFO] --------------------------------[ jar ]---------------------------------
[INFO] 
[INFO] --- sonar-maven-plugin:3.9.0.2155:sonar (default-cli) @ ColoredEnderChests ---
[INFO] User cache: /home/runner/.sonar/cache
[INFO] SonarQube version: 8.9.1
[INFO] Default locale: "en", source code encoding: "UTF-8"
[INFO] Load global settings
[INFO] Load global settings (done) | time=596ms
[INFO] Server id: 1BD809FA-AWHW8ct9-T_TB3XqouNu
[INFO] User cache: /home/runner/.sonar/cache
[INFO] Load/download plugins
[INFO] Load plugins index
[INFO] Load plugins index (done) | time=139ms
[INFO] Load/download plugins (done) | time=390ms
[INFO] Loaded core extensions: developer-scanner
[INFO] Found an active CI vendor: 'Github Actions'
[INFO] Load project settings for component key: 'TheBusyBiscuit_ColoredEnderChests'
[INFO] Load project settings for component key: 'TheBusyBiscuit_ColoredEnderChests' (done) | time=123ms
[INFO] Process project properties
[INFO] Execute project builders
[INFO] Execute project builders (done) | time=2ms
[INFO] Project key: TheBusyBiscuit_ColoredEnderChests
[INFO] Base dir: /home/runner/work/builds/builds/TheBusyBiscuit/ColoredEnderChests/master/files
[INFO] Working dir: /home/runner/work/builds/builds/TheBusyBiscuit/ColoredEnderChests/master/files/target/sonar
[INFO] Load project branches
[INFO] Load project branches (done) | time=107ms
[INFO] Check ALM binding of project 'TheBusyBiscuit_ColoredEnderChests'
[INFO] Detected project binding: NOT_BOUND
[INFO] Check ALM binding of project 'TheBusyBiscuit_ColoredEnderChests' (done) | time=108ms
[INFO] Load project pull requests
[INFO] Load project pull requests (done) | time=106ms
[INFO] Load branch configuration
[INFO] Github event: workflow_dispatch
[INFO] Load branch configuration (done) | time=3ms
[INFO] Load quality profiles
[INFO] Load quality profiles (done) | time=152ms
[INFO] Load active rules
[INFO] Load active rules (done) | time=4120ms
[INFO] Organization key: thebusybiscuit-github
[INFO] Indexing files...
[INFO] Project configuration:
[INFO] 3 files indexed
[INFO] 1 file ignored because of scm ignore settings
[INFO] Quality profile for java: Additional Checks
[INFO] ------------- Run sensors on module ColoredEnderChests
[INFO] Load metrics repository
[INFO] Load metrics repository (done) | time=117ms
[INFO] Sensor JavaSensor [java]
[INFO] Configured Java source version (sonar.java.source): 8
[INFO] JavaClasspath initialization
[INFO] JavaClasspath initialization (done) | time=4ms
[INFO] JavaTestClasspath initialization
[INFO] JavaTestClasspath initialization (done) | time=1ms
[INFO] Java "Main" source files AST scan
[INFO] 3 source files to be analyzed
[INFO] Load project repositories
[INFO] Load project repositories (done) | time=119ms
[INFO] 3/3 source files have been analyzed
[INFO] Java "Main" source files AST scan (done) | time=2227ms
[INFO] No "Test" source files to scan.
[INFO] No "Generated" source files to scan.
[INFO] Sensor JavaSensor [java] (done) | time=2497ms
[INFO] Sensor CSS Rules [cssfamily]
[INFO] No CSS, PHP, HTML or VueJS files are found in the project. CSS analysis is skipped.
[INFO] Sensor CSS Rules [cssfamily] (done) | time=0ms
[INFO] Sensor C# Project Type Information [csharp]
[INFO] Sensor C# Project Type Information [csharp] (done) | time=1ms
[INFO] Sensor C# Analysis Log [csharp]
[INFO] Sensor C# Analysis Log [csharp] (done) | time=12ms
[INFO] Sensor C# Properties [csharp]
[INFO] Sensor C# Properties [csharp] (done) | time=0ms
[INFO] Sensor SurefireSensor [java]
[INFO] parsing [/home/runner/work/builds/builds/TheBusyBiscuit/ColoredEnderChests/master/files/target/surefire-reports]
[INFO] Sensor SurefireSensor [java] (done) | time=2ms
[INFO] Sensor JavaXmlSensor [java]
[INFO] Sensor JavaXmlSensor [java] (done) | time=0ms
[INFO] Sensor HTML [web]
[INFO] Sensor HTML [web] (done) | time=2ms
[INFO] Sensor VB.NET Project Type Information [vbnet]
[INFO] Sensor VB.NET Project Type Information [vbnet] (done) | time=0ms
[INFO] Sensor VB.NET Analysis Log [vbnet]
[INFO] Sensor VB.NET Analysis Log [vbnet] (done) | time=11ms
[INFO] Sensor VB.NET Properties [vbnet]
[INFO] Sensor VB.NET Properties [vbnet] (done) | time=0ms
[INFO] Sensor JaCoCo XML Report Importer [jacoco]
[INFO] 'sonar.coverage.jacoco.xmlReportPaths' is not defined. Using default locations: target/site/jacoco/jacoco.xml,target/site/jacoco-it/jacoco.xml,build/reports/jacoco/test/jacocoTestReport.xml
[INFO] No report imported, no coverage information will be imported by JaCoCo XML Report Importer
[INFO] Sensor JaCoCo XML Report Importer [jacoco] (done) | time=2ms
[INFO] Sensor ThymeLeaf template sensor [securityjavafrontend]
[INFO] Sensor ThymeLeaf template sensor [securityjavafrontend] (done) | time=2ms
[INFO] Sensor Serverless configuration file sensor [securityjsfrontend]
[INFO] 0 Serverless function entries were found in the project
[INFO] 0 Serverless function handlers were kept as entrypoints
[INFO] Sensor Serverless configuration file sensor [securityjsfrontend] (done) | time=54ms
[INFO] Sensor AWS SAM template file sensor [securityjsfrontend]
[INFO] Sensor AWS SAM template file sensor [securityjsfrontend] (done) | time=2ms
[INFO] Sensor JavaSecuritySensor [security]
[INFO] Reading type hierarchy from: /home/runner/work/builds/builds/TheBusyBiscuit/ColoredEnderChests/master/files/target/sonar/ucfg2/java
[INFO] Read 85 type definitions
[INFO] Reading UCFGs from: /home/runner/work/builds/builds/TheBusyBiscuit/ColoredEnderChests/master/files/target/sonar/ucfg2/java
[INFO] 13:20:26.818119928 Building Runtime Type propagation graph
[INFO] 13:20:26.824505744 Running Tarjan on 115 nodes
[INFO] 13:20:26.82599204 Tarjan found 115 components
[INFO] 13:20:26.828060875 Variable type analysis: done
[INFO] 13:20:26.829886293 Building Runtime Type propagation graph
[INFO] 13:20:26.832628272 Running Tarjan on 115 nodes
[INFO] 13:20:26.833497228 Tarjan found 115 components
[INFO] 13:20:26.834305181 Variable type analysis: done
[INFO] Analyzing 21 ucfgs to detect vulnerabilities.
[INFO] All rules entrypoints : 0 Retained UCFGs : 0
[INFO] rule: S5131, entrypoints: 0
[INFO] rule: S5131 done
[INFO] rule: S3649, entrypoints: 0
[INFO] rule: S3649 done
[INFO] rule: S2076, entrypoints: 0
[INFO] rule: S2076 done
[INFO] rule: S2091, entrypoints: 0
[INFO] rule: S2091 done
[INFO] rule: S2078, entrypoints: 0
[INFO] rule: S2078 done
[INFO] rule: S2631, entrypoints: 0
[INFO] rule: S2631 done
[INFO] rule: S5135, entrypoints: 0
[INFO] rule: S5135 done
[INFO] rule: S2083, entrypoints: 0
[INFO] rule: S2083 done
[INFO] rule: S5167, entrypoints: 0
[INFO] rule: S5167 done
[INFO] rule: S5144, entrypoints: 0
[INFO] rule: S5144 done
[INFO] rule: S5145, entrypoints: 0
[INFO] rule: S5145 done
[INFO] rule: S5146, entrypoints: 0
[INFO] rule: S5146 done
[INFO] rule: S5334, entrypoints: 0
[INFO] rule: S5334 done
[INFO] rule: S6096, entrypoints: 0
[INFO] rule: S6096 done
[INFO] Sensor JavaSecuritySensor [security] (done) | time=445ms
[INFO] Sensor CSharpSecuritySensor [security]
[INFO] Reading type hierarchy from: /home/runner/work/builds/builds/TheBusyBiscuit/ColoredEnderChests/master/files/target/ucfg_cs2
[INFO] Read 0 type definitions
[INFO] Reading UCFGs from: /home/runner/work/builds/builds/TheBusyBiscuit/ColoredEnderChests/master/files/target/ucfg_cs2
[INFO] No UCFGs have been included for analysis.
[INFO] Sensor CSharpSecuritySensor [security] (done) | time=0ms
[INFO] Sensor PhpSecuritySensor [security]
[INFO] Reading type hierarchy from: /home/runner/work/builds/builds/TheBusyBiscuit/ColoredEnderChests/master/files/target/sonar/ucfg2/php
[INFO] Read 0 type definitions
[INFO] Reading UCFGs from: /home/runner/work/builds/builds/TheBusyBiscuit/ColoredEnderChests/master/files/target/sonar/ucfg2/php
[INFO] No UCFGs have been included for analysis.
[INFO] Sensor PhpSecuritySensor [security] (done) | time=0ms
[INFO] Sensor PythonSecuritySensor [security]
[INFO] Reading type hierarchy from: /home/runner/work/builds/builds/TheBusyBiscuit/ColoredEnderChests/master/files/target/sonar/ucfg2/python
[INFO] Read 0 type definitions
[INFO] Reading UCFGs from: /home/runner/work/builds/builds/TheBusyBiscuit/ColoredEnderChests/master/files/target/sonar/ucfg2/python
[INFO] No UCFGs have been included for analysis.
[INFO] Sensor PythonSecuritySensor [security] (done) | time=0ms
[INFO] Sensor JsSecuritySensor [security]
[INFO] Reading type hierarchy from: /home/runner/work/builds/builds/TheBusyBiscuit/ColoredEnderChests/master/files/target/sonar/ucfg2/js
[INFO] Read 0 type definitions
[INFO] Reading UCFGs from: /home/runner/work/builds/builds/TheBusyBiscuit/ColoredEnderChests/master/files/target/sonar/ucfg2/js
[INFO] 13:20:27.154593103 Building Runtime Type propagation graph
[INFO] 13:20:27.154722212 Running Tarjan on 0 nodes
[INFO] 13:20:27.154781615 Tarjan found 0 components
[INFO] 13:20:27.154835019 Variable type analysis: done
[INFO] 13:20:27.154880622 Building Runtime Type propagation graph
[INFO] 13:20:27.154938326 Running Tarjan on 0 nodes
[INFO] 13:20:27.154986729 Tarjan found 0 components
[INFO] 13:20:27.155032832 Variable type analysis: done
[INFO] Analyzing 2 ucfgs to detect vulnerabilities.
[INFO] rule: S5696, entrypoints: 3
[INFO] Running symbolic analysis
[INFO] rule: S5696 done
[INFO] rule: S3649, entrypoints: 3
[INFO] Running symbolic analysis
[INFO] rule: S3649 done
[INFO] rule: S5144, entrypoints: 3
[INFO] Running symbolic analysis
[INFO] rule: S5144 done
[INFO] rule: S5131, entrypoints: 3
[INFO] Running symbolic analysis
[INFO] rule: S5131 done
[INFO] rule: S6096, entrypoints: 3
[INFO] Running symbolic analysis
[INFO] rule: S6096 done
[INFO] rule: S2631, entrypoints: 3
[INFO] Running symbolic analysis
[INFO] rule: S2631 done
[INFO] rule: S2076, entrypoints: 3
[INFO] Running symbolic analysis
[INFO] rule: S2076 done
[INFO] rule: S5334, entrypoints: 3
[INFO] Running symbolic analysis
[INFO] rule: S5334 done
[INFO] rule: S5147, entrypoints: 3
[INFO] Running symbolic analysis
[INFO] rule: S5147 done
[INFO] rule: S2083, entrypoints: 3
[INFO] Running symbolic analysis
[INFO] rule: S2083 done
[INFO] rule: S6105, entrypoints: 3
[INFO] Running symbolic analysis
[INFO] rule: S6105 done
[INFO] rule: S5883, entrypoints: 3
[INFO] Running symbolic analysis
[INFO] rule: S5883 done
[INFO] rule: S5146, entrypoints: 3
[INFO] Running symbolic analysis
[INFO] rule: S5146 done
[INFO] Sensor JsSecuritySensor [security] (done) | time=751ms
[INFO] ------------- Run sensors on project
[INFO] Sensor Zero Coverage Sensor
[INFO] Sensor Zero Coverage Sensor (done) | time=8ms
[INFO] Sensor Java CPD Block Indexer
[INFO] Sensor Java CPD Block Indexer (done) | time=23ms
[INFO] SCM Publisher SCM provider for this project is: git
[INFO] SCM Publisher 2 source files to be analyzed
[INFO] SCM Publisher 2/2 source files have been analyzed (done) | time=122ms
[INFO] CPD Executor Calculating CPD for 3 files
[INFO] CPD Executor CPD calculation finished (done) | time=12ms
[INFO] Analysis report generated in 407ms, dir size=214 KB
[INFO] Analysis report compressed in 17ms, zip size=48 KB
[INFO] Analysis report uploaded in 372ms
[INFO] ANALYSIS SUCCESSFUL, you can find the results at: https://sonarcloud.io/dashboard?id=TheBusyBiscuit_ColoredEnderChests
[INFO] Note that you will be able to access the updated dashboard once the server has processed the submitted analysis report
[INFO] More about the report processing at https://sonarcloud.io/api/ce/task?id=AXu7RGxvzyTYSKRX5eNe
[INFO] Analysis total time: 12.385 s
[INFO] ------------------------------------------------------------------------
[INFO] BUILD SUCCESS
[INFO] ------------------------------------------------------------------------
[INFO] Total time:  20.154 s
[INFO] Finished at: 2021-09-06T13:20:29Z
[INFO] ------------------------------------------------------------------------
