FO] Scanning for pro[INjects...
[INFO] 
[INFO] ----------------< io.github.thebusybiscuit:HotbarPets >-----------------
[INFO] Building HotbarPets DEV - 16 (git 19414e50)
[INFO] --------------------------------[ jar ]---------------------------------
[WARNING] The POM for com.github.TheBusyBiscuit:CS-CoreLib:jar:v1.6.1 is invalid, transitive dependencies (if any) will not be available, enable debug logging for more details
[WARNING] The POM for com.github.TheBusyBiscuit:Slimefun4:jar:3619c4bc9e is invalid, transitive dependencies (if any) will not be available, enable debug logging for more details
[WARNING] The POM for com.github.thebusybiscuit:CS-CoreLib2:jar:0.3.7 is invalid, transitive dependencies (if any) will not be available, enable debug logging for more details
[INFO] 
[INFO] --- maven-clean-plugin:2.5:clean (default-clean) @ HotbarPets ---
[INFO] 
[INFO] --- maven-resources-plugin:2.6:resources (default-resources) @ HotbarPets ---
[INFO] Using 'UTF-8' encoding to copy filtered resources.
[INFO] Copying 2 resources
[INFO] 
[INFO] --- maven-compiler-plugin:3.1:compile (default-compile) @ HotbarPets ---
[INFO] Changes detected - recompiling the module!
[INFO] Compiling 29 source files to /home/pi/Desktop/Build Server/TheBusyBiscuit/HotbarPets/master/files/target/classes
[INFO] 
[INFO] --- maven-resources-plugin:2.6:testResources (default-testResources) @ HotbarPets ---
[INFO] Using 'UTF-8' encoding to copy filtered resources.
[INFO] skip non existing resourceDirectory /home/pi/Desktop/Build Server/TheBusyBiscuit/HotbarPets/master/files/tests/resources
[INFO] 
[INFO] --- maven-compiler-plugin:3.1:testCompile (default-testCompile) @ HotbarPets ---
[INFO] No sources to compile
[INFO] 
[INFO] --- maven-surefire-plugin:2.12.4:test (default-test) @ HotbarPets ---
[INFO] No tests to run.
[INFO] 
[INFO] --- maven-jar-plugin:2.4:jar (default-jar) @ HotbarPets ---
[INFO] Building jar: /home/pi/Desktop/Build Server/TheBusyBiscuit/HotbarPets/master/files/target/HotbarPets-16.jar
[INFO] 
[INFO] --- maven-shade-plugin:3.2.1:shade (default) @ HotbarPets ---
[INFO] Including com.github.thebusybiscuit:CS-CoreLib2:jar:0.3.7 in the shaded jar.
[INFO] Including org.bstats:bstats-bukkit:jar:1.5 in the shaded jar.
[INFO] Replacing original artifact with shaded artifact.
[INFO] Replacing /home/pi/Desktop/Build Server/TheBusyBiscuit/HotbarPets/master/files/target/HotbarPets-16.jar with /home/pi/Desktop/Build Server/TheBusyBiscuit/HotbarPets/master/files/target/HotbarPets-DEV - 16 (git 19414e50)-shaded.jar
[INFO] Dependency-reduced POM written at: /home/pi/Desktop/Build Server/TheBusyBiscuit/HotbarPets/master/files/dependency-reduced-pom.xml
[INFO] 
[INFO] ----------------< io.github.thebusybiscuit:HotbarPets >-----------------
[INFO] Building HotbarPets DEV - 16 (git 19414e50)
[INFO] --------------------------------[ jar ]---------------------------------
[INFO] 
[INFO] --- sonar-maven-plugin:3.6.0.1398:sonar (default-cli) @ HotbarPets ---
[INFO] User cache: /home/pi/.sonar/cache
[INFO] SonarQube version: 8.0.0
[INFO] Default locale: "de_DE", source code encoding: "UTF-8"
[INFO] Load global settings
[INFO] Load global settings (done) | time=1136ms
[INFO] Server id: 74E9293D-AWHW8ct9-T_TB3XqouNu
[INFO] User cache: /home/pi/.sonar/cache
[INFO] Load/download plugins
[INFO] Load plugins index
[INFO] Load plugins index (done) | time=390ms
[INFO] Load/download plugins (done) | time=1034ms
[INFO] Loaded core extensions: developer-scanner
[INFO] Process project properties
[INFO] Execute project builders
[INFO] Execute project builders (done) | time=20ms
[INFO] Project key: TheBusyBiscuit_HotbarPets
[INFO] Base dir: /home/pi/Desktop/Build Server/TheBusyBiscuit/HotbarPets/master/files
[INFO] Working dir: /home/pi/Desktop/Build Server/TheBusyBiscuit/HotbarPets/master/files/target/sonar
[INFO] Load project settings for component key: 'TheBusyBiscuit_HotbarPets'
[INFO] Load project settings for component key: 'TheBusyBiscuit_HotbarPets' (done) | time=262ms
[INFO] Load project branches
[INFO] Load project branches (done) | time=143ms
[INFO] Load project pull requests
[INFO] Load project pull requests (done) | time=97ms
[INFO] Load branch configuration
[INFO] Load branch configuration (done) | time=7ms
[INFO] Load quality profiles
[INFO] Load quality profiles (done) | time=227ms
[INFO] Load active rules
[INFO] Load active rules (done) | time=4042ms
[INFO] Organization key: thebusybiscuit-github
[INFO] Indexing files...
[INFO] Project configuration:
[INFO] 31 files indexed
[INFO] 0 files ignored because of scm ignore settings
[INFO] Quality profile for java: Additional Checks
[INFO] ------------- Run sensors on module HotbarPets
[INFO] Load metrics repository
[INFO] Load metrics repository (done) | time=92ms
[INFO] Sensor JavaSquidSensor [java]
[INFO] Configured Java source version (sonar.java.source): 8
[INFO] JavaClasspath initialization
[INFO] JavaClasspath initialization (done) | time=59ms
[INFO] JavaTestClasspath initialization
[INFO] JavaTestClasspath initialization (done) | time=3ms
[INFO] Java Main Files AST scan
[INFO] 29 source files to be analyzed
[INFO] Load project repositories
[INFO] Load project repositories (done) | time=109ms
[INFO] 7/29 files analyzed, current file: src/io/github/thebusybiscuit/hotbarpets/HotbarPetsRunnable.java
[INFO] 28/29 files analyzed, current file: src/io/github/thebusybiscuit/hotbarpets/groups/FarmAnimals.java
[INFO] 29/29 source files have been analyzed
[WARNING] Classes not found during the analysis : [com.google.common.base.Function, com.google.common.collect.Multimap, com.google.gson.JsonObject, org.yaml.snakeyaml.Yaml]
[INFO] Java Main Files AST scan (done) | time=20165ms
[INFO] Java Test Files AST scan
[INFO] 0 source files to be analyzed
[INFO] Java Test Files AST scan (done) | time=5ms
[INFO] 0/0 source files have been analyzed
[INFO] Sensor JavaSquidSensor [java] (done) | time=23055ms
[INFO] Sensor SurefireSensor [java]
[INFO] parsing [/home/pi/Desktop/Build Server/TheBusyBiscuit/HotbarPets/master/files/target/surefire-reports]
[INFO] Sensor SurefireSensor [java] (done) | time=8ms
[INFO] Sensor JaCoCoSensor [java]
[INFO] Sensor JaCoCoSensor [java] (done) | time=5ms
[INFO] Sensor JavaXmlSensor [java]
[INFO] Sensor JavaXmlSensor [java] (done) | time=7ms
[INFO] Sensor HTML [web]
[INFO] Sensor HTML [web] (done) | time=18ms
[INFO] Sensor JaCoCo XML Report Importer [jacoco]
[INFO] Sensor JaCoCo XML Report Importer [jacoco] (done) | time=19ms
[INFO] Sensor JavaSecuritySensor [security]
[INFO] Reading type hierarchy from: /home/pi/Desktop/Build Server/TheBusyBiscuit/HotbarPets/master/files/target/sonar/ucfg2/java
[INFO] Read 110 type definitions
[INFO] Reading UCFGs from: /home/pi/Desktop/Build Server/TheBusyBiscuit/HotbarPets/master/files/target/sonar/ucfg2/java
[INFO] 21:52:59.483 Building Type propagation graph
[INFO] 21:52:59.58 Running Tarjan on 572 nodes
[INFO] 21:52:59.598 Tarjan found 572 components
[INFO] 21:52:59.679 Variable type analysis: done
[INFO] 21:52:59.686 Building Type propagation graph
[INFO] 21:52:59.758 Running Tarjan on 572 nodes
[INFO] 21:52:59.769 Tarjan found 572 components
[INFO] 21:52:59.785 Variable type analysis: done
[INFO] Analyzing 69 ucfgs to detect vulnerabilities.
[INFO] All rules entrypoints : 0 Retained UCFGs : 0
[INFO] rule: S5131, entrypoints: 0
[INFO] Visited 0 ucfgs in 0 ms, 0 steps
[INFO] rule: S5131 done
[INFO] rule: S3649, entrypoints: 0
[INFO] Visited 0 ucfgs in 0 ms, 0 steps
[INFO] rule: S3649 done
[INFO] rule: S2076, entrypoints: 0
[INFO] Visited 0 ucfgs in 0 ms, 0 steps
[INFO] rule: S2076 done
[INFO] rule: S2091, entrypoints: 0
[INFO] Visited 0 ucfgs in 0 ms, 0 steps
[INFO] rule: S2091 done
[INFO] rule: S2078, entrypoints: 0
[INFO] Visited 0 ucfgs in 0 ms, 0 steps
[INFO] rule: S2078 done
[INFO] rule: S2631, entrypoints: 0
[INFO] Visited 0 ucfgs in 0 ms, 0 steps
[INFO] rule: S2631 done
[INFO] rule: S5135, entrypoints: 0
[INFO] Visited 0 ucfgs in 0 ms, 0 steps
[INFO] rule: S5135 done
[INFO] rule: S2083, entrypoints: 0
[INFO] Visited 0 ucfgs in 0 ms, 0 steps
[INFO] rule: S2083 done
[INFO] rule: S5167, entrypoints: 0
[INFO] Visited 0 ucfgs in 0 ms, 0 steps
[INFO] rule: S5167 done
[INFO] rule: S5144, entrypoints: 0
[INFO] Visited 0 ucfgs in 0 ms, 0 steps
[INFO] rule: S5144 done
[INFO] rule: S5145, entrypoints: 0
[INFO] Visited 0 ucfgs in 0 ms, 0 steps
[INFO] rule: S5145 done
[INFO] rule: S5146, entrypoints: 0
[INFO] Visited 0 ucfgs in 0 ms, 0 steps
[INFO] rule: S5146 done
[INFO] rule: S5334, entrypoints: 0
[INFO] Visited 0 ucfgs in 0 ms, 0 steps
[INFO] rule: S5334 done
[INFO] Sensor JavaSecuritySensor [security] (done) | time=11886ms
[INFO] Sensor CSharpSecuritySensor [security]
[INFO] Reading type hierarchy from: /home/pi/Desktop/Build Server/TheBusyBiscuit/HotbarPets/master/files/target/ucfg_cs2
[INFO] Read 0 type definitions
[INFO] Reading UCFGs from: /home/pi/Desktop/Build Server/TheBusyBiscuit/HotbarPets/master/files/target/ucfg_cs2
[INFO] No UCFGs have been included for analysis.
[INFO] Sensor CSharpSecuritySensor [security] (done) | time=5ms
[INFO] Sensor PhpSecuritySensor [security]
[INFO] Reading type hierarchy from: /home/pi/Desktop/Build Server/TheBusyBiscuit/HotbarPets/master/files/target/sonar/ucfg2/php
[INFO] Read 0 type definitions
[INFO] Reading UCFGs from: /home/pi/Desktop/Build Server/TheBusyBiscuit/HotbarPets/master/files/target/sonar/ucfg2/php
[INFO] No UCFGs have been included for analysis.
[INFO] Sensor PhpSecuritySensor [security] (done) | time=5ms
[INFO] ------------- Run sensors on project
[INFO] Sensor Zero Coverage Sensor
[INFO] Sensor Zero Coverage Sensor (done) | time=65ms
[INFO] Sensor Java CPD Block Indexer
[INFO] Sensor Java CPD Block Indexer (done) | time=241ms
[INFO] 15 files had no CPD blocks
[INFO] Calculating CPD for 14 files
[INFO] CPD calculation finished
[INFO] Analysis report generated in 370ms, dir size=245 KB
[INFO] Analysis report compressed in 292ms, zip size=96 KB
[INFO] Analysis report uploaded in 1420ms
[INFO] ANALYSIS SUCCESSFUL, you can browse https://sonarcloud.io/dashboard?id=TheBusyBiscuit_HotbarPets
[INFO] Note that you will be able to access the updated dashboard once the server has processed the submitted analysis report
[INFO] More about the report processing at https://sonarcloud.io/api/ce/task?id=AWzACkCrJTCKDNJctmFY
[INFO] Analysis total time: 59.956 s
[INFO] ------------------------------------------------------------------------
[INFO] BUILD SUCCESS
[INFO] ------------------------------------------------------------------------
[INFO] Total time:  01:18 min
[INFO] Finished at: 2019-08-23T21:53:13+02:00
[INFO] ------------------------------------------------------------------------
