[INFO] Scanning for projects...
[WARNING] 
[WARNING] Some problems were encountered while building the effective model for me.mrCookieSlime:QuickSell:jar:DEV - 4 (git 2e553bb7)
[WARNING] 'dependencies.dependency.systemPath' for me.mrCookieSlime:PrisonUtils:jar should not point at files within the project directory, ${project.basedir}/lib/PrisonUtils v1.6.11.jar will be unresolvable by dependent projects @ line 1, column 2190
[WARNING] 
[WARNING] It is highly recommended to fix these problems because they threaten the stability of your build.
[WARNING] 
[WARNING] For this reason, future Maven versions might no longer support building such malformed projects.
[WARNING] 
[INFO] 
[INFO] ------------------------------------------------------------------------
[INFO] Building QuickSell DEV - 4 (git 2e553bb7)
[INFO] ------------------------------------------------------------------------
[WARNING] The POM for com.github.TheBusyBiscuit:CS-CoreLib:jar:v1.6.1 is invalid, transitive dependencies (if any) will not be available, enable debug logging for more details
[INFO] Downloading from vault-repo: http://nexus.theyeticave.net/content/repositories/pub_releases/net/citizensnpcs/citizensapi/2.0.15-SNAPSHOT/maven-metadata.xml
[INFO] Downloading from bukkit-repo: http://repo.bukkit.org/content/groups/public/net/citizensnpcs/citizensapi/2.0.15-SNAPSHOT/maven-metadata.xml
[WARNING] Could not transfer metadata net.citizensnpcs:citizensapi:2.0.15-SNAPSHOT/maven-metadata.xml from/to bukkit-repo (http://repo.bukkit.org/content/groups/public/): repo.bukkit.org
[WARNING] Could not transfer metadata net.citizensnpcs:citizensapi:2.0.15-SNAPSHOT/maven-metadata.xml from/to vault-repo (http://nexus.theyeticave.net/content/repositories/pub_releases): nexus.theyeticave.net
[WARNING] Failure to transfer net.citizensnpcs:citizensapi:2.0.15-SNAPSHOT/maven-metadata.xml from http://repo.bukkit.org/content/groups/public/ was cached in the local repository, resolution will not be reattempted until the update interval of bukkit-repo has elapsed or updates are forced. Original error: Could not transfer metadata net.citizensnpcs:citizensapi:2.0.15-SNAPSHOT/maven-metadata.xml from/to bukkit-repo (http://repo.bukkit.org/content/groups/public/): repo.bukkit.org
[WARNING] Failure to transfer net.citizensnpcs:citizensapi:2.0.15-SNAPSHOT/maven-metadata.xml from http://nexus.theyeticave.net/content/repositories/pub_releases was cached in the local repository, resolution will not be reattempted until the update interval of vault-repo has elapsed or updates are forced. Original error: Could not transfer metadata net.citizensnpcs:citizensapi:2.0.15-SNAPSHOT/maven-metadata.xml from/to vault-repo (http://nexus.theyeticave.net/content/repositories/pub_releases): nexus.theyeticave.net
[INFO] 
[INFO] --- maven-clean-plugin:2.5:clean (default-clean) @ QuickSell ---
[INFO] 
[INFO] --- maven-resources-plugin:2.6:resources (default-resources) @ QuickSell ---
[INFO] Using 'UTF-8' encoding to copy filtered resources.
[INFO] Copying 2 resources
[INFO] 
[INFO] --- maven-compiler-plugin:3.1:compile (default-compile) @ QuickSell ---
[INFO] Changes detected - recompiling the module!
[INFO] Compiling 19 source files to E:\Projects\GitHub\builds\TheBusyBiscuit\QuickSell\master\files\target\classes
[INFO] 
[INFO] --- maven-compiler-plugin:3.1:testCompile (default-testCompile) @ QuickSell ---
[INFO] --- maven-resources-plugin:2.6:testResources (default-testResources) @ QuickSell ---
[INFO] Using 'UTF-8' encoding to copy filtered resources.
[INFO] skip non existing resourceDirectory E:\Projects\GitHub\builds\TheBusyBiscuit\QuickSell\master\files\tests\resources
[INFO] 
[INFO] No sources to compile
[INFO] 
[INFO] --- maven-surefire-plugin:2.12.4:test (default-test) @ QuickSell ---
[INFO] No tests to run.
[INFO] 
[INFO] --- maven-jar-plugin:2.4:jar (default-jar) @ QuickSell ---
[INFO] Building jar: E:\Projects\GitHub\builds\TheBusyBiscuit\QuickSell\master\files\target\QuickSell-4.jar
[INFO] ------------------------------------------------------------------------
[INFO] BUILD SUCCESS
[INFO] ------------------------------------------------------------------------
[INFO] Total time: 3.749 s
[INFO] Finished at: 2019-06-23T11:02:50+02:00
[INFO] Final Memory: 19M/214M
[INFO] ------------------------------------------------------------------------
