[INFO] Scanning for projects...
[WARNING] 
[WARNING] Some problems were encountered while building the effective model for io.github.thebusybiscuit:QuickMarket:jar:1.3
[WARNING] 'dependencies.dependency.systemPath' for me.mrCookieSlime:PrisonUtils:jar should not point at files within the project directory, ${project.basedir}/lib/PrisonUtils v1.6.11.jar will be unresolvable by dependent projects @ line 1, column 3319
[WARNING] 
[WARNING] It is highly recommended to fix these problems because they threaten the stability of your build.
[WARNING] 
[WARNING] For this reason, future Maven versions might no longer support building such malformed projects.
[WARNING] 
[INFO] 
[INFO] ----------------< io.github.thebusybiscuit:QuickMarket >----------------
[INFO] Building QuickMarket 1.3
[INFO] --------------------------------[ jar ]---------------------------------
[INFO] Downloading from central: https://repo.maven.apache.org/maven2/org/apache/maven/plugins/maven-clean-plugin/2.5/maven-clean-plugin-2.5.pom
[INFO] Downloaded from central: https://repo.maven.apache.org/maven2/org/apache/maven/plugins/maven-clean-plugin/2.5/maven-clean-plugin-2.5.pom (3.9 kB at 1.4 kB/s)
[INFO] Downloading from central: https://repo.maven.apache.org/maven2/org/apache/maven/plugins/maven-clean-plugin/2.5/maven-clean-plugin-2.5.jar
[INFO] Downloaded from central: https://repo.maven.apache.org/maven2/org/apache/maven/plugins/maven-clean-plugin/2.5/maven-clean-plugin-2.5.jar (25 kB at 156 kB/s)
[WARNING] The POM for com.github.thebusybiscuit:CS-CoreLib2:jar:0.3.1 is invalid, transitive dependencies (if any) will not be available, enable debug logging for more details
[INFO] 
[INFO] --- maven-clean-plugin:2.5:clean (default-clean) @ QuickMarket ---
[INFO] 
[INFO] --- maven-resources-plugin:2.6:resources (default-resources) @ QuickMarket ---
[INFO] Using 'UTF-8' encoding to copy filtered resources.
[INFO] Copying 2 resources
[INFO] 
[INFO] --- maven-compiler-plugin:3.1:compile (default-compile) @ QuickMarket ---
[INFO] Changes detected - recompiling the module!
[INFO] Compiling 8 source files to /home/pi/Desktop/Build Server/TheBusyBiscuit/QuickMarket/master/files/target/classes
[INFO] 
[INFO] --- maven-resources-plugin:2.6:testResources (default-testResources) @ QuickMarket ---
[INFO] Using 'UTF-8' encoding to copy filtered resources.
[INFO] skip non existing resourceDirectory /home/pi/Desktop/Build Server/TheBusyBiscuit/QuickMarket/master/files/tests/resources
[INFO] 
[INFO] --- maven-compiler-plugin:3.1:testCompile (default-testCompile) @ QuickMarket ---
[INFO] No sources to compile
[INFO] 
[INFO] --- maven-surefire-plugin:2.12.4:test (default-test) @ QuickMarket ---
[INFO] No tests to run.
[INFO] 
[INFO] --- maven-jar-plugin:2.4:jar (default-jar) @ QuickMarket ---
[INFO] Building jar: /home/pi/Desktop/Build Server/TheBusyBiscuit/QuickMarket/master/files/target/QuickMarket-9.jar
[INFO] 
[INFO] --- maven-shade-plugin:3.2.1:shade (default) @ QuickMarket ---
[INFO] Including com.github.thebusybiscuit:CS-CoreLib2:jar:0.3.1 in the shaded jar.
[INFO] Including org.bstats:bstats-bukkit:jar:1.5 in the shaded jar.
[INFO] Replacing original artifact with shaded artifact.
[INFO] Replacing /home/pi/Desktop/Build Server/TheBusyBiscuit/QuickMarket/master/files/target/QuickMarket-9.jar with /home/pi/Desktop/Build Server/TheBusyBiscuit/QuickMarket/master/files/target/QuickMarket-1.3-shaded.jar
[INFO] Dependency-reduced POM written at: /home/pi/Desktop/Build Server/TheBusyBiscuit/QuickMarket/master/files/dependency-reduced-pom.xml
[INFO] ------------------------------------------------------------------------
[INFO] BUILD SUCCESS
[INFO] ------------------------------------------------------------------------
[INFO] Total time:  18.743 s
[INFO] Finished at: 2019-06-15T22:27:26+02:00
[INFO] ------------------------------------------------------------------------
