[INFO] Scanning for projects...
[WARNING] 
[WARNING] Some problems were encountered while building the effective model for me.mrCookieSlime:QuickMarket:jar:DEV - 1 (git 113dabe5)
[WARNING] 'dependencies.dependency.systemPath' for me.mrCookieSlime:PrisonUtils:jar should not point at files within the project directory, ${project.basedir}/lib/PrisonUtils v1.6.11.jar will be unresolvable by dependent projects @ line 1, column 1940
[WARNING] 
[WARNING] It is highly recommended to fix these problems because they threaten the stability of your build.
[WARNING] 
[WARNING] For this reason, future Maven versions might no longer support building such malformed projects.
[WARNING] 
[INFO] 
[INFO] --------------------< me.mrCookieSlime:QuickMarket >--------------------
[INFO] Building QuickMarket DEV - 1 (git 113dabe5)
[INFO] --------------------------------[ jar ]---------------------------------
[INFO] Downloading from paper-repo: https://repo.destroystokyo.com/repository/maven-public/org/bukkit/bukkit/1.14.2-R0.1-SNAPSHOT/maven-metadata.xml
[INFO] Downloading from jitpack.io: https://jitpack.io/org/bukkit/bukkit/1.14.2-R0.1-SNAPSHOT/maven-metadata.xml
[INFO] Downloading from spigot-repo: https://hub.spigotmc.org/nexus/content/repositories/snapshots/org/bukkit/bukkit/1.14.2-R0.1-SNAPSHOT/maven-metadata.xml
[INFO] Downloaded from spigot-repo: https://hub.spigotmc.org/nexus/content/repositories/snapshots/org/bukkit/bukkit/1.14.2-R0.1-SNAPSHOT/maven-metadata.xml (1.4 kB at 619 B/s)
[INFO] Downloaded from paper-repo: https://repo.destroystokyo.com/repository/maven-public/org/bukkit/bukkit/1.14.2-R0.1-SNAPSHOT/maven-metadata.xml (1.4 kB at 442 B/s)
[INFO] Downloading from paper-repo: https://repo.destroystokyo.com/repository/maven-public/org/bukkit/bukkit/1.14.2-R0.1-SNAPSHOT/bukkit-1.14.2-R0.1-20190608.103151-15.pom
[INFO] Downloaded from paper-repo: https://repo.destroystokyo.com/repository/maven-public/org/bukkit/bukkit/1.14.2-R0.1-SNAPSHOT/bukkit-1.14.2-R0.1-20190608.103151-15.pom (8.4 kB at 6.5 kB/s)
[WARNING] The POM for com.github.TheBusyBiscuit:CS-CoreLib:jar:v1.6 is invalid, transitive dependencies (if any) will not be available, enable debug logging for more details
[INFO] Downloading from paper-repo: https://repo.destroystokyo.com/repository/maven-public/com/github/MilkBowl/VaultAPI/1.7/VaultAPI-1.7.pom
[INFO] Downloading from spigot-repo: https://hub.spigotmc.org/nexus/content/repositories/snapshots/com/github/MilkBowl/VaultAPI/1.7/VaultAPI-1.7.pom
[INFO] Downloading from jitpack.io: https://jitpack.io/com/github/MilkBowl/VaultAPI/1.7/VaultAPI-1.7.pom
[INFO] Downloaded from jitpack.io: https://jitpack.io/com/github/MilkBowl/VaultAPI/1.7/VaultAPI-1.7.pom (3.9 kB at 12 kB/s)
[INFO] Downloading from jitpack.io: https://jitpack.io/org/bukkit/bukkit/1.13.1-R0.1-SNAPSHOT/maven-metadata.xml
[INFO] Downloading from spigot-repo: https://hub.spigotmc.org/nexus/content/repositories/snapshots/org/bukkit/bukkit/1.13.1-R0.1-SNAPSHOT/maven-metadata.xml
[INFO] Downloading from paper-repo: https://repo.destroystokyo.com/repository/maven-public/org/bukkit/bukkit/1.13.1-R0.1-SNAPSHOT/maven-metadata.xml
[INFO] Downloaded from spigot-repo: https://hub.spigotmc.org/nexus/content/repositories/snapshots/org/bukkit/bukkit/1.13.1-R0.1-SNAPSHOT/maven-metadata.xml (1.4 kB at 2.2 kB/s)
[INFO] Downloaded from paper-repo: https://repo.destroystokyo.com/repository/maven-public/org/bukkit/bukkit/1.13.1-R0.1-SNAPSHOT/maven-metadata.xml (1.4 kB at 1.8 kB/s)
[INFO] Downloading from paper-repo: https://repo.destroystokyo.com/repository/maven-public/org/bukkit/bukkit/1.13.1-R0.1-SNAPSHOT/bukkit-1.13.1-R0.1-20181022.190036-99.pom
[INFO] Downloaded from paper-repo: https://repo.destroystokyo.com/repository/maven-public/org/bukkit/bukkit/1.13.1-R0.1-SNAPSHOT/bukkit-1.13.1-R0.1-20181022.190036-99.pom (6.5 kB at 3.6 kB/s)
[INFO] Downloading from spigot-repo: https://hub.spigotmc.org/nexus/content/repositories/snapshots/org/bukkit/bukkit/1.14.2-R0.1-SNAPSHOT/bukkit-1.14.2-R0.1-20190608.103151-15.jar
[INFO] Downloaded from spigot-repo: https://hub.spigotmc.org/nexus/content/repositories/snapshots/org/bukkit/bukkit/1.14.2-R0.1-SNAPSHOT/bukkit-1.14.2-R0.1-20190608.103151-15.jar (1.2 MB at 200 kB/s)
[INFO] Downloading from paper-repo: https://repo.destroystokyo.com/repository/maven-public/com/github/MilkBowl/VaultAPI/1.7/VaultAPI-1.7.jar
[INFO] Downloading from spigot-repo: https://hub.spigotmc.org/nexus/content/repositories/snapshots/com/github/MilkBowl/VaultAPI/1.7/VaultAPI-1.7.jar
[INFO] Downloading from jitpack.io: https://jitpack.io/com/github/MilkBowl/VaultAPI/1.7/VaultAPI-1.7.jar
[INFO] Downloaded from jitpack.io: https://jitpack.io/com/github/MilkBowl/VaultAPI/1.7/VaultAPI-1.7.jar (13 kB at 55 kB/s)
[INFO] 
[INFO] --- maven-resources-plugin:2.6:resources (default-resources) @ QuickMarket ---
[INFO] Using 'UTF-8' encoding to copy filtered resources.
[INFO] Copying 2 resources
[INFO] 
[INFO] --- maven-compiler-plugin:3.1:compile (default-compile) @ QuickMarket ---
[INFO] Changes detected - recompiling the module!
[INFO] Compiling 8 source files to /home/pi/Desktop/Build Server/TheBusyBiscuit/QuickMarket/master/files/target/classes
[WARNING] /home/pi/Desktop/Build Server/TheBusyBiscuit/QuickMarket/master/files/src/me/mrCookieSlime/QuickMarket/shop/MarketStand.java:[75,42] unmappable character for encoding UTF-8
[WARNING] /home/pi/Desktop/Build Server/TheBusyBiscuit/QuickMarket/master/files/src/me/mrCookieSlime/QuickMarket/shop/MarketStand.java:[75,44] unmappable character for encoding UTF-8
[WARNING] /home/pi/Desktop/Build Server/TheBusyBiscuit/QuickMarket/master/files/src/me/mrCookieSlime/QuickMarket/shop/MarketStand.java:[81,42] unmappable character for encoding UTF-8
[WARNING] /home/pi/Desktop/Build Server/TheBusyBiscuit/QuickMarket/master/files/src/me/mrCookieSlime/QuickMarket/shop/MarketStand.java:[81,44] unmappable character for encoding UTF-8
[WARNING] /home/pi/Desktop/Build Server/TheBusyBiscuit/QuickMarket/master/files/src/me/mrCookieSlime/QuickMarket/shop/MarketStand.java:[83,42] unmappable character for encoding UTF-8
[WARNING] /home/pi/Desktop/Build Server/TheBusyBiscuit/QuickMarket/master/files/src/me/mrCookieSlime/QuickMarket/shop/MarketStand.java:[118,49] unmappable character for encoding UTF-8
[WARNING] /home/pi/Desktop/Build Server/TheBusyBiscuit/QuickMarket/master/files/src/me/mrCookieSlime/QuickMarket/shop/MarketStand.java:[120,254] unmappable character for encoding UTF-8
[WARNING] /home/pi/Desktop/Build Server/TheBusyBiscuit/QuickMarket/master/files/src/me/mrCookieSlime/QuickMarket/shop/MarketStand.java:[120,265] unmappable character for encoding UTF-8
[WARNING] /home/pi/Desktop/Build Server/TheBusyBiscuit/QuickMarket/master/files/src/me/mrCookieSlime/QuickMarket/shop/MarketStand.java:[120,270] unmappable character for encoding UTF-8
[WARNING] /home/pi/Desktop/Build Server/TheBusyBiscuit/QuickMarket/master/files/src/me/mrCookieSlime/QuickMarket/shop/MarketStand.java:[120,279] unmappable character for encoding UTF-8
[WARNING] /home/pi/Desktop/Build Server/TheBusyBiscuit/QuickMarket/master/files/src/me/mrCookieSlime/QuickMarket/shop/MarketStand.java:[120,287] unmappable character for encoding UTF-8
[WARNING] /home/pi/Desktop/Build Server/TheBusyBiscuit/QuickMarket/master/files/src/me/mrCookieSlime/QuickMarket/shop/MarketStand.java:[120,335] unmappable character for encoding UTF-8
[WARNING] /home/pi/Desktop/Build Server/TheBusyBiscuit/QuickMarket/master/files/src/me/mrCookieSlime/QuickMarket/shop/MarketStand.java:[120,343] unmappable character for encoding UTF-8
[WARNING] /home/pi/Desktop/Build Server/TheBusyBiscuit/QuickMarket/master/files/src/me/mrCookieSlime/QuickMarket/shop/MarketStand.java:[130,250] unmappable character for encoding UTF-8
[WARNING] /home/pi/Desktop/Build Server/TheBusyBiscuit/QuickMarket/master/files/src/me/mrCookieSlime/QuickMarket/shop/MarketStand.java:[130,261] unmappable character for encoding UTF-8
[WARNING] /home/pi/Desktop/Build Server/TheBusyBiscuit/QuickMarket/master/files/src/me/mrCookieSlime/QuickMarket/shop/MarketStand.java:[130,266] unmappable character for encoding UTF-8
[WARNING] /home/pi/Desktop/Build Server/TheBusyBiscuit/QuickMarket/master/files/src/me/mrCookieSlime/QuickMarket/shop/MarketStand.java:[130,276] unmappable character for encoding UTF-8
[WARNING] /home/pi/Desktop/Build Server/TheBusyBiscuit/QuickMarket/master/files/src/me/mrCookieSlime/QuickMarket/shop/MarketStand.java:[130,284] unmappable character for encoding UTF-8
[WARNING] /home/pi/Desktop/Build Server/TheBusyBiscuit/QuickMarket/master/files/src/me/mrCookieSlime/QuickMarket/shop/MarketStand.java:[130,336] unmappable character for encoding UTF-8
[WARNING] /home/pi/Desktop/Build Server/TheBusyBiscuit/QuickMarket/master/files/src/me/mrCookieSlime/QuickMarket/shop/MarketStand.java:[130,344] unmappable character for encoding UTF-8
[WARNING] /home/pi/Desktop/Build Server/TheBusyBiscuit/QuickMarket/master/files/src/me/mrCookieSlime/QuickMarket/shop/MarketStand.java:[140,250] unmappable character for encoding UTF-8
[WARNING] /home/pi/Desktop/Build Server/TheBusyBiscuit/QuickMarket/master/files/src/me/mrCookieSlime/QuickMarket/shop/MarketStand.java:[140,261] unmappable character for encoding UTF-8
[WARNING] /home/pi/Desktop/Build Server/TheBusyBiscuit/QuickMarket/master/files/src/me/mrCookieSlime/QuickMarket/shop/MarketStand.java:[140,266] unmappable character for encoding UTF-8
[WARNING] /home/pi/Desktop/Build Server/TheBusyBiscuit/QuickMarket/master/files/src/me/mrCookieSlime/QuickMarket/shop/MarketStand.java:[140,276] unmappable character for encoding UTF-8
[WARNING] /home/pi/Desktop/Build Server/TheBusyBiscuit/QuickMarket/master/files/src/me/mrCookieSlime/QuickMarket/shop/MarketStand.java:[140,284] unmappable character for encoding UTF-8
[WARNING] /home/pi/Desktop/Build Server/TheBusyBiscuit/QuickMarket/master/files/src/me/mrCookieSlime/QuickMarket/shop/MarketStand.java:[140,336] unmappable character for encoding UTF-8
[WARNING] /home/pi/Desktop/Build Server/TheBusyBiscuit/QuickMarket/master/files/src/me/mrCookieSlime/QuickMarket/shop/MarketStand.java:[140,344] unmappable character for encoding UTF-8
[WARNING] /home/pi/Desktop/Build Server/TheBusyBiscuit/QuickMarket/master/files/src/me/mrCookieSlime/QuickMarket/shop/MarketStand.java:[151,90] unmappable character for encoding UTF-8
[WARNING] /home/pi/Desktop/Build Server/TheBusyBiscuit/QuickMarket/master/files/src/me/mrCookieSlime/QuickMarket/shop/MarketStand.java:[151,119] unmappable character for encoding UTF-8
[WARNING] /home/pi/Desktop/Build Server/TheBusyBiscuit/QuickMarket/master/files/src/me/mrCookieSlime/QuickMarket/shop/MarketStand.java:[151,129] unmappable character for encoding UTF-8
[WARNING] /home/pi/Desktop/Build Server/TheBusyBiscuit/QuickMarket/master/files/src/me/mrCookieSlime/QuickMarket/shop/MarketStand.java:[151,182] unmappable character for encoding UTF-8
[WARNING] /home/pi/Desktop/Build Server/TheBusyBiscuit/QuickMarket/master/files/src/me/mrCookieSlime/QuickMarket/shop/MarketStand.java:[151,197] unmappable character for encoding UTF-8
[WARNING] /home/pi/Desktop/Build Server/TheBusyBiscuit/QuickMarket/master/files/src/me/mrCookieSlime/QuickMarket/shop/MarketStand.java:[151,205] unmappable character for encoding UTF-8
[INFO] 
[INFO] --- maven-resources-plugin:2.6:testResources (default-testResources) @ QuickMarket ---
[INFO] Using 'UTF-8' encoding to copy filtered resources.
[INFO] skip non existing resourceDirectory /home/pi/Desktop/Build Server/TheBusyBiscuit/QuickMarket/master/files/tests/resources
[INFO] 
[INFO] --- maven-compiler-plugin:3.1:testCompile (default-testCompile) @ QuickMarket ---
[INFO] No sources to compile
[INFO] 
[INFO] --- maven-surefire-plugin:2.12.4:test (default-test) @ QuickMarket ---
[INFO] No tests to run.
[INFO] 
[INFO] --- maven-jar-plugin:2.4:jar (default-jar) @ QuickMarket ---
[INFO] Building jar: /home/pi/Desktop/Build Server/TheBusyBiscuit/QuickMarket/master/files/target/QuickMarket-1.jar
[INFO] ------------------------------------------------------------------------
[INFO] BUILD SUCCESS
[INFO] ------------------------------------------------------------------------
[INFO] Total time:  36.731 s
[INFO] Finished at: 2019-06-08T14:07:50+02:00
[INFO] ------------------------------------------------------------------------
