[INFO] Scanning for projects...
[INFO] 
[INFO] --------------------< me.mrCookieSlime:CS-CoreLib >---------------------
[INFO] Building CS-CoreLib DEV - 36 (git 2e140f82)
[INFO] --------------------------------[ jar ]---------------------------------
[INFO] Downloading from paper-repo: https://repo.destroystokyo.com/repository/maven-public/org/bukkit/bukkit/1.13.2-R0.1-SNAPSHOT/maven-metadata.xml
[INFO] Downloading from worldedit-worldguard-repo: http://maven.sk89q.com/repo/org/bukkit/bukkit/1.13.2-R0.1-SNAPSHOT/maven-metadata.xml
[INFO] Downloading from redprotect-repo: https://raw.github.com/FabioZumbi12/RedProtect/mvn-repo/org/bukkit/bukkit/1.13.2-R0.1-SNAPSHOT/maven-metadata.xml
[INFO] Downloading from spigot-repo: https://hub.spigotmc.org/nexus/content/repositories/snapshots/org/bukkit/bukkit/1.13.2-R0.1-SNAPSHOT/maven-metadata.xml
[INFO] Downloading from jitpack.io: https://jitpack.io/org/bukkit/bukkit/1.13.2-R0.1-SNAPSHOT/maven-metadata.xml
[INFO] Downloading from bintray-tastybento-maven-repo: http://dl.bintray.com/tastybento/maven-repo/org/bukkit/bukkit/1.13.2-R0.1-SNAPSHOT/maven-metadata.xml
[INFO] Downloading from massivecore-factions-repo: http://repo.dustplanet.de/artifactory/ext-release-local/org/bukkit/bukkit/1.13.2-R0.1-SNAPSHOT/maven-metadata.xml
[INFO] Downloaded from spigot-repo: https://hub.spigotmc.org/nexus/content/repositories/snapshots/org/bukkit/bukkit/1.13.2-R0.1-SNAPSHOT/maven-metadata.xml (1.5 kB at 632 B/s)
[INFO] Downloading from incendo-plotsquared-repo: https://incendo.org/mvn/org/bukkit/bukkit/1.13.2-R0.1-SNAPSHOT/maven-metadata.xml
[INFO] Downloading from FactionsUUID-repo: https://ci.ender.zone/job/FactionsUUID/122/maven-repository/repository/org/bukkit/bukkit/1.13.2-R0.1-SNAPSHOT/maven-metadata.xml
[INFO] Downloaded from paper-repo: https://repo.destroystokyo.com/repository/maven-public/org/bukkit/bukkit/1.13.2-R0.1-SNAPSHOT/maven-metadata.xml (1.5 kB at 558 B/s)
[INFO] Downloading from redprotect-repo: https://raw.github.com/FabioZumbi12/RedProtect/mvn-repo/org/bukkit/bukkit/1.13.2-R0.1-SNAPSHOT/bukkit-1.13.2-R0.1-20190321.101925-194.pom
[INFO] Downloading from paper-repo: https://repo.destroystokyo.com/repository/maven-public/org/bukkit/bukkit/1.13.2-R0.1-SNAPSHOT/bukkit-1.13.2-R0.1-20190321.101925-194.pom
[INFO] Downloaded from paper-repo: https://repo.destroystokyo.com/repository/maven-public/org/bukkit/bukkit/1.13.2-R0.1-SNAPSHOT/bukkit-1.13.2-R0.1-20190321.101925-194.pom (7.4 kB at 15 kB/s)
[INFO] Downloading from redprotect-repo: https://raw.github.com/FabioZumbi12/RedProtect/mvn-repo/com/sk89q/worldedit/worldedit-bukkit/7.0.0-SNAPSHOT/maven-metadata.xml
[INFO] Downloading from paper-repo: https://repo.destroystokyo.com/repository/maven-public/com/sk89q/worldedit/worldedit-bukkit/7.0.0-SNAPSHOT/maven-metadata.xml
[INFO] Downloading from worldedit-worldguard-repo: http://maven.sk89q.com/repo/com/sk89q/worldedit/worldedit-bukkit/7.0.0-SNAPSHOT/maven-metadata.xml
[INFO] Downloading from spigot-repo: https://hub.spigotmc.org/nexus/content/repositories/snapshots/com/sk89q/worldedit/worldedit-bukkit/7.0.0-SNAPSHOT/maven-metadata.xml
[INFO] Downloading from jitpack.io: https://jitpack.io/com/sk89q/worldedit/worldedit-bukkit/7.0.0-SNAPSHOT/maven-metadata.xml
[INFO] Downloading from bintray-tastybento-maven-repo: http://dl.bintray.com/tastybento/maven-repo/com/sk89q/worldedit/worldedit-bukkit/7.0.0-SNAPSHOT/maven-metadata.xml
[INFO] Downloading from massivecore-factions-repo: http://repo.dustplanet.de/artifactory/ext-release-local/com/sk89q/worldedit/worldedit-bukkit/7.0.0-SNAPSHOT/maven-metadata.xml
[INFO] Downloading from incendo-plotsquared-repo: https://incendo.org/mvn/com/sk89q/worldedit/worldedit-bukkit/7.0.0-SNAPSHOT/maven-metadata.xml
[INFO] Downloading from FactionsUUID-repo: https://ci.ender.zone/job/FactionsUUID/122/maven-repository/repository/com/sk89q/worldedit/worldedit-bukkit/7.0.0-SNAPSHOT/maven-metadata.xml
[INFO] Downloaded from worldedit-worldguard-repo: http://maven.sk89q.com/repo/com/sk89q/worldedit/worldedit-bukkit/7.0.0-SNAPSHOT/maven-metadata.xml (1.2 kB at 2.3 kB/s)
[INFO] Downloading from redprotect-repo: https://raw.github.com/FabioZumbi12/RedProtect/mvn-repo/com/sk89q/worldedit/worldedit-bukkit/7.0.0-SNAPSHOT/worldedit-bukkit-7.0.0-20190320.231443-94.pom
[INFO] Downloading from paper-repo: https://repo.destroystokyo.com/repository/maven-public/com/sk89q/worldedit/worldedit-bukkit/7.0.0-SNAPSHOT/worldedit-bukkit-7.0.0-20190320.231443-94.pom
[INFO] Downloading from spigot-repo: https://hub.spigotmc.org/nexus/content/repositories/snapshots/com/sk89q/worldedit/worldedit-bukkit/7.0.0-SNAPSHOT/worldedit-bukkit-7.0.0-20190320.231443-94.pom
[INFO] Downloading from worldedit-worldguard-repo: http://maven.sk89q.com/repo/com/sk89q/worldedit/worldedit-bukkit/7.0.0-SNAPSHOT/worldedit-bukkit-7.0.0-20190320.231443-94.pom
[INFO] Downloaded from worldedit-worldguard-repo: http://maven.sk89q.com/repo/com/sk89q/worldedit/worldedit-bukkit/7.0.0-SNAPSHOT/worldedit-bukkit-7.0.0-20190320.231443-94.pom (1.8 kB at 3.5 kB/s)
[INFO] Downloading from paper-repo: https://repo.destroystokyo.com/repository/maven-public/com/sk89q/worldedit/worldedit-core/7.0.0-SNAPSHOT/maven-metadata.xml
[INFO] Downloading from worldedit-worldguard-repo: http://maven.sk89q.com/repo/com/sk89q/worldedit/worldedit-core/7.0.0-SNAPSHOT/maven-metadata.xml
[INFO] Downloading from redprotect-repo: https://raw.github.com/FabioZumbi12/RedProtect/mvn-repo/com/sk89q/worldedit/worldedit-core/7.0.0-SNAPSHOT/maven-metadata.xml
[INFO] Downloading from spigot-repo: https://hub.spigotmc.org/nexus/content/repositories/snapshots/com/sk89q/worldedit/worldedit-core/7.0.0-SNAPSHOT/maven-metadata.xml
[INFO] Downloaded from worldedit-worldguard-repo: http://maven.sk89q.com/repo/com/sk89q/worldedit/worldedit-core/7.0.0-SNAPSHOT/maven-metadata.xml (1.2 kB at 3.8 kB/s)
[INFO] Downloading from jitpack.io: https://jitpack.io/com/sk89q/worldedit/worldedit-core/7.0.0-SNAPSHOT/maven-metadata.xml
[INFO] Downloading from bintray-tastybento-maven-repo: http://dl.bintray.com/tastybento/maven-repo/com/sk89q/worldedit/worldedit-core/7.0.0-SNAPSHOT/maven-metadata.xml
[INFO] Downloading from massivecore-factions-repo: http://repo.dustplanet.de/artifactory/ext-release-local/com/sk89q/worldedit/worldedit-core/7.0.0-SNAPSHOT/maven-metadata.xml
[INFO] Downloading from incendo-plotsquared-repo: https://incendo.org/mvn/com/sk89q/worldedit/worldedit-core/7.0.0-SNAPSHOT/maven-metadata.xml
[INFO] Downloading from FactionsUUID-repo: https://ci.ender.zone/job/FactionsUUID/122/maven-repository/repository/com/sk89q/worldedit/worldedit-core/7.0.0-SNAPSHOT/maven-metadata.xml
[INFO] Downloading from redprotect-repo: https://raw.github.com/FabioZumbi12/RedProtect/mvn-repo/com/sk89q/worldedit/worldedit-core/7.0.0-SNAPSHOT/worldedit-core-7.0.0-20190320.231443-94.pom
[INFO] Downloading from paper-repo: https://repo.destroystokyo.com/repository/maven-public/com/sk89q/worldedit/worldedit-core/7.0.0-SNAPSHOT/worldedit-core-7.0.0-20190320.231443-94.pom
[INFO] Downloading from spigot-repo: https://hub.spigotmc.org/nexus/content/repositories/snapshots/com/sk89q/worldedit/worldedit-core/7.0.0-SNAPSHOT/worldedit-core-7.0.0-20190320.231443-94.pom
[INFO] Downloading from worldedit-worldguard-repo: http://maven.sk89q.com/repo/com/sk89q/worldedit/worldedit-core/7.0.0-SNAPSHOT/worldedit-core-7.0.0-20190320.231443-94.pom
[INFO] Downloaded from worldedit-worldguard-repo: http://maven.sk89q.com/repo/com/sk89q/worldedit/worldedit-core/7.0.0-SNAPSHOT/worldedit-core-7.0.0-20190320.231443-94.pom (2.6 kB at 8.6 kB/s)
[INFO] Downloading from redprotect-repo: https://raw.github.com/FabioZumbi12/RedProtect/mvn-repo/org/slf4j/slf4j-api/1.7.26/slf4j-api-1.7.26.pom
[INFO] Downloading from paper-repo: https://repo.destroystokyo.com/repository/maven-public/org/slf4j/slf4j-api/1.7.26/slf4j-api-1.7.26.pom
[INFO] Downloaded from paper-repo: https://repo.destroystokyo.com/repository/maven-public/org/slf4j/slf4j-api/1.7.26/slf4j-api-1.7.26.pom (3.8 kB at 7.3 kB/s)
[INFO] Downloading from redprotect-repo: https://raw.github.com/FabioZumbi12/RedProtect/mvn-repo/org/slf4j/slf4j-parent/1.7.26/slf4j-parent-1.7.26.pom
[INFO] Downloading from paper-repo: https://repo.destroystokyo.com/repository/maven-public/org/slf4j/slf4j-parent/1.7.26/slf4j-parent-1.7.26.pom
[INFO] Downloaded from paper-repo: https://repo.destroystokyo.com/repository/maven-public/org/slf4j/slf4j-parent/1.7.26/slf4j-parent-1.7.26.pom (14 kB at 26 kB/s)
[INFO] Downloading from redprotect-repo: https://raw.github.com/FabioZumbi12/RedProtect/mvn-repo/com/sk89q/dummypermscompat/1.10/dummypermscompat-1.10.pom
[INFO] Downloading from paper-repo: https://repo.destroystokyo.com/repository/maven-public/com/sk89q/dummypermscompat/1.10/dummypermscompat-1.10.pom
[INFO] Downloading from spigot-repo: https://hub.spigotmc.org/nexus/content/repositories/snapshots/com/sk89q/dummypermscompat/1.10/dummypermscompat-1.10.pom
[INFO] Downloading from worldedit-worldguard-repo: http://maven.sk89q.com/repo/com/sk89q/dummypermscompat/1.10/dummypermscompat-1.10.pom
[INFO] Downloading from jitpack.io: https://jitpack.io/com/sk89q/dummypermscompat/1.10/dummypermscompat-1.10.pom
[INFO] Downloading from bintray-tastybento-maven-repo: http://dl.bintray.com/tastybento/maven-repo/com/sk89q/dummypermscompat/1.10/dummypermscompat-1.10.pom
[INFO] Downloading from massivecore-factions-repo: http://repo.dustplanet.de/artifactory/ext-release-local/com/sk89q/dummypermscompat/1.10/dummypermscompat-1.10.pom
[INFO] Downloading from incendo-plotsquared-repo: https://incendo.org/mvn/com/sk89q/dummypermscompat/1.10/dummypermscompat-1.10.pom
[INFO] Downloading from FactionsUUID-repo: https://ci.ender.zone/job/FactionsUUID/122/maven-repository/repository/com/sk89q/dummypermscompat/1.10/dummypermscompat-1.10.pom
[INFO] Downloading from central: https://repo.maven.apache.org/maven2/com/sk89q/dummypermscompat/1.10/dummypermscompat-1.10.pom
[WARNING] The POM for com.sk89q:dummypermscompat:jar:1.10 is missing, no dependency information available
[INFO] Downloading from redprotect-repo: https://raw.github.com/FabioZumbi12/RedProtect/mvn-repo/org/slf4j/slf4j-jdk14/1.7.26/slf4j-jdk14-1.7.26.pom
[INFO] Downloading from paper-repo: https://repo.destroystokyo.com/repository/maven-public/org/slf4j/slf4j-jdk14/1.7.26/slf4j-jdk14-1.7.26.pom
[INFO] Downloaded from paper-repo: https://repo.destroystokyo.com/repository/maven-public/org/slf4j/slf4j-jdk14/1.7.26/slf4j-jdk14-1.7.26.pom (1.0 kB at 1.8 kB/s)
[INFO] Downloading from spigot-repo: https://hub.spigotmc.org/nexus/content/repositories/snapshots/com/sk89q/worldguard/worldguard-legacy/7.0.0-SNAPSHOT/maven-metadata.xml
[INFO] Downloading from redprotect-repo: https://raw.github.com/FabioZumbi12/RedProtect/mvn-repo/com/sk89q/worldguard/worldguard-legacy/7.0.0-SNAPSHOT/maven-metadata.xml
[INFO] Downloading from paper-repo: https://repo.destroystokyo.com/repository/maven-public/com/sk89q/worldguard/worldguard-legacy/7.0.0-SNAPSHOT/maven-metadata.xml
[INFO] Downloading from worldedit-worldguard-repo: http://maven.sk89q.com/repo/com/sk89q/worldguard/worldguard-legacy/7.0.0-SNAPSHOT/maven-metadata.xml
[INFO] Downloading from jitpack.io: https://jitpack.io/com/sk89q/worldguard/worldguard-legacy/7.0.0-SNAPSHOT/maven-metadata.xml
[INFO] Downloading from bintray-tastybento-maven-repo: http://dl.bintray.com/tastybento/maven-repo/com/sk89q/worldguard/worldguard-legacy/7.0.0-SNAPSHOT/maven-metadata.xml
[INFO] Downloading from massivecore-factions-repo: http://repo.dustplanet.de/artifactory/ext-release-local/com/sk89q/worldguard/worldguard-legacy/7.0.0-SNAPSHOT/maven-metadata.xml
[INFO] Downloading from incendo-plotsquared-repo: https://incendo.org/mvn/com/sk89q/worldguard/worldguard-legacy/7.0.0-SNAPSHOT/maven-metadata.xml
[INFO] Downloaded from worldedit-worldguard-repo: http://maven.sk89q.com/repo/com/sk89q/worldguard/worldguard-legacy/7.0.0-SNAPSHOT/maven-metadata.xml (1.2 kB at 2.7 kB/s)
[INFO] Downloading from FactionsUUID-repo: https://ci.ender.zone/job/FactionsUUID/122/maven-repository/repository/com/sk89q/worldguard/worldguard-legacy/7.0.0-SNAPSHOT/maven-metadata.xml
[INFO] Downloading from redprotect-repo: https://raw.github.com/FabioZumbi12/RedProtect/mvn-repo/com/sk89q/worldguard/worldguard-legacy/7.0.0-SNAPSHOT/worldguard-legacy-7.0.0-20190321.015155-54.pom
[INFO] Downloading from paper-repo: https://repo.destroystokyo.com/repository/maven-public/com/sk89q/worldguard/worldguard-legacy/7.0.0-SNAPSHOT/worldguard-legacy-7.0.0-20190321.015155-54.pom
[INFO] Downloading from spigot-repo: https://hub.spigotmc.org/nexus/content/repositories/snapshots/com/sk89q/worldguard/worldguard-legacy/7.0.0-SNAPSHOT/worldguard-legacy-7.0.0-20190321.015155-54.pom
[INFO] Downloading from worldedit-worldguard-repo: http://maven.sk89q.com/repo/com/sk89q/worldguard/worldguard-legacy/7.0.0-SNAPSHOT/worldguard-legacy-7.0.0-20190321.015155-54.pom
[INFO] Downloaded from worldedit-worldguard-repo: http://maven.sk89q.com/repo/com/sk89q/worldguard/worldguard-legacy/7.0.0-SNAPSHOT/worldguard-legacy-7.0.0-20190321.015155-54.pom (1.7 kB at 5.6 kB/s)
[INFO] Downloading from paper-repo: https://repo.destroystokyo.com/repository/maven-public/com/sk89q/worldguard/worldguard-core/7.0.0-SNAPSHOT/maven-metadata.xml
[INFO] Downloading from worldedit-worldguard-repo: http://maven.sk89q.com/repo/com/sk89q/worldguard/worldguard-core/7.0.0-SNAPSHOT/maven-metadata.xml
[INFO] Downloading from spigot-repo: https://hub.spigotmc.org/nexus/content/repositories/snapshots/com/sk89q/worldguard/worldguard-core/7.0.0-SNAPSHOT/maven-metadata.xml
[INFO] Downloading from redprotect-repo: https://raw.github.com/FabioZumbi12/RedProtect/mvn-repo/com/sk89q/worldguard/worldguard-core/7.0.0-SNAPSHOT/maven-metadata.xml
[INFO] Downloading from jitpack.io: https://jitpack.io/com/sk89q/worldguard/worldguard-core/7.0.0-SNAPSHOT/maven-metadata.xml
[INFO] Downloading from bintray-tastybento-maven-repo: http://dl.bintray.com/tastybento/maven-repo/com/sk89q/worldguard/worldguard-core/7.0.0-SNAPSHOT/maven-metadata.xml
[INFO] Downloaded from worldedit-worldguard-repo: http://maven.sk89q.com/repo/com/sk89q/worldguard/worldguard-core/7.0.0-SNAPSHOT/maven-metadata.xml (1.2 kB at 3.0 kB/s)
[INFO] Downloading from massivecore-factions-repo: http://repo.dustplanet.de/artifactory/ext-release-local/com/sk89q/worldguard/worldguard-core/7.0.0-SNAPSHOT/maven-metadata.xml
[INFO] Downloading from incendo-plotsquared-repo: https://incendo.org/mvn/com/sk89q/worldguard/worldguard-core/7.0.0-SNAPSHOT/maven-metadata.xml
[INFO] Downloading from FactionsUUID-repo: https://ci.ender.zone/job/FactionsUUID/122/maven-repository/repository/com/sk89q/worldguard/worldguard-core/7.0.0-SNAPSHOT/maven-metadata.xml
[INFO] Downloading from redprotect-repo: https://raw.github.com/FabioZumbi12/RedProtect/mvn-repo/com/sk89q/worldguard/worldguard-core/7.0.0-SNAPSHOT/worldguard-core-7.0.0-20190321.015155-54.pom
[INFO] Downloading from paper-repo: https://repo.destroystokyo.com/repository/maven-public/com/sk89q/worldguard/worldguard-core/7.0.0-SNAPSHOT/worldguard-core-7.0.0-20190321.015155-54.pom
[INFO] Downloading from spigot-repo: https://hub.spigotmc.org/nexus/content/repositories/snapshots/com/sk89q/worldguard/worldguard-core/7.0.0-SNAPSHOT/worldguard-core-7.0.0-20190321.015155-54.pom
[INFO] Downloading from worldedit-worldguard-repo: http://maven.sk89q.com/repo/com/sk89q/worldguard/worldguard-core/7.0.0-SNAPSHOT/worldguard-core-7.0.0-20190321.015155-54.pom
[INFO] Downloaded from worldedit-worldguard-repo: http://maven.sk89q.com/repo/com/sk89q/worldguard/worldguard-core/7.0.0-SNAPSHOT/worldguard-core-7.0.0-20190321.015155-54.pom (1.9 kB at 6.3 kB/s)
[INFO] Downloading from redprotect-repo: https://raw.github.com/FabioZumbi12/RedProtect/mvn-repo/com/sk89q/intake/intake/4.2-SNAPSHOT/maven-metadata.xml
[INFO] Downloading from worldedit-worldguard-repo: http://maven.sk89q.com/repo/com/sk89q/intake/intake/4.2-SNAPSHOT/maven-metadata.xml
[INFO] Downloading from paper-repo: https://repo.destroystokyo.com/repository/maven-public/com/sk89q/intake/intake/4.2-SNAPSHOT/maven-metadata.xml
[INFO] Downloading from spigot-repo: https://hub.spigotmc.org/nexus/content/repositories/snapshots/com/sk89q/intake/intake/4.2-SNAPSHOT/maven-metadata.xml
[INFO] Downloading from jitpack.io: https://jitpack.io/com/sk89q/intake/intake/4.2-SNAPSHOT/maven-metadata.xml
[INFO] Downloaded from worldedit-worldguard-repo: http://maven.sk89q.com/repo/com/sk89q/intake/intake/4.2-SNAPSHOT/maven-metadata.xml (1.2 kB at 3.9 kB/s)
[INFO] Downloading from bintray-tastybento-maven-repo: http://dl.bintray.com/tastybento/maven-repo/com/sk89q/intake/intake/4.2-SNAPSHOT/maven-metadata.xml
[INFO] Downloading from massivecore-factions-repo: http://repo.dustplanet.de/artifactory/ext-release-local/com/sk89q/intake/intake/4.2-SNAPSHOT/maven-metadata.xml
[INFO] Downloading from incendo-plotsquared-repo: https://incendo.org/mvn/com/sk89q/intake/intake/4.2-SNAPSHOT/maven-metadata.xml
[INFO] Downloading from FactionsUUID-repo: https://ci.ender.zone/job/FactionsUUID/122/maven-repository/repository/com/sk89q/intake/intake/4.2-SNAPSHOT/maven-metadata.xml
[INFO] Downloading from redprotect-repo: https://raw.github.com/FabioZumbi12/RedProtect/mvn-repo/org/bukkit/bukkit/1.13-R0.1-SNAPSHOT/maven-metadata.xml
[INFO] Downloading from spigot-repo: https://hub.spigotmc.org/nexus/content/repositories/snapshots/org/bukkit/bukkit/1.13-R0.1-SNAPSHOT/maven-metadata.xml
[INFO] Downloading from worldedit-worldguard-repo: http://maven.sk89q.com/repo/org/bukkit/bukkit/1.13-R0.1-SNAPSHOT/maven-metadata.xml
[INFO] Downloading from paper-repo: https://repo.destroystokyo.com/repository/maven-public/org/bukkit/bukkit/1.13-R0.1-SNAPSHOT/maven-metadata.xml
[INFO] Downloading from jitpack.io: https://jitpack.io/org/bukkit/bukkit/1.13-R0.1-SNAPSHOT/maven-metadata.xml
[INFO] Downloading from bintray-tastybento-maven-repo: http://dl.bintray.com/tastybento/maven-repo/org/bukkit/bukkit/1.13-R0.1-SNAPSHOT/maven-metadata.xml
[INFO] Downloading from massivecore-factions-repo: http://repo.dustplanet.de/artifactory/ext-release-local/org/bukkit/bukkit/1.13-R0.1-SNAPSHOT/maven-metadata.xml
[INFO] Downloading from incendo-plotsquared-repo: https://incendo.org/mvn/org/bukkit/bukkit/1.13-R0.1-SNAPSHOT/maven-metadata.xml
[INFO] Downloading from FactionsUUID-repo: https://ci.ender.zone/job/FactionsUUID/122/maven-repository/repository/org/bukkit/bukkit/1.13-R0.1-SNAPSHOT/maven-metadata.xml
[INFO] Downloaded from spigot-repo: https://hub.spigotmc.org/nexus/content/repositories/snapshots/org/bukkit/bukkit/1.13-R0.1-SNAPSHOT/maven-metadata.xml (1.4 kB at 2.5 kB/s)
[INFO] Downloaded from paper-repo: https://repo.destroystokyo.com/repository/maven-public/org/bukkit/bukkit/1.13-R0.1-SNAPSHOT/maven-metadata.xml (1.4 kB at 2.2 kB/s)
[INFO] Downloading from paper-repo: https://repo.destroystokyo.com/repository/maven-public/org/bukkit/bukkit/1.6.2-R0.1-SNAPSHOT/maven-metadata.xml
[INFO] Downloading from worldedit-worldguard-repo: http://maven.sk89q.com/repo/org/bukkit/bukkit/1.6.2-R0.1-SNAPSHOT/maven-metadata.xml
[INFO] Downloading from spigot-repo: https://hub.spigotmc.org/nexus/content/repositories/snapshots/org/bukkit/bukkit/1.6.2-R0.1-SNAPSHOT/maven-metadata.xml
[INFO] Downloading from redprotect-repo: https://raw.github.com/FabioZumbi12/RedProtect/mvn-repo/org/bukkit/bukkit/1.6.2-R0.1-SNAPSHOT/maven-metadata.xml
[INFO] Downloading from jitpack.io: https://jitpack.io/org/bukkit/bukkit/1.6.2-R0.1-SNAPSHOT/maven-metadata.xml
[INFO] Downloading from bintray-tastybento-maven-repo: http://dl.bintray.com/tastybento/maven-repo/org/bukkit/bukkit/1.6.2-R0.1-SNAPSHOT/maven-metadata.xml
[INFO] Downloading from massivecore-factions-repo: http://repo.dustplanet.de/artifactory/ext-release-local/org/bukkit/bukkit/1.6.2-R0.1-SNAPSHOT/maven-metadata.xml
[INFO] Downloading from incendo-plotsquared-repo: https://incendo.org/mvn/org/bukkit/bukkit/1.6.2-R0.1-SNAPSHOT/maven-metadata.xml
[INFO] Downloading from FactionsUUID-repo: https://ci.ender.zone/job/FactionsUUID/122/maven-repository/repository/org/bukkit/bukkit/1.6.2-R0.1-SNAPSHOT/maven-metadata.xml
[INFO] Downloading from redprotect-repo: https://raw.github.com/FabioZumbi12/RedProtect/mvn-repo/org/bukkit/bukkit/1.6.2-R0.1-SNAPSHOT/bukkit-1.6.2-R0.1-SNAPSHOT.pom
[INFO] Downloading from paper-repo: https://repo.destroystokyo.com/repository/maven-public/org/bukkit/bukkit/1.6.2-R0.1-SNAPSHOT/bukkit-1.6.2-R0.1-SNAPSHOT.pom
[INFO] Downloading from spigot-repo: https://hub.spigotmc.org/nexus/content/repositories/snapshots/org/bukkit/bukkit/1.6.2-R0.1-SNAPSHOT/bukkit-1.6.2-R0.1-SNAPSHOT.pom
[INFO] Downloading from worldedit-worldguard-repo: http://maven.sk89q.com/repo/org/bukkit/bukkit/1.6.2-R0.1-SNAPSHOT/bukkit-1.6.2-R0.1-SNAPSHOT.pom
[INFO] Downloading from jitpack.io: https://jitpack.io/org/bukkit/bukkit/1.6.2-R0.1-SNAPSHOT/bukkit-1.6.2-R0.1-SNAPSHOT.pom
[INFO] Downloading from bintray-tastybento-maven-repo: http://dl.bintray.com/tastybento/maven-repo/org/bukkit/bukkit/1.6.2-R0.1-SNAPSHOT/bukkit-1.6.2-R0.1-SNAPSHOT.pom
[INFO] Downloading from massivecore-factions-repo: http://repo.dustplanet.de/artifactory/ext-release-local/org/bukkit/bukkit/1.6.2-R0.1-SNAPSHOT/bukkit-1.6.2-R0.1-SNAPSHOT.pom
[INFO] Downloading from incendo-plotsquared-repo: https://incendo.org/mvn/org/bukkit/bukkit/1.6.2-R0.1-SNAPSHOT/bukkit-1.6.2-R0.1-SNAPSHOT.pom
[INFO] Downloading from FactionsUUID-repo: https://ci.ender.zone/job/FactionsUUID/122/maven-repository/repository/org/bukkit/bukkit/1.6.2-R0.1-SNAPSHOT/bukkit-1.6.2-R0.1-SNAPSHOT.pom
[WARNING] The POM for org.bukkit:bukkit:jar:1.6.2-R0.1-SNAPSHOT is missing, no dependency information available
[INFO] Downloading from redprotect-repo: https://raw.github.com/FabioZumbi12/RedProtect/mvn-repo/com/github/marcelo-mason/PreciousStones/24e3d4bf67/PreciousStones-24e3d4bf67.pom
[INFO] Downloading from paper-repo: https://repo.destroystokyo.com/repository/maven-public/com/github/marcelo-mason/PreciousStones/24e3d4bf67/PreciousStones-24e3d4bf67.pom
[INFO] Downloading from spigot-repo: https://hub.spigotmc.org/nexus/content/repositories/snapshots/com/github/marcelo-mason/PreciousStones/24e3d4bf67/PreciousStones-24e3d4bf67.pom
[INFO] Downloading from worldedit-worldguard-repo: http://maven.sk89q.com/repo/com/github/marcelo-mason/PreciousStones/24e3d4bf67/PreciousStones-24e3d4bf67.pom
[INFO] Downloading from jitpack.io: https://jitpack.io/com/github/marcelo-mason/PreciousStones/24e3d4bf67/PreciousStones-24e3d4bf67.pom
[INFO] Downloaded from jitpack.io: https://jitpack.io/com/github/marcelo-mason/PreciousStones/24e3d4bf67/PreciousStones-24e3d4bf67.pom (6.6 kB at 18 kB/s)
[INFO] Downloading from redprotect-repo: https://raw.github.com/FabioZumbi12/RedProtect/mvn-repo/ant-contrib/ant-contrib/1.0b3/ant-contrib-1.0b3.pom
[INFO] Downloading from paper-repo: https://repo.destroystokyo.com/repository/maven-public/ant-contrib/ant-contrib/1.0b3/ant-contrib-1.0b3.pom
[INFO] Downloaded from paper-repo: https://repo.destroystokyo.com/repository/maven-public/ant-contrib/ant-contrib/1.0b3/ant-contrib-1.0b3.pom (761 B at 1.3 kB/s)
[INFO] Downloading from redprotect-repo: https://raw.github.com/FabioZumbi12/RedProtect/mvn-repo/com/github/marcelo-mason/SimpleClans/7c3db52796/SimpleClans-7c3db52796.pom
[INFO] Downloading from paper-repo: https://repo.destroystokyo.com/repository/maven-public/com/github/marcelo-mason/SimpleClans/7c3db52796/SimpleClans-7c3db52796.pom
[INFO] Downloading from spigot-repo: https://hub.spigotmc.org/nexus/content/repositories/snapshots/com/github/marcelo-mason/SimpleClans/7c3db52796/SimpleClans-7c3db52796.pom
[INFO] Downloading from worldedit-worldguard-repo: http://maven.sk89q.com/repo/com/github/marcelo-mason/SimpleClans/7c3db52796/SimpleClans-7c3db52796.pom
[INFO] Downloading from jitpack.io: https://jitpack.io/com/github/marcelo-mason/SimpleClans/7c3db52796/SimpleClans-7c3db52796.pom
[INFO] Downloaded from jitpack.io: https://jitpack.io/com/github/marcelo-mason/SimpleClans/7c3db52796/SimpleClans-7c3db52796.pom (3.8 kB at 10 kB/s)
[INFO] Downloading from spigot-repo: https://hub.spigotmc.org/nexus/content/repositories/snapshots/com/sk89q/worldguard/6.1.1-SNAPSHOT/maven-metadata.xml
[INFO] Downloading from worldedit-worldguard-repo: http://maven.sk89q.com/repo/com/sk89q/worldguard/6.1.1-SNAPSHOT/maven-metadata.xml
[INFO] Downloading from redprotect-repo: https://raw.github.com/FabioZumbi12/RedProtect/mvn-repo/com/sk89q/worldguard/6.1.1-SNAPSHOT/maven-metadata.xml
[INFO] Downloading from paper-repo: https://repo.destroystokyo.com/repository/maven-public/com/sk89q/worldguard/6.1.1-SNAPSHOT/maven-metadata.xml
[INFO] Downloading from jitpack.io: https://jitpack.io/com/sk89q/worldguard/6.1.1-SNAPSHOT/maven-metadata.xml
[INFO] Downloading from bintray-tastybento-maven-repo: http://dl.bintray.com/tastybento/maven-repo/com/sk89q/worldguard/6.1.1-SNAPSHOT/maven-metadata.xml
[INFO] Downloading from massivecore-factions-repo: http://repo.dustplanet.de/artifactory/ext-release-local/com/sk89q/worldguard/6.1.1-SNAPSHOT/maven-metadata.xml
[INFO] Downloading from incendo-plotsquared-repo: https://incendo.org/mvn/com/sk89q/worldguard/6.1.1-SNAPSHOT/maven-metadata.xml
[INFO] Downloading from FactionsUUID-repo: https://ci.ender.zone/job/FactionsUUID/122/maven-repository/repository/com/sk89q/worldguard/6.1.1-SNAPSHOT/maven-metadata.xml
[INFO] Downloading from vault-repo: http://nexus.hc.to/content/repositories/pub_releases/com/sk89q/worldguard/6.1.1-SNAPSHOT/maven-metadata.xml
[INFO] Downloaded from worldedit-worldguard-repo: http://maven.sk89q.com/repo/com/sk89q/worldguard/6.1.1-SNAPSHOT/maven-metadata.xml (1.7 kB at 2.5 kB/s)
[INFO] Downloading from paper-repo: https://repo.destroystokyo.com/repository/maven-public/com/sk89q/spigot/bukkit-classloader-check/1.8-R0.1-SNAPSHOT/maven-metadata.xml
[INFO] Downloading from redprotect-repo: https://raw.github.com/FabioZumbi12/RedProtect/mvn-repo/com/sk89q/spigot/bukkit-classloader-check/1.8-R0.1-SNAPSHOT/maven-metadata.xml
[INFO] Downloading from worldedit-worldguard-repo: http://maven.sk89q.com/repo/com/sk89q/spigot/bukkit-classloader-check/1.8-R0.1-SNAPSHOT/maven-metadata.xml
[INFO] Downloading from spigot-repo: https://hub.spigotmc.org/nexus/content/repositories/snapshots/com/sk89q/spigot/bukkit-classloader-check/1.8-R0.1-SNAPSHOT/maven-metadata.xml
[INFO] Downloading from jitpack.io: https://jitpack.io/com/sk89q/spigot/bukkit-classloader-check/1.8-R0.1-SNAPSHOT/maven-metadata.xml
[INFO] Downloading from bintray-tastybento-maven-repo: http://dl.bintray.com/tastybento/maven-repo/com/sk89q/spigot/bukkit-classloader-check/1.8-R0.1-SNAPSHOT/maven-metadata.xml
[INFO] Downloading from massivecore-factions-repo: http://repo.dustplanet.de/artifactory/ext-release-local/com/sk89q/spigot/bukkit-classloader-check/1.8-R0.1-SNAPSHOT/maven-metadata.xml
[INFO] Downloading from incendo-plotsquared-repo: https://incendo.org/mvn/com/sk89q/spigot/bukkit-classloader-check/1.8-R0.1-SNAPSHOT/maven-metadata.xml
[INFO] Downloaded from worldedit-worldguard-repo: http://maven.sk89q.com/repo/com/sk89q/spigot/bukkit-classloader-check/1.8-R0.1-SNAPSHOT/maven-metadata.xml (794 B at 1.6 kB/s)
[INFO] Downloading from FactionsUUID-repo: https://ci.ender.zone/job/FactionsUUID/122/maven-repository/repository/com/sk89q/spigot/bukkit-classloader-check/1.8-R0.1-SNAPSHOT/maven-metadata.xml
[INFO] Downloading from vault-repo: http://nexus.hc.to/content/repositories/pub_releases/com/sk89q/spigot/bukkit-classloader-check/1.8-R0.1-SNAPSHOT/maven-metadata.xml
[INFO] Downloading from redprotect-repo: https://raw.github.com/FabioZumbi12/RedProtect/mvn-repo/com/sk89q/spigot/bukkit-classloader-check/1.8-R0.1-SNAPSHOT/bukkit-classloader-check-1.8-R0.1-20150203.002820-2.pom
[INFO] Downloading from paper-repo: https://repo.destroystokyo.com/repository/maven-public/com/sk89q/spigot/bukkit-classloader-check/1.8-R0.1-SNAPSHOT/bukkit-classloader-check-1.8-R0.1-20150203.002820-2.pom
[INFO] Downloading from spigot-repo: https://hub.spigotmc.org/nexus/content/repositories/snapshots/com/sk89q/spigot/bukkit-classloader-check/1.8-R0.1-SNAPSHOT/bukkit-classloader-check-1.8-R0.1-20150203.002820-2.pom
[INFO] Downloading from worldedit-worldguard-repo: http://maven.sk89q.com/repo/com/sk89q/spigot/bukkit-classloader-check/1.8-R0.1-SNAPSHOT/bukkit-classloader-check-1.8-R0.1-20150203.002820-2.pom
[INFO] Downloaded from worldedit-worldguard-repo: http://maven.sk89q.com/repo/com/sk89q/spigot/bukkit-classloader-check/1.8-R0.1-SNAPSHOT/bukkit-classloader-check-1.8-R0.1-20150203.002820-2.pom (6.0 kB at 19 kB/s)
[INFO] Downloading from redprotect-repo: https://raw.github.com/FabioZumbi12/RedProtect/mvn-repo/org/bukkit/bukkit/1.8.6-R0.1-SNAPSHOT/maven-metadata.xml
[INFO] Downloading from spigot-repo: https://hub.spigotmc.org/nexus/content/repositories/snapshots/org/bukkit/bukkit/1.8.6-R0.1-SNAPSHOT/maven-metadata.xml
[INFO] Downloading from worldedit-worldguard-repo: http://maven.sk89q.com/repo/org/bukkit/bukkit/1.8.6-R0.1-SNAPSHOT/maven-metadata.xml
[INFO] Downloading from paper-repo: https://repo.destroystokyo.com/repository/maven-public/org/bukkit/bukkit/1.8.6-R0.1-SNAPSHOT/maven-metadata.xml
[INFO] Downloading from jitpack.io: https://jitpack.io/org/bukkit/bukkit/1.8.6-R0.1-SNAPSHOT/maven-metadata.xml
[INFO] Downloading from bintray-tastybento-maven-repo: http://dl.bintray.com/tastybento/maven-repo/org/bukkit/bukkit/1.8.6-R0.1-SNAPSHOT/maven-metadata.xml
[INFO] Downloading from massivecore-factions-repo: http://repo.dustplanet.de/artifactory/ext-release-local/org/bukkit/bukkit/1.8.6-R0.1-SNAPSHOT/maven-metadata.xml
[INFO] Downloaded from spigot-repo: https://hub.spigotmc.org/nexus/content/repositories/snapshots/org/bukkit/bukkit/1.8.6-R0.1-SNAPSHOT/maven-metadata.xml (1.4 kB at 3.3 kB/s)
[INFO] Downloading from incendo-plotsquared-repo: https://incendo.org/mvn/org/bukkit/bukkit/1.8.6-R0.1-SNAPSHOT/maven-metadata.xml
[INFO] Downloading from FactionsUUID-repo: https://ci.ender.zone/job/FactionsUUID/122/maven-repository/repository/org/bukkit/bukkit/1.8.6-R0.1-SNAPSHOT/maven-metadata.xml
[INFO] Downloading from vault-repo: http://nexus.hc.to/content/repositories/pub_releases/org/bukkit/bukkit/1.8.6-R0.1-SNAPSHOT/maven-metadata.xml
[INFO] Downloaded from paper-repo: https://repo.destroystokyo.com/repository/maven-public/org/bukkit/bukkit/1.8.6-R0.1-SNAPSHOT/maven-metadata.xml (1.4 kB at 1.8 kB/s)
[INFO] Downloading from spigot-repo: https://hub.spigotmc.org/nexus/content/repositories/snapshots/com/sk89q/worldedit/worldedit-bukkit/6.1.4-SNAPSHOT/maven-metadata.xml
[INFO] Downloading from worldedit-worldguard-repo: http://maven.sk89q.com/repo/com/sk89q/worldedit/worldedit-bukkit/6.1.4-SNAPSHOT/maven-metadata.xml
[INFO] Downloading from redprotect-repo: https://raw.github.com/FabioZumbi12/RedProtect/mvn-repo/com/sk89q/worldedit/worldedit-bukkit/6.1.4-SNAPSHOT/maven-metadata.xml
[INFO] Downloading from paper-repo: https://repo.destroystokyo.com/repository/maven-public/com/sk89q/worldedit/worldedit-bukkit/6.1.4-SNAPSHOT/maven-metadata.xml
[INFO] Downloading from jitpack.io: https://jitpack.io/com/sk89q/worldedit/worldedit-bukkit/6.1.4-SNAPSHOT/maven-metadata.xml
[INFO] Downloading from bintray-tastybento-maven-repo: http://dl.bintray.com/tastybento/maven-repo/com/sk89q/worldedit/worldedit-bukkit/6.1.4-SNAPSHOT/maven-metadata.xml
[INFO] Downloading from massivecore-factions-repo: http://repo.dustplanet.de/artifactory/ext-release-local/com/sk89q/worldedit/worldedit-bukkit/6.1.4-SNAPSHOT/maven-metadata.xml
[INFO] Downloading from incendo-plotsquared-repo: https://incendo.org/mvn/com/sk89q/worldedit/worldedit-bukkit/6.1.4-SNAPSHOT/maven-metadata.xml
[INFO] Downloading from FactionsUUID-repo: https://ci.ender.zone/job/FactionsUUID/122/maven-repository/repository/com/sk89q/worldedit/worldedit-bukkit/6.1.4-SNAPSHOT/maven-metadata.xml
[INFO] Downloading from vault-repo: http://nexus.hc.to/content/repositories/pub_releases/com/sk89q/worldedit/worldedit-bukkit/6.1.4-SNAPSHOT/maven-metadata.xml
[INFO] Downloaded from worldedit-worldguard-repo: http://maven.sk89q.com/repo/com/sk89q/worldedit/worldedit-bukkit/6.1.4-SNAPSHOT/maven-metadata.xml (1.2 kB at 2.2 kB/s)
[INFO] Downloading from redprotect-repo: https://raw.github.com/FabioZumbi12/RedProtect/mvn-repo/org/bukkit/bukkit/1.9.4-R0.1-SNAPSHOT/maven-metadata.xml
[INFO] Downloading from paper-repo: https://repo.destroystokyo.com/repository/maven-public/org/bukkit/bukkit/1.9.4-R0.1-SNAPSHOT/maven-metadata.xml
[INFO] Downloading from spigot-repo: https://hub.spigotmc.org/nexus/content/repositories/snapshots/org/bukkit/bukkit/1.9.4-R0.1-SNAPSHOT/maven-metadata.xml
[INFO] Downloading from worldedit-worldguard-repo: http://maven.sk89q.com/repo/org/bukkit/bukkit/1.9.4-R0.1-SNAPSHOT/maven-metadata.xml
[INFO] Downloading from jitpack.io: https://jitpack.io/org/bukkit/bukkit/1.9.4-R0.1-SNAPSHOT/maven-metadata.xml
[INFO] Downloading from bintray-tastybento-maven-repo: http://dl.bintray.com/tastybento/maven-repo/org/bukkit/bukkit/1.9.4-R0.1-SNAPSHOT/maven-metadata.xml
[INFO] Downloading from massivecore-factions-repo: http://repo.dustplanet.de/artifactory/ext-release-local/org/bukkit/bukkit/1.9.4-R0.1-SNAPSHOT/maven-metadata.xml
[INFO] Downloaded from spigot-repo: https://hub.spigotmc.org/nexus/content/repositories/snapshots/org/bukkit/bukkit/1.9.4-R0.1-SNAPSHOT/maven-metadata.xml (1.4 kB at 3.1 kB/s)
[INFO] Downloading from incendo-plotsquared-repo: https://incendo.org/mvn/org/bukkit/bukkit/1.9.4-R0.1-SNAPSHOT/maven-metadata.xml
[INFO] Downloading from FactionsUUID-repo: https://ci.ender.zone/job/FactionsUUID/122/maven-repository/repository/org/bukkit/bukkit/1.9.4-R0.1-SNAPSHOT/maven-metadata.xml
[INFO] Downloading from vault-repo: http://nexus.hc.to/content/repositories/pub_releases/org/bukkit/bukkit/1.9.4-R0.1-SNAPSHOT/maven-metadata.xml
[INFO] Downloaded from paper-repo: https://repo.destroystokyo.com/repository/maven-public/org/bukkit/bukkit/1.9.4-R0.1-SNAPSHOT/maven-metadata.xml (1.4 kB at 2.4 kB/s)
[INFO] Downloading from paper-repo: https://repo.destroystokyo.com/repository/maven-public/com/sk89q/worldedit/worldedit-core/6.1.4-SNAPSHOT/maven-metadata.xml
[INFO] Downloading from worldedit-worldguard-repo: http://maven.sk89q.com/repo/com/sk89q/worldedit/worldedit-core/6.1.4-SNAPSHOT/maven-metadata.xml
[INFO] Downloading from redprotect-repo: https://raw.github.com/FabioZumbi12/RedProtect/mvn-repo/com/sk89q/worldedit/worldedit-core/6.1.4-SNAPSHOT/maven-metadata.xml
[INFO] Downloading from spigot-repo: https://hub.spigotmc.org/nexus/content/repositories/snapshots/com/sk89q/worldedit/worldedit-core/6.1.4-SNAPSHOT/maven-metadata.xml
[INFO] Downloading from jitpack.io: https://jitpack.io/com/sk89q/worldedit/worldedit-core/6.1.4-SNAPSHOT/maven-metadata.xml
[INFO] Downloading from bintray-tastybento-maven-repo: http://dl.bintray.com/tastybento/maven-repo/com/sk89q/worldedit/worldedit-core/6.1.4-SNAPSHOT/maven-metadata.xml
[INFO] Downloaded from worldedit-worldguard-repo: http://maven.sk89q.com/repo/com/sk89q/worldedit/worldedit-core/6.1.4-SNAPSHOT/maven-metadata.xml (1.2 kB at 2.7 kB/s)
[INFO] Downloading from massivecore-factions-repo: http://repo.dustplanet.de/artifactory/ext-release-local/com/sk89q/worldedit/worldedit-core/6.1.4-SNAPSHOT/maven-metadata.xml
[INFO] Downloading from incendo-plotsquared-repo: https://incendo.org/mvn/com/sk89q/worldedit/worldedit-core/6.1.4-SNAPSHOT/maven-metadata.xml
[INFO] Downloading from FactionsUUID-repo: https://ci.ender.zone/job/FactionsUUID/122/maven-repository/repository/com/sk89q/worldedit/worldedit-core/6.1.4-SNAPSHOT/maven-metadata.xml
[INFO] Downloading from vault-repo: http://nexus.hc.to/content/repositories/pub_releases/com/sk89q/worldedit/worldedit-core/6.1.4-SNAPSHOT/maven-metadata.xml
[INFO] Downloading from redprotect-repo: https://raw.github.com/FabioZumbi12/RedProtect/mvn-repo/org/bukkit/bukkit/1.9-R0.1-SNAPSHOT/maven-metadata.xml
[INFO] Downloading from worldedit-worldguard-repo: http://maven.sk89q.com/repo/org/bukkit/bukkit/1.9-R0.1-SNAPSHOT/maven-metadata.xml
[INFO] Downloading from spigot-repo: https://hub.spigotmc.org/nexus/content/repositories/snapshots/org/bukkit/bukkit/1.9-R0.1-SNAPSHOT/maven-metadata.xml
[INFO] Downloading from paper-repo: https://repo.destroystokyo.com/repository/maven-public/org/bukkit/bukkit/1.9-R0.1-SNAPSHOT/maven-metadata.xml
[INFO] Downloading from jitpack.io: https://jitpack.io/org/bukkit/bukkit/1.9-R0.1-SNAPSHOT/maven-metadata.xml
[INFO] Downloading from bintray-tastybento-maven-repo: http://dl.bintray.com/tastybento/maven-repo/org/bukkit/bukkit/1.9-R0.1-SNAPSHOT/maven-metadata.xml
[INFO] Downloading from massivecore-factions-repo: http://repo.dustplanet.de/artifactory/ext-release-local/org/bukkit/bukkit/1.9-R0.1-SNAPSHOT/maven-metadata.xml
[INFO] Downloaded from spigot-repo: https://hub.spigotmc.org/nexus/content/repositories/snapshots/org/bukkit/bukkit/1.9-R0.1-SNAPSHOT/maven-metadata.xml (1.4 kB at 2.9 kB/s)
[INFO] Downloading from incendo-plotsquared-repo: https://incendo.org/mvn/org/bukkit/bukkit/1.9-R0.1-SNAPSHOT/maven-metadata.xml
[INFO] Downloaded from paper-repo: https://repo.destroystokyo.com/repository/maven-public/org/bukkit/bukkit/1.9-R0.1-SNAPSHOT/maven-metadata.xml (1.4 kB at 2.8 kB/s)
[INFO] Downloading from vault-repo: http://nexus.hc.to/content/repositories/pub_releases/org/bukkit/bukkit/1.9-R0.1-SNAPSHOT/maven-metadata.xml
[INFO] Downloading from FactionsUUID-repo: https://ci.ender.zone/job/FactionsUUID/122/maven-repository/repository/org/bukkit/bukkit/1.9-R0.1-SNAPSHOT/maven-metadata.xml
[WARNING] The POM for com.wasteofplastic:askyblock:jar:3.0.8.2 is invalid, transitive dependencies (if any) will not be available, enable debug logging for more details
[WARNING] The POM for com.github.dmulloy2.LWC:lwc:jar:master-4.5.1-g2100b5e-18 is invalid, transitive dependencies (if any) will not be available, enable debug logging for more details
[INFO] Downloading from redprotect-repo: https://raw.github.com/FabioZumbi12/RedProtect/mvn-repo/com/massivecraft/massivecore/MassiveCore/2.13.0/MassiveCore-2.13.0.pom
[INFO] Downloading from paper-repo: https://repo.destroystokyo.com/repository/maven-public/com/massivecraft/massivecore/MassiveCore/2.13.0/MassiveCore-2.13.0.pom
[INFO] Downloading from spigot-repo: https://hub.spigotmc.org/nexus/content/repositories/snapshots/com/massivecraft/massivecore/MassiveCore/2.13.0/MassiveCore-2.13.0.pom
[INFO] Downloading from worldedit-worldguard-repo: http://maven.sk89q.com/repo/com/massivecraft/massivecore/MassiveCore/2.13.0/MassiveCore-2.13.0.pom
[INFO] Downloading from jitpack.io: https://jitpack.io/com/massivecraft/massivecore/MassiveCore/2.13.0/MassiveCore-2.13.0.pom
[INFO] Downloading from bintray-tastybento-maven-repo: http://dl.bintray.com/tastybento/maven-repo/com/massivecraft/massivecore/MassiveCore/2.13.0/MassiveCore-2.13.0.pom
[INFO] Downloading from massivecore-factions-repo: http://repo.dustplanet.de/artifactory/ext-release-local/com/massivecraft/massivecore/MassiveCore/2.13.0/MassiveCore-2.13.0.pom
[INFO] Downloading from incendo-plotsquared-repo: https://incendo.org/mvn/com/massivecraft/massivecore/MassiveCore/2.13.0/MassiveCore-2.13.0.pom
[INFO] Downloading from FactionsUUID-repo: https://ci.ender.zone/job/FactionsUUID/122/maven-repository/repository/com/massivecraft/massivecore/MassiveCore/2.13.0/MassiveCore-2.13.0.pom
[INFO] Downloading from central: https://repo.maven.apache.org/maven2/com/massivecraft/massivecore/MassiveCore/2.13.0/MassiveCore-2.13.0.pom
[WARNING] The POM for com.massivecraft.massivecore:MassiveCore:jar:2.13.0 is missing, no dependency information available
[INFO] Downloading from redprotect-repo: https://raw.github.com/FabioZumbi12/RedProtect/mvn-repo/com/massivecraft/factions/Factions/2.13.0/Factions-2.13.0.pom
[INFO] Downloading from paper-repo: https://repo.destroystokyo.com/repository/maven-public/com/massivecraft/factions/Factions/2.13.0/Factions-2.13.0.pom
[INFO] Downloading from spigot-repo: https://hub.spigotmc.org/nexus/content/repositories/snapshots/com/massivecraft/factions/Factions/2.13.0/Factions-2.13.0.pom
[INFO] Downloading from worldedit-worldguard-repo: http://maven.sk89q.com/repo/com/massivecraft/factions/Factions/2.13.0/Factions-2.13.0.pom
[INFO] Downloading from jitpack.io: https://jitpack.io/com/massivecraft/factions/Factions/2.13.0/Factions-2.13.0.pom
[INFO] Downloading from bintray-tastybento-maven-repo: http://dl.bintray.com/tastybento/maven-repo/com/massivecraft/factions/Factions/2.13.0/Factions-2.13.0.pom
[INFO] Downloading from massivecore-factions-repo: http://repo.dustplanet.de/artifactory/ext-release-local/com/massivecraft/factions/Factions/2.13.0/Factions-2.13.0.pom
[INFO] Downloading from incendo-plotsquared-repo: https://incendo.org/mvn/com/massivecraft/factions/Factions/2.13.0/Factions-2.13.0.pom
[INFO] Downloading from FactionsUUID-repo: https://ci.ender.zone/job/FactionsUUID/122/maven-repository/repository/com/massivecraft/factions/Factions/2.13.0/Factions-2.13.0.pom
[INFO] Downloading from central: https://repo.maven.apache.org/maven2/com/massivecraft/factions/Factions/2.13.0/Factions-2.13.0.pom
[WARNING] The POM for com.massivecraft.factions:Factions:jar:2.13.0 is missing, no dependency information available
[INFO] Downloading from worldedit-worldguard-repo: http://maven.sk89q.com/repo/mkremins/fanciful/0.4.0-SNAPSHOT/maven-metadata.xml
[INFO] Downloading from spigot-repo: https://hub.spigotmc.org/nexus/content/repositories/snapshots/mkremins/fanciful/0.4.0-SNAPSHOT/maven-metadata.xml
[INFO] Downloading from paper-repo: https://repo.destroystokyo.com/repository/maven-public/mkremins/fanciful/0.4.0-SNAPSHOT/maven-metadata.xml
[INFO] Downloading from redprotect-repo: https://raw.github.com/FabioZumbi12/RedProtect/mvn-repo/mkremins/fanciful/0.4.0-SNAPSHOT/maven-metadata.xml
[INFO] Downloading from jitpack.io: https://jitpack.io/mkremins/fanciful/0.4.0-SNAPSHOT/maven-metadata.xml
[INFO] Downloading from bintray-tastybento-maven-repo: http://dl.bintray.com/tastybento/maven-repo/mkremins/fanciful/0.4.0-SNAPSHOT/maven-metadata.xml
[INFO] Downloading from massivecore-factions-repo: http://repo.dustplanet.de/artifactory/ext-release-local/mkremins/fanciful/0.4.0-SNAPSHOT/maven-metadata.xml
[INFO] Downloading from incendo-plotsquared-repo: https://incendo.org/mvn/mkremins/fanciful/0.4.0-SNAPSHOT/maven-metadata.xml
[INFO] Downloading from FactionsUUID-repo: https://ci.ender.zone/job/FactionsUUID/122/maven-repository/repository/mkremins/fanciful/0.4.0-SNAPSHOT/maven-metadata.xml
[INFO] Downloading from vault-repo: http://nexus.hc.to/content/repositories/pub_releases/mkremins/fanciful/0.4.0-SNAPSHOT/maven-metadata.xml
[INFO] Downloading from ess-repo: http://ci.ender.zone/plugin/repository/everything/mkremins/fanciful/0.4.0-SNAPSHOT/maven-metadata.xml
[INFO] Downloading from maven.sk89q.com: http://maven.sk89q.com/repo/mkremins/fanciful/0.4.0-SNAPSHOT/maven-metadata.xml
[INFO] Downloading from repo.mikeprimm.com: http://repo.mikeprimm.com/mkremins/fanciful/0.4.0-SNAPSHOT/maven-metadata.xml
[INFO] Downloading from placeholderapi: http://repo.extendedclip.com/content/repositories/placeholderapi/mkremins/fanciful/0.4.0-SNAPSHOT/maven-metadata.xml
[INFO] Downloading from mvdw-software: http://repo.mvdw-software.be/content/groups/public/mkremins/fanciful/0.4.0-SNAPSHOT/maven-metadata.xml
[INFO] Downloaded from ess-repo: http://ci.ender.zone/plugin/repository/everything/mkremins/fanciful/0.4.0-SNAPSHOT/maven-metadata.xml (609 B at 591 B/s)
[INFO] Downloading from paper-repo: https://repo.destroystokyo.com/repository/maven-public/com/darkblade12/particleeffect/1.8.0-SNAPSHOT/maven-metadata.xml
[INFO] Downloading from redprotect-repo: https://raw.github.com/FabioZumbi12/RedProtect/mvn-repo/com/darkblade12/particleeffect/1.8.0-SNAPSHOT/maven-metadata.xml
[INFO] Downloading from spigot-repo: https://hub.spigotmc.org/nexus/content/repositories/snapshots/com/darkblade12/particleeffect/1.8.0-SNAPSHOT/maven-metadata.xml
[INFO] Downloading from worldedit-worldguard-repo: http://maven.sk89q.com/repo/com/darkblade12/particleeffect/1.8.0-SNAPSHOT/maven-metadata.xml
[INFO] Downloading from jitpack.io: https://jitpack.io/com/darkblade12/particleeffect/1.8.0-SNAPSHOT/maven-metadata.xml
[INFO] Downloading from bintray-tastybento-maven-repo: http://dl.bintray.com/tastybento/maven-repo/com/darkblade12/particleeffect/1.8.0-SNAPSHOT/maven-metadata.xml
[INFO] Downloading from massivecore-factions-repo: http://repo.dustplanet.de/artifactory/ext-release-local/com/darkblade12/particleeffect/1.8.0-SNAPSHOT/maven-metadata.xml
[INFO] Downloading from incendo-plotsquared-repo: https://incendo.org/mvn/com/darkblade12/particleeffect/1.8.0-SNAPSHOT/maven-metadata.xml
[INFO] Downloading from FactionsUUID-repo: https://ci.ender.zone/job/FactionsUUID/122/maven-repository/repository/com/darkblade12/particleeffect/1.8.0-SNAPSHOT/maven-metadata.xml
[INFO] Downloading from vault-repo: http://nexus.hc.to/content/repositories/pub_releases/com/darkblade12/particleeffect/1.8.0-SNAPSHOT/maven-metadata.xml
[INFO] Downloading from ess-repo: http://ci.ender.zone/plugin/repository/everything/com/darkblade12/particleeffect/1.8.0-SNAPSHOT/maven-metadata.xml
[INFO] Downloading from maven.sk89q.com: http://maven.sk89q.com/repo/com/darkblade12/particleeffect/1.8.0-SNAPSHOT/maven-metadata.xml
[INFO] Downloading from repo.mikeprimm.com: http://repo.mikeprimm.com/com/darkblade12/particleeffect/1.8.0-SNAPSHOT/maven-metadata.xml
[INFO] Downloading from placeholderapi: http://repo.extendedclip.com/content/repositories/placeholderapi/com/darkblade12/particleeffect/1.8.0-SNAPSHOT/maven-metadata.xml
[INFO] Downloading from mvdw-software: http://repo.mvdw-software.be/content/groups/public/com/darkblade12/particleeffect/1.8.0-SNAPSHOT/maven-metadata.xml
[INFO] Downloaded from ess-repo: http://ci.ender.zone/plugin/repository/everything/com/darkblade12/particleeffect/1.8.0-SNAPSHOT/maven-metadata.xml (622 B at 623 B/s)
[INFO] Downloading from spigot-repo: https://hub.spigotmc.org/nexus/content/repositories/snapshots/org/bukkit/bukkit/maven-metadata.xml
[INFO] Downloading from paper-repo: https://repo.destroystokyo.com/repository/maven-public/org/bukkit/bukkit/maven-metadata.xml
[INFO] Downloading from worldedit-worldguard-repo: http://maven.sk89q.com/repo/org/bukkit/bukkit/maven-metadata.xml
[INFO] Downloading from redprotect-repo: https://raw.github.com/FabioZumbi12/RedProtect/mvn-repo/org/bukkit/bukkit/maven-metadata.xml
[INFO] Downloaded from spigot-repo: https://hub.spigotmc.org/nexus/content/repositories/snapshots/org/bukkit/bukkit/maven-metadata.xml (1.4 kB at 3.1 kB/s)
[INFO] Downloading from jitpack.io: https://jitpack.io/org/bukkit/bukkit/maven-metadata.xml
[INFO] Downloading from bintray-tastybento-maven-repo: http://dl.bintray.com/tastybento/maven-repo/org/bukkit/bukkit/maven-metadata.xml
[INFO] Downloaded from worldedit-worldguard-repo: http://maven.sk89q.com/repo/org/bukkit/bukkit/maven-metadata.xml (421 B at 766 B/s)
[INFO] Downloading from massivecore-factions-repo: http://repo.dustplanet.de/artifactory/ext-release-local/org/bukkit/bukkit/maven-metadata.xml
[INFO] Downloading from incendo-plotsquared-repo: https://incendo.org/mvn/org/bukkit/bukkit/maven-metadata.xml
[INFO] Downloading from FactionsUUID-repo: https://ci.ender.zone/job/FactionsUUID/122/maven-repository/repository/org/bukkit/bukkit/maven-metadata.xml
[INFO] Downloaded from paper-repo: https://repo.destroystokyo.com/repository/maven-public/org/bukkit/bukkit/maven-metadata.xml (1.4 kB at 2.1 kB/s)
[INFO] Downloading from central: https://repo.maven.apache.org/maven2/org/bukkit/bukkit/maven-metadata.xml
[INFO] Downloading from maven-codearts-jp: http://maven.codearts.jp/org/bukkit/bukkit/maven-metadata.xml
[WARNING] Could not transfer metadata org.bukkit:bukkit/maven-metadata.xml from/to maven-codearts-jp (http://maven.codearts.jp/): maven.codearts.jp: unknown error
[WARNING] Failure to transfer org.bukkit:bukkit/maven-metadata.xml from http://maven.codearts.jp/ was cached in the local repository, resolution will not be reattempted until the update interval of maven-codearts-jp has elapsed or updates are forced. Original error: Could not transfer metadata org.bukkit:bukkit/maven-metadata.xml from/to maven-codearts-jp (http://maven.codearts.jp/): maven.codearts.jp: unknown error
[INFO] Downloading from redprotect-repo: https://raw.github.com/FabioZumbi12/RedProtect/mvn-repo/com/github/intellectualsites/plotsquared/PlotSquared/4/PlotSquared-4.pom
[INFO] Downloading from paper-repo: https://repo.destroystokyo.com/repository/maven-public/com/github/intellectualsites/plotsquared/PlotSquared/4/PlotSquared-4.pom
[INFO] Downloading from spigot-repo: https://hub.spigotmc.org/nexus/content/repositories/snapshots/com/github/intellectualsites/plotsquared/PlotSquared/4/PlotSquared-4.pom
[INFO] Downloading from worldedit-worldguard-repo: http://maven.sk89q.com/repo/com/github/intellectualsites/plotsquared/PlotSquared/4/PlotSquared-4.pom
[INFO] Downloading from jitpack.io: https://jitpack.io/com/github/intellectualsites/plotsquared/PlotSquared/4/PlotSquared-4.pom
[INFO] Downloading from bintray-tastybento-maven-repo: http://dl.bintray.com/tastybento/maven-repo/com/github/intellectualsites/plotsquared/PlotSquared/4/PlotSquared-4.pom
[INFO] Downloading from massivecore-factions-repo: http://repo.dustplanet.de/artifactory/ext-release-local/com/github/intellectualsites/plotsquared/PlotSquared/4/PlotSquared-4.pom
[INFO] Downloading from incendo-plotsquared-repo: https://incendo.org/mvn/com/github/intellectualsites/plotsquared/PlotSquared/4/PlotSquared-4.pom
[WARNING] Could not validate integrity of download from https://incendo.org/mvn/com/github/intellectualsites/plotsquared/PlotSquared/4/PlotSquared-4.pom: Checksum validation failed, no checksums available
[WARNING] Checksum validation failed, no checksums available from incendo-plotsquared-repo for https://incendo.org/mvn/com/github/intellectualsites/plotsquared/PlotSquared/4/PlotSquared-4.pom
[INFO] Downloaded from incendo-plotsquared-repo: https://incendo.org/mvn/com/github/intellectualsites/plotsquared/PlotSquared/4/PlotSquared-4.pom (1.7 kB at 466 B/s)
[INFO] Downloading from redprotect-repo: https://raw.github.com/FabioZumbi12/RedProtect/mvn-repo/com/google/code/gson/gson/2.8.5/gson-2.8.5.pom
[INFO] Downloading from paper-repo: https://repo.destroystokyo.com/repository/maven-public/com/google/code/gson/gson/2.8.5/gson-2.8.5.pom
[INFO] Downloaded from paper-repo: https://repo.destroystokyo.com/repository/maven-public/com/google/code/gson/gson/2.8.5/gson-2.8.5.pom (2.5 kB at 5.6 kB/s)
[INFO] Downloading from redprotect-repo: https://raw.github.com/FabioZumbi12/RedProtect/mvn-repo/com/google/code/gson/gson-parent/2.8.5/gson-parent-2.8.5.pom
[INFO] Downloading from paper-repo: https://repo.destroystokyo.com/repository/maven-public/com/google/code/gson/gson-parent/2.8.5/gson-parent-2.8.5.pom
[INFO] Downloaded from paper-repo: https://repo.destroystokyo.com/repository/maven-public/com/google/code/gson/gson-parent/2.8.5/gson-parent-2.8.5.pom (3.8 kB at 8.2 kB/s)
[WARNING] The POM for br.net.fabiozumbi12.RedProtect:RedProtect-Spigot:jar:7.3.0 is invalid, transitive dependencies (if any) will not be available, enable debug logging for more details
[INFO] Downloading from paper-repo: https://repo.destroystokyo.com/repository/maven-public/org/bukkit/bukkit/1.13.2-R0.1-SNAPSHOT/bukkit-1.13.2-R0.1-20190321.101925-194.jar
[INFO] Downloaded from paper-repo: https://repo.destroystokyo.com/repository/maven-public/org/bukkit/bukkit/1.13.2-R0.1-SNAPSHOT/bukkit-1.13.2-R0.1-20190321.101925-194.jar (1.1 MB at 467 kB/s)
[INFO] Downloading from worldedit-worldguard-repo: http://maven.sk89q.com/repo/com/sk89q/worldedit/worldedit-bukkit/7.0.0-SNAPSHOT/worldedit-bukkit-7.0.0-20190320.231443-94.jar
[INFO] Downloading from worldedit-worldguard-repo: http://maven.sk89q.com/repo/com/sk89q/worldguard/worldguard-legacy/7.0.0-SNAPSHOT/worldguard-legacy-7.0.0-20190321.015155-54.jar
[INFO] Downloading from worldedit-worldguard-repo: http://maven.sk89q.com/repo/com/sk89q/spigot/bukkit-classloader-check/1.8-R0.1-SNAPSHOT/bukkit-classloader-check-1.8-R0.1-20150203.002820-2.jar
[INFO] Downloading from worldedit-worldguard-repo: http://maven.sk89q.com/repo/com/sk89q/worldedit/worldedit-core/7.0.0-SNAPSHOT/worldedit-core-7.0.0-20190320.231443-94.jar
[INFO] Downloading from worldedit-worldguard-repo: http://maven.sk89q.com/repo/com/sk89q/worldguard/worldguard-core/7.0.0-SNAPSHOT/worldguard-core-7.0.0-20190321.015155-54.jar
[INFO] Downloaded from worldedit-worldguard-repo: http://maven.sk89q.com/repo/com/sk89q/spigot/bukkit-classloader-check/1.8-R0.1-SNAPSHOT/bukkit-classloader-check-1.8-R0.1-20150203.002820-2.jar (13 kB at 13 kB/s)
[INFO] Downloaded from worldedit-worldguard-repo: http://maven.sk89q.com/repo/com/sk89q/worldedit/worldedit-bukkit/7.0.0-SNAPSHOT/worldedit-bukkit-7.0.0-20190320.231443-94.jar (136 kB at 96 kB/s)
[INFO] Downloaded from worldedit-worldguard-repo: http://maven.sk89q.com/repo/com/sk89q/worldguard/worldguard-legacy/7.0.0-SNAPSHOT/worldguard-legacy-7.0.0-20190321.015155-54.jar (240 kB at 43 kB/s)
[INFO] Downloaded from worldedit-worldguard-repo: http://maven.sk89q.com/repo/com/sk89q/worldguard/worldguard-core/7.0.0-SNAPSHOT/worldguard-core-7.0.0-20190321.015155-54.jar (780 kB at 130 kB/s)
[INFO] Downloaded from worldedit-worldguard-repo: http://maven.sk89q.com/repo/com/sk89q/worldedit/worldedit-core/7.0.0-SNAPSHOT/worldedit-core-7.0.0-20190320.231443-94.jar (1.2 MB at 183 kB/s)
[INFO] Downloading from redprotect-repo: https://raw.github.com/FabioZumbi12/RedProtect/mvn-repo/org/slf4j/slf4j-api/1.7.26/slf4j-api-1.7.26.jar
[INFO] Downloading from redprotect-repo: https://raw.github.com/FabioZumbi12/RedProtect/mvn-repo/org/slf4j/slf4j-jdk14/1.7.26/slf4j-jdk14-1.7.26.jar
[INFO] Downloading from redprotect-repo: https://raw.github.com/FabioZumbi12/RedProtect/mvn-repo/com/github/marcelo-mason/PreciousStones/24e3d4bf67/PreciousStones-24e3d4bf67.jar
[INFO] Downloading from redprotect-repo: https://raw.github.com/FabioZumbi12/RedProtect/mvn-repo/com/github/marcelo-mason/SimpleClans/7c3db52796/SimpleClans-7c3db52796.jar
[INFO] Downloading from redprotect-repo: https://raw.github.com/FabioZumbi12/RedProtect/mvn-repo/ant-contrib/ant-contrib/1.0b3/ant-contrib-1.0b3.jar
[INFO] Downloading from redprotect-repo: https://raw.github.com/FabioZumbi12/RedProtect/mvn-repo/com/github/intellectualsites/plotsquared/PlotSquared/4/PlotSquared-4.jar
[INFO] Downloading from paper-repo: https://repo.destroystokyo.com/repository/maven-public/org/slf4j/slf4j-api/1.7.26/slf4j-api-1.7.26.jar
[INFO] Downloading from paper-repo: https://repo.destroystokyo.com/repository/maven-public/org/slf4j/slf4j-jdk14/1.7.26/slf4j-jdk14-1.7.26.jar
[INFO] Downloading from paper-repo: https://repo.destroystokyo.com/repository/maven-public/com/github/marcelo-mason/PreciousStones/24e3d4bf67/PreciousStones-24e3d4bf67.jar
[INFO] Downloading from paper-repo: https://repo.destroystokyo.com/repository/maven-public/ant-contrib/ant-contrib/1.0b3/ant-contrib-1.0b3.jar
[INFO] Downloading from paper-repo: https://repo.destroystokyo.com/repository/maven-public/com/github/marcelo-mason/SimpleClans/7c3db52796/SimpleClans-7c3db52796.jar
[INFO] Downloading from paper-repo: https://repo.destroystokyo.com/repository/maven-public/com/github/intellectualsites/plotsquared/PlotSquared/4/PlotSquared-4.jar
[INFO] Downloaded from paper-repo: https://repo.destroystokyo.com/repository/maven-public/org/slf4j/slf4j-jdk14/1.7.26/slf4j-jdk14-1.7.26.jar (8.5 kB at 13 kB/s)
[INFO] Downloaded from paper-repo: https://repo.destroystokyo.com/repository/maven-public/org/slf4j/slf4j-api/1.7.26/slf4j-api-1.7.26.jar (41 kB at 40 kB/s)
[INFO] Downloaded from paper-repo: https://repo.destroystokyo.com/repository/maven-public/ant-contrib/ant-contrib/1.0b3/ant-contrib-1.0b3.jar (224 kB at 166 kB/s)
[INFO] Downloading from spigot-repo: https://hub.spigotmc.org/nexus/content/repositories/snapshots/com/github/marcelo-mason/PreciousStones/24e3d4bf67/PreciousStones-24e3d4bf67.jar
[INFO] Downloading from spigot-repo: https://hub.spigotmc.org/nexus/content/repositories/snapshots/com/github/marcelo-mason/SimpleClans/7c3db52796/SimpleClans-7c3db52796.jar
[INFO] Downloading from spigot-repo: https://hub.spigotmc.org/nexus/content/repositories/snapshots/com/github/intellectualsites/plotsquared/PlotSquared/4/PlotSquared-4.jar
[INFO] Downloading from worldedit-worldguard-repo: http://maven.sk89q.com/repo/com/github/marcelo-mason/PreciousStones/24e3d4bf67/PreciousStones-24e3d4bf67.jar
[INFO] Downloading from worldedit-worldguard-repo: http://maven.sk89q.com/repo/com/github/marcelo-mason/SimpleClans/7c3db52796/SimpleClans-7c3db52796.jar
[INFO] Downloading from worldedit-worldguard-repo: http://maven.sk89q.com/repo/com/github/intellectualsites/plotsquared/PlotSquared/4/PlotSquared-4.jar
[INFO] Downloading from jitpack.io: https://jitpack.io/com/github/marcelo-mason/PreciousStones/24e3d4bf67/PreciousStones-24e3d4bf67.jar
[INFO] Downloading from jitpack.io: https://jitpack.io/com/github/marcelo-mason/SimpleClans/7c3db52796/SimpleClans-7c3db52796.jar
[INFO] Downloading from jitpack.io: https://jitpack.io/com/github/intellectualsites/plotsquared/PlotSquared/4/PlotSquared-4.jar
[INFO] Downloaded from jitpack.io: https://jitpack.io/com/github/marcelo-mason/PreciousStones/24e3d4bf67/PreciousStones-24e3d4bf67.jar (484 kB at 282 kB/s)
[INFO] Downloaded from jitpack.io: https://jitpack.io/com/github/marcelo-mason/SimpleClans/7c3db52796/SimpleClans-7c3db52796.jar (257 kB at 149 kB/s)
[INFO] Downloading from bintray-tastybento-maven-repo: http://dl.bintray.com/tastybento/maven-repo/com/github/intellectualsites/plotsquared/PlotSquared/4/PlotSquared-4.jar
[INFO] Downloading from massivecore-factions-repo: http://repo.dustplanet.de/artifactory/ext-release-local/com/github/intellectualsites/plotsquared/PlotSquared/4/PlotSquared-4.jar
[INFO] Downloading from incendo-plotsquared-repo: https://incendo.org/mvn/com/github/intellectualsites/plotsquared/PlotSquared/4/PlotSquared-4.jar
[WARNING] Could not validate integrity of download from https://incendo.org/mvn/com/github/intellectualsites/plotsquared/PlotSquared/4/PlotSquared-4.jar: Checksum validation failed, no checksums available
[WARNING] Checksum validation failed, no checksums available from incendo-plotsquared-repo for https://incendo.org/mvn/com/github/intellectualsites/plotsquared/PlotSquared/4/PlotSquared-4.jar
[INFO] Downloaded from incendo-plotsquared-repo: https://incendo.org/mvn/com/github/intellectualsites/plotsquared/PlotSquared/4/PlotSquared-4.jar (1.1 MB at 77 kB/s)
[INFO] 
[INFO] --- maven-resources-plugin:2.6:resources (default-resources) @ CS-CoreLib ---
[INFO] Using 'UTF-8' encoding to copy filtered resources.
[INFO] Copying 2 resources
[INFO] 
[INFO] --- maven-compiler-plugin:3.1:compile (default-compile) @ CS-CoreLib ---
[INFO] Changes detected - recompiling the module!
[INFO] Compiling 104 source files to /home/pi/Desktop/Build Server/TheBusyBiscuit/CS-CoreLib/master/files/target/classes
[WARNING] /home/pi/Desktop/Build Server/TheBusyBiscuit/CS-CoreLib/master/files/src/me/mrCookieSlime/CSCoreLibPlugin/general/World/FakeItem.java: Some input files use or override a deprecated API.
[WARNING] /home/pi/Desktop/Build Server/TheBusyBiscuit/CS-CoreLib/master/files/src/me/mrCookieSlime/CSCoreLibPlugin/general/World/FakeItem.java: Recompile with -Xlint:deprecation for details.
[INFO] 
[INFO] --- maven-resources-plugin:2.6:testResources (default-testResources) @ CS-CoreLib ---
[INFO] Using 'UTF-8' encoding to copy filtered resources.
[INFO] skip non existing resourceDirectory /home/pi/Desktop/Build Server/TheBusyBiscuit/CS-CoreLib/master/files/tests/resources
[INFO] 
[INFO] --- maven-compiler-plugin:3.1:testCompile (default-testCompile) @ CS-CoreLib ---
[INFO] No sources to compile
[INFO] 
[INFO] --- maven-surefire-plugin:2.12.4:test (default-test) @ CS-CoreLib ---
[INFO] No tests to run.
[INFO] 
[INFO] --- maven-jar-plugin:2.4:jar (default-jar) @ CS-CoreLib ---
[INFO] Building jar: /home/pi/Desktop/Build Server/TheBusyBiscuit/CS-CoreLib/master/files/target/CS-CoreLib-36.jar
[INFO] ------------------------------------------------------------------------
[INFO] BUILD SUCCESS
[INFO] ------------------------------------------------------------------------
[INFO] Total time:  02:06 min
[INFO] Finished at: 2019-03-22T10:19:38+01:00
[INFO] ------------------------------------------------------------------------
