[INFO] Scanning for projects...
[INFO] 
[INFO] --------------------< me.mrCookieSlime:CS-CoreLib >---------------------
[INFO] Building CS-CoreLib DEV - 39 (git cc6a7de0)
[INFO] --------------------------------[ jar ]---------------------------------
[INFO] Downloading from redprotect-repo: https://raw.github.com/FabioZumbi12/RedProtect/mvn-repo/org/bukkit/bukkit/1.14-R0.1-SNAPSHOT/maven-metadata.xml
[INFO] Downloading from spigot-repo: https://hub.spigotmc.org/nexus/content/repositories/snapshots/org/bukkit/bukkit/1.14-R0.1-SNAPSHOT/maven-metadata.xml
[INFO] Downloading from papermc: https://papermc.io/repo/repository/maven-public/org/bukkit/bukkit/1.14-R0.1-SNAPSHOT/maven-metadata.xml
[INFO] Downloading from worldedit-worldguard-repo: http://maven.sk89q.com/repo/org/bukkit/bukkit/1.14-R0.1-SNAPSHOT/maven-metadata.xml
[INFO] Downloading from plotsquared-ci: http://ci.athion.net/job/PlotSquared-Releases/ws/mvn/org/bukkit/bukkit/1.14-R0.1-SNAPSHOT/maven-metadata.xml
[INFO] Downloading from jitpack.io: https://jitpack.io/org/bukkit/bukkit/1.14-R0.1-SNAPSHOT/maven-metadata.xml
[INFO] Downloaded from papermc: https://papermc.io/repo/repository/maven-public/org/bukkit/bukkit/1.14-R0.1-SNAPSHOT/maven-metadata.xml (1.4 kB at 735 B/s)
[INFO] Downloading from bintray-tastybento-maven-repo: http://dl.bintray.com/tastybento/maven-repo/org/bukkit/bukkit/1.14-R0.1-SNAPSHOT/maven-metadata.xml
[INFO] Downloaded from spigot-repo: https://hub.spigotmc.org/nexus/content/repositories/snapshots/org/bukkit/bukkit/1.14-R0.1-SNAPSHOT/maven-metadata.xml (1.4 kB at 724 B/s)
[INFO] Downloading from massivecore-factions-repo: http://repo.dustplanet.de/artifactory/ext-release-local/org/bukkit/bukkit/1.14-R0.1-SNAPSHOT/maven-metadata.xml
[INFO] Downloading from FactionsUUID-repo: https://ci.ender.zone/job/FactionsUUID/122/maven-repository/repository/org/bukkit/bukkit/1.14-R0.1-SNAPSHOT/maven-metadata.xml
[INFO] Downloading from CodeMC: https://repo.codemc.org/repository/maven-public/org/bukkit/bukkit/1.14-R0.1-SNAPSHOT/maven-metadata.xml
[INFO] Downloading from redprotect-repo: https://raw.github.com/FabioZumbi12/RedProtect/mvn-repo/org/bukkit/bukkit/1.14-R0.1-SNAPSHOT/bukkit-1.14-R0.1-20190429.110251-45.pom
[INFO] Downloading from papermc: https://papermc.io/repo/repository/maven-public/org/bukkit/bukkit/1.14-R0.1-SNAPSHOT/bukkit-1.14-R0.1-20190429.110251-45.pom
[INFO] Downloaded from papermc: https://papermc.io/repo/repository/maven-public/org/bukkit/bukkit/1.14-R0.1-SNAPSHOT/bukkit-1.14-R0.1-20190429.110251-45.pom (8.4 kB at 29 kB/s)
[INFO] Downloading from redprotect-repo: https://raw.github.com/FabioZumbi12/RedProtect/mvn-repo/com/sk89q/worldedit/worldedit-bukkit/7.0.0-SNAPSHOT/maven-metadata.xml
[INFO] Downloading from spigot-repo: https://hub.spigotmc.org/nexus/content/repositories/snapshots/com/sk89q/worldedit/worldedit-bukkit/7.0.0-SNAPSHOT/maven-metadata.xml
[INFO] Downloading from papermc: https://papermc.io/repo/repository/maven-public/com/sk89q/worldedit/worldedit-bukkit/7.0.0-SNAPSHOT/maven-metadata.xml
[INFO] Downloading from worldedit-worldguard-repo: http://maven.sk89q.com/repo/com/sk89q/worldedit/worldedit-bukkit/7.0.0-SNAPSHOT/maven-metadata.xml
[INFO] Downloading from plotsquared-ci: http://ci.athion.net/job/PlotSquared-Releases/ws/mvn/com/sk89q/worldedit/worldedit-bukkit/7.0.0-SNAPSHOT/maven-metadata.xml
[INFO] Downloading from jitpack.io: https://jitpack.io/com/sk89q/worldedit/worldedit-bukkit/7.0.0-SNAPSHOT/maven-metadata.xml
[INFO] Downloading from bintray-tastybento-maven-repo: http://dl.bintray.com/tastybento/maven-repo/com/sk89q/worldedit/worldedit-bukkit/7.0.0-SNAPSHOT/maven-metadata.xml
[INFO] Downloading from massivecore-factions-repo: http://repo.dustplanet.de/artifactory/ext-release-local/com/sk89q/worldedit/worldedit-bukkit/7.0.0-SNAPSHOT/maven-metadata.xml
[INFO] Downloading from FactionsUUID-repo: https://ci.ender.zone/job/FactionsUUID/122/maven-repository/repository/com/sk89q/worldedit/worldedit-bukkit/7.0.0-SNAPSHOT/maven-metadata.xml
[INFO] Downloading from CodeMC: https://repo.codemc.org/repository/maven-public/com/sk89q/worldedit/worldedit-bukkit/7.0.0-SNAPSHOT/maven-metadata.xml
[INFO] Downloaded from worldedit-worldguard-repo: http://maven.sk89q.com/repo/com/sk89q/worldedit/worldedit-bukkit/7.0.0-SNAPSHOT/maven-metadata.xml (1.2 kB at 2.4 kB/s)
[INFO] Downloading from redprotect-repo: https://raw.github.com/FabioZumbi12/RedProtect/mvn-repo/com/sk89q/worldedit/worldedit-bukkit/7.0.0-SNAPSHOT/worldedit-bukkit-7.0.0-20190428.145741-124.pom
[INFO] Downloading from papermc: https://papermc.io/repo/repository/maven-public/com/sk89q/worldedit/worldedit-bukkit/7.0.0-SNAPSHOT/worldedit-bukkit-7.0.0-20190428.145741-124.pom
[INFO] Downloading from spigot-repo: https://hub.spigotmc.org/nexus/content/repositories/snapshots/com/sk89q/worldedit/worldedit-bukkit/7.0.0-SNAPSHOT/worldedit-bukkit-7.0.0-20190428.145741-124.pom
[INFO] Downloading from worldedit-worldguard-repo: http://maven.sk89q.com/repo/com/sk89q/worldedit/worldedit-bukkit/7.0.0-SNAPSHOT/worldedit-bukkit-7.0.0-20190428.145741-124.pom
[INFO] Downloaded from worldedit-worldguard-repo: http://maven.sk89q.com/repo/com/sk89q/worldedit/worldedit-bukkit/7.0.0-SNAPSHOT/worldedit-bukkit-7.0.0-20190428.145741-124.pom (2.0 kB at 5.1 kB/s)
[INFO] Downloading from papermc: https://papermc.io/repo/repository/maven-public/com/sk89q/worldedit/worldedit-core/7.0.0-SNAPSHOT/maven-metadata.xml
[INFO] Downloading from spigot-repo: https://hub.spigotmc.org/nexus/content/repositories/snapshots/com/sk89q/worldedit/worldedit-core/7.0.0-SNAPSHOT/maven-metadata.xml
[INFO] Downloading from redprotect-repo: https://raw.github.com/FabioZumbi12/RedProtect/mvn-repo/com/sk89q/worldedit/worldedit-core/7.0.0-SNAPSHOT/maven-metadata.xml
[INFO] Downloading from worldedit-worldguard-repo: http://maven.sk89q.com/repo/com/sk89q/worldedit/worldedit-core/7.0.0-SNAPSHOT/maven-metadata.xml
[INFO] Downloading from plotsquared-ci: http://ci.athion.net/job/PlotSquared-Releases/ws/mvn/com/sk89q/worldedit/worldedit-core/7.0.0-SNAPSHOT/maven-metadata.xml
[INFO] Downloaded from worldedit-worldguard-repo: http://maven.sk89q.com/repo/com/sk89q/worldedit/worldedit-core/7.0.0-SNAPSHOT/maven-metadata.xml (1.2 kB at 4.0 kB/s)
[INFO] Downloading from jitpack.io: https://jitpack.io/com/sk89q/worldedit/worldedit-core/7.0.0-SNAPSHOT/maven-metadata.xml
[INFO] Downloading from bintray-tastybento-maven-repo: http://dl.bintray.com/tastybento/maven-repo/com/sk89q/worldedit/worldedit-core/7.0.0-SNAPSHOT/maven-metadata.xml
[INFO] Downloading from massivecore-factions-repo: http://repo.dustplanet.de/artifactory/ext-release-local/com/sk89q/worldedit/worldedit-core/7.0.0-SNAPSHOT/maven-metadata.xml
[INFO] Downloading from FactionsUUID-repo: https://ci.ender.zone/job/FactionsUUID/122/maven-repository/repository/com/sk89q/worldedit/worldedit-core/7.0.0-SNAPSHOT/maven-metadata.xml
[INFO] Downloading from CodeMC: https://repo.codemc.org/repository/maven-public/com/sk89q/worldedit/worldedit-core/7.0.0-SNAPSHOT/maven-metadata.xml
[INFO] Downloading from redprotect-repo: https://raw.github.com/FabioZumbi12/RedProtect/mvn-repo/com/sk89q/worldedit/worldedit-core/7.0.0-SNAPSHOT/worldedit-core-7.0.0-20190428.145741-124.pom
[INFO] Downloading from papermc: https://papermc.io/repo/repository/maven-public/com/sk89q/worldedit/worldedit-core/7.0.0-SNAPSHOT/worldedit-core-7.0.0-20190428.145741-124.pom
[INFO] Downloading from spigot-repo: https://hub.spigotmc.org/nexus/content/repositories/snapshots/com/sk89q/worldedit/worldedit-core/7.0.0-SNAPSHOT/worldedit-core-7.0.0-20190428.145741-124.pom
[INFO] Downloading from worldedit-worldguard-repo: http://maven.sk89q.com/repo/com/sk89q/worldedit/worldedit-core/7.0.0-SNAPSHOT/worldedit-core-7.0.0-20190428.145741-124.pom
[INFO] Downloaded from worldedit-worldguard-repo: http://maven.sk89q.com/repo/com/sk89q/worldedit/worldedit-core/7.0.0-SNAPSHOT/worldedit-core-7.0.0-20190428.145741-124.pom (2.3 kB at 7.3 kB/s)
[INFO] Downloading from redprotect-repo: https://raw.github.com/FabioZumbi12/RedProtect/mvn-repo/com/sk89q/worldedit/worldedit-libs/core/7.0.0-SNAPSHOT/maven-metadata.xml
[INFO] Downloading from papermc: https://papermc.io/repo/repository/maven-public/com/sk89q/worldedit/worldedit-libs/core/7.0.0-SNAPSHOT/maven-metadata.xml
[INFO] Downloading from worldedit-worldguard-repo: http://maven.sk89q.com/repo/com/sk89q/worldedit/worldedit-libs/core/7.0.0-SNAPSHOT/maven-metadata.xml
[INFO] Downloading from spigot-repo: https://hub.spigotmc.org/nexus/content/repositories/snapshots/com/sk89q/worldedit/worldedit-libs/core/7.0.0-SNAPSHOT/maven-metadata.xml
[INFO] Downloading from plotsquared-ci: http://ci.athion.net/job/PlotSquared-Releases/ws/mvn/com/sk89q/worldedit/worldedit-libs/core/7.0.0-SNAPSHOT/maven-metadata.xml
[INFO] Downloaded from worldedit-worldguard-repo: http://maven.sk89q.com/repo/com/sk89q/worldedit/worldedit-libs/core/7.0.0-SNAPSHOT/maven-metadata.xml (788 B at 2.7 kB/s)
[INFO] Downloading from jitpack.io: https://jitpack.io/com/sk89q/worldedit/worldedit-libs/core/7.0.0-SNAPSHOT/maven-metadata.xml
[INFO] Downloading from bintray-tastybento-maven-repo: http://dl.bintray.com/tastybento/maven-repo/com/sk89q/worldedit/worldedit-libs/core/7.0.0-SNAPSHOT/maven-metadata.xml
[INFO] Downloading from massivecore-factions-repo: http://repo.dustplanet.de/artifactory/ext-release-local/com/sk89q/worldedit/worldedit-libs/core/7.0.0-SNAPSHOT/maven-metadata.xml
[INFO] Downloading from FactionsUUID-repo: https://ci.ender.zone/job/FactionsUUID/122/maven-repository/repository/com/sk89q/worldedit/worldedit-libs/core/7.0.0-SNAPSHOT/maven-metadata.xml
[INFO] Downloading from CodeMC: https://repo.codemc.org/repository/maven-public/com/sk89q/worldedit/worldedit-libs/core/7.0.0-SNAPSHOT/maven-metadata.xml
[INFO] Downloading from redprotect-repo: https://raw.github.com/FabioZumbi12/RedProtect/mvn-repo/com/sk89q/worldedit/worldedit-libs/core/7.0.0-SNAPSHOT/core-7.0.0-20190428.145741-9.pom
[INFO] Downloading from papermc: https://papermc.io/repo/repository/maven-public/com/sk89q/worldedit/worldedit-libs/core/7.0.0-SNAPSHOT/core-7.0.0-20190428.145741-9.pom
[INFO] Downloading from spigot-repo: https://hub.spigotmc.org/nexus/content/repositories/snapshots/com/sk89q/worldedit/worldedit-libs/core/7.0.0-SNAPSHOT/core-7.0.0-20190428.145741-9.pom
[INFO] Downloading from worldedit-worldguard-repo: http://maven.sk89q.com/repo/com/sk89q/worldedit/worldedit-libs/core/7.0.0-SNAPSHOT/core-7.0.0-20190428.145741-9.pom
[INFO] Downloaded from worldedit-worldguard-repo: http://maven.sk89q.com/repo/com/sk89q/worldedit/worldedit-libs/core/7.0.0-SNAPSHOT/core-7.0.0-20190428.145741-9.pom (428 B at 1.4 kB/s)
[INFO] Downloading from redprotect-repo: https://raw.github.com/FabioZumbi12/RedProtect/mvn-repo/com/sk89q/worldedit/worldedit-libs/bukkit/7.0.0-SNAPSHOT/maven-metadata.xml
[INFO] Downloading from spigot-repo: https://hub.spigotmc.org/nexus/content/repositories/snapshots/com/sk89q/worldedit/worldedit-libs/bukkit/7.0.0-SNAPSHOT/maven-metadata.xml
[INFO] Downloading from papermc: https://papermc.io/repo/repository/maven-public/com/sk89q/worldedit/worldedit-libs/bukkit/7.0.0-SNAPSHOT/maven-metadata.xml
[INFO] Downloading from worldedit-worldguard-repo: http://maven.sk89q.com/repo/com/sk89q/worldedit/worldedit-libs/bukkit/7.0.0-SNAPSHOT/maven-metadata.xml
[INFO] Downloading from plotsquared-ci: http://ci.athion.net/job/PlotSquared-Releases/ws/mvn/com/sk89q/worldedit/worldedit-libs/bukkit/7.0.0-SNAPSHOT/maven-metadata.xml
[INFO] Downloading from jitpack.io: https://jitpack.io/com/sk89q/worldedit/worldedit-libs/bukkit/7.0.0-SNAPSHOT/maven-metadata.xml
[INFO] Downloading from bintray-tastybento-maven-repo: http://dl.bintray.com/tastybento/maven-repo/com/sk89q/worldedit/worldedit-libs/bukkit/7.0.0-SNAPSHOT/maven-metadata.xml
[INFO] Downloaded from worldedit-worldguard-repo: http://maven.sk89q.com/repo/com/sk89q/worldedit/worldedit-libs/bukkit/7.0.0-SNAPSHOT/maven-metadata.xml (790 B at 2.0 kB/s)
[INFO] Downloading from massivecore-factions-repo: http://repo.dustplanet.de/artifactory/ext-release-local/com/sk89q/worldedit/worldedit-libs/bukkit/7.0.0-SNAPSHOT/maven-metadata.xml
[INFO] Downloading from FactionsUUID-repo: https://ci.ender.zone/job/FactionsUUID/122/maven-repository/repository/com/sk89q/worldedit/worldedit-libs/bukkit/7.0.0-SNAPSHOT/maven-metadata.xml
[INFO] Downloading from CodeMC: https://repo.codemc.org/repository/maven-public/com/sk89q/worldedit/worldedit-libs/bukkit/7.0.0-SNAPSHOT/maven-metadata.xml
[INFO] Downloading from redprotect-repo: https://raw.github.com/FabioZumbi12/RedProtect/mvn-repo/com/sk89q/worldedit/worldedit-libs/bukkit/7.0.0-SNAPSHOT/bukkit-7.0.0-20190428.145741-9.pom
[INFO] Downloading from papermc: https://papermc.io/repo/repository/maven-public/com/sk89q/worldedit/worldedit-libs/bukkit/7.0.0-SNAPSHOT/bukkit-7.0.0-20190428.145741-9.pom
[INFO] Downloading from spigot-repo: https://hub.spigotmc.org/nexus/content/repositories/snapshots/com/sk89q/worldedit/worldedit-libs/bukkit/7.0.0-SNAPSHOT/bukkit-7.0.0-20190428.145741-9.pom
[INFO] Downloading from worldedit-worldguard-repo: http://maven.sk89q.com/repo/com/sk89q/worldedit/worldedit-libs/bukkit/7.0.0-SNAPSHOT/bukkit-7.0.0-20190428.145741-9.pom
[INFO] Downloaded from worldedit-worldguard-repo: http://maven.sk89q.com/repo/com/sk89q/worldedit/worldedit-libs/bukkit/7.0.0-SNAPSHOT/bukkit-7.0.0-20190428.145741-9.pom (430 B at 1.4 kB/s)
[INFO] Downloading from spigot-repo: https://hub.spigotmc.org/nexus/content/repositories/snapshots/org/bukkit/bukkit/1.13.2-R0.1-SNAPSHOT/maven-metadata.xml
[INFO] Downloading from worldedit-worldguard-repo: http://maven.sk89q.com/repo/org/bukkit/bukkit/1.13.2-R0.1-SNAPSHOT/maven-metadata.xml
[INFO] Downloading from redprotect-repo: https://raw.github.com/FabioZumbi12/RedProtect/mvn-repo/org/bukkit/bukkit/1.13.2-R0.1-SNAPSHOT/maven-metadata.xml
[INFO] Downloading from papermc: https://papermc.io/repo/repository/maven-public/org/bukkit/bukkit/1.13.2-R0.1-SNAPSHOT/maven-metadata.xml
[INFO] Downloading from plotsquared-ci: http://ci.athion.net/job/PlotSquared-Releases/ws/mvn/org/bukkit/bukkit/1.13.2-R0.1-SNAPSHOT/maven-metadata.xml
[INFO] Downloading from jitpack.io: https://jitpack.io/org/bukkit/bukkit/1.13.2-R0.1-SNAPSHOT/maven-metadata.xml
[INFO] Downloading from bintray-tastybento-maven-repo: http://dl.bintray.com/tastybento/maven-repo/org/bukkit/bukkit/1.13.2-R0.1-SNAPSHOT/maven-metadata.xml
[INFO] Downloaded from papermc: https://papermc.io/repo/repository/maven-public/org/bukkit/bukkit/1.13.2-R0.1-SNAPSHOT/maven-metadata.xml (1.5 kB at 3.1 kB/s)
[INFO] Downloading from massivecore-factions-repo: http://repo.dustplanet.de/artifactory/ext-release-local/org/bukkit/bukkit/1.13.2-R0.1-SNAPSHOT/maven-metadata.xml
[INFO] Downloading from FactionsUUID-repo: https://ci.ender.zone/job/FactionsUUID/122/maven-repository/repository/org/bukkit/bukkit/1.13.2-R0.1-SNAPSHOT/maven-metadata.xml
[INFO] Downloaded from spigot-repo: https://hub.spigotmc.org/nexus/content/repositories/snapshots/org/bukkit/bukkit/1.13.2-R0.1-SNAPSHOT/maven-metadata.xml (1.5 kB at 2.5 kB/s)
[INFO] Downloading from CodeMC: https://repo.codemc.org/repository/maven-public/org/bukkit/bukkit/1.13.2-R0.1-SNAPSHOT/maven-metadata.xml
[INFO] Downloading from redprotect-repo: https://raw.github.com/FabioZumbi12/RedProtect/mvn-repo/org/bukkit/bukkit/1.13.2-R0.1-SNAPSHOT/bukkit-1.13.2-R0.1-20190423.030918-214.pom
[INFO] Downloading from papermc: https://papermc.io/repo/repository/maven-public/org/bukkit/bukkit/1.13.2-R0.1-SNAPSHOT/bukkit-1.13.2-R0.1-20190423.030918-214.pom
[INFO] Downloaded from papermc: https://papermc.io/repo/repository/maven-public/org/bukkit/bukkit/1.13.2-R0.1-SNAPSHOT/bukkit-1.13.2-R0.1-20190423.030918-214.pom (7.4 kB at 28 kB/s)
[INFO] Downloading from papermc: https://papermc.io/repo/repository/maven-public/com/sk89q/worldguard/worldguard-legacy/7.0.0-SNAPSHOT/maven-metadata.xml
[INFO] Downloading from worldedit-worldguard-repo: http://maven.sk89q.com/repo/com/sk89q/worldguard/worldguard-legacy/7.0.0-SNAPSHOT/maven-metadata.xml
[INFO] Downloading from spigot-repo: https://hub.spigotmc.org/nexus/content/repositories/snapshots/com/sk89q/worldguard/worldguard-legacy/7.0.0-SNAPSHOT/maven-metadata.xml
[INFO] Downloading from redprotect-repo: https://raw.github.com/FabioZumbi12/RedProtect/mvn-repo/com/sk89q/worldguard/worldguard-legacy/7.0.0-SNAPSHOT/maven-metadata.xml
[INFO] Downloading from plotsquared-ci: http://ci.athion.net/job/PlotSquared-Releases/ws/mvn/com/sk89q/worldguard/worldguard-legacy/7.0.0-SNAPSHOT/maven-metadata.xml
[INFO] Downloading from jitpack.io: https://jitpack.io/com/sk89q/worldguard/worldguard-legacy/7.0.0-SNAPSHOT/maven-metadata.xml
[INFO] Downloading from bintray-tastybento-maven-repo: http://dl.bintray.com/tastybento/maven-repo/com/sk89q/worldguard/worldguard-legacy/7.0.0-SNAPSHOT/maven-metadata.xml
[INFO] Downloading from massivecore-factions-repo: http://repo.dustplanet.de/artifactory/ext-release-local/com/sk89q/worldguard/worldguard-legacy/7.0.0-SNAPSHOT/maven-metadata.xml
[INFO] Downloading from FactionsUUID-repo: https://ci.ender.zone/job/FactionsUUID/122/maven-repository/repository/com/sk89q/worldguard/worldguard-legacy/7.0.0-SNAPSHOT/maven-metadata.xml
[INFO] Downloading from CodeMC: https://repo.codemc.org/repository/maven-public/com/sk89q/worldguard/worldguard-legacy/7.0.0-SNAPSHOT/maven-metadata.xml
[INFO] Downloaded from worldedit-worldguard-repo: http://maven.sk89q.com/repo/com/sk89q/worldguard/worldguard-legacy/7.0.0-SNAPSHOT/maven-metadata.xml (1.2 kB at 2.4 kB/s)
[INFO] Downloading from redprotect-repo: https://raw.github.com/FabioZumbi12/RedProtect/mvn-repo/com/sk89q/worldguard/worldguard-legacy/7.0.0-SNAPSHOT/worldguard-legacy-7.0.0-20190429.011118-74.pom
[INFO] Downloading from papermc: https://papermc.io/repo/repository/maven-public/com/sk89q/worldguard/worldguard-legacy/7.0.0-SNAPSHOT/worldguard-legacy-7.0.0-20190429.011118-74.pom
[INFO] Downloading from spigot-repo: https://hub.spigotmc.org/nexus/content/repositories/snapshots/com/sk89q/worldguard/worldguard-legacy/7.0.0-SNAPSHOT/worldguard-legacy-7.0.0-20190429.011118-74.pom
[INFO] Downloading from worldedit-worldguard-repo: http://maven.sk89q.com/repo/com/sk89q/worldguard/worldguard-legacy/7.0.0-SNAPSHOT/worldguard-legacy-7.0.0-20190429.011118-74.pom
[INFO] Downloaded from worldedit-worldguard-repo: http://maven.sk89q.com/repo/com/sk89q/worldguard/worldguard-legacy/7.0.0-SNAPSHOT/worldguard-legacy-7.0.0-20190429.011118-74.pom (1.8 kB at 6.1 kB/s)
[INFO] Downloading from papermc: https://papermc.io/repo/repository/maven-public/org/bukkit/bukkit/1.13-R0.1-SNAPSHOT/maven-metadata.xml
[INFO] Downloading from worldedit-worldguard-repo: http://maven.sk89q.com/repo/org/bukkit/bukkit/1.13-R0.1-SNAPSHOT/maven-metadata.xml
[INFO] Downloading from redprotect-repo: https://raw.github.com/FabioZumbi12/RedProtect/mvn-repo/org/bukkit/bukkit/1.13-R0.1-SNAPSHOT/maven-metadata.xml
[INFO] Downloading from spigot-repo: https://hub.spigotmc.org/nexus/content/repositories/snapshots/org/bukkit/bukkit/1.13-R0.1-SNAPSHOT/maven-metadata.xml
[INFO] Downloading from plotsquared-ci: http://ci.athion.net/job/PlotSquared-Releases/ws/mvn/org/bukkit/bukkit/1.13-R0.1-SNAPSHOT/maven-metadata.xml
[INFO] Downloaded from papermc: https://papermc.io/repo/repository/maven-public/org/bukkit/bukkit/1.13-R0.1-SNAPSHOT/maven-metadata.xml (1.4 kB at 3.3 kB/s)
[INFO] Downloading from jitpack.io: https://jitpack.io/org/bukkit/bukkit/1.13-R0.1-SNAPSHOT/maven-metadata.xml
[INFO] Downloaded from spigot-repo: https://hub.spigotmc.org/nexus/content/repositories/snapshots/org/bukkit/bukkit/1.13-R0.1-SNAPSHOT/maven-metadata.xml (1.4 kB at 3.1 kB/s)
[INFO] Downloading from bintray-tastybento-maven-repo: http://dl.bintray.com/tastybento/maven-repo/org/bukkit/bukkit/1.13-R0.1-SNAPSHOT/maven-metadata.xml
[INFO] Downloading from massivecore-factions-repo: http://repo.dustplanet.de/artifactory/ext-release-local/org/bukkit/bukkit/1.13-R0.1-SNAPSHOT/maven-metadata.xml
[INFO] Downloading from FactionsUUID-repo: https://ci.ender.zone/job/FactionsUUID/122/maven-repository/repository/org/bukkit/bukkit/1.13-R0.1-SNAPSHOT/maven-metadata.xml
[INFO] Downloading from CodeMC: https://repo.codemc.org/repository/maven-public/org/bukkit/bukkit/1.13-R0.1-SNAPSHOT/maven-metadata.xml
[INFO] Downloading from papermc: https://papermc.io/repo/repository/maven-public/com/sk89q/worldguard/worldguard-core/7.0.0-SNAPSHOT/maven-metadata.xml
[INFO] Downloading from redprotect-repo: https://raw.github.com/FabioZumbi12/RedProtect/mvn-repo/com/sk89q/worldguard/worldguard-core/7.0.0-SNAPSHOT/maven-metadata.xml
[INFO] Downloading from worldedit-worldguard-repo: http://maven.sk89q.com/repo/com/sk89q/worldguard/worldguard-core/7.0.0-SNAPSHOT/maven-metadata.xml
[INFO] Downloading from spigot-repo: https://hub.spigotmc.org/nexus/content/repositories/snapshots/com/sk89q/worldguard/worldguard-core/7.0.0-SNAPSHOT/maven-metadata.xml
[INFO] Downloading from plotsquared-ci: http://ci.athion.net/job/PlotSquared-Releases/ws/mvn/com/sk89q/worldguard/worldguard-core/7.0.0-SNAPSHOT/maven-metadata.xml
[INFO] Downloading from jitpack.io: https://jitpack.io/com/sk89q/worldguard/worldguard-core/7.0.0-SNAPSHOT/maven-metadata.xml
[INFO] Downloading from bintray-tastybento-maven-repo: http://dl.bintray.com/tastybento/maven-repo/com/sk89q/worldguard/worldguard-core/7.0.0-SNAPSHOT/maven-metadata.xml
[INFO] Downloading from massivecore-factions-repo: http://repo.dustplanet.de/artifactory/ext-release-local/com/sk89q/worldguard/worldguard-core/7.0.0-SNAPSHOT/maven-metadata.xml
[INFO] Downloading from FactionsUUID-repo: https://ci.ender.zone/job/FactionsUUID/122/maven-repository/repository/com/sk89q/worldguard/worldguard-core/7.0.0-SNAPSHOT/maven-metadata.xml
[INFO] Downloading from CodeMC: https://repo.codemc.org/repository/maven-public/com/sk89q/worldguard/worldguard-core/7.0.0-SNAPSHOT/maven-metadata.xml
[INFO] Downloaded from worldedit-worldguard-repo: http://maven.sk89q.com/repo/com/sk89q/worldguard/worldguard-core/7.0.0-SNAPSHOT/maven-metadata.xml (1.2 kB at 2.0 kB/s)
[INFO] Downloading from redprotect-repo: https://raw.github.com/FabioZumbi12/RedProtect/mvn-repo/com/sk89q/worldguard/worldguard-core/7.0.0-SNAPSHOT/worldguard-core-7.0.0-20190429.011118-74.pom
[INFO] Downloading from papermc: https://papermc.io/repo/repository/maven-public/com/sk89q/worldguard/worldguard-core/7.0.0-SNAPSHOT/worldguard-core-7.0.0-20190429.011118-74.pom
[INFO] Downloading from spigot-repo: https://hub.spigotmc.org/nexus/content/repositories/snapshots/com/sk89q/worldguard/worldguard-core/7.0.0-SNAPSHOT/worldguard-core-7.0.0-20190429.011118-74.pom
[INFO] Downloading from worldedit-worldguard-repo: http://maven.sk89q.com/repo/com/sk89q/worldguard/worldguard-core/7.0.0-SNAPSHOT/worldguard-core-7.0.0-20190429.011118-74.pom
[INFO] Downloaded from worldedit-worldguard-repo: http://maven.sk89q.com/repo/com/sk89q/worldguard/worldguard-core/7.0.0-SNAPSHOT/worldguard-core-7.0.0-20190429.011118-74.pom (1.9 kB at 5.1 kB/s)
[INFO] Downloading from spigot-repo: https://hub.spigotmc.org/nexus/content/repositories/snapshots/com/sk89q/intake/intake/4.2-SNAPSHOT/maven-metadata.xml
[INFO] Downloading from redprotect-repo: https://raw.github.com/FabioZumbi12/RedProtect/mvn-repo/com/sk89q/intake/intake/4.2-SNAPSHOT/maven-metadata.xml
[INFO] Downloading from papermc: https://papermc.io/repo/repository/maven-public/com/sk89q/intake/intake/4.2-SNAPSHOT/maven-metadata.xml
[INFO] Downloading from worldedit-worldguard-repo: http://maven.sk89q.com/repo/com/sk89q/intake/intake/4.2-SNAPSHOT/maven-metadata.xml
[INFO] Downloading from plotsquared-ci: http://ci.athion.net/job/PlotSquared-Releases/ws/mvn/com/sk89q/intake/intake/4.2-SNAPSHOT/maven-metadata.xml
[INFO] Downloading from jitpack.io: https://jitpack.io/com/sk89q/intake/intake/4.2-SNAPSHOT/maven-metadata.xml
[INFO] Downloaded from worldedit-worldguard-repo: http://maven.sk89q.com/repo/com/sk89q/intake/intake/4.2-SNAPSHOT/maven-metadata.xml (1.2 kB at 3.2 kB/s)
[INFO] Downloading from bintray-tastybento-maven-repo: http://dl.bintray.com/tastybento/maven-repo/com/sk89q/intake/intake/4.2-SNAPSHOT/maven-metadata.xml
[INFO] Downloading from massivecore-factions-repo: http://repo.dustplanet.de/artifactory/ext-release-local/com/sk89q/intake/intake/4.2-SNAPSHOT/maven-metadata.xml
[INFO] Downloading from FactionsUUID-repo: https://ci.ender.zone/job/FactionsUUID/122/maven-repository/repository/com/sk89q/intake/intake/4.2-SNAPSHOT/maven-metadata.xml
[INFO] Downloading from CodeMC: https://repo.codemc.org/repository/maven-public/com/sk89q/intake/intake/4.2-SNAPSHOT/maven-metadata.xml
[INFO] Downloading from spigot-repo: https://hub.spigoading from redprotect-repo: https://raw.github.com/FabioZumbi12/RedProtect/mvn-repo/com/sk89q/worldguard/6.1.1-SNAPSHOT/maven-metadata.xml
[INFO] Downlotmc.org/nexus/content/repositories/snapshots/com/sk89q/worldguard/6.1.1-SNAPSHOT/maven-metadata.xml
[INFO] Downloading from worldedit-worldguard-repo: http://maven.sk89q.com/repo/com/sk89q/worldguard/6.1.1-SNAPSHOT/maven-metadata.xml
[INFO] Downloading from papermc: https://papermc.io/repo/repository/maven-public/com/sk89q/worldguard/6.1.1-SNAPSHOT/maven-metadata.xml
[INFO] Downloading from plotsquared-ci: http://ci.athion.net/job/PlotSquared-Releases/ws/mvn/com/sk89q/worldguard/6.1.1-SNAPSHOT/maven-metadata.xml
[INFO] Downloaded from worldedit-worldguard-repo: http://maven.sk89q.com/repo/com/sk89q/worldguard/6.1.1-SNAPSHOT/maven-metadata.xml (1.7 kB at 6.0 kB/s)
[INFO] Downloading from jitpack.io: https://jitpack.io/com/sk89q/worldguard/6.1.1-SNAPSHOT/maven-metadata.xml
[INFO] Downloading from bintray-tastybento-maven-repo: http://dl.bintray.com/tastybento/maven-repo/com/sk89q/worldguard/6.1.1-SNAPSHOT/maven-metadata.xml
[INFO] Downloading from massivecore-factions-repo: http://repo.dustplanet.de/artifactory/ext-release-local/com/sk89q/worldguard/6.1.1-SNAPSHOT/maven-metadata.xml
[INFO] Downloading from FactionsUUID-repo: https://ci.ender.zone/job/FactionsUUID/122/maven-repository/repository/com/sk89q/worldguard/6.1.1-SNAPSHOT/maven-metadata.xml
[INFO] Downloading from CodeMC: https://repo.codemc.org/repository/maven-public/com/sk89q/worldguard/6.1.1-SNAPSHOT/maven-metadata.xml
[INFO] Downloading from paper-repo: https://repo.destroystokyo.com/repository/maven-public/com/sk89q/worldguard/6.1.1-SNAPSHOT/maven-metadata.xml
[INFO] Downloading from vault-repo: http://nexus.hc.to/content/repositories/pub_releases/com/sk89q/worldguard/6.1.1-SNAPSHOT/maven-metadata.xml
[INFO] Downloading from redprotect-repo: https://raw.github.com/FabioZumbi12/RedProtect/mvn-repo/com/sk89q/spigot/bukkit-classloader-check/1.8-R0.1-SNAPSHOT/maven-metadata.xml
[INFO] Downloading from papermc: https://papermc.io/repo/repository/maven-public/com/sk89q/spigot/bukkit-classloader-check/1.8-R0.1-SNAPSHOT/maven-metadata.xml
[INFO] Downloading from spigot-repo: https://hub.spigotmc.org/nexus/content/repositories/snapshots/com/sk89q/spigot/bukkit-classloader-check/1.8-R0.1-SNAPSHOT/maven-metadata.xml
[INFO] Downloading from worldedit-worldguard-repo: http://maven.sk89q.com/repo/com/sk89q/spigot/bukkit-classloader-check/1.8-R0.1-SNAPSHOT/maven-metadata.xml
[INFO] Downloading from plotsquared-ci: http://ci.athion.net/job/PlotSquared-Releases/ws/mvn/com/sk89q/spigot/bukkit-classloader-check/1.8-R0.1-SNAPSHOT/maven-metadata.xml
[INFO] Downloaded from worldedit-worldguard-repo: http://maven.sk89q.com/repo/com/sk89q/spigot/bukkit-classloader-check/1.8-R0.1-SNAPSHOT/maven-metadata.xml (794 B at 2.9 kB/s)
[INFO] Downloading from jitpack.io: https://jitpack.io/com/sk89q/spigot/bukkit-classloader-check/1.8-R0.1-SNAPSHOT/maven-metadata.xml
[INFO] Downloading from bintray-tastybento-maven-repo: http://dl.bintray.com/tastybento/maven-repo/com/sk89q/spigot/bukkit-classloader-check/1.8-R0.1-SNAPSHOT/maven-metadata.xml
[INFO] Downloading from massivecore-factions-repo: http://repo.dustplanet.de/artifactory/ext-release-local/com/sk89q/spigot/bukkit-classloader-check/1.8-R0.1-SNAPSHOT/maven-metadata.xml
[INFO] Downloading from FactionsUUID-repo: https://ci.ender.zone/job/FactionsUUID/122/maven-repository/repository/com/sk89q/spigot/bukkit-classloader-check/1.8-R0.1-SNAPSHOT/maven-metadata.xml
[INFO] Downloading from CodeMC: https://repo.codemc.org/repository/maven-public/com/sk89q/spigot/bukkit-classloader-check/1.8-R0.1-SNAPSHOT/maven-metadata.xml
[INFO] Downloading from paper-repo: https://repo.destroystokyo.com/repository/maven-public/com/sk89q/spigot/bukkit-classloader-check/1.8-R0.1-SNAPSHOT/maven-metadata.xml
[INFO] Downloading from vault-repo: http://nexus.hc.to/content/repositories/pub_releases/com/sk89q/spigot/bukkit-classloader-check/1.8-R0.1-SNAPSHOT/maven-metadata.xml
[INFO] Downloading from papermc: https://papermc.io/repo/repository/maven-public/org/bukkit/bukkit/1.8.6-R0.1-SNAPSHOT/maven-metadata.xml
[INFO] Downloading from redprotect-repo: https://raw.github.com/FabioZumbi12/RedProtect/mvn-repo/org/bukkit/bukkit/1.8.6-R0.1-SNAPSHOT/maven-metadata.xml
[INFO] Downloading from spigot-repo: https://hub.spigotmc.org/nexus/content/repositories/snapshots/org/bukkit/bukkit/1.8.6-R0.1-SNAPSHOT/maven-metadata.xml
[INFO] Downloading from worldedit-worldguard-repo: http://maven.sk89q.com/repo/org/bukkit/bukkit/1.8.6-R0.1-SNAPSHOT/maven-metadata.xml
[INFO] Downloading from plotsquared-ci: http://ci.athion.net/job/PlotSquared-Releases/ws/mvn/org/bukkit/bukkit/1.8.6-R0.1-SNAPSHOT/maven-metadata.xml
[INFO] Downloaded from papermc: https://papermc.io/repo/repository/maven-public/org/bukkit/bukkit/1.8.6-R0.1-SNAPSHOT/maven-metadata.xml (1.4 kB at 6.0 kB/s)
[INFO] Downloading from jitpack.io: https://jitpack.io/org/bukkit/bukkit/1.8.6-R0.1-SNAPSHOT/maven-metadata.xml
[INFO] Downloading from bintray-tastybento-maven-repo: http://dl.bintray.com/tastybento/maven-repo/org/bukkit/bukkit/1.8.6-R0.1-SNAPSHOT/maven-metadata.xml
[INFO] Downloading from massivecore-factions-repo: http://repo.dustplanet.de/artifactory/ext-release-local/org/bukkit/bukkit/1.8.6-R0.1-SNAPSHOT/maven-metadata.xml
[INFO] Downloading from FactionsUUID-repo: https://ci.ender.zone/job/FactionsUUID/122/maven-repository/repository/org/bukkit/bukkit/1.8.6-R0.1-SNAPSHOT/maven-metadata.xml
[INFO] Downloading from CodeMC: https://repo.codemc.org/repository/maven-public/org/bukkit/bukkit/1.8.6-R0.1-SNAPSHOT/maven-metadata.xml
[INFO] Downloaded from spigot-repo: https://hub.spigotmc.org/nexus/content/repositories/snapshots/org/bukkit/bukkit/1.8.6-R0.1-SNAPSHOT/maven-metadata.xml (1.4 kB at 2.8 kB/s)
[INFO] Downloading from paper-repo: https://repo.destroystokyo.com/repository/maven-public/org/bukkit/bukkit/1.8.6-R0.1-SNAPSHOT/maven-metadata.xml
[INFO] Downloading from vault-repo: http://nexus.hc.to/content/repositories/pub_releases/org/bukkit/bukkit/1.8.6-R0.1-SNAPSHOT/maven-metadata.xml
[INFO] Downloaded from paper-repo: https://repo.destroystokyo.com/repository/maven-public/org/bukkit/bukkit/1.8.6-R0.1-SNAPSHOT/maven-metadata.xml (1.4 kB at 2.9 kB/s)
[INFO] Downloading from papermc: https://papermc.io/repo/repository/maven-public/com/sk89q/worldedit/worldedit-bukkit/6.1.4-SNAPSHOT/maven-metadata.xml
[INFO] Downloading from redprotect-repo: https://raw.github.com/FabioZumbi12/RedProtect/mvn-repo/com/sk89q/worldedit/worldedit-bukkit/6.1.4-SNAPSHOT/maven-metadata.xml
[INFO] Downloading from spigot-repo: https://hub.spigotmc.org/nexus/content/repositories/snapshots/com/sk89q/worldedit/worldedit-bukkit/6.1.4-SNAPSHOT/maven-metadata.xml
[INFO] Downloading from worldedit-worldguard-repo: http://maven.sk89q.com/repo/com/sk89q/worldedit/worldedit-bukkit/6.1.4-SNAPSHOT/maven-metadata.xml
[INFO] Downloading from plotsquared-ci: http://ci.athion.net/job/PlotSquared-Releases/ws/mvn/com/sk89q/worldedit/worldedit-bukkit/6.1.4-SNAPSHOT/maven-metadata.xml
[INFO] Downloading from jitpack.io: https://jitpack.io/com/sk89q/worldedit/worldedit-bukkit/6.1.4-SNAPSHOT/maven-metadata.xml
[INFO] Downloading from bintray-tastybento-maven-repo: http://dl.bintray.com/tastybento/maven-repo/com/sk89q/worldedit/worldedit-bukkit/6.1.4-SNAPSHOT/maven-metadata.xml
[INFO] Downloading from massivecore-factions-repo: http://repo.dustplanet.de/artifactory/ext-release-local/com/sk89q/worldedit/worldedit-bukkit/6.1.4-SNAPSHOT/maven-metadata.xml
[INFO] Downloading from FactionsUUID-repo: https://ci.ender.zone/job/FactionsUUID/122/maven-repository/repository/com/sk89q/worldedit/worldedit-bukkit/6.1.4-SNAPSHOT/maven-metadata.xml
[INFO] Downloaded from worldedit-worldguard-repo: http://maven.sk89q.com/repo/com/sk89q/worldedit/worldedit-bukkit/6.1.4-SNAPSHOT/maven-metadata.xml (1.2 kB at 2.8 kB/s)
[INFO] Downloading from CodeMC: https://repo.codemc.org/repository/maven-public/com/sk89q/worldedit/worldedit-bukkit/6.1.4-SNAPSHOT/maven-metadata.xml
[INFO] Downloading from paper-repo: https://repo.destroystokyo.com/repository/maven-public/com/sk89q/worldedit/worldedit-bukkit/6.1.4-SNAPSHOT/maven-metadata.xml
[INFO] Downloading from vault-repo: http://nexus.hc.to/content/repositories/pub_releases/com/sk89q/worldedit/worldedit-bukkit/6.1.4-SNAPSHOT/maven-metadata.xml
[INFO] Downloading from redprotect-repo: https://raw.github.com/FabioZumbi12/RedProtect/mvn-repo/org/bukkit/bukkit/1.9.4-R0.1-SNAPSHOT/maven-metadata.xml
[INFO] Downloading from worldedit-worldguard-repo: http://maven.sk89q.com/repo/org/bukkit/bukkit/1.9.4-R0.1-SNAPSHOT/maven-metadata.xml
[INFO] Downloading from spigot-repo: https://hub.spigotmc.org/nexus/content/repositories/snapshots/org/bukkit/bukkit/1.9.4-R0.1-SNAPSHOT/maven-metadata.xml
[INFO] Downloading from papermc: https://papermc.io/repo/repository/maven-public/org/bukkit/bukkit/1.9.4-R0.1-SNAPSHOT/maven-metadata.xml
[INFO] Downloading from plotsquared-ci: http://ci.athion.net/job/PlotSquared-Releases/ws/mvn/org/bukkit/bukkit/1.9.4-R0.1-SNAPSHOT/maven-metadata.xml
[INFO] Downloaded from papermc: https://papermc.io/repo/repository/maven-public/org/bukkit/bukkit/1.9.4-R0.1-SNAPSHOT/maven-metadata.xml (1.4 kB at 3.5 kB/s)
[INFO] Downloading from jitpack.io: https://jitpack.io/org/bukkit/bukkit/1.9.4-R0.1-SNAPSHOT/maven-metadata.xml
[INFO] Downloading from bintray-tastybento-maven-repo: http://dl.bintray.com/tastybento/maven-repo/org/bukkit/bukkit/1.9.4-R0.1-SNAPSHOT/maven-metadata.xml
[INFO] Downloaded from spigot-repo: https://hub.spigotmc.org/nexus/content/repositories/snapshots/org/bukkit/bukkit/1.9.4-R0.1-SNAPSHOT/maven-metadata.xml (1.4 kB at 3.4 kB/s)
[INFO] Downloading from massivecore-factions-repo: http://repo.dustplanet.de/artifactory/ext-release-local/org/bukkit/bukkit/1.9.4-R0.1-SNAPSHOT/maven-metadata.xml
[INFO] Downloading from FactionsUUID-repo: https://ci.ender.zone/job/FactionsUUID/122/maven-repository/repository/org/bukkit/bukkit/1.9.4-R0.1-SNAPSHOT/maven-metadata.xml
[INFO] Downloading from CodeMC: https://repo.codemc.org/repository/maven-public/org/bukkit/bukkit/1.9.4-R0.1-SNAPSHOT/maven-metadata.xml
[INFO] Downloading from paper-repo: https://repo.destroystokyo.com/repository/maven-public/org/bukkit/bukkit/1.9.4-R0.1-SNAPSHOT/maven-metadata.xml
[INFO] Downloading from vault-repo: http://nexus.hc.to/content/repositories/pub_releases/org/bukkit/bukkit/1.9.4-R0.1-SNAPSHOT/maven-metadata.xml
[INFO] Downloaded from paper-repo: https://repo.destroystokyo.com/repository/maven-public/org/bukkit/bukkit/1.9.4-R0.1-SNAPSHOT/maven-metadata.xml (1.4 kB at 3.3 kB/s)
[INFO] Downloading from redprotect-repo: https://raw.github.com/FabioZumbi12/RedProtect/mvn-repo/com/sk89q/worldedit/worldedit-core/6.1.4-SNAPSHOT/maven-metadata.xml
[INFO] Downloading from spigot-repo: https://hub.spigotmc.org/nexus/content/repositories/snapshots/com/sk89q/worldedit/worldedit-core/6.1.4-SNAPSHOT/maven-metadata.xml
[INFO] Downloading from papermc: https://papermc.io/repo/repository/maven-public/com/sk89q/worldedit/worldedit-core/6.1.4-SNAPSHOT/maven-metadata.xml
[INFO] Downloading from worldedit-worldguard-repo: http://maven.sk89q.com/repo/com/sk89q/worldedit/worldedit-core/6.1.4-SNAPSHOT/maven-metadata.xml
[INFO] Downloading from plotsquared-ci: http://ci.athion.net/job/PlotSquared-Releases/ws/mvn/com/sk89q/worldedit/worldedit-core/6.1.4-SNAPSHOT/maven-metadata.xml
[INFO] Downloading from jitpack.io: https://jitpack.io/com/sk89q/worldedit/worldedit-core/6.1.4-SNAPSHOT/maven-metadata.xml
[INFO] Downloading from bintray-tastybento-maven-repo: http://dl.bintray.com/tastybento/maven-repo/com/sk89q/worldedit/worldedit-core/6.1.4-SNAPSHOT/maven-metadata.xml
[INFO] Downloading from massivecore-factions-repo: http://repo.dustplanet.de/artifactory/ext-release-local/com/sk89q/worldedit/worldedit-core/6.1.4-SNAPSHOT/maven-metadata.xml
[INFO] Downloading from FactionsUUID-repo: https://ci.ender.zone/job/FactionsUUID/122/maven-repository/repository/com/sk89q/worldedit/worldedit-core/6.1.4-SNAPSHOT/maven-metadata.xml
[INFO] Downloaded from worldedit-worldguard-repo: http://maven.sk89q.com/repo/com/sk89q/worldedit/worldedit-core/6.1.4-SNAPSHOT/maven-metadata.xml (1.2 kB at 2.4 kB/s)
[INFO] Downloading from CodeMC: https://repo.codemc.org/repository/maven-public/com/sk89q/worldedit/worldedit-core/6.1.4-SNAPSHOT/maven-metadata.xml
[INFO] Downloading from paper-repo: https://repo.destroystokyo.com/repository/maven-public/com/sk89q/worldedit/worldedit-core/6.1.4-SNAPSHOT/maven-metadata.xml
[INFO] Downloading from vault-repo: http://nexus.hc.to/content/repositories/pub_releases/com/sk89q/worldedit/worldedit-core/6.1.4-SNAPSHOT/maven-metadata.xml
[INFO] Downloading from papermc: https://papermc.io/repo/repository/maven-public/org/bukkit/bukkit/1.9-R0.1-SNAPSHOT/maven-metadata.xml
[INFO] Downloading from redprotect-repo: https://raw.github.com/FabioZumbi12/RedProtect/mvn-repo/org/bukkit/bukkit/1.9-R0.1-SNAPSHOT/maven-metadata.xml
[INFO] Downloading from spigot-repo: https://hub.spigotmc.org/nexus/content/repositories/snapshots/org/bukkit/bukkit/1.9-R0.1-SNAPSHOT/maven-metadata.xml
[INFO] Downloading from worldedit-worldguard-repo: http://maven.sk89q.com/repo/org/bukkit/bukkit/1.9-R0.1-SNAPSHOT/maven-metadata.xml
[INFO] Downloading from plotsquared-ci: http://ci.athion.net/job/PlotSquared-Releases/ws/mvn/org/bukkit/bukkit/1.9-R0.1-SNAPSHOT/maven-metadata.xml
[INFO] Downloading from jitpack.io: https://jitpack.io/org/bukkit/bukkit/1.9-R0.1-SNAPSHOT/maven-metadata.xml
[INFO] Downloaded from spigot-repo: https://hub.spigotmc.org/nexus/content/repositories/snapshots/org/bukkit/bukkit/1.9-R0.1-SNAPSHOT/maven-metadata.xml (1.4 kB at 3.0 kB/s)
[INFO] Downloading from bintray-tastybento-maven-repo: http://dl.bintray.com/tastybento/maven-repo/org/bukkit/bukkit/1.9-R0.1-SNAPSHOT/maven-metadata.xml
[INFO] Downloaded from papermc: https://papermc.io/repo/repository/maven-public/org/bukkit/bukkit/1.9-R0.1-SNAPSHOT/maven-metadata.xml (1.4 kB at 2.8 kB/s)
[INFO] Downloading from massivecore-factions-repo: http://repo.dustplanet.de/artifactory/ext-release-local/org/bukkit/bukkit/1.9-R0.1-SNAPSHOT/maven-metadata.xml
[INFO] Downloading from FactionsUUID-repo: https://ci.ender.zone/job/FactionsUUID/122/maven-repository/repository/org/bukkit/bukkit/1.9-R0.1-SNAPSHOT/maven-metadata.xml
[INFO] Downloading from CodeMC: https://repo.codemc.org/repository/maven-public/org/bukkit/bukkit/1.9-R0.1-SNAPSHOT/maven-metadata.xml
[INFO] Downloading from paper-repo: https://repo.destroystokyo.com/repository/maven-public/org/bukkit/bukkit/1.9-R0.1-SNAPSHOT/maven-metadata.xml
[INFO] Downloading from vault-repo: http://nexus.hc.to/content/repositories/pub_releases/org/bukkit/bukkit/1.9-R0.1-SNAPSHOT/maven-metadata.xml
[INFO] Downloaded from paper-repo: https://repo.destroystokyo.com/repository/maven-public/org/bukkit/bukkit/1.9-R0.1-SNAPSHOT/maven-metadata.xml (1.4 kB at 1.0 kB/s)
[WARNING] The POM for com.wasteofplastic:askyblock:jar:3.0.8.2 is invalid, transitive dependencies (if any) will not be available, enable debug logging for more details
[WARNING] The POM for com.github.dmulloy2.LWC:lwc:jar:master-4.5.1-g2100b5e-18 is invalid, transitive dependencies (if any) will not be available, enable debug logging for more details
[INFO] Downloading from redprotect-repo: https://raw.github.com/FabioZumbi12/RedProtect/mvn-repo/com/massivecraft/massivecore/MassiveCore/2.13.0/MassiveCore-2.13.0.pom
[INFO] Downloading from papermc: https://papermc.io/repo/repository/maven-public/com/massivecraft/massivecore/MassiveCore/2.13.0/MassiveCore-2.13.0.pom
[INFO] Downloading from spigot-repo: https://hub.spigotmc.org/nexus/content/repositories/snapshots/com/massivecraft/massivecore/MassiveCore/2.13.0/MassiveCore-2.13.0.pom
[INFO] Downloading from worldedit-worldguard-repo: http://maven.sk89q.com/repo/com/massivecraft/massivecore/MassiveCore/2.13.0/MassiveCore-2.13.0.pom
[INFO] Downloading from plotsquared-ci: http://ci.athion.net/job/PlotSquared-Releases/ws/mvn/com/massivecraft/massivecore/MassiveCore/2.13.0/MassiveCore-2.13.0.pom
[INFO] Downloading from jitpack.io: https://jitpack.io/com/massivecraft/massivecore/MassiveCore/2.13.0/MassiveCore-2.13.0.pom
[INFO] Downloading from bintray-tastybento-maven-repo: http://dl.bintray.com/tastybento/maven-repo/com/massivecraft/massivecore/MassiveCore/2.13.0/MassiveCore-2.13.0.pom
[INFO] Downloading from massivecore-factions-repo: http://repo.dustplanet.de/artifactory/ext-release-local/com/massivecraft/massivecore/MassiveCore/2.13.0/MassiveCore-2.13.0.pom
[INFO] Downloading from FactionsUUID-repo: https://ci.ender.zone/job/FactionsUUID/122/maven-repository/repository/com/massivecraft/massivecore/MassiveCore/2.13.0/MassiveCore-2.13.0.pom
[INFO] Downloading from CodeMC: https://repo.codemc.org/repository/maven-public/com/massivecraft/massivecore/MassiveCore/2.13.0/MassiveCore-2.13.0.pom
[INFO] Downloading from central: https://repo.maven.apache.org/maven2/com/massivecraft/massivecore/MassiveCore/2.13.0/MassiveCore-2.13.0.pom
[WARNING] The POM for com.massivecraft.massivecore:MassiveCore:jar:2.13.0 is missing, no dependency information available
[INFO] Downloading from redprotect-repo: https://raw.github.com/FabioZumbi12/RedProtect/mvn-repo/com/massivecraft/factions/Factions/2.13.0/Factions-2.13.0.pom
[INFO] Downloading from papermc: https://papermc.io/repo/repository/maven-public/com/massivecraft/factions/Factions/2.13.0/Factions-2.13.0.pom
[INFO] Downloading from spigot-repo: https://hub.spigotmc.org/nexus/content/repositories/snapshots/com/massivecraft/factions/Factions/2.13.0/Factions-2.13.0.pom
[INFO] Downloading from worldedit-worldguard-repo: http://maven.sk89q.com/repo/com/massivecraft/factions/Factions/2.13.0/Factions-2.13.0.pom
[INFO] Downloading from plotsquared-ci: http://ci.athion.net/job/PlotSquared-Releases/ws/mvn/com/massivecraft/factions/Factions/2.13.0/Factions-2.13.0.pom
[INFO] Downloading from jitpack.io: https://jitpack.io/com/massivecraft/factions/Factions/2.13.0/Factions-2.13.0.pom
[INFO] Downloading from bintray-tastybento-maven-repo: http://dl.bintray.com/tastybento/maven-repo/com/massivecraft/factions/Factions/2.13.0/Factions-2.13.0.pom
[INFO] Downloading from massivecore-factions-repo: http://repo.dustplanet.de/artifactory/ext-release-local/com/massivecraft/factions/Factions/2.13.0/Factions-2.13.0.pom
[INFO] Downloading from FactionsUUID-repo: https://ci.ender.zone/job/FactionsUUID/122/maven-repository/repository/com/massivecraft/factions/Factions/2.13.0/Factions-2.13.0.pom
[INFO] Downloading from CodeMC: https://repo.codemc.org/repository/maven-public/com/massivecraft/factions/Factions/2.13.0/Factions-2.13.0.pom
[INFO] Downloading from central: https://repo.maven.apache.org/maven2/com/massivecraft/factions/Factions/2.13.0/Factions-2.13.0.pom
[WARNING] The POM for com.massivecraft.factions:Factions:jar:2.13.0 is missing, no dependency information available
[INFO] Downloading from spigot-repo: https://hub.spigotmc.org/nexus/content/repositories/snapshots/mkremins/fanciful/0.4.0-SNAPSHOT/maven-metadata.xml
[INFO] Downloading from worldedit-worldguard-repo: http://maven.sk89q.com/repo/mkremins/fanciful/0.4.0-SNAPSHOT/maven-metadata.xml
[INFO] Downloading from redprotect-repo: https://raw.github.com/FabioZumbi12/RedProtect/mvn-repo/mkremins/fanciful/0.4.0-SNAPSHOT/maven-metadata.xml
[INFO] Downloading from papermc: https://papermc.io/repo/repository/maven-public/mkremins/fanciful/0.4.0-SNAPSHOT/maven-metadata.xml
[INFO] Downloading from plotsquared-ci: http://ci.athion.net/job/PlotSquared-Releases/ws/mvn/mkremins/fanciful/0.4.0-SNAPSHOT/maven-metadata.xml
[INFO] Downloading from jitpack.io: https://jitpack.io/mkremins/fanciful/0.4.0-SNAPSHOT/maven-metadata.xml
[INFO] Downloading from bintray-tastybento-maven-repo: http://dl.bintray.com/tastybento/maven-repo/mkremins/fanciful/0.4.0-SNAPSHOT/maven-metadata.xml
[INFO] Downloading from massivecore-factions-repo: http://repo.dustplanet.de/artifactory/ext-release-local/mkremins/fanciful/0.4.0-SNAPSHOT/maven-metadata.xml
[INFO] Downloading from FactionsUUID-repo: https://ci.ender.zone/job/FactionsUUID/122/maven-repository/repository/mkremins/fanciful/0.4.0-SNAPSHOT/maven-metadata.xml
[INFO] Downloading from CodeMC: https://repo.codemc.org/repository/maven-public/mkremins/fanciful/0.4.0-SNAPSHOT/maven-metadata.xml
[INFO] Downloading from vault-repo: http://nexus.hc.to/content/repositories/pub_releases/mkremins/fanciful/0.4.0-SNAPSHOT/maven-metadata.xml
[INFO] Downloading from ess-repo: http://ci.ender.zone/plugin/repository/everything/mkremins/fanciful/0.4.0-SNAPSHOT/maven-metadata.xml
[INFO] Downloading from maven.sk89q.com: http://maven.sk89q.com/repo/mkremins/fanciful/0.4.0-SNAPSHOT/maven-metadata.xml
[INFO] Downloading from repo.mikeprimm.com: http://repo.mikeprimm.com/mkremins/fanciful/0.4.0-SNAPSHOT/maven-metadata.xml
[INFO] Downloading from placeholderapi: http://repo.extendedclip.com/content/repositories/placeholderapi/mkremins/fanciful/0.4.0-SNAPSHOT/maven-metadata.xml
[INFO] Downloading from mvdw-software: http://repo.mvdw-software.be/content/groups/public/mkremins/fanciful/0.4.0-SNAPSHOT/maven-metadata.xml
[INFO] Downloaded from ess-repo: http://ci.ender.zone/plugin/repository/everything/mkremins/fanciful/0.4.0-SNAPSHOT/maven-metadata.xml (609 B at 613 B/s)
[INFO] Downloading from papermc: https://papermc.io/repo/repository/maven-public/com/darkblade12/particleeffect/1.8.0-SNAPSHOT/maven-metadata.xml
[INFO] Downloading from worldedit-worldguard-repo: http://maven.sk89q.com/repo/com/darkblade12/particleeffect/1.8.0-SNAPSHOT/maven-metadata.xml
[INFO] Downloading from redprotect-repo: https://raw.github.com/FabioZumbi12/RedProtect/mvn-repo/com/darkblade12/particleeffect/1.8.0-SNAPSHOT/maven-metadata.xml
[INFO] Downloading from spigot-repo: https://hub.spigotmc.org/nexus/content/repositories/snapshots/com/darkblade12/particleeffect/1.8.0-SNAPSHOT/maven-metadata.xml
[INFO] Downloading from plotsquared-ci: http://ci.athion.net/job/PlotSquared-Releases/ws/mvn/com/darkblade12/particleeffect/1.8.0-SNAPSHOT/maven-metadata.xml
[INFO] Downloading from jitpack.io: https://jitpack.io/com/darkblade12/particleeffect/1.8.0-SNAPSHOT/maven-metadata.xml
[INFO] Downloading from bintray-tastybento-maven-repo: http://dl.bintray.com/tastybento/maven-repo/com/darkblade12/particleeffect/1.8.0-SNAPSHOT/maven-metadata.xml
[INFO] Downloading from massivecore-factions-repo: http://repo.dustplanet.de/artifactory/ext-release-local/com/darkblade12/particleeffect/1.8.0-SNAPSHOT/maven-metadata.xml
[INFO] Downloading from FactionsUUID-repo: https://ci.ender.zone/job/FactionsUUID/122/maven-repository/repository/com/darkblade12/particleeffect/1.8.0-SNAPSHOT/maven-metadata.xml
[INFO] Downloading from CodeMC: https://repo.codemc.org/repository/maven-public/com/darkblade12/particleeffect/1.8.0-SNAPSHOT/maven-metadata.xml
[INFO] Downloading from vault-repo: http://nexus.hc.to/content/repositories/pub_releases/com/darkblade12/particleeffect/1.8.0-SNAPSHOT/maven-metadata.xml
[INFO] Downloading from ess-repo: http://ci.ender.zone/plugin/repository/everything/com/darkblade12/particleeffect/1.8.0-SNAPSHOT/maven-metadata.xml
[INFO] Downloading from maven.sk89q.com: http://maven.sk89q.com/repo/com/darkblade12/particleeffect/1.8.0-SNAPSHOT/maven-metadata.xml
[INFO] Downloading from repo.mikeprimm.com: http://repo.mikeprimm.com/com/darkblade12/particleeffect/1.8.0-SNAPSHOT/maven-metadata.xml
[INFO] Downloading from placeholderapi: http://repo.extendedclip.com/content/repositories/placeholderapi/com/darkblade12/particleeffect/1.8.0-SNAPSHOT/maven-metadata.xml
[INFO] Downloading from mvdw-software: http://repo.mvdw-software.be/content/groups/public/com/darkblade12/particleeffect/1.8.0-SNAPSHOT/maven-metadata.xml
[INFO] Downloaded from ess-repo: http://ci.ender.zone/plugin/repository/everything/com/darkblade12/particleeffect/1.8.0-SNAPSHOT/maven-metadata.xml (622 B at 699 B/s)
[INFO] Downloading from spigot-repo: https://hub.spigotmc.org/nexus/content/repositories/snapshots/org/bukkit/bukkit/maven-metadata.xml
[INFO] Downloading from redprotect-repo: https://raw.github.com/FabioZumbi12/RedProtect/mvn-repo/org/bukkit/bukkit/maven-metadata.xml
[INFO] Downloading from papermc: https://papermc.io/repo/repository/maven-public/org/bukkit/bukkit/maven-metadata.xml
[INFO] Downloading from worldedit-worldguard-repo: http://maven.sk89q.com/repo/org/bukkit/bukkit/maven-metadata.xml
[INFO] Downloaded from papermc: https://papermc.io/repo/repository/maven-public/org/bukkit/bukkit/maven-metadata.xml (1.5 kB at 4.4 kB/s)
[INFO] Downloading from plotsquared-ci: http://ci.athion.net/job/PlotSquared-Releases/ws/mvn/org/bukkit/bukkit/maven-metadata.xml
[INFO] Downloading from jitpack.io: https://jitpack.io/org/bukkit/bukkit/maven-metadata.xml
[INFO] Downloaded from spigot-repo: https://hub.spigotmc.org/nexus/content/repositories/snapshots/org/bukkit/bukkit/maven-metadata.xml (1.5 kB at 3.8 kB/s)
[INFO] Downloading from bintray-tastybento-maven-repo: http://dl.bintray.com/tastybento/maven-repo/org/bukkit/bukkit/maven-metadata.xml
[INFO] Downloaded from worldedit-worldguard-repo: http://maven.sk89q.com/repo/org/bukkit/bukkit/maven-metadata.xml (421 B at 1.0 kB/s)
[INFO] Downloading from massivecore-factions-repo: http://repo.dustplanet.de/artifactory/ext-release-local/org/bukkit/bukkit/maven-metadata.xml
[INFO] Downloading from FactionsUUID-repo: https://ci.ender.zone/job/FactionsUUID/122/maven-repository/repository/org/bukkit/bukkit/maven-metadata.xml
[INFO] Downloading from CodeMC: https://repo.codemc.org/repository/maven-public/org/bukkit/bukkit/maven-metadata.xml
[INFO] Downloading from central: https://repo.maven.apache.org/maven2/org/bukkit/bukkit/maven-metadata.xml
[INFO] Downloading from maven-codearts-jp: http://maven.codearts.jp/org/bukkit/bukkit/maven-metadata.xml
[WARNING] Could not transfer metadata org.bukkit:bukkit/maven-metadata.xml from/to maven-codearts-jp (http://maven.codearts.jp/): maven.codearts.jp: unknown error
[WARNING] Failure to transfer org.bukkit:bukkit/maven-metadata.xml from http://maven.codearts.jp/ was cached in the local repository, resolution will not be reattempted until the update interval of maven-codearts-jp has elapsed or updates are forced. Original error: Could not transfer metadata org.bukkit:bukkit/maven-metadata.xml from/to maven-codearts-jp (http://maven.codearts.jp/): maven.codearts.jp: unknown error
[INFO] Downloading from papermc: https://papermc.io/repo/repository/maven-public/com/github/Sauilitired/Jenkins4J/2.0-SNAPSHOT/maven-metadata.xml
[INFO] Downloading from redprotect-repo: https://raw.github.com/FabioZumbi12/RedProtect/mvn-repo/com/github/Sauilitired/Jenkins4J/2.0-SNAPSHOT/maven-metadata.xml
[INFO] Downloading from spigot-repo: https://hub.spigotmc.org/nexus/content/repositories/snapshots/com/github/Sauilitired/Jenkins4J/2.0-SNAPSHOT/maven-metadata.xml
[INFO] Downloading from worldedit-worldguard-repo: http://maven.sk89q.com/repo/com/github/Sauilitired/Jenkins4J/2.0-SNAPSHOT/maven-metadata.xml
[INFO] Downloading from plotsquared-ci: http://ci.athion.net/job/PlotSquared-Releases/ws/mvn/com/github/Sauilitired/Jenkins4J/2.0-SNAPSHOT/maven-metadata.xml
[INFO] Downloading from jitpack.io: https://jitpack.io/com/github/Sauilitired/Jenkins4J/2.0-SNAPSHOT/maven-metadata.xml
[INFO] Downloading from bintray-tastybento-maven-repo: http://dl.bintray.com/tastybento/maven-repo/com/github/Sauilitired/Jenkins4J/2.0-SNAPSHOT/maven-metadata.xml
[INFO] Downloading from massivecore-factions-repo: http://repo.dustplanet.de/artifactory/ext-release-local/com/github/Sauilitired/Jenkins4J/2.0-SNAPSHOT/maven-metadata.xml
[INFO] Downloading from FactionsUUID-repo: https://ci.ender.zone/job/FactionsUUID/122/maven-repository/repository/com/github/Sauilitired/Jenkins4J/2.0-SNAPSHOT/maven-metadata.xml
[INFO] Downloading from CodeMC: https://repo.codemc.org/repository/maven-public/com/github/Sauilitired/Jenkins4J/2.0-SNAPSHOT/maven-metadata.xml
[WARNING] The POM for br.net.fabiozumbi12.RedProtect:RedProtect-Spigot:jar:7.3.0 is invalid, transitive dependencies (if any) will not be available, enable debug logging for more details
[INFO] Downloading from spigot-repo: https://hub.spigotmc.org/nexus/content/repositories/snapshots/org/bukkit/bukkit/1.14-R0.1-SNAPSHOT/bukkit-1.14-R0.1-20190429.110251-45.jar
[INFO] Downloaded from spigot-repo: https://hub.spigotmc.org/nexus/content/repositories/snapshots/org/bukkit/bukkit/1.14-R0.1-SNAPSHOT/bukkit-1.14-R0.1-20190429.110251-45.jar (1.2 MB at 500 kB/s)
[INFO] Downloading from worldedit-worldguard-repo: http://maven.sk89q.com/repo/com/sk89q/worldedit/worldedit-bukkit/7.0.0-SNAPSHOT/worldedit-bukkit-7.0.0-20190428.145741-124.jar
[INFO] Downloading from worldedit-worldguard-repo: http://maven.sk89q.com/repo/com/sk89q/worldedit/worldedit-core/7.0.0-SNAPSHOT/worldedit-core-7.0.0-20190428.145741-124.jar
[INFO] Downloading from worldedit-worldguard-repo: http://maven.sk89q.com/repo/com/sk89q/worldedit/worldedit-libs/core/7.0.0-SNAPSHOT/core-7.0.0-20190428.145741-9.jar
[INFO] Downloading from worldedit-worldguard-repo: http://maven.sk89q.com/repo/com/sk89q/worldguard/worldguard-legacy/7.0.0-SNAPSHOT/worldguard-legacy-7.0.0-20190429.011118-74.jar
[INFO] Downloading from worldedit-worldguard-repo: http://maven.sk89q.com/repo/com/sk89q/worldedit/worldedit-libs/bukkit/7.0.0-SNAPSHOT/bukkit-7.0.0-20190428.145741-9.jar
[INFO] Downloaded from worldedit-worldguard-repo: http://maven.sk89q.com/repo/com/sk89q/worldedit/worldedit-bukkit/7.0.0-SNAPSHOT/worldedit-bukkit-7.0.0-20190428.145741-124.jar (148 kB at 116 kB/s)
[INFO] Downloading from worldedit-worldguard-repo: http://maven.sk89q.com/repo/com/sk89q/worldguard/worldguard-core/7.0.0-SNAPSHOT/worldguard-core-7.0.0-20190429.011118-74.jar
[INFO] Downloaded from worldedit-worldguard-repo: http://maven.sk89q.com/repo/com/sk89q/worldguard/worldguard-legacy/7.0.0-SNAPSHOT/worldguard-legacy-7.0.0-20190429.011118-74.jar (240 kB at 147 kB/s)
[INFO] Downloaded from worldedit-worldguard-repo: http://maven.sk89q.com/repo/com/sk89q/worldedit/worldedit-libs/core/7.0.0-SNAPSHOT/core-7.0.0-20190428.145741-9.jar (282 kB at 172 kB/s)
[INFO] Downloaded from worldedit-worldguard-repo: http://maven.sk89q.com/repo/com/sk89q/worldedit/worldedit-libs/bukkit/7.0.0-SNAPSHOT/bukkit-7.0.0-20190428.145741-9.jar (103 kB at 61 kB/s)
[INFO] Downloaded from worldedit-worldguard-repo: http://maven.sk89q.com/repo/com/sk89q/worldguard/worldguard-core/7.0.0-SNAPSHOT/worldguard-core-7.0.0-20190429.011118-74.jar (770 kB at 219 kB/s)
[INFO] Downloaded from worldedit-worldguard-repo: http://maven.sk89q.com/repo/com/sk89q/worldedit/worldedit-core/7.0.0-SNAPSHOT/worldedit-core-7.0.0-20190428.145741-124.jar (1.2 MB at 284 kB/s)
[INFO] 
[INFO] --- maven-resources-plugin:2.6:resources (default-resources) @ CS-CoreLib ---
[INFO] Using 'UTF-8' encoding to copy filtered resources.
[INFO] Copying 2 resources
[INFO] 
[INFO] --- maven-compiler-plugin:3.1:compile (default-compile) @ CS-CoreLib ---
[INFO] Changes detected - recompiling the module!
[INFO] Compiling 103 source files to /home/pi/Desktop/Build Server/TheBusyBiscuit/CS-CoreLib/master/files/target/classes
[WARNING] /home/pi/Desktop/Build Server/TheBusyBiscuit/CS-CoreLib/master/files/src/me/mrCookieSlime/CSCoreLibPlugin/general/World/FakeItem.java: Some input files use or override a deprecated API.
[WARNING] /home/pi/Desktop/Build Server/TheBusyBiscuit/CS-CoreLib/master/files/src/me/mrCookieSlime/CSCoreLibPlugin/general/World/FakeItem.java: Recompile with -Xlint:deprecation for details.
[INFO] 
[INFO] --- maven-resources-plugin:2.6:testResources (default-testResources) @ CS-CoreLib ---
[INFO] Using 'UTF-8' encoding to copy filtered resources.
[INFO] skip non existing resourceDirectory /home/pi/Desktop/Build Server/TheBusyBiscuit/CS-CoreLib/master/files/tests/resources
[INFO] 
[INFO] --- maven-compiler-plugin:3.1:testCompile (default-testCompile) @ CS-CoreLib ---
[INFO] No sources to compile
[INFO] 
[INFO] --- maven-surefire-plugin:2.12.4:test (default-test) @ CS-CoreLib ---
[INFO] No tests to run.
[INFO] 
[INFO] --- maven-jar-plugin:2.4:jar (default-jar) @ CS-CoreLib ---
[INFO] Building jar: /home/pi/Desktop/Build Server/TheBusyBiscuit/CS-CoreLib/master/files/target/CS-CoreLib-39.jar
[INFO] 
[INFO] --- maven-shade-plugin:3.1.0:shade (default) @ CS-CoreLib ---
[INFO] Excluding com.google.guava:guava:jar:21.0 from the shaded jar.
[INFO] Excluding com.google.code.gson:gson:jar:2.8.0 from the shaded jar.
[INFO] Excluding org.yaml:snakeyaml:jar:1.23 from the shaded jar.
[INFO] Excluding com.sk89q.worldedit:worldedit-core:jar:7.0.0-SNAPSHOT from the shaded jar.
[INFO] Excluding com.sk89q.worldedit.worldedit-libs:core:jar:7.0.0-SNAPSHOT from the shaded jar.
[INFO] Excluding de.schlichtherle:truezip:jar:6.8.3 from the shaded jar.
[INFO] Excluding rhino:js:jar:1.7R2 from the shaded jar.
[INFO] Excluding com.google.code.findbugs:jsr305:jar:1.3.9 from the shaded jar.
[INFO] Excluding org.slf4j:slf4j-api:jar:1.7.26 from the shaded jar.
[INFO] Excluding com.googlecode.json-simple:json-simple:jar:1.1.1 from the shaded jar.
[INFO] Excluding junit:junit:jar:4.10 from the shaded jar.
[INFO] Excluding org.hamcrest:hamcrest-core:jar:1.1 from the shaded jar.
[INFO] Excluding org.apache.logging.log4j:log4j-core:jar:2.8.2 from the shaded jar.
[INFO] Excluding org.apache.logging.log4j:log4j-api:jar:2.8.2 from the shaded jar.
[INFO] Excluding com.wasteofplastic:askyblock:jar:3.0.8.2 from the shaded jar.
[INFO] Excluding com.github.dmulloy2.LWC:lwc:jar:master-4.5.1-g2100b5e-18 from the shaded jar.
[INFO] Excluding com.massivecraft.massivecore:MassiveCore:jar:2.13.0 from the shaded jar.
[INFO] Excluding com.massivecraft.factions:Factions:jar:2.13.0 from the shaded jar.
[INFO] Excluding com.massivecraft:Factions:jar:1.6.9.5-U0.2.2 from the shaded jar.
[INFO] Excluding mkremins:fanciful:jar:0.4.0-SNAPSHOT from the shaded jar.
[INFO] Excluding com.darkblade12:particleeffect:jar:1.8.0-SNAPSHOT from the shaded jar.
[INFO] Excluding com.github.LlmDl:Towny:jar:2aeeb30903 from the shaded jar.
[INFO] Excluding com.github.fubira:Lockette:jar:9dac96e8f8 from the shaded jar.
[INFO] Excluding com.github.intellectualsites.plotsquared:PlotSquared-API:jar:4.226 from the shaded jar.
[INFO] Excluding org.projectlombok:lombok:jar:1.18.4 from the shaded jar.
[INFO] Excluding com.github.Sauilitired:Jenkins4J:jar:2.0-SNAPSHOT from the shaded jar.
[INFO] Excluding com.squareup.retrofit2:retrofit:jar:2.4.0 from the shaded jar.
[INFO] Excluding org.jetbrains:annotations:jar:16.0.3 from the shaded jar.
[INFO] Excluding com.squareup.okhttp3:okhttp:jar:3.14.0 from the shaded jar.
[INFO] Excluding com.squareup.okio:okio:jar:2.2.2 from the shaded jar.
[INFO] Excluding org.jetbrains.kotlin:kotlin-stdlib:jar:1.3.21 from the shaded jar.
[INFO] Excluding org.jetbrains.kotlin:kotlin-stdlib-common:jar:1.3.21 from the shaded jar.
[INFO] Including org.bstats:bstats-bukkit:jar:1.4 in the shaded jar.
[INFO] Replacing original artifact with shaded artifact.
[INFO] Replacing /home/pi/Desktop/Build Server/TheBusyBiscuit/CS-CoreLib/master/files/target/CS-CoreLib-39.jar with /home/pi/Desktop/Build Server/TheBusyBiscuit/CS-CoreLib/master/files/target/CS-CoreLib-DEV - 39 (git cc6a7de0)-shaded.jar
[INFO] Dependency-reduced POM written at: /home/pi/Desktop/Build Server/TheBusyBiscuit/CS-CoreLib/master/files/dependency-reduced-pom.xml
[INFO] ------------------------------------------------------------------------
[INFO] BUILD SUCCESS
[INFO] ------------------------------------------------------------------------
[INFO] Total time:  01:28 min
[INFO] Finished at: 2019-04-29T19:50:15+02:00
[INFO] ------------------------------------------------------------------------
