[INFO] Scanning for projects...
[WARNING] 
[WARNING] Some problems were encountered while building the effective model for me.mrCookieSlime:CS-CoreLib:jar:DEV - 67 (git 1bd1883b)
[WARNING] 'dependencies.dependency.systemPath' for com.massivecraft.massivecore:MassiveCore:jar should not point at files within the project directory, ${project.basedir}/lib/MassiveCore.jar will be unresolvable by dependent projects @ line 1, column 4067
[WARNING] 'dependencies.dependency.systemPath' for com.massivecraft.factions:Factions:jar should not point at files within the project directory, ${project.basedir}/lib/Factions.jar will be unresolvable by dependent projects @ line 1, column 4278
[WARNING] 
[WARNING] It is highly recommended to fix these problems because they threaten the stability of your build.
[WARNING] 
[WARNING] For this reason, future Maven versions might no longer support building such malformed projects.
[WARNING] 
[INFO] 
[INFO] --------------------< me.mrCookieSlime:CS-CoreLib >---------------------
[INFO] Building CS-CoreLib DEV - 67 (git 1bd1883b)
[INFO] --------------------------------[ jar ]---------------------------------
[INFO] Downloading from plotsquared-ci: http://ci.athion.net/job/PlotSquared-Releases/ws/mvn/org/bukkit/bukkit/1.14-R0.1-SNAPSHOT/maven-metadata.xml
[INFO] Downloading from spigot-repo: https://hub.spigotmc.org/nexus/content/repositories/snapshots/org/bukkit/bukkit/1.14-R0.1-SNAPSHOT/maven-metadata.xml
[INFO] Downloading from papermc: https://papermc.io/repo/repository/maven-public/org/bukkit/bukkit/1.14-R0.1-SNAPSHOT/maven-metadata.xml
[INFO] Downloading from worldedit-worldguard-repo: http://maven.sk89q.com/repo/org/bukkit/bukkit/1.14-R0.1-SNAPSHOT/maven-metadata.xml
[INFO] Downloading from redprotect-repo: https://raw.github.com/FabioZumbi12/RedProtect/mvn-repo/org/bukkit/bukkit/1.14-R0.1-SNAPSHOT/maven-metadata.xml
[INFO] Downloading from bintray-tastybento-maven-repo: http://dl.bintray.com/tastybento/maven-repo/org/bukkit/bukkit/1.14-R0.1-SNAPSHOT/maven-metadata.xml
[INFO] Downloading from jitpack.io: https://jitpack.io/org/bukkit/bukkit/1.14-R0.1-SNAPSHOT/maven-metadata.xml
[INFO] Downloaded from papermc: https://papermc.io/repo/repository/maven-public/org/bukkit/bukkit/1.14-R0.1-SNAPSHOT/maven-metadata.xml (1.4 kB at 478 B/s)
[INFO] Downloading from FactionsUUID-repo: https://ci.ender.zone/job/FactionsUUID/122/maven-repository/repository/org/bukkit/bukkit/1.14-R0.1-SNAPSHOT/maven-metadata.xml
[INFO] Downloaded from spigot-repo: https://hub.spigotmc.org/nexus/content/repositories/snapshots/org/bukkit/bukkit/1.14-R0.1-SNAPSHOT/maven-metadata.xml (1.4 kB at 470 B/s)
[INFO] Downloading from CodeMC: https://repo.codemc.org/repository/maven-public/org/bukkit/bukkit/1.14-R0.1-SNAPSHOT/maven-metadata.xml
[INFO] Downloading from papermc: https://papermc.io/repo/repository/maven-public/org/bukkit/bukkit/1.13.2-R0.1-SNAPSHOT/maven-metadata.xml
[INFO] Downloading from worldedit-worldguard-repo: http://maven.sk89q.com/repo/org/bukkit/bukkit/1.13.2-R0.1-SNAPSHOT/maven-metadata.xml
[INFO] Downloading from spigot-repo: https://hub.spigotmc.org/nexus/content/repositories/snapshots/org/bukkit/bukkit/1.13.2-R0.1-SNAPSHOT/maven-metadata.xml
[INFO] Downloading from plotsquared-ci: http://ci.athion.net/job/PlotSquared-Releases/ws/mvn/org/bukkit/bukkit/1.13.2-R0.1-SNAPSHOT/maven-metadata.xml
[INFO] Downloading from redprotect-repo: https://raw.github.com/FabioZumbi12/RedProtect/mvn-repo/org/bukkit/bukkit/1.13.2-R0.1-SNAPSHOT/maven-metadata.xml
[INFO] Downloaded from papermc: https://papermc.io/repo/repository/maven-public/org/bukkit/bukkit/1.13.2-R0.1-SNAPSHOT/maven-metadata.xml (1.5 kB at 5.0 kB/s)
[INFO] Downloading from bintray-tastybento-maven-repo: http://dl.bintray.com/tastybento/maven-repo/org/bukkit/bukkit/1.13.2-R0.1-SNAPSHOT/maven-metadata.xml
[INFO] Downloading from jitpack.io: https://jitpack.io/org/bukkit/bukkit/1.13.2-R0.1-SNAPSHOT/maven-metadata.xml
[INFO] Downloaded from spigot-repo: https://hub.spigotmc.org/nexus/content/repositories/snapshots/org/bukkit/bukkit/1.13.2-R0.1-SNAPSHOT/maven-metadata.xml (1.5 kB at 4.0 kB/s)
[INFO] Downloading from FactionsUUID-repo: https://ci.ender.zone/job/FactionsUUID/122/maven-repository/repository/org/bukkit/bukkit/1.13.2-R0.1-SNAPSHOT/maven-metadata.xml
[INFO] Downloading from CodeMC: https://repo.codemc.org/repository/maven-public/org/bukkit/bukkit/1.13.2-R0.1-SNAPSHOT/maven-metadata.xml
[INFO] Downloading from worldedit-worldguard-repo: http://maven.sk89q.com/repo/com/sk89q/worldguard/worldguard-legacy/7.0.0-SNAPSHOT/maven-metadata.xml
[INFO] Downloading from plotsquared-ci: http://ci.athion.net/job/PlotSquared-Releases/ws/mvn/com/sk89q/worldguard/worldguard-legacy/7.0.0-SNAPSHOT/maven-metadata.xml
[INFO] Downloading from papermc: https://papermc.io/repo/repository/maven-public/com/sk89q/worldguard/worldguard-legacy/7.0.0-SNAPSHOT/maven-metadata.xml
[INFO] Downloading from spigot-repo: https://hub.spigotmc.org/nexus/content/repositories/snapshots/com/sk89q/worldguard/worldguard-legacy/7.0.0-SNAPSHOT/maven-metadata.xml
[INFO] Downloading from redprotect-repo: https://raw.github.com/FabioZumbi12/RedProtect/mvn-repo/com/sk89q/worldguard/worldguard-legacy/7.0.0-SNAPSHOT/maven-metadata.xml
[INFO] Downloading from bintray-tastybento-maven-repo: http://dl.bintray.com/tastybento/maven-repo/com/sk89q/worldguard/worldguard-legacy/7.0.0-SNAPSHOT/maven-metadata.xml
[INFO] Downloading from jitpack.io: https://jitpack.io/com/sk89q/worldguard/worldguard-legacy/7.0.0-SNAPSHOT/maven-metadata.xml
[INFO] Downloading from FactionsUUID-repo: https://ci.ender.zone/job/FactionsUUID/122/maven-repository/repository/com/sk89q/worldguard/worldguard-legacy/7.0.0-SNAPSHOT/maven-metadata.xml
[INFO] Downloading from CodeMC: https://repo.codemc.org/repository/maven-public/com/sk89q/worldguard/worldguard-legacy/7.0.0-SNAPSHOT/maven-metadata.xml
[INFO] Downloaded from worldedit-worldguard-repo: http://maven.sk89q.com/repo/com/sk89q/worldguard/worldguard-legacy/7.0.0-SNAPSHOT/maven-metadata.xml (1.2 kB at 2.9 kB/s)
[INFO] Downloading from worldedit-worldguard-repo: http://maven.sk89q.com/repo/org/bukkit/bukkit/1.13-R0.1-SNAPSHOT/maven-metadata.xml
[INFO] Downloading from spigot-repo: https://hub.spigotmc.org/nexus/content/repositories/snapshots/org/bukkit/bukkit/1.13-R0.1-SNAPSHOT/maven-metadata.xml
[INFO] Downloading from papermc: https://papermc.io/repo/repository/maven-public/org/bukkit/bukkit/1.13-R0.1-SNAPSHOT/maven-metadata.xml
[INFO] Downloading from plotsquared-ci: http://ci.athion.net/job/PlotSquared-Releases/ws/mvn/org/bukkit/bukkit/1.13-R0.1-SNAPSHOT/maven-metadata.xml
[INFO] Downloading from redprotect-repo: https://raw.github.com/FabioZumbi12/RedProtect/mvn-repo/org/bukkit/bukkit/1.13-R0.1-SNAPSHOT/maven-metadata.xml
[INFO] Downloading from bintray-tastybento-maven-repo: http://dl.bintray.com/tastybento/maven-repo/org/bukkit/bukkit/1.13-R0.1-SNAPSHOT/maven-metadata.xml
[INFO] Downloading from jitpack.io: https://jitpack.io/org/bukkit/bukkit/1.13-R0.1-SNAPSHOT/maven-metadata.xml
[INFO] Downloaded from papermc: https://papermc.io/repo/repository/maven-public/org/bukkit/bukkit/1.13-R0.1-SNAPSHOT/maven-metadata.xml (1.4 kB at 4.0 kB/s)
[INFO] Downloading from FactionsUUID-repo: https://ci.ender.zone/job/FactionsUUID/122/maven-repository/repository/org/bukkit/bukkit/1.13-R0.1-SNAPSHOT/maven-metadata.xml
[INFO] Downloading from CodeMC: https://repo.codemc.org/repository/maven-public/org/bukkit/bukkit/1.13-R0.1-SNAPSHOT/maven-metadata.xml
[INFO] Downloaded from spigot-repo: https://hub.spigotmc.org/nexus/content/repositories/snapshots/org/bukkit/bukkit/1.13-R0.1-SNAPSHOT/maven-metadata.xml (1.4 kB at 2.8 kB/s)
[INFO] Downloading from papermc: https://papermc.io/repo/repository/maven-public/com/sk89q/worldedit/worldedit-bukkit/7.0.0-SNAPSHOT/maven-metadata.xml
[INFO] Downloading from spigot-repo: https://hub.spigotmc.org/nexus/content/repositories/snapshots/com/sk89q/worldedit/worldedit-bukkit/7.0.0-SNAPSHOT/maven-metadata.xml
[INFO] Downloading from plotsquared-ci: http://ci.athion.net/job/PlotSquared-Releases/ws/mvn/com/sk89q/worldedit/worldedit-bukkit/7.0.0-SNAPSHOT/maven-metadata.xml
[INFO] Downloading from worldedit-worldguard-repo: http://maven.sk89q.com/repo/com/sk89q/worldedit/worldedit-bukkit/7.0.0-SNAPSHOT/maven-metadata.xml
[INFO] Downloading from redprotect-repo: https://raw.github.com/FabioZumbi12/RedProtect/mvn-repo/com/sk89q/worldedit/worldedit-bukkit/7.0.0-SNAPSHOT/maven-metadata.xml
[INFO] Downloading from bintray-tastybento-maven-repo: http://dl.bintray.com/tastybento/maven-repo/com/sk89q/worldedit/worldedit-bukkit/7.0.0-SNAPSHOT/maven-metadata.xml
[INFO] Downloading from jitpack.io: https://jitpack.io/com/sk89q/worldedit/worldedit-bukkit/7.0.0-SNAPSHOT/maven-metadata.xml
[INFO] Downloading from FactionsUUID-repo: https://ci.ender.zone/job/FactionsUUID/122/maven-repository/repository/com/sk89q/worldedit/worldedit-bukkit/7.0.0-SNAPSHOT/maven-metadata.xml
[INFO] Downloading from CodeMC: https://repo.codemc.org/repository/maven-public/com/sk89q/worldedit/worldedit-bukkit/7.0.0-SNAPSHOT/maven-metadata.xml
[INFO] Downloaded from worldedit-worldguard-repo: http://maven.sk89q.com/repo/com/sk89q/worldedit/worldedit-bukkit/7.0.0-SNAPSHOT/maven-metadata.xml (1.2 kB at 2.2 kB/s)
[INFO] Downloading from papermc: https://papermc.io/repo/repository/maven-public/com/sk89q/worldedit/worldedit-core/7.0.0-SNAPSHOT/maven-metadata.xml
[INFO] Downloading from worldedit-worldguard-repo: http://maven.sk89q.com/repo/com/sk89q/worldedit/worldedit-core/7.0.0-SNAPSHOT/maven-metadata.xml
[INFO] Downloading from spigot-repo: https://hub.spigotmc.org/nexus/content/repositories/snapshots/com/sk89q/worldedit/worldedit-core/7.0.0-SNAPSHOT/maven-metadata.xml
[INFO] Downloading from plotsquared-ci: http://ci.athion.net/job/PlotSquared-Releases/ws/mvn/com/sk89q/worldedit/worldedit-core/7.0.0-SNAPSHOT/maven-metadata.xml
[INFO] Downloading from redprotect-repo: https://raw.github.com/FabioZumbi12/RedProtect/mvn-repo/com/sk89q/worldedit/worldedit-core/7.0.0-SNAPSHOT/maven-metadata.xml
[INFO] Downloading from bintray-tastybento-maven-repo: http://dl.bintray.com/tastybento/maven-repo/com/sk89q/worldedit/worldedit-core/7.0.0-SNAPSHOT/maven-metadata.xml
[INFO] Downloading from jitpack.io: https://jitpack.io/com/sk89q/worldedit/worldedit-core/7.0.0-SNAPSHOT/maven-metadata.xml
[INFO] Downloading from FactionsUUID-repo: https://ci.ender.zone/job/FactionsUUID/122/maven-repository/repository/com/sk89q/worldedit/worldedit-core/7.0.0-SNAPSHOT/maven-metadata.xml
[INFO] Downloaded from worldedit-worldguard-repo: http://maven.sk89q.com/repo/com/sk89q/worldedit/worldedit-core/7.0.0-SNAPSHOT/maven-metadata.xml (1.2 kB at 3.0 kB/s)
[INFO] Downloading from CodeMC: https://repo.codemc.org/repository/maven-public/com/sk89q/worldedit/worldedit-core/7.0.0-SNAPSHOT/maven-metadata.xml
[INFO] Downloading from papermc: https://papermc.io/repo/repository/maven-public/com/sk89q/worldedit/worldedit-libs/core/7.0.0-SNAPSHOT/maven-metadata.xml
[INFO] Downloading from spigot-repo: https://hub.spigotmc.org/nexus/content/repositories/snapshots/com/sk89q/worldedit/worldedit-libs/core/7.0.0-SNAPSHOT/maven-metadata.xml
[INFO] Downloading from plotsquared-ci: http://ci.athion.net/job/PlotSquared-Releases/ws/mvn/com/sk89q/worldedit/worldedit-libs/core/7.0.0-SNAPSHOT/maven-metadata.xml
[INFO] Downloading from worldedit-worldguard-repo: http://maven.sk89q.com/repo/com/sk89q/worldedit/worldedit-libs/core/7.0.0-SNAPSHOT/maven-metadata.xml
[INFO] Downloading from redprotect-repo: https://raw.github.com/FabioZumbi12/RedProtect/mvn-repo/com/sk89q/worldedit/worldedit-libs/core/7.0.0-SNAPSHOT/maven-metadata.xml
[INFO] Downloading from bintray-tastybento-maven-repo: http://dl.bintray.com/tastybento/maven-repo/com/sk89q/worldedit/worldedit-libs/core/7.0.0-SNAPSHOT/maven-metadata.xml
[INFO] Downloading from jitpack.io: https://jitpack.io/com/sk89q/worldedit/worldedit-libs/core/7.0.0-SNAPSHOT/maven-metadata.xml
[INFO] Downloaded from worldedit-worldguard-repo: http://maven.sk89q.com/repo/com/sk89q/worldedit/worldedit-libs/core/7.0.0-SNAPSHOT/maven-metadata.xml (791 B at 2.6 kB/s)
[INFO] Downloading from FactionsUUID-repo: https://ci.ender.zone/job/FactionsUUID/122/maven-repository/repository/com/sk89q/worldedit/worldedit-libs/core/7.0.0-SNAPSHOT/maven-metadata.xml
[INFO] Downloading from CodeMC: https://repo.codemc.org/repository/maven-public/com/sk89q/worldedit/worldedit-libs/core/7.0.0-SNAPSHOT/maven-metadata.xml
[INFO] Downloading from worldedit-worldguard-repo: http://maven.sk89q.com/repo/com/sk89q/worldedit/worldedit-libs/bukkit/7.0.0-SNAPSHOT/maven-metadata.xml
[INFO] Downloading from spigot-repo: https://hub.spigotmc.org/nexus/content/repositories/snapshots/com/sk89q/worldedit/worldedit-libs/bukkit/7.0.0-SNAPSHOT/maven-metadata.xml
[INFO] Downloading from plotsquared-ci: http://ci.athion.net/job/PlotSquared-Releases/ws/mvn/com/sk89q/worldedit/worldedit-libs/bukkit/7.0.0-SNAPSHOT/maven-metadata.xml
[INFO] Downloading from papermc: https://papermc.io/repo/repository/maven-public/com/sk89q/worldedit/worldedit-libs/bukkit/7.0.0-SNAPSHOT/maven-metadata.xml
[INFO] Downloading from redprotect-repo: https://raw.github.com/FabioZumbi12/RedProtect/mvn-repo/com/sk89q/worldedit/worldedit-libs/bukkit/7.0.0-SNAPSHOT/maven-metadata.xml
[INFO] Downloading from bintray-tastybento-maven-repo: http://dl.bintray.com/tastybento/maven-repo/com/sk89q/worldedit/worldedit-libs/bukkit/7.0.0-SNAPSHOT/maven-metadata.xml
[INFO] Downloading from jitpack.io: https://jitpack.io/com/sk89q/worldedit/worldedit-libs/bukkit/7.0.0-SNAPSHOT/maven-metadata.xml
[INFO] Downloaded from worldedit-worldguard-repo: http://maven.sk89q.com/repo/com/sk89q/worldedit/worldedit-libs/bukkit/7.0.0-SNAPSHOT/maven-metadata.xml (793 B at 2.0 kB/s)
[INFO] Downloading from FactionsUUID-repo: https://ci.ender.zone/job/FactionsUUID/122/maven-repository/repository/com/sk89q/worldedit/worldedit-libs/bukkit/7.0.0-SNAPSHOT/maven-metadata.xml
[INFO] Downloading from CodeMC: https://repo.codemc.org/repository/maven-public/com/sk89q/worldedit/worldedit-libs/bukkit/7.0.0-SNAPSHOT/maven-metadata.xml
[INFO] Downloading from papermc: https://papermc.io/repo/repository/maven-public/com/sk89q/worldguard/worldguard-core/7.0.0-SNAPSHOT/maven-metadata.xml
[INFO] Downloading from spigot-repo: https://hub.spigotmc.org/nexus/content/repositories/snapshots/com/sk89q/worldguard/worldguard-core/7.0.0-SNAPSHOT/maven-metadata.xml
[INFO] Downloading from worldedit-worldguard-repo: http://maven.sk89q.com/repo/com/sk89q/worldguard/worldguard-core/7.0.0-SNAPSHOT/maven-metadata.xml
[INFO] Downloading from plotsquared-ci: http://ci.athion.net/job/PlotSquared-Releases/ws/mvn/com/sk89q/worldguard/worldguard-core/7.0.0-SNAPSHOT/maven-metadata.xml
[INFO] Downloading from redprotect-repo: https://raw.github.com/FabioZumbi12/RedProtect/mvn-repo/com/sk89q/worldguard/worldguard-core/7.0.0-SNAPSHOT/maven-metadata.xml
[INFO] Downloading from bintray-tastybento-maven-repo: http://dl.bintray.com/tastybento/maven-repo/com/sk89q/worldguard/worldguard-core/7.0.0-SNAPSHOT/maven-metadata.xml
[INFO] Downloading from jitpack.io: https://jitpack.io/com/sk89q/worldguard/worldguard-core/7.0.0-SNAPSHOT/maven-metadata.xml
[INFO] Downloading from FactionsUUID-repo: https://ci.ender.zone/job/FactionsUUID/122/maven-repository/repository/com/sk89q/worldguard/worldguard-core/7.0.0-SNAPSHOT/maven-metadata.xml
[INFO] Downloaded from worldedit-worldguard-repo: http://maven.sk89q.com/repo/com/sk89q/worldguard/worldguard-core/7.0.0-SNAPSHOT/maven-metadata.xml (1.2 kB at 3.3 kB/s)
[INFO] Downloading from CodeMC: https://repo.codemc.org/repository/maven-public/com/sk89q/worldguard/worldguard-core/7.0.0-SNAPSHOT/maven-metadata.xml
[INFO] Downloading from worldedit-worldguard-repo: http://maven.sk89q.com/repo/com/sk89q/intake/intake/4.2-SNAPSHOT/maven-metadata.xml
[INFO] Downloading from spigot-repo: https://hub.spigotmc.org/nexus/content/repositories/snapshots/com/sk89q/intake/intake/4.2-SNAPSHOT/maven-metadata.xml
[INFO] Downloading from papermc: https://papermc.io/repo/repository/maven-public/com/sk89q/intake/intake/4.2-SNAPSHOT/maven-metadata.xml
[INFO] Downloading from plotsquared-ci: http://ci.athion.net/job/PlotSquared-Releases/ws/mvn/com/sk89q/intake/intake/4.2-SNAPSHOT/maven-metadata.xml
[INFO] Downloading from redprotect-repo: https://raw.github.com/FabioZumbi12/RedProtect/mvn-repo/com/sk89q/intake/intake/4.2-SNAPSHOT/maven-metadata.xml
[INFO] Downloading from bintray-tastybento-maven-repo: http://dl.bintray.com/tastybento/maven-repo/com/sk89q/intake/intake/4.2-SNAPSHOT/maven-metadata.xml
[INFO] Downloaded from worldedit-worldguard-repo: http://maven.sk89q.com/repo/com/sk89q/intake/intake/4.2-SNAPSHOT/maven-metadata.xml (1.2 kB at 4.0 kB/s)
[INFO] Downloading from jitpack.io: https://jitpack.io/com/sk89q/intake/intake/4.2-SNAPSHOT/maven-metadata.xml
[INFO] Downloading from FactionsUUID-repo: https://ci.ender.zone/job/FactionsUUID/122/maven-repository/repository/com/sk89q/intake/intake/4.2-SNAPSHOT/maven-metadata.xml
[INFO] Downloading from CodeMC: https://repo.codemc.org/repository/maven-public/com/sk89q/intake/intake/4.2-SNAPSHOT/maven-metadata.xml
[WARNING] The POM for com.wasteofplastic:askyblock:jar:3.0.9.4 is invalid, transitive dependencies (if any) will not be available, enable debug logging for more details
[WARNING] The POM for com.github.dmulloy2.LWC:lwc:jar:master-4.5.1-g2100b5e-18 is invalid, transitive dependencies (if any) will not be available, enable debug logging for more details
[INFO] Downloading from spigot-repo: https://hub.spigotmc.org/nexus/content/repositories/snapshots/mkremins/fanciful/0.4.0-SNAPSHOT/maven-metadata.xml
[INFO] Downloading from plotsquared-ci: http://ci.athion.net/job/PlotSquared-Releases/ws/mvn/mkremins/fanciful/0.4.0-SNAPSHOT/maven-metadata.xml
[INFO] Downloading from worldedit-worldguard-repo: http://maven.sk89q.com/repo/mkremins/fanciful/0.4.0-SNAPSHOT/maven-metadata.xml
[INFO] Downloading from papermc: https://papermc.io/repo/repository/maven-public/mkremins/fanciful/0.4.0-SNAPSHOT/maven-metadata.xml
[INFO] Downloading from redprotect-repo: https://raw.github.com/FabioZumbi12/RedProtect/mvn-repo/mkremins/fanciful/0.4.0-SNAPSHOT/maven-metadata.xml
[INFO] Downloading from bintray-tastybento-maven-repo: http://dl.bintray.com/tastybento/maven-repo/mkremins/fanciful/0.4.0-SNAPSHOT/maven-metadata.xml
[INFO] Downloading from jitpack.io: https://jitpack.io/mkremins/fanciful/0.4.0-SNAPSHOT/maven-metadata.xml
[INFO] Downloading from FactionsUUID-repo: https://ci.ender.zone/job/FactionsUUID/122/maven-repository/repository/mkremins/fanciful/0.4.0-SNAPSHOT/maven-metadata.xml
[INFO] Downloading from CodeMC: https://repo.codemc.org/repository/maven-public/mkremins/fanciful/0.4.0-SNAPSHOT/maven-metadata.xml
[INFO] Downloading from vault-repo: http://nexus.hc.to/content/repositories/pub_releases/mkremins/fanciful/0.4.0-SNAPSHOT/maven-metadata.xml
[INFO] Downloading from ess-repo: http://ci.ender.zone/plugin/repository/everything/mkremins/fanciful/0.4.0-SNAPSHOT/maven-metadata.xml
[INFO] Downloading from maven.sk89q.com: http://maven.sk89q.com/repo/mkremins/fanciful/0.4.0-SNAPSHOT/maven-metadata.xml
[INFO] Downloading from repo.mikeprimm.com: http://repo.mikeprimm.com/mkremins/fanciful/0.4.0-SNAPSHOT/maven-metadata.xml
[INFO] Downloading from placeholderapi: http://repo.extendedclip.com/content/repositories/placeholderapi/mkremins/fanciful/0.4.0-SNAPSHOT/maven-metadata.xml
[INFO] Downloading from mvdw-software: http://repo.mvdw-software.be/content/groups/public/mkremins/fanciful/0.4.0-SNAPSHOT/maven-metadata.xml
[INFO] Downloaded from ess-repo: http://ci.ender.zone/plugin/repository/everything/mkremins/fanciful/0.4.0-SNAPSHOT/maven-metadata.xml (609 B at 431 B/s)
[WARNING] Could not transfer metadata mkremins:fanciful:0.4.0-SNAPSHOT/maven-metadata.xml from/to mvdw-software (http://repo.mvdw-software.be/content/groups/public/): sun.security.validator.ValidatorException: PKIX path building failed: sun.security.provider.certpath.SunCertPathBuilderException: unable to find valid certification path to requested target
[WARNING] Failure to transfer mkremins:fanciful:0.4.0-SNAPSHOT/maven-metadata.xml from http://repo.mvdw-software.be/content/groups/public/ was cached in the local repository, resolution will not be reattempted until the update interval of mvdw-software has elapsed or updates are forced. Original error: Could not transfer metadata mkremins:fanciful:0.4.0-SNAPSHOT/maven-metadata.xml from/to mvdw-software (http://repo.mvdw-software.be/content/groups/public/): sun.security.validator.ValidatorException: PKIX path building failed: sun.security.provider.certpath.SunCertPathBuilderException: unable to find valid certification path to requested target
[INFO] Downloading from papermc: https://papermc.io/repo/repository/maven-public/com/darkblade12/particleeffect/1.8.0-SNAPSHOT/maven-metadata.xml
[INFO] Downloading from worldedit-worldguard-repo: http://maven.sk89q.com/repo/com/darkblade12/particleeffect/1.8.0-SNAPSHOT/maven-metadata.xml
[INFO] Downloading from plotsquared-ci: http://ci.athion.net/job/PlotSquared-Releases/ws/mvn/com/darkblade12/particleeffect/1.8.0-SNAPSHOT/maven-metadata.xml
[INFO] Downloading from spigot-repo: https://hub.spigotmc.org/nexus/content/repositories/snapshots/com/darkblade12/particleeffect/1.8.0-SNAPSHOT/maven-metadata.xml
[INFO] Downloading from redprotect-repo: https://raw.github.com/FabioZumbi12/RedProtect/mvn-repo/com/darkblade12/particleeffect/1.8.0-SNAPSHOT/maven-metadata.xml
[INFO] Downloading from bintray-tastybento-maven-repo: http://dl.bintray.com/tastybento/maven-repo/com/darkblade12/particleeffect/1.8.0-SNAPSHOT/maven-metadata.xml
[INFO] Downloading from jitpack.io: https://jitpack.io/com/darkblade12/particleeffect/1.8.0-SNAPSHOT/maven-metadata.xml
[INFO] Downloading from FactionsUUID-repo: https://ci.ender.zone/job/FactionsUUID/122/maven-repository/repository/com/darkblade12/particleeffect/1.8.0-SNAPSHOT/maven-metadata.xml
[INFO] Downloading from CodeMC: https://repo.codemc.org/repository/maven-public/com/darkblade12/particleeffect/1.8.0-SNAPSHOT/maven-metadata.xml
[INFO] Downloading from vault-repo: http://nexus.hc.to/content/repositories/pub_releases/com/darkblade12/particleeffect/1.8.0-SNAPSHOT/maven-metadata.xml
[INFO] Downloading from ess-repo: http://ci.ender.zone/plugin/repository/everything/com/darkblade12/particleeffect/1.8.0-SNAPSHOT/maven-metadata.xml
[INFO] Downloading from maven.sk89q.com: http://maven.sk89q.com/repo/com/darkblade12/particleeffect/1.8.0-SNAPSHOT/maven-metadata.xml
[INFO] Downloading from repo.mikeprimm.com: http://repo.mikeprimm.com/com/darkblade12/particleeffect/1.8.0-SNAPSHOT/maven-metadata.xml
[INFO] Downloading from placeholderapi: http://repo.extendedclip.com/content/repositories/placeholderapi/com/darkblade12/particleeffect/1.8.0-SNAPSHOT/maven-metadata.xml
[INFO] Downloading from mvdw-software: http://repo.mvdw-software.be/content/groups/public/com/darkblade12/particleeffect/1.8.0-SNAPSHOT/maven-metadata.xml
[INFO] Downloaded from ess-repo: http://ci.ender.zone/plugin/repository/everything/com/darkblade12/particleeffect/1.8.0-SNAPSHOT/maven-metadata.xml (622 B at 326 B/s)
[WARNING] Could not transfer metadata com.darkblade12:particleeffect:1.8.0-SNAPSHOT/maven-metadata.xml from/to mvdw-software (http://repo.mvdw-software.be/content/groups/public/): sun.security.validator.ValidatorException: PKIX path building failed: sun.security.provider.certpath.SunCertPathBuilderException: unable to find valid certification path to requested target
[WARNING] Failure to transfer com.darkblade12:particleeffect:1.8.0-SNAPSHOT/maven-metadata.xml from http://repo.mvdw-software.be/content/groups/public/ was cached in the local repository, resolution will not be reattempted until the update interval of mvdw-software has elapsed or updates are forced. Original error: Could not transfer metadata com.darkblade12:particleeffect:1.8.0-SNAPSHOT/maven-metadata.xml from/to mvdw-software (http://repo.mvdw-software.be/content/groups/public/): sun.security.validator.ValidatorException: PKIX path building failed: sun.security.provider.certpath.SunCertPathBuilderException: unable to find valid certification path to requested target
[INFO] Downloading from worldedit-worldguard-repo: http://maven.sk89q.com/repo/org/bukkit/bukkit/maven-metadata.xml
[INFO] Downloading from plotsquared-ci: http://ci.athion.net/job/PlotSquared-Releases/ws/mvn/org/bukkit/bukkit/maven-metadata.xml
[INFO] Downloading from spigot-repo: https://hub.spigotmc.org/nexus/content/repositories/snapshots/org/bukkit/bukkit/maven-metadata.xml
[INFO] Downloading from papermc: https://papermc.io/repo/repository/maven-public/org/bukkit/bukkit/maven-metadata.xml
[INFO] Downloading from redprotect-repo: https://raw.github.com/FabioZumbi12/RedProtect/mvn-repo/org/bukkit/bukkit/maven-metadata.xml
[INFO] Downloaded from spigot-repo: https://hub.spigotmc.org/nexus/content/repositories/snapshots/org/bukkit/bukkit/maven-metadata.xml (1.8 kB at 4.7 kB/s)
[INFO] Downloading from bintray-tastybento-maven-repo: http://dl.bintray.com/tastybento/maven-repo/org/bukkit/bukkit/maven-metadata.xml
[INFO] Downloading from jitpack.io: https://jitpack.io/org/bukkit/bukkit/maven-metadata.xml
[INFO] Downloaded from papermc: https://papermc.io/repo/repository/maven-public/org/bukkit/bukkit/maven-metadata.xml (1.8 kB at 3.7 kB/s)
[INFO] Downloading from FactionsUUID-repo: https://ci.ender.zone/job/FactionsUUID/122/maven-repository/repository/org/bukkit/bukkit/maven-metadata.xml
[INFO] Downloaded from worldedit-worldguard-repo: http://maven.sk89q.com/repo/org/bukkit/bukkit/maven-metadata.xml (421 B at 804 B/s)
[INFO] Downloading from CodeMC: https://repo.codemc.org/repository/maven-public/org/bukkit/bukkit/maven-metadata.xml
[INFO] Downloading from central: https://repo.maven.apache.org/maven2/org/bukkit/bukkit/maven-metadata.xml
[INFO] Downloading from maven-codearts-jp: http://maven.codearts.jp/org/bukkit/bukkit/maven-metadata.xml
[WARNING] Could not transfer metadata org.bukkit:bukkit/maven-metadata.xml from/to maven-codearts-jp (http://maven.codearts.jp/): maven.codearts.jp: unknown error
[INFO] Downloading from papermc: https://papermc.io/repo/repository/maven-public/org/bukkit/bukkit/1.14.4-R0.1-SNAPSHOT/maven-metadata.xml
[INFO] Downloaded from papermc: https://papermc.io/repo/repository/maven-public/org/bukkit/bukkit/1.14.4-R0.1-SNAPSHOT/maven-metadata.xml (1.4 kB at 5.4 kB/s)
[WARNING] Failure to transfer org.bukkit:bukkit/maven-metadata.xml from http://maven.codearts.jp/ was cached in the local repository, resolution will not be reattempted until the update interval of maven-codearts-jp has elapsed or updates are forced. Original error: Could not transfer metadata org.bukkit:bukkit/maven-metadata.xml from/to maven-codearts-jp (http://maven.codearts.jp/): maven.codearts.jp: unknown error
[INFO] Downloading from papermc: https://papermc.io/repo/repository/maven-public/com/github/Sauilitired/Jenkins4J/2.0-SNAPSHOT/maven-metadata.xml
[INFO] Downloading from worldedit-worldguard-repo: http://maven.sk89q.com/repo/com/github/Sauilitired/Jenkins4J/2.0-SNAPSHOT/maven-metadata.xml
[INFO] Downloading from spigot-repo: https://hub.spigotmc.org/nexus/content/repositories/snapshots/com/github/Sauilitired/Jenkins4J/2.0-SNAPSHOT/maven-metadata.xml
[INFO] Downloading from plotsquared-ci: http://ci.athion.net/job/PlotSquared-Releases/ws/mvn/com/github/Sauilitired/Jenkins4J/2.0-SNAPSHOT/maven-metadata.xml
[INFO] Downloading from redprotect-repo: https://raw.github.com/FabioZumbi12/RedProtect/mvn-repo/com/github/Sauilitired/Jenkins4J/2.0-SNAPSHOT/maven-metadata.xml
[INFO] Downloading from bintray-tastybento-maven-repo: http://dl.bintray.com/tastybento/maven-repo/com/github/Sauilitired/Jenkins4J/2.0-SNAPSHOT/maven-metadata.xml
[INFO] Downloading from jitpack.io: https://jitpack.io/com/github/Sauilitired/Jenkins4J/2.0-SNAPSHOT/maven-metadata.xml
[INFO] Downloading from FactionsUUID-repo: https://ci.ender.zone/job/FactionsUUID/122/maven-repository/repository/com/github/Sauilitired/Jenkins4J/2.0-SNAPSHOT/maven-metadata.xml
[INFO] Downloading from CodeMC: https://repo.codemc.org/repository/maven-public/com/github/Sauilitired/Jenkins4J/2.0-SNAPSHOT/maven-metadata.xml
[WARNING] The POM for br.net.fabiozumbi12.RedProtect:RedProtect-Spigot:jar:7.6.2 is invalid, transitive dependencies (if any) will not be available, enable debug logging for more details
[INFO] 
[INFO] --- maven-clean-plugin:2.5:clean (default-clean) @ CS-CoreLib ---
[INFO] 
[INFO] --- maven-resources-plugin:2.6:resources (default-resources) @ CS-CoreLib ---
[INFO] Using 'UTF-8' encoding to copy filtered resources.
[INFO] Copying 2 resources
[INFO] 
[INFO] --- maven-compiler-plugin:3.1:compile (default-compile) @ CS-CoreLib ---
[INFO] Changes detected - recompiling the module!
[INFO] Compiling 100 source files to /home/pi/Desktop/Build Server/TheBusyBiscuit/CS-CoreLib/master/files/target/classes
[WARNING] /home/pi/Desktop/Build Server/TheBusyBiscuit/CS-CoreLib/master/files/src/me/mrCookieSlime/CSCoreLibPlugin/general/World/FakeItem.java: Some input files use or override a deprecated API.
[WARNING] /home/pi/Desktop/Build Server/TheBusyBiscuit/CS-CoreLib/master/files/src/me/mrCookieSlime/CSCoreLibPlugin/general/World/FakeItem.java: Recompile with -Xlint:deprecation for details.
[INFO] 
[INFO] --- maven-resources-plugin:2.6:testResources (default-testResources) @ CS-CoreLib ---
[INFO] Using 'UTF-8' encoding to copy filtered resources.
[INFO] skip non existing resourceDirectory /home/pi/Desktop/Build Server/TheBusyBiscuit/CS-CoreLib/master/files/tests/resources
[INFO] 
[INFO] --- maven-compiler-plugin:3.1:testCompile (default-testCompile) @ CS-CoreLib ---
[INFO] No sources to compile
[INFO] 
[INFO] --- maven-surefire-plugin:2.12.4:test (default-test) @ CS-CoreLib ---
[INFO] No tests to run.
[INFO] 
[INFO] --- maven-jar-plugin:2.4:jar (default-jar) @ CS-CoreLib ---
[INFO] Building jar: /home/pi/Desktop/Build Server/TheBusyBiscuit/CS-CoreLib/master/files/target/CS-CoreLib-67.jar
[INFO] 
[INFO] --- maven-shade-plugin:3.2.1:shade (default) @ CS-CoreLib ---
[INFO] Excluding com.google.guava:guava:jar:21.0 from the shaded jar.
[INFO] Excluding com.google.code.gson:gson:jar:2.8.0 from the shaded jar.
[INFO] Excluding org.yaml:snakeyaml:jar:1.23 from the shaded jar.
[INFO] Excluding com.sk89q.worldedit:worldedit-core:jar:7.0.1 from the shaded jar.
[INFO] Excluding com.sk89q.worldedit.worldedit-libs:core:jar:7.0.1 from the shaded jar.
[INFO] Excluding de.schlichtherle:truezip:jar:6.8.3 from the shaded jar.
[INFO] Excluding org.mozilla:rhino:jar:1.7.11 from the shaded jar.
[INFO] Excluding com.google.code.findbugs:jsr305:jar:1.3.9 from the shaded jar.
[INFO] Excluding org.slf4j:slf4j-api:jar:1.7.26 from the shaded jar.
[INFO] Excluding org.apache.logging.log4j:log4j-core:jar:2.12.1 from the shaded jar.
[INFO] Excluding org.apache.logging.log4j:log4j-api:jar:2.12.1 from the shaded jar.
[INFO] Excluding com.googlecode.json-simple:json-simple:jar:1.1.1 from the shaded jar.
[INFO] Excluding junit:junit:jar:4.10 from the shaded jar.
[INFO] Excluding org.hamcrest:hamcrest-core:jar:1.1 from the shaded jar.
[INFO] Excluding com.wasteofplastic:askyblock:jar:3.0.9.4 from the shaded jar.
[INFO] Excluding com.github.dmulloy2.LWC:lwc:jar:master-4.5.1-g2100b5e-18 from the shaded jar.
[INFO] Excluding com.massivecraft:Factions:jar:1.6.9.5-U0.2.2 from the shaded jar.
[INFO] Excluding mkremins:fanciful:jar:0.4.0-SNAPSHOT from the shaded jar.
[INFO] Excluding com.darkblade12:particleeffect:jar:1.8.0-SNAPSHOT from the shaded jar.
[INFO] Excluding com.github.LlmDl:Towny:jar:1b86d017c5 from the shaded jar.
[INFO] Excluding com.github.fubira:Lockette:jar:9dac96e8f8 from the shaded jar.
[INFO] Excluding com.github.intellectualsites.plotsquared:PlotSquared-API:jar:4.226 from the shaded jar.
[INFO] Excluding org.projectlombok:lombok:jar:1.18.4 from the shaded jar.
[INFO] Excluding com.github.Sauilitired:Jenkins4J:jar:2.0-SNAPSHOT from the shaded jar.
[INFO] Excluding com.squareup.retrofit2:retrofit:jar:2.4.0 from the shaded jar.
[INFO] Excluding org.jetbrains:annotations:jar:16.0.3 from the shaded jar.
[INFO] Excluding com.squareup.okhttp3:okhttp:jar:3.14.0 from the shaded jar.
[INFO] Excluding com.squareup.okio:okio:jar:2.2.2 from the shaded jar.
[INFO] Excluding org.jetbrains.kotlin:kotlin-stdlib:jar:1.3.21 from the shaded jar.
[INFO] Excluding org.jetbrains.kotlin:kotlin-stdlib-common:jar:1.3.21 from the shaded jar.
[INFO] Including org.bstats:bstats-bukkit:jar:1.5 in the shaded jar.
[INFO] Replacing original artifact with shaded artifact.
[INFO] Replacing /home/pi/Desktop/Build Server/TheBusyBiscuit/CS-CoreLib/master/files/target/CS-CoreLib-67.jar with /home/pi/Desktop/Build Server/TheBusyBiscuit/CS-CoreLib/master/files/target/CS-CoreLib-DEV - 67 (git 1bd1883b)-shaded.jar
[INFO] Dependency-reduced POM written at: /home/pi/Desktop/Build Server/TheBusyBiscuit/CS-CoreLib/master/files/dependency-reduced-pom.xml
[INFO] 
[INFO] --------------------< me.mrCookieSlime:CS-CoreLib >---------------------
[INFO] Building CS-CoreLib DEV - 67 (git 1bd1883b)
[INFO] --------------------------------[ jar ]---------------------------------
[INFO] 
[INFO] --- sonar-maven-plugin:3.6.0.1398:sonar (default-cli) @ CS-CoreLib ---
[INFO] User cache: /home/pi/.sonar/cache
[INFO] SonarQube version: 8.0.0
[INFO] Default locale: "de_DE", source code encoding: "UTF-8"
[INFO] Load global settings
[INFO] Load global settings (done) | time=960ms
[INFO] Server id: 74E9293D-AWHW8ct9-T_TB3XqouNu
[INFO] User cache: /home/pi/.sonar/cache
[INFO] Load/download plugins
[INFO] Load plugins index
[INFO] Load plugins index (done) | time=350ms
[INFO] Load/download plugins (done) | time=1847ms
[INFO] Loaded core extensions: developer-scanner
[INFO] Process project properties
[INFO] Execute project builders
[INFO] Execute project builders (done) | time=20ms
[INFO] Project key: TheBusyBiscuit_CS-CoreLib
[INFO] Base dir: /home/pi/Desktop/Build Server/TheBusyBiscuit/CS-CoreLib/master/files
[INFO] Working dir: /home/pi/Desktop/Build Server/TheBusyBiscuit/CS-CoreLib/master/files/target/sonar
[INFO] Load project settings for component key: 'TheBusyBiscuit_CS-CoreLib'
[INFO] Load project settings for component key: 'TheBusyBiscuit_CS-CoreLib' (done) | time=102ms
[INFO] Load project branches
[INFO] Load project branches (done) | time=83ms
[INFO] Load project pull requests
[INFO] Load project pull requests (done) | time=70ms
[INFO] Load branch configuration
[INFO] Load branch configuration (done) | time=7ms
[INFO] Load quality profiles
[INFO] Load quality profiles (done) | time=252ms
[INFO] Load active rules
[INFO] Load active rules (done) | time=3948ms
[INFO] Organization key: thebusybiscuit-github
[INFO] Indexing files...
[INFO] Project configuration:
[INFO] 103 files indexed
[INFO] 0 files ignored because of scm ignore settings
[INFO] Quality profile for java: Additional Checks
[INFO] ------------- Run sensors on module CS-CoreLib
[INFO] Load metrics repository
[INFO] Load metrics repository (done) | time=98ms
[INFO] Sensor JavaSquidSensor [java]
[INFO] Configured Java source version (sonar.java.source): 8
[INFO] JavaClasspath initialization
[INFO] JavaClasspath initialization (done) | time=77ms
[INFO] JavaTestClasspath initialization
[INFO] JavaTestClasspath initialization (done) | time=6ms
[INFO] Java Main Files AST scan
[INFO] 100 source files to be analyzed
[INFO] Load project repositories
[INFO] Load project repositories (done) | time=163ms
[INFO] 14/100 files analyzed, current file: src/me/mrCookieSlime/CSCoreLibPlugin/general/Block/TreeCalculator.java
[INFO] 39/100 files analyzed, current file: src/me/mrCookieSlime/CSCoreLibPlugin/updater/Updater.java
[INFO] 44/100 files analyzed, current file: src/me/mrCookieSlime/CSCoreLibPlugin/general/Particles/MC_1_13/ParticleType.java
[INFO] 54/100 files analyzed, current file: src/me/mrCookieSlime/CSCoreLibPlugin/general/Particles/MC_1_13/ParticleEffect.java
[INFO] 84/100 files analyzed, current file: src/me/mrCookieSlime/CSCoreLibPlugin/events/Listeners/MenuClickListener.java
[INFO] 100/100 source files have been analyzed
[WARNING] Classes not found during the analysis : [com.sk89q.worldguard.LocalPlayer, com.sk89q.worldguard.protection.regions.RegionContainer, com.sk89q.worldguard.protection.regions.RegionQuery, net.milkbowl.vault.economy.Economy]
[INFO] Java Main Files AST scan (done) | time=54096ms
[INFO] Java Test Files AST scan
[INFO] 0 source files to be analyzed
[INFO] Java Test Files AST scan (done) | time=9ms
[INFO] 0/0 source files have been analyzed
[INFO] Sensor JavaSquidSensor [java] (done) | time=57284ms
[INFO] Sensor SurefireSensor [java]
[INFO] parsing [/home/pi/Desktop/Build Server/TheBusyBiscuit/CS-CoreLib/master/files/target/surefire-reports]
[INFO] Sensor SurefireSensor [java] (done) | time=13ms
[INFO] Sensor JaCoCoSensor [java]
[INFO] Sensor JaCoCoSensor [java] (done) | time=7ms
[INFO] Sensor JavaXmlSensor [java]
[INFO] Sensor JavaXmlSensor [java] (done) | time=13ms
[INFO] Sensor HTML [web]
[INFO] Sensor HTML [web] (done) | time=92ms
[INFO] Sensor JaCoCo XML Report Importer [jacoco]
[INFO] Sensor JaCoCo XML Report Importer [jacoco] (done) | time=22ms
[INFO] Sensor JavaSecuritySensor [security]
[INFO] Reading type hierarchy from: /home/pi/Desktop/Build Server/TheBusyBiscuit/CS-CoreLib/master/files/target/sonar/ucfg2/java
[INFO] Read 327 type definitions
[INFO] Reading UCFGs from: /home/pi/Desktop/Build Server/TheBusyBiscuit/CS-CoreLib/master/files/target/sonar/ucfg2/java
[INFO] 10:17:28.16 Building Type propagation graph
[INFO] 10:17:28.391 Running Tarjan on 2333 nodes
[INFO] 10:17:28.433 Tarjan found 2328 components
[INFO] 10:17:28.578 Variable type analysis: done
[INFO] 10:17:28.584 Building Type propagation graph
[INFO] 10:17:28.709 Running Tarjan on 2331 nodes
[INFO] 10:17:28.724 Tarjan found 2326 components
[INFO] 10:17:28.753 Variable type analysis: done
[INFO] Analyzing 565 ucfgs to detect vulnerabilities.
[INFO] All rules entrypoints : 0 Retained UCFGs : 0
[INFO] rule: S5131, entrypoints: 0
[INFO] Visited 0 ucfgs in 0 ms, 0 steps
[INFO] rule: S5131 done
[INFO] rule: S3649, entrypoints: 0
[INFO] Visited 0 ucfgs in 0 ms, 0 steps
[INFO] rule: S3649 done
[INFO] rule: S2076, entrypoints: 0
[INFO] Visited 0 ucfgs in 0 ms, 0 steps
[INFO] rule: S2076 done
[INFO] rule: S2091, entrypoints: 0
[INFO] Visited 0 ucfgs in 0 ms, 0 steps
[INFO] rule: S2091 done
[INFO] rule: S2078, entrypoints: 0
[INFO] Visited 0 ucfgs in 0 ms, 0 steps
[INFO] rule: S2078 done
[INFO] rule: S2631, entrypoints: 0
[INFO] Visited 0 ucfgs in 0 ms, 0 steps
[INFO] rule: S2631 done
[INFO] rule: S5135, entrypoints: 0
[INFO] Visited 0 ucfgs in 0 ms, 0 steps
[INFO] rule: S5135 done
[INFO] rule: S2083, entrypoints: 0
[INFO] Visited 0 ucfgs in 0 ms, 0 steps
[INFO] rule: S2083 done
[INFO] rule: S5167, entrypoints: 0
[INFO] Visited 0 ucfgs in 0 ms, 0 steps
[INFO] rule: S5167 done
[INFO] rule: S5144, entrypoints: 0
[INFO] Visited 0 ucfgs in 0 ms, 0 steps
[INFO] rule: S5144 done
[INFO] rule: S5145, entrypoints: 0
[INFO] Visited 0 ucfgs in 0 ms, 0 steps
[INFO] rule: S5145 done
[INFO] rule: S5146, entrypoints: 0
[INFO] Visited 0 ucfgs in 0 ms, 0 steps
[INFO] rule: S5146 done
[INFO] rule: S5334, entrypoints: 0
[INFO] Visited 0 ucfgs in 0 ms, 0 steps
[INFO] rule: S5334 done
[INFO] Sensor JavaSecuritySensor [security] (done) | time=10597ms
[INFO] Sensor CSharpSecuritySensor [security]
[INFO] Reading type hierarchy from: /home/pi/Desktop/Build Server/TheBusyBiscuit/CS-CoreLib/master/files/target/ucfg_cs2
[INFO] Read 0 type definitions
[INFO] Reading UCFGs from: /home/pi/Desktop/Build Server/TheBusyBiscuit/CS-CoreLib/master/files/target/ucfg_cs2
[INFO] No UCFGs have been included for analysis.
[INFO] Sensor CSharpSecuritySensor [security] (done) | time=5ms
[INFO] Sensor PhpSecuritySensor [security]
[INFO] Reading type hierarchy from: /home/pi/Desktop/Build Server/TheBusyBiscuit/CS-CoreLib/master/files/target/sonar/ucfg2/php
[INFO] Read 0 type definitions
[INFO] Reading UCFGs from: /home/pi/Desktop/Build Server/TheBusyBiscuit/CS-CoreLib/master/files/target/sonar/ucfg2/php
[INFO] No UCFGs have been included for analysis.
[INFO] Sensor PhpSecuritySensor [security] (done) | time=4ms
[INFO] ------------- Run sensors on project
[INFO] Sensor Zero Coverage Sensor
[INFO] Sensor Zero Coverage Sensor (done) | time=159ms
[INFO] Sensor Java CPD Block Indexer
[INFO] Sensor Java CPD Block Indexer (done) | time=698ms
[INFO] SCM provider for this project is: git
[INFO] 1 files to be analyzed
[INFO] 1/1 files analyzed
[INFO] 22 files had no CPD blocks
[INFO] Calculating CPD for 78 files
[INFO] CPD calculation finished
[INFO] Analysis report generated in 429ms, dir size=680 KB
[INFO] Analysis report compressed in 986ms, zip size=343 KB
[INFO] Analysis report uploaded in 4742ms
[INFO] ANALYSIS SUCCESSFUL, you can browse https://sonarcloud.io/dashboard?id=TheBusyBiscuit_CS-CoreLib
[INFO] Note that you will be able to access the updated dashboard once the server has processed the submitted analysis report
[INFO] More about the report processing at https://sonarcloud.io/api/ce/task?id=AWyuGnRKzpRRh3Me9fpA
[INFO] Analysis total time: 1:50.409 s
[INFO] ------------------------------------------------------------------------
[INFO] BUILD SUCCESS
[INFO] ------------------------------------------------------------------------
[INFO] Total time:  03:02 min
[INFO] Finished at: 2019-08-20T10:17:45+02:00
[INFO] ------------------------------------------------------------------------
