[INFO] Scanning for projects...
[INFO] 
[INFO] ------------------------------------------------------------------------
[INFO] Building CS-CoreLib DEV - 28 (git 09822a9f)
[INFO] ------------------------------------------------------------------------
[INFO] Downloading from redprotect-repo: https://raw.github.com/FabioZumbi12/RedProtect/mvn-repo/org/bukkit/bukkit/1.13.1-R0.1-SNAPSHOT/maven-metadata.xml
[INFO] Downloading from redprotect-repo: https://raw.github.com/FabioZumbi12/RedProtect/mvn-repo/com/sk89q/worldedit/worldedit-bukkit/6.1.4-SNAPSHOT/maven-metadata.xml
[INFO] Downloading from redprotect-repo: https://raw.github.com/FabioZumbi12/RedProtect/mvn-repo/org/bukkit/bukkit/1.9.4-R0.1-SNAPSHOT/maven-metadata.xml
[INFO] Downloading from redprotect-repo: https://raw.github.com/FabioZumbi12/RedProtect/mvn-repo/com/sk89q/worldedit/worldedit-core/6.1.4-SNAPSHOT/maven-metadata.xml
[INFO] Downloading from redprotect-repo: https://raw.github.com/FabioZumbi12/RedProtect/mvn-repo/com/sk89q/worldguard/6.1.1-SNAPSHOT/maven-metadata.xml
[INFO] Downloading from redprotect-repo: https://raw.github.com/FabioZumbi12/RedProtect/mvn-repo/com/sk89q/spigot/bukkit-classloader-check/1.8-R0.1-SNAPSHOT/maven-metadata.xml
[INFO] Downloading from redprotect-repo: https://raw.github.com/FabioZumbi12/RedProtect/mvn-repo/org/bukkit/bukkit/1.8.6-R0.1-SNAPSHOT/maven-metadata.xml
[INFO] Downloading from redprotect-repo: https://raw.github.com/FabioZumbi12/RedProtect/mvn-repo/org/getspout/spoutplugin/dev-SNAPSHOT/maven-metadata.xml
[INFO] Downloading from redprotect-repo: https://raw.github.com/FabioZumbi12/RedProtect/mvn-repo/org/bukkit/bukkit/1.9-R0.1-SNAPSHOT/maven-metadata.xml
[WARNING] The POM for com.wasteofplastic:askyblock:jar:3.0.8.2 is invalid, transitive dependencies (if any) will not be available, enable debug logging for more details
[WARNING] The POM for com.github.dmulloy2.LWC:lwc:jar:master-4.5.1-g2100b5e-18 is invalid, transitive dependencies (if any) will not be available, enable debug logging for more details
[INFO] Downloading from redprotect-repo: https://raw.github.com/FabioZumbi12/RedProtect/mvn-repo/com/massivecraft/massivecore/MassiveCore/2.13.0/MassiveCore-2.13.0.pom
[WARNING] The POM for com.massivecraft.massivecore:MassiveCore:jar:2.13.0 is missing, no dependency information available
[INFO] Downloading from redprotect-repo: https://raw.github.com/FabioZumbi12/RedProtect/mvn-repo/com/massivecraft/factions/Factions/2.13.0/Factions-2.13.0.pom
[WARNING] The POM for com.massivecraft.factions:Factions:jar:2.13.0 is missing, no dependency information available
[INFO] Downloading from redprotect-repo: https://raw.github.com/FabioZumbi12/RedProtect/mvn-repo/mkremins/fanciful/0.4.0-SNAPSHOT/maven-metadata.xml
[INFO] Downloading from redprotect-repo: https://raw.github.com/FabioZumbi12/RedProtect/mvn-repo/com/darkblade12/particleeffect/1.8.0-SNAPSHOT/maven-metadata.xml
[INFO] Downloading from worldedit-worldguard-repo: http://maven.sk89q.com/repo/org/bukkit/bukkit/maven-metadata.xml
[INFO] Downloading from redprotect-repo: https://raw.github.com/FabioZumbi12/RedProtect/mvn-repo/org/bukkit/bukkit/maven-metadata.xml
[INFO] Downloading from maven-codearts-jp: http://maven.codearts.jp/org/bukkit/bukkit/maven-metadata.xml
[WARNING] Could not transfer metadata org.bukkit:bukkit/maven-metadata.xml from/to worldedit-worldguard-repo (http://maven.sk89q.com/repo/): Failed to transfer file: http://maven.sk89q.com/repo/org/bukkit/bukkit/maven-metadata.xml. Return code is: 500 , ReasonPhrase:Internal Server Error.
[WARNING] Could not transfer metadata org.bukkit:bukkit/maven-metadata.xml from/to maven-codearts-jp (http://maven.codearts.jp/): maven.codearts.jp: unknown error
[WARNING] Failure to transfer org.bukkit:bukkit/maven-metadata.xml from http://maven.sk89q.com/repo/ was cached in the local repository, resolution will not be reattempted until the update interval of worldedit-worldguard-repo has elapsed or updates are forced. Original error: Could not transfer metadata org.bukkit:bukkit/maven-metadata.xml from/to worldedit-worldguard-repo (http://maven.sk89q.com/repo/): Failed to transfer file: http://maven.sk89q.com/repo/org/bukkit/bukkit/maven-metadata.xml. Return code is: 500 , ReasonPhrase:Internal Server Error.
[WARNING] Failure to transfer org.bukkit:bukkit/maven-metadata.xml from http://maven.codearts.jp/ was cached in the local repository, resolution will not be reattempted until the update interval of maven-codearts-jp has elapsed or updates are forced. Original error: Could not transfer metadata org.bukkit:bukkit/maven-metadata.xml from/to maven-codearts-jp (http://maven.codearts.jp/): maven.codearts.jp: unknown error
[INFO] Downloading from redprotect-repo: https://raw.github.com/FabioZumbi12/RedProtect/mvn-repo/com/sk89q/worldedit/worldedit-core/6.1.3-SNAPSHOT/maven-metadata.xml
[WARNING] The POM for br.net.fabiozumbi12.RedProtect:RedProtect-Spigot:jar:7.3.0 is invalid, transitive dependencies (if any) will not be available, enable debug logging for more details
[INFO] Downloading from spigot-repo: https://hub.spigotmc.org/nexus/content/repositories/snapshots/org/bukkit/bukkit/1.13.1-R0.1-SNAPSHOT/bukkit-1.13.1-R0.1-20180911.104726-50.jar
[INFO] Downloaded from spigot-repo: https://hub.spigotmc.org/nexus/content/repositories/snapshots/org/bukkit/bukkit/1.13.1-R0.1-SNAPSHOT/bukkit-1.13.1-R0.1-20180911.104726-50.jar (1.0 MB at 325 kB/s)
[INFO] 
[INFO] --- maven-resources-plugin:2.6:resources (default-resources) @ CS-CoreLib ---
[INFO] Using 'UTF-8' encoding to copy filtered resources.
[INFO] Copying 2 resources
[INFO] 
[INFO] --- maven-compiler-plugin:3.1:compile (default-compile) @ CS-CoreLib ---
[INFO] Changes detected - recompiling the module!
[INFO] Compiling 104 source files to /home/pi/builds/TheBusyBiscuit/CS-CoreLib/master/files/target/classes
[WARNING] /home/pi/builds/TheBusyBiscuit/CS-CoreLib/master/files/src/me/mrCookieSlime/CSCoreLibPlugin/general/Inventory/Item/CustomItemSerializer.java:[75,104] unmappable character for encoding UTF-8
[WARNING] /home/pi/builds/TheBusyBiscuit/CS-CoreLib/master/files/src/me/mrCookieSlime/CSCoreLibPlugin/general/Inventory/Item/CustomItemSerializer.java:[84,108] unmappable character for encoding UTF-8
[WARNING] /home/pi/builds/TheBusyBiscuit/CS-CoreLib/master/files/src/me/mrCookieSlime/CSCoreLibPlugin/general/Inventory/MenuHelper.java:[25,67] unmappable character for encoding UTF-8
[WARNING] /home/pi/builds/TheBusyBiscuit/CS-CoreLib/master/files/src/me/mrCookieSlime/CSCoreLibPlugin/general/Inventory/Item/CustomItem.java: Some input files use or override a deprecated API.
[WARNING] /home/pi/builds/TheBusyBiscuit/CS-CoreLib/master/files/src/me/mrCookieSlime/CSCoreLibPlugin/general/Inventory/Item/CustomItem.java: Recompile with -Xlint:deprecation for details.
[INFO] 
[INFO] --- maven-resources-plugin:2.6:testResources (default-testResources) @ CS-CoreLib ---
[INFO] Using 'UTF-8' encoding to copy filtered resources.
[INFO] skip non existing resourceDirectory /home/pi/builds/TheBusyBiscuit/CS-CoreLib/master/files/tests/resources
[INFO] 
[INFO] --- maven-compiler-plugin:3.1:testCompile (default-testCompile) @ CS-CoreLib ---
[INFO] No sources to compile
[INFO] 
[INFO] --- maven-surefire-plugin:2.12.4:test (default-test) @ CS-CoreLib ---
[INFO] No tests to run.
[INFO] 
[INFO] --- maven-jar-plugin:2.4:jar (default-jar) @ CS-CoreLib ---
[INFO] Building jar: /home/pi/builds/TheBusyBiscuit/CS-CoreLib/master/files/target/CS-CoreLib-28.jar
[INFO] ------------------------------------------------------------------------
[INFO] BUILD SUCCESS
[INFO] ------------------------------------------------------------------------
[INFO] Total time: 31.828 s
[INFO] Finished at: 2018-09-13T13:41:22+02:00
[INFO] Final Memory: 16M/57M
[INFO] ------------------------------------------------------------------------
