[INFO] Scanning for projects...
[INFO] 
[INFO] --------------------< me.mrCookieSlime:CS-CoreLib >---------------------
[INFO] Building CS-CoreLib DEV - 74 (git 6ef13d46)
[INFO] --------------------------------[ jar ]---------------------------------
[WARNING] The POM for com.github.thebusybiscuit:CS-CoreLib2:jar:0.4.1 is invalid, transitive dependencies (if any) will not be available, enable debug logging for more details
[INFO] 
[INFO] --- maven-clean-plugin:2.5:clean (default-clean) @ CS-CoreLib ---
[INFO] 
[INFO] --- maven-resources-plugin:2.6:resources (default-resources) @ CS-CoreLib ---
[INFO] Using 'UTF-8' encoding to copy filtered resources.
[INFO] Copying 2 resources
[INFO] 
[INFO] --- maven-compiler-plugin:3.1:compile (default-compile) @ CS-CoreLib ---
[INFO] Changes detected - recompiling the module!
[INFO] Compiling 87 source files to /home/pi/Desktop/Build Server/TheBusyBiscuit/CS-CoreLib/master/files/target/classes
[WARNING] /home/pi/Desktop/Build Server/TheBusyBiscuit/CS-CoreLib/master/files/src/me/mrCookieSlime/CSCoreLibPlugin/Guide/PluginGuide.java: Some input files use or override a deprecated API.
[WARNING] /home/pi/Desktop/Build Server/TheBusyBiscuit/CS-CoreLib/master/files/src/me/mrCookieSlime/CSCoreLibPlugin/Guide/PluginGuide.java: Recompile with -Xlint:deprecation for details.
[INFO] 
[INFO] --- maven-resources-plugin:2.6:testResources (default-testResources) @ CS-CoreLib ---
[INFO] Using 'UTF-8' encoding to copy filtered resources.
[INFO] skip non existing resourceDirectory /home/pi/Desktop/Build Server/TheBusyBiscuit/CS-CoreLib/master/files/tests/resources
[INFO] 
[INFO] --- maven-compiler-plugin:3.1:testCompile (default-testCompile) @ CS-CoreLib ---
[INFO] No sources to compile
[INFO] 
[INFO] --- maven-surefire-plugin:2.12.4:test (default-test) @ CS-CoreLib ---
[INFO] No tests to run.
[INFO] 
[INFO] --- maven-jar-plugin:2.4:jar (default-jar) @ CS-CoreLib ---
[INFO] Building jar: /home/pi/Desktop/Build Server/TheBusyBiscuit/CS-CoreLib/master/files/target/CS-CoreLib-74.jar
[INFO] 
[INFO] --- maven-shade-plugin:3.2.1:shade (default) @ CS-CoreLib ---
[INFO] Including com.github.thebusybiscuit:CS-CoreLib2:jar:0.4.1 in the shaded jar.
[INFO] Including org.bstats:bstats-bukkit:jar:1.5 in the shaded jar.
[INFO] Replacing original artifact with shaded artifact.
[INFO] Replacing /home/pi/Desktop/Build Server/TheBusyBiscuit/CS-CoreLib/master/files/target/CS-CoreLib-74.jar with /home/pi/Desktop/Build Server/TheBusyBiscuit/CS-CoreLib/master/files/target/CS-CoreLib-DEV - 74 (git 6ef13d46)-shaded.jar
[INFO] Dependency-reduced POM written at: /home/pi/Desktop/Build Server/TheBusyBiscuit/CS-CoreLib/master/files/dependency-reduced-pom.xml
[INFO] 
[INFO] --------------------< me.mrCookieSlime:CS-CoreLib >---------------------
[INFO] Building CS-CoreLib DEV - 74 (git 6ef13d46)
[INFO] --------------------------------[ jar ]---------------------------------
[INFO] 
[INFO] --- sonar-maven-plugin:3.6.0.1398:sonar (default-cli) @ CS-CoreLib ---
[INFO] User cache: /home/pi/.sonar/cache
[INFO] SonarQube version: 8.0.0
[INFO] Default locale: "de_DE", source code encoding: "UTF-8"
[INFO] Load global settings
[INFO] Load global settings (done) | time=2461ms
[INFO] Server id: 74E9293D-AWHW8ct9-T_TB3XqouNu
[INFO] User cache: /home/pi/.sonar/cache
[INFO] Load/download plugins
[INFO] Load plugins index
[INFO] Load plugins index (done) | time=407ms
[INFO] Load/download plugins (done) | time=1011ms
[INFO] Loaded core extensions: developer-scanner
[INFO] Process project properties
[INFO] Execute project builders
[INFO] Execute project builders (done) | time=18ms
[INFO] Project key: TheBusyBiscuit_CS-CoreLib
[INFO] Base dir: /home/pi/Desktop/Build Server/TheBusyBiscuit/CS-CoreLib/master/files
[INFO] Working dir: /home/pi/Desktop/Build Server/TheBusyBiscuit/CS-CoreLib/master/files/target/sonar
[INFO] Load project settings for component key: 'TheBusyBiscuit_CS-CoreLib'
[INFO] Load project settings for component key: 'TheBusyBiscuit_CS-CoreLib' (done) | time=264ms
[INFO] Load project branches
[INFO] Load project branches (done) | time=147ms
[INFO] Load project pull requests
[INFO] Load project pull requests (done) | time=126ms
[INFO] Load branch configuration
[INFO] Load branch configuration (done) | time=7ms
[INFO] Load quality profiles
[INFO] Load quality profiles (done) | time=312ms
[INFO] Load active rules
[INFO] Load active rules (done) | time=32466ms
[INFO] Organization key: thebusybiscuit-github
[INFO] Indexing files...
[INFO] Project configuration:
[INFO] 90 files indexed
[INFO] 0 files ignored because of scm ignore settings
[INFO] Quality profile for java: Additional Checks
[INFO] ------------- Run sensors on module CS-CoreLib
[INFO] Load metrics repository
[INFO] Load metrics repository (done) | time=140ms
[INFO] Sensor JavaSquidSensor [java]
[INFO] Configured Java source version (sonar.java.source): 8
[INFO] JavaClasspath initialization
[INFO] JavaClasspath initialization (done) | time=55ms
[INFO] JavaTestClasspath initialization
[INFO] JavaTestClasspath initialization (done) | time=3ms
[INFO] Java Main Files AST scan
[INFO] 87 source files to be analyzed
[INFO] Load project repositories
[INFO] Load project repositories (done) | time=666ms
[INFO] 9/87 files analyzed, current file: src/me/mrCookieSlime/CSCoreLibPlugin/general/Particles/MC_1_13/ParticleEffect.java
[INFO] 34/87 files analyzed, current file: src/me/mrCookieSlime/CSCoreLibPlugin/general/Inventory/InvUtils.java
[INFO] 61/87 files analyzed, current file: src/me/mrCookieSlime/CSCoreLibPlugin/general/World/ArmorStandFactory.java
[INFO] 73/87 files analyzed, current file: src/me/mrCookieSlime/CSCoreLibPlugin/general/Player/PlayerInventory.java
[INFO] 87/87 source files have been analyzed
[WARNING] Classes not found during the analysis : [com.google.common.collect.ImmutableList, com.google.common.collect.ImmutableList$Builder, com.google.common.collect.Multimap, com.google.gson.JsonObject, org.apache.logging.log4j.Level, org.apache.logging.log4j.Logger, org.apache.logging.log4j.Marker, org.apache.logging.log4j.ThreadContext, org.apache.logging.log4j.ThreadContext$ContextStack, org.apache.logging.log4j.message.Message, org.apache.logging.log4j.message.MessageFactory, org.apache.logging.log4j.spi.AbstractLogger, org.apache.logging.log4j.util.ReadOnlyStringMap, org.apache.logging.log4j.util.Supplier, org.yaml.snakeyaml.DumperOptions, org.yaml.snakeyaml.Yaml, org.yaml.snakeyaml.representer.Representer]
[INFO] Java Main Files AST scan (done) | time=49844ms
[INFO] Java Test Files AST scan
[INFO] 0 source files to be analyzed
[INFO] Java Test Files AST scan (done) | time=6ms
[INFO] 0/0 source files have been analyzed
[INFO] Sensor JavaSquidSensor [java] (done) | time=52602ms
[INFO] Sensor SurefireSensor [java]
[INFO] parsing [/home/pi/Desktop/Build Server/TheBusyBiscuit/CS-CoreLib/master/files/target/surefire-reports]
[INFO] Sensor SurefireSensor [java] (done) | time=9ms
[INFO] Sensor JaCoCoSensor [java]
[INFO] Sensor JaCoCoSensor [java] (done) | time=5ms
[INFO] Sensor JavaXmlSensor [java]
[INFO] Sensor JavaXmlSensor [java] (done) | time=11ms
[INFO] Sensor HTML [web]
[INFO] Sensor HTML [web] (done) | time=21ms
[INFO] Sensor JaCoCo XML Report Importer [jacoco]
[INFO] Sensor JaCoCo XML Report Importer [jacoco] (done) | time=17ms
[INFO] Sensor JavaSecuritySensor [security]
[INFO] Reading type hierarchy from: /home/pi/Desktop/Build Server/TheBusyBiscuit/CS-CoreLib/master/files/target/sonar/ucfg2/java
[INFO] Read 261 type definitions
[INFO] Reading UCFGs from: /home/pi/Desktop/Build Server/TheBusyBiscuit/CS-CoreLib/master/files/target/sonar/ucfg2/java
[INFO] 23:23:35.117 Building Type propagation graph
[INFO] 23:23:35.313 Running Tarjan on 2105 nodes
[INFO] 23:23:35.35 Tarjan found 2100 components
[INFO] 23:23:35.401 Variable type analysis: done
[INFO] 23:23:35.407 Building Type propagation graph
[INFO] 23:23:35.515 Running Tarjan on 2103 nodes
[INFO] 23:23:35.528 Tarjan found 2098 components
[INFO] 23:23:35.553 Variable type analysis: done
[INFO] Analyzing 516 ucfgs to detect vulnerabilities.
[INFO] All rules entrypoints : 0 Retained UCFGs : 0
[INFO] rule: S5131, entrypoints: 0
[INFO] Visited 0 ucfgs in 0 ms, 0 steps
[INFO] rule: S5131 done
[INFO] rule: S3649, entrypoints: 0
[INFO] Visited 0 ucfgs in 0 ms, 0 steps
[INFO] rule: S3649 done
[INFO] rule: S2076, entrypoints: 0
[INFO] Visited 0 ucfgs in 0 ms, 0 steps
[INFO] rule: S2076 done
[INFO] rule: S2091, entrypoints: 0
[INFO] Visited 0 ucfgs in 0 ms, 0 steps
[INFO] rule: S2091 done
[INFO] rule: S2078, entrypoints: 0
[INFO] Visited 0 ucfgs in 0 ms, 0 steps
[INFO] rule: S2078 done
[INFO] rule: S2631, entrypoints: 0
[INFO] Visited 0 ucfgs in 0 ms, 0 steps
[INFO] rule: S2631 done
[INFO] rule: S5135, entrypoints: 0
[INFO] Visited 0 ucfgs in 0 ms, 0 steps
[INFO] rule: S5135 done
[INFO] rule: S2083, entrypoints: 0
[INFO] Visited 0 ucfgs in 0 ms, 0 steps
[INFO] rule: S2083 done
[INFO] rule: S5167, entrypoints: 0
[INFO] Visited 0 ucfgs in 0 ms, 0 steps
[INFO] rule: S5167 done
[INFO] rule: S5144, entrypoints: 0
[INFO] Visited 0 ucfgs in 0 ms, 0 steps
[INFO] rule: S5144 done
[INFO] rule: S5145, entrypoints: 0
[INFO] Visited 0 ucfgs in 0 ms, 0 steps
[INFO] rule: S5145 done
[INFO] rule: S5146, entrypoints: 0
[INFO] Visited 0 ucfgs in 0 ms, 0 steps
[INFO] rule: S5146 done
[INFO] rule: S5334, entrypoints: 0
[INFO] Visited 0 ucfgs in 0 ms, 0 steps
[INFO] rule: S5334 done
[INFO] Sensor JavaSecuritySensor [security] (done) | time=7538ms
[INFO] Sensor CSharpSecuritySensor [security]
[INFO] Reading type hierarchy from: /home/pi/Desktop/Build Server/TheBusyBiscuit/CS-CoreLib/master/files/target/ucfg_cs2
[INFO] Read 0 type definitions
[INFO] Reading UCFGs from: /home/pi/Desktop/Build Server/TheBusyBiscuit/CS-CoreLib/master/files/target/ucfg_cs2
[INFO] No UCFGs have been included for analysis.
[INFO] Sensor CSharpSecuritySensor [security] (done) | time=5ms
[INFO] Sensor PhpSecuritySensor [security]
[INFO] Reading type hierarchy from: /home/pi/Desktop/Build Server/TheBusyBiscuit/CS-CoreLib/master/files/target/sonar/ucfg2/php
[INFO] Read 0 type definitions
[INFO] Reading UCFGs from: /home/pi/Desktop/Build Server/TheBusyBiscuit/CS-CoreLib/master/files/target/sonar/ucfg2/php
[INFO] No UCFGs have been included for analysis.
[INFO] Sensor PhpSecuritySensor [security] (done) | time=3ms
[INFO] ------------- Run sensors on project
[INFO] Sensor Zero Coverage Sensor
[INFO] Sensor Zero Coverage Sensor (done) | time=139ms
[INFO] Sensor Java CPD Block Indexer
[INFO] Sensor Java CPD Block Indexer (done) | time=676ms
[INFO] 17 files had no CPD blocks
[INFO] Calculating CPD for 70 files
[INFO] CPD calculation finished
[INFO] Analysis report generated in 461ms, dir size=650 KB
[INFO] Analysis report compressed in 868ms, zip size=315 KB
[INFO] Analysis report uploaded in 10725ms
[INFO] ANALYSIS SUCCESSFUL, you can browse https://sonarcloud.io/dashboard?id=TheBusyBiscuit_CS-CoreLib
[INFO] Note that you will be able to access the updated dashboard once the server has processed the submitted analysis report
[INFO] More about the report processing at https://sonarcloud.io/api/ce/task?id=AW0X6WL-kU7daC6AABHb
[INFO] Analysis total time: 2:04.260 s
[INFO] ------------------------------------------------------------------------
[INFO] BUILD SUCCESS
[INFO] ------------------------------------------------------------------------
[INFO] Total time:  02:42 min
[INFO] Finished at: 2019-09-09T23:23:54+02:00
[INFO] ------------------------------------------------------------------------
