[INFO] Scanning for projects...
[INFO] 
[INFO] --------------------< me.mrCookieSlime:CS-CoreLib >---------------------
[INFO] Building CS-CoreLib DEV - 40 (git c8e7496b)
[INFO] --------------------------------[ jar ]---------------------------------
[INFO] Downloading from worldedit-worldguard-repo: http://maven.sk89q.com/repo/org/bukkit/bukkit/1.14-R0.1-SNAPSHOT/maven-metadata.xml
[INFO] Downloading from spigot-repo: https://hub.spigotmc.org/nexus/content/repositories/snapshots/org/bukkit/bukkit/1.14-R0.1-SNAPSHOT/maven-metadata.xml
[INFO] Downloading from redprotect-repo: https://raw.github.com/FabioZumbi12/RedProtect/mvn-repo/org/bukkit/bukkit/1.14-R0.1-SNAPSHOT/maven-metadata.xml
[INFO] Downloading from papermc: https://papermc.io/repo/repository/maven-public/org/bukkit/bukkit/1.14-R0.1-SNAPSHOT/maven-metadata.xml
[INFO] Downloading from plotsquared-ci: http://ci.athion.net/job/PlotSquared-Releases/ws/mvn/org/bukkit/bukkit/1.14-R0.1-SNAPSHOT/maven-metadata.xml
[INFO] Downloading from jitpack.io: https://jitpack.io/org/bukkit/bukkit/1.14-R0.1-SNAPSHOT/maven-metadata.xml
[INFO] Downloading from bintray-tastybento-maven-repo: http://dl.bintray.com/tastybento/maven-repo/org/bukkit/bukkit/1.14-R0.1-SNAPSHOT/maven-metadata.xml
[INFO] Downloaded from papermc: https://papermc.io/repo/repository/maven-public/org/bukkit/bukkit/1.14-R0.1-SNAPSHOT/maven-metadata.xml (1.4 kB at 760 B/s)
[INFO] Downloading from massivecore-factions-repo: http://repo.dustplanet.de/artifactory/ext-release-local/org/bukkit/bukkit/1.14-R0.1-SNAPSHOT/maven-metadata.xml
[INFO] Downloading from FactionsUUID-repo: https://ci.ender.zone/job/FactionsUUID/122/maven-repository/repository/org/bukkit/bukkit/1.14-R0.1-SNAPSHOT/maven-metadata.xml
[INFO] Downloaded from spigot-repo: https://hub.spigotmc.org/nexus/content/repositories/snapshots/org/bukkit/bukkit/1.14-R0.1-SNAPSHOT/maven-metadata.xml (1.4 kB at 720 B/s)
[INFO] Downloading from CodeMC: https://repo.codemc.org/repository/maven-public/org/bukkit/bukkit/1.14-R0.1-SNAPSHOT/maven-metadata.xml
[WARNING] Could not transfer metadata org.bukkit:bukkit:1.14-R0.1-SNAPSHOT/maven-metadata.xml from/to massivecore-factions-repo (http://repo.dustplanet.de/artifactory/ext-release-local/): Failed to transfer file http://repo.dustplanet.de/artifactory/ext-release-local/org/bukkit/bukkit/1.14-R0.1-SNAPSHOT/maven-metadata.xml with status code 503
[WARNING] Failure to transfer org.bukkit:bukkit:1.14-R0.1-SNAPSHOT/maven-metadata.xml from http://repo.dustplanet.de/artifactory/ext-release-local/ was cached in the local repository, resolution will not be reattempted until the update interval of massivecore-factions-repo has elapsed or updates are forced. Original error: Could not transfer metadata org.bukkit:bukkit:1.14-R0.1-SNAPSHOT/maven-metadata.xml from/to massivecore-factions-repo (http://repo.dustplanet.de/artifactory/ext-release-local/): Failed to transfer file http://repo.dustplanet.de/artifactory/ext-release-local/org/bukkit/bukkit/1.14-R0.1-SNAPSHOT/maven-metadata.xml with status code 503
[INFO] Downloading from redprotect-repo: https://raw.github.com/FabioZumbi12/RedProtect/mvn-repo/org/bukkit/bukkit/1.14-R0.1-SNAPSHOT/bukkit-1.14-R0.1-20190506.234848-87.pom
[INFO] Downloading from papermc: https://papermc.io/repo/repository/maven-public/org/bukkit/bukkit/1.14-R0.1-SNAPSHOT/bukkit-1.14-R0.1-20190506.234848-87.pom
[INFO] Downloaded from papermc: https://papermc.io/repo/repository/maven-public/org/bukkit/bukkit/1.14-R0.1-SNAPSHOT/bukkit-1.14-R0.1-20190506.234848-87.pom (8.4 kB at 21 kB/s)
[INFO] Downloading from spigot-repo: https://hub.spigotmc.org/nexus/content/repositories/snapshots/com/sk89q/worldedit/worldedit-bukkit/7.0.0-SNAPSHOT/maven-metadata.xml
[INFO] Downloading from papermc: https://papermc.io/repo/repository/maven-public/com/sk89q/worldedit/worldedit-bukkit/7.0.0-SNAPSHOT/maven-metadata.xml
[INFO] Downloading from worldedit-worldguard-repo: http://maven.sk89q.com/repo/com/sk89q/worldedit/worldedit-bukkit/7.0.0-SNAPSHOT/maven-metadata.xml
[INFO] Downloading from redprotect-repo: https://raw.github.com/FabioZumbi12/RedProtect/mvn-repo/com/sk89q/worldedit/worldedit-bukkit/7.0.0-SNAPSHOT/maven-metadata.xml
[INFO] Downloading from plotsquared-ci: http://ci.athion.net/job/PlotSquared-Releases/ws/mvn/com/sk89q/worldedit/worldedit-bukkit/7.0.0-SNAPSHOT/maven-metadata.xml
[INFO] Downloading from jitpack.io: https://jitpack.io/com/sk89q/worldedit/worldedit-bukkit/7.0.0-SNAPSHOT/maven-metadata.xml
[INFO] Downloading from bintray-tastybento-maven-repo: http://dl.bintray.com/tastybento/maven-repo/com/sk89q/worldedit/worldedit-bukkit/7.0.0-SNAPSHOT/maven-metadata.xml
[INFO] Downloading from massivecore-factions-repo: http://repo.dustplanet.de/artifactory/ext-release-local/com/sk89q/worldedit/worldedit-bukkit/7.0.0-SNAPSHOT/maven-metadata.xml
[INFO] Downloaded from worldedit-worldguard-repo: http://maven.sk89q.com/repo/com/sk89q/worldedit/worldedit-bukkit/7.0.0-SNAPSHOT/maven-metadata.xml (1.2 kB at 2.5 kB/s)
[INFO] Downloading from FactionsUUID-repo: https://ci.ender.zone/job/FactionsUUID/122/maven-repository/repository/com/sk89q/worldedit/worldedit-bukkit/7.0.0-SNAPSHOT/maven-metadata.xml
[INFO] Downloading from CodeMC: https://repo.codemc.org/repository/maven-public/com/sk89q/worldedit/worldedit-bukkit/7.0.0-SNAPSHOT/maven-metadata.xml
[WARNING] Could not transfer metadata com.sk89q.worldedit:worldedit-bukkit:7.0.0-SNAPSHOT/maven-metadata.xml from/to massivecore-factions-repo (http://repo.dustplanet.de/artifactory/ext-release-local/): Failed to transfer file http://repo.dustplanet.de/artifactory/ext-release-local/com/sk89q/worldedit/worldedit-bukkit/7.0.0-SNAPSHOT/maven-metadata.xml with status code 503
[WARNING] Failure to transfer com.sk89q.worldedit:worldedit-bukkit:7.0.0-SNAPSHOT/maven-metadata.xml from http://repo.dustplanet.de/artifactory/ext-release-local/ was cached in the local repository, resolution will not be reattempted until the update interval of massivecore-factions-repo has elapsed or updates are forced. Original error: Could not transfer metadata com.sk89q.worldedit:worldedit-bukkit:7.0.0-SNAPSHOT/maven-metadata.xml from/to massivecore-factions-repo (http://repo.dustplanet.de/artifactory/ext-release-local/): Failed to transfer file http://repo.dustplanet.de/artifactory/ext-release-local/com/sk89q/worldedit/worldedit-bukkit/7.0.0-SNAPSHOT/maven-metadata.xml with status code 503
[INFO] Downloading from redprotect-repo: https://raw.github.com/FabioZumbi12/RedProtect/mvn-repo/com/sk89q/worldedit/worldedit-bukkit/7.0.0-SNAPSHOT/worldedit-bukkit-7.0.0-20190507.000153-137.pom
[INFO] Downloading from papermc: https://papermc.io/repo/repository/maven-public/com/sk89q/worldedit/worldedit-bukkit/7.0.0-SNAPSHOT/worldedit-bukkit-7.0.0-20190507.000153-137.pom
[INFO] Downloading from spigot-repo: https://hub.spigotmc.org/nexus/content/repositories/snapshots/com/sk89q/worldedit/worldedit-bukkit/7.0.0-SNAPSHOT/worldedit-bukkit-7.0.0-20190507.000153-137.pom
[INFO] Downloading from worldedit-worldguard-repo: http://maven.sk89q.com/repo/com/sk89q/worldedit/worldedit-bukkit/7.0.0-SNAPSHOT/worldedit-bukkit-7.0.0-20190507.000153-137.pom
[INFO] Downloaded from worldedit-worldguard-repo: http://maven.sk89q.com/repo/com/sk89q/worldedit/worldedit-bukkit/7.0.0-SNAPSHOT/worldedit-bukkit-7.0.0-20190507.000153-137.pom (2.0 kB at 6.6 kB/s)
[INFO] Downloading from redprotect-repo: https://raw.github.com/FabioZumbi12/RedProtect/mvn-repo/com/sk89q/worldedit/worldedit-core/7.0.0-SNAPSHOT/maven-metadata.xml
[INFO] Downloading from papermc: https://papermc.io/repo/repository/maven-public/com/sk89q/worldedit/worldedit-core/7.0.0-SNAPSHOT/maven-metadata.xml
[INFO] Downloading from spigot-repo: https://hub.spigotmc.org/nexus/content/repositories/snapshots/com/sk89q/worldedit/worldedit-core/7.0.0-SNAPSHOT/maven-metadata.xml
[INFO] Downloading from worldedit-worldguard-repo: http://maven.sk89q.com/repo/com/sk89q/worldedit/worldedit-core/7.0.0-SNAPSHOT/maven-metadata.xml
[INFO] Downloading from plotsquared-ci: http://ci.athion.net/job/PlotSquared-Releases/ws/mvn/com/sk89q/worldedit/worldedit-core/7.0.0-SNAPSHOT/maven-metadata.xml
[INFO] Downloading from jitpack.io: https://jitpack.io/com/sk89q/worldedit/worldedit-core/7.0.0-SNAPSHOT/maven-metadata.xml
[INFO] Downloaded from worldedit-worldguard-repo: http://maven.sk89q.com/repo/com/sk89q/worldedit/worldedit-core/7.0.0-SNAPSHOT/maven-metadata.xml (1.2 kB at 3.2 kB/s)
[INFO] Downloading from bintray-tastybento-maven-repo: http://dl.bintray.com/tastybento/maven-repo/com/sk89q/worldedit/worldedit-core/7.0.0-SNAPSHOT/maven-metadata.xml
[INFO] Downloading from massivecore-factions-repo: http://repo.dustplanet.de/artifactory/ext-release-local/com/sk89q/worldedit/worldedit-core/7.0.0-SNAPSHOT/maven-metadata.xml
[INFO] Downloading from FactionsUUID-repo: https://ci.ender.zone/job/FactionsUUID/122/maven-repository/repository/com/sk89q/worldedit/worldedit-core/7.0.0-SNAPSHOT/maven-metadata.xml
[INFO] Downloading from CodeMC: https://repo.codemc.org/repository/maven-public/com/sk89q/worldedit/worldedit-core/7.0.0-SNAPSHOT/maven-metadata.xml
[WARNING] Could not transfer metadata com.sk89q.worldedit:worldedit-core:7.0.0-SNAPSHOT/maven-metadata.xml from/to massivecore-factions-repo (http://repo.dustplanet.de/artifactory/ext-release-local/): Failed to transfer file http://repo.dustplanet.de/artifactory/ext-release-local/com/sk89q/worldedit/worldedit-core/7.0.0-SNAPSHOT/maven-metadata.xml with status code 503
[WARNING] Failure to transfer com.sk89q.worldedit:worldedit-core:7.0.0-SNAPSHOT/maven-metadata.xml from http://repo.dustplanet.de/artifactory/ext-release-local/ was cached in the local repository, resolution will not be reattempted until the update interval of massivecore-factions-repo has elapsed or updates are forced. Original error: Could not transfer metadata com.sk89q.worldedit:worldedit-core:7.0.0-SNAPSHOT/maven-metadata.xml from/to massivecore-factions-repo (http://repo.dustplanet.de/artifactory/ext-release-local/): Failed to transfer file http://repo.dustplanet.de/artifactory/ext-release-local/com/sk89q/worldedit/worldedit-core/7.0.0-SNAPSHOT/maven-metadata.xml with status code 503
[INFO] Downloading from redprotect-repo: https://raw.github.com/FabioZumbi12/RedProtect/mvn-repo/com/sk89q/worldedit/worldedit-core/7.0.0-SNAPSHOT/worldedit-core-7.0.0-20190507.000153-137.pom
[INFO] Downloading from papermc: https://papermc.io/repo/repository/maven-public/com/sk89q/worldedit/worldedit-core/7.0.0-SNAPSHOT/worldedit-core-7.0.0-20190507.000153-137.pom
[INFO] Downloading from spigot-repo: https://hub.spigotmc.org/nexus/content/repositories/snapshots/com/sk89q/worldedit/worldedit-core/7.0.0-SNAPSHOT/worldedit-core-7.0.0-20190507.000153-137.pom
[INFO] Downloading from worldedit-worldguard-repo: http://maven.sk89q.com/repo/com/sk89q/worldedit/worldedit-core/7.0.0-SNAPSHOT/worldedit-core-7.0.0-20190507.000153-137.pom
[INFO] Downloaded from worldedit-worldguard-repo: http://maven.sk89q.com/repo/com/sk89q/worldedit/worldedit-core/7.0.0-SNAPSHOT/worldedit-core-7.0.0-20190507.000153-137.pom (2.3 kB at 7.1 kB/s)
[INFO] Downloading from redprotect-repo: https://raw.github.com/FabioZumbi12/RedProtect/mvn-repo/com/sk89q/worldedit/worldedit-libs/core/7.0.0-SNAPSHOT/maven-metadata.xml
[INFO] Downloading from worldedit-worldguard-repo: http://maven.sk89q.com/repo/com/sk89q/worldedit/worldedit-libs/core/7.0.0-SNAPSHOT/maven-metadata.xml
[INFO] Downloading from papermc: https://papermc.io/repo/repository/maven-public/com/sk89q/worldedit/worldedit-libs/core/7.0.0-SNAPSHOT/maven-metadata.xml
[INFO] Downloading from spigot-repo: https://hub.spigotmc.org/nexus/content/repositories/snapshots/com/sk89q/worldedit/worldedit-libs/core/7.0.0-SNAPSHOT/maven-metadata.xml
[INFO] Downloaded from worldedit-worldguard-repo: http://maven.sk89q.com/repo/com/sk89q/worldedit/worldedit-libs/core/7.0.0-SNAPSHOT/maven-metadata.xml (791 B at 2.7 kB/s)
[INFO] Downloading from plotsquared-ci: http://ci.athion.net/job/PlotSquared-Releases/ws/mvn/com/sk89q/worldedit/worldedit-libs/core/7.0.0-SNAPSHOT/maven-metadata.xml
[INFO] Downloading from jitpack.io: https://jitpack.io/com/sk89q/worldedit/worldedit-libs/core/7.0.0-SNAPSHOT/maven-metadata.xml
[INFO] Downloading from bintray-tastybento-maven-repo: http://dl.bintray.com/tastybento/maven-repo/com/sk89q/worldedit/worldedit-libs/core/7.0.0-SNAPSHOT/maven-metadata.xml
[INFO] Downloading from massivecore-factions-repo: http://repo.dustplanet.de/artifactory/ext-release-local/com/sk89q/worldedit/worldedit-libs/core/7.0.0-SNAPSHOT/maven-metadata.xml
[INFO] Downloading from FactionsUUID-repo: https://ci.ender.zone/job/FactionsUUID/122/maven-repository/repository/com/sk89q/worldedit/worldedit-libs/core/7.0.0-SNAPSHOT/maven-metadata.xml
[INFO] Downloading from CodeMC: https://repo.codemc.org/repository/maven-public/com/sk89q/worldedit/worldedit-libs/core/7.0.0-SNAPSHOT/maven-metadata.xml
[WARNING] Could not transfer metadata com.sk89q.worldedit.worldedit-libs:core:7.0.0-SNAPSHOT/maven-metadata.xml from/to massivecore-factions-repo (http://repo.dustplanet.de/artifactory/ext-release-local/): Failed to transfer file http://repo.dustplanet.de/artifactory/ext-release-local/com/sk89q/worldedit/worldedit-libs/core/7.0.0-SNAPSHOT/maven-metadata.xml with status code 503
[WARNING] Failure to transfer com.sk89q.worldedit.worldedit-libs:core:7.0.0-SNAPSHOT/maven-metadata.xml from http://repo.dustplanet.de/artifactory/ext-release-local/ was cached in the local repository, resolution will not be reattempted until the update interval of massivecore-factions-repo has elapsed or updates are forced. Original error: Could not transfer metadata com.sk89q.worldedit.worldedit-libs:core:7.0.0-SNAPSHOT/maven-metadata.xml from/to massivecore-factions-repo (http://repo.dustplanet.de/artifactory/ext-release-local/): Failed to transfer file http://repo.dustplanet.de/artifactory/ext-release-local/com/sk89q/worldedit/worldedit-libs/core/7.0.0-SNAPSHOT/maven-metadata.xml with status code 503
[INFO] Downloading from redprotect-repo: https://raw.github.com/FabioZumbi12/RedProtect/mvn-repo/com/sk89q/worldedit/worldedit-libs/core/7.0.0-SNAPSHOT/core-7.0.0-20190507.000153-22.pom
[INFO] Downloading from papermc: https://papermc.io/repo/repository/maven-public/com/sk89q/worldedit/worldedit-libs/core/7.0.0-SNAPSHOT/core-7.0.0-20190507.000153-22.pom
[INFO] Downloading from spigot-repo: https://hub.spigotmc.org/nexus/content/repositories/snapshots/com/sk89q/worldedit/worldedit-libs/core/7.0.0-SNAPSHOT/core-7.0.0-20190507.000153-22.pom
[INFO] Downloading from worldedit-worldguard-repo: http://maven.sk89q.com/repo/com/sk89q/worldedit/worldedit-libs/core/7.0.0-SNAPSHOT/core-7.0.0-20190507.000153-22.pom
[INFO] Downloaded from worldedit-worldguard-repo: http://maven.sk89q.com/repo/com/sk89q/worldedit/worldedit-libs/core/7.0.0-SNAPSHOT/core-7.0.0-20190507.000153-22.pom (428 B at 1.4 kB/s)
[INFO] Downloading from papermc: https://papermc.io/repo/repository/maven-public/com/sk89q/worldedit/worldedit-libs/bukkit/7.0.0-SNAPSHOT/maven-metadata.xml
[INFO] Downloading from spigot-repo: https://hub.spigotmc.org/nexus/content/repositories/snapshots/com/sk89q/worldedit/worldedit-libs/bukkit/7.0.0-SNAPSHOT/maven-metadata.xml
[INFO] Downloading from worldedit-worldguard-repo: http://maven.sk89q.com/repo/com/sk89q/worldedit/worldedit-libs/bukkit/7.0.0-SNAPSHOT/maven-metadata.xml
[INFO] Downloading from redprotect-repo: https://raw.github.com/FabioZumbi12/RedProtect/mvn-repo/com/sk89q/worldedit/worldedit-libs/bukkit/7.0.0-SNAPSHOT/maven-metadata.xml
[INFO] Downloading from plotsquared-ci: http://ci.athion.net/job/PlotSquared-Releases/ws/mvn/com/sk89q/worldedit/worldedit-libs/bukkit/7.0.0-SNAPSHOT/maven-metadata.xml
[INFO] Downloading from jitpack.io: https://jitpack.io/com/sk89q/worldedit/worldedit-libs/bukkit/7.0.0-SNAPSHOT/maven-metadata.xml
[INFO] Downloaded from worldedit-worldguard-repo: http://maven.sk89q.com/repo/com/sk89q/worldedit/worldedit-libs/bukkit/7.0.0-SNAPSHOT/maven-metadata.xml (793 B at 2.8 kB/s)
[INFO] Downloading from bintray-tastybento-maven-repo: http://dl.bintray.com/tastybento/maven-repo/com/sk89q/worldedit/worldedit-libs/bukkit/7.0.0-SNAPSHOT/maven-metadata.xml
[INFO] Downloading from massivecore-factions-repo: http://repo.dustplanet.de/artifactory/ext-release-local/com/sk89q/worldedit/worldedit-libs/bukkit/7.0.0-SNAPSHOT/maven-metadata.xml
[INFO] Downloading from FactionsUUID-repo: https://ci.ender.zone/job/FactionsUUID/122/maven-repository/repository/com/sk89q/worldedit/worldedit-libs/bukkit/7.0.0-SNAPSHOT/maven-metadata.xml
[INFO] Downloading from CodeMC: https://repo.codemc.org/repository/maven-public/com/sk89q/worldedit/worldedit-libs/bukkit/7.0.0-SNAPSHOT/maven-metadata.xml
[WARNING] Could not transfer metadata com.sk89q.worldedit.worldedit-libs:bukkit:7.0.0-SNAPSHOT/maven-metadata.xml from/to massivecore-factions-repo (http://repo.dustplanet.de/artifactory/ext-release-local/): Failed to transfer file http://repo.dustplanet.de/artifactory/ext-release-local/com/sk89q/worldedit/worldedit-libs/bukkit/7.0.0-SNAPSHOT/maven-metadata.xml with status code 503
[WARNING] Failure to transfer com.sk89q.worldedit.worldedit-libs:bukkit:7.0.0-SNAPSHOT/maven-metadata.xml from http://repo.dustplanet.de/artifactory/ext-release-local/ was cached in the local repository, resolution will not be reattempted until the update interval of massivecore-factions-repo has elapsed or updates are forced. Original error: Could not transfer metadata com.sk89q.worldedit.worldedit-libs:bukkit:7.0.0-SNAPSHOT/maven-metadata.xml from/to massivecore-factions-repo (http://repo.dustplanet.de/artifactory/ext-release-local/): Failed to transfer file http://repo.dustplanet.de/artifactory/ext-release-local/com/sk89q/worldedit/worldedit-libs/bukkit/7.0.0-SNAPSHOT/maven-metadata.xml with status code 503
[INFO] Downloading from redprotect-repo: https://raw.github.com/FabioZumbi12/RedProtect/mvn-repo/com/sk89q/worldedit/worldedit-libs/bukkit/7.0.0-SNAPSHOT/bukkit-7.0.0-20190507.000153-22.pom
[INFO] Downloading from papermc: https://papermc.io/repo/repository/maven-public/com/sk89q/worldedit/worldedit-libs/bukkit/7.0.0-SNAPSHOT/bukkit-7.0.0-20190507.000153-22.pom
[INFO] Downloading from spigot-repo: https://hub.spigotmc.org/nexus/content/repositories/snapshots/com/sk89q/worldedit/worldedit-libs/bukkit/7.0.0-SNAPSHOT/bukkit-7.0.0-20190507.000153-22.pom
[INFO] Downloading from worldedit-worldguard-repo: http://maven.sk89q.com/repo/com/sk89q/worldedit/worldedit-libs/bukkit/7.0.0-SNAPSHOT/bukkit-7.0.0-20190507.000153-22.pom
[INFO] Downloaded from worldedit-worldguard-repo: http://maven.sk89q.com/repo/com/sk89q/worldedit/worldedit-libs/bukkit/7.0.0-SNAPSHOT/bukkit-7.0.0-20190507.000153-22.pom (430 B at 348 B/s)
[INFO] Downloading from papermc: https://papermc.io/repo/repository/maven-public/org/bukkit/bukkit/1.13.2-R0.1-SNAPSHOT/maven-metadata.xml
[INFO] Downloading from redprotect-repo: https://raw.github.com/FabioZumbi12/RedProtect/mvn-repo/org/bukkit/bukkit/1.13.2-R0.1-SNAPSHOT/maven-metadata.xml
[INFO] Downloading from worldedit-worldguard-repo: http://maven.sk89q.com/repo/org/bukkit/bukkit/1.13.2-R0.1-SNAPSHOT/maven-metadata.xml
[INFO] Downloading from spigot-repo: https://hub.spigotmc.org/nexus/content/repositories/snapshots/org/bukkit/bukkit/1.13.2-R0.1-SNAPSHOT/maven-metadata.xml
[INFO] Downloading from plotsquared-ci: http://ci.athion.net/job/PlotSquared-Releases/ws/mvn/org/bukkit/bukkit/1.13.2-R0.1-SNAPSHOT/maven-metadata.xml
[INFO] Downloaded from papermc: https://papermc.io/repo/repository/maven-public/org/bukkit/bukkit/1.13.2-R0.1-SNAPSHOT/maven-metadata.xml (1.5 kB at 5.1 kB/s)
[INFO] Downloading from jitpack.io: https://jitpack.io/org/bukkit/bukkit/1.13.2-R0.1-SNAPSHOT/maven-metadata.xml
[INFO] Downloaded from spigot-repo: https://hub.spigotmc.org/nexus/content/repositories/snapshots/org/bukkit/bukkit/1.13.2-R0.1-SNAPSHOT/maven-metadata.xml (1.5 kB at 3.8 kB/s)
[INFO] Downloading from bintray-tastybento-maven-repo: http://dl.bintray.com/tastybento/maven-repo/org/bukkit/bukkit/1.13.2-R0.1-SNAPSHOT/maven-metadata.xml
[INFO] Downloading from massivecore-factions-repo: http://repo.dustplanet.de/artifactory/ext-release-local/org/bukkit/bukkit/1.13.2-R0.1-SNAPSHOT/maven-metadata.xml
[INFO] Downloading from FactionsUUID-repo: https://ci.ender.zone/job/FactionsUUID/122/maven-repository/repository/org/bukkit/bukkit/1.13.2-R0.1-SNAPSHOT/maven-metadata.xml
[INFO] Downloading from CodeMC: https://repo.codemc.org/repository/maven-public/org/bukkit/bukkit/1.13.2-R0.1-SNAPSHOT/maven-metadata.xml
[WARNING] Could not transfer metadata org.bukkit:bukkit:1.13.2-R0.1-SNAPSHOT/maven-metadata.xml from/to massivecore-factions-repo (http://repo.dustplanet.de/artifactory/ext-release-local/): Failed to transfer file http://repo.dustplanet.de/artifactory/ext-release-local/org/bukkit/bukkit/1.13.2-R0.1-SNAPSHOT/maven-metadata.xml with status code 503
[WARNING] Failure to transfer org.bukkit:bukkit:1.13.2-R0.1-SNAPSHOT/maven-metadata.xml from http://repo.dustplanet.de/artifactory/ext-release-local/ was cached in the local repository, resolution will not be reattempted until the update interval of massivecore-factions-repo has elapsed or updates are forced. Original error: Could not transfer metadata org.bukkit:bukkit:1.13.2-R0.1-SNAPSHOT/maven-metadata.xml from/to massivecore-factions-repo (http://repo.dustplanet.de/artifactory/ext-release-local/): Failed to transfer file http://repo.dustplanet.de/artifactory/ext-release-local/org/bukkit/bukkit/1.13.2-R0.1-SNAPSHOT/maven-metadata.xml with status code 503
[INFO] Downloading from redprotect-repo: https://raw.github.com/FabioZumbi12/RedProtect/mvn-repo/org/apache/logging/log4j/log4j-slf4j-impl/2.8.1/log4j-slf4j-impl-2.8.1.pom
[INFO] Downloading from papermc: https://papermc.io/repo/repository/maven-public/org/apache/logging/log4j/log4j-slf4j-impl/2.8.1/log4j-slf4j-impl-2.8.1.pom
[INFO] Downloaded from papermc: https://papermc.io/repo/repository/maven-public/org/apache/logging/log4j/log4j-slf4j-impl/2.8.1/log4j-slf4j-impl-2.8.1.pom (9.2 kB at 52 kB/s)
[INFO] Downloading from redprotect-repo: https://raw.github.com/FabioZumbi12/RedProtect/mvn-repo/org/apache/logging/log4j/log4j/2.8.1/log4j-2.8.1.pom
[INFO] Downloading from papermc: https://papermc.io/repo/repository/maven-public/org/apache/logging/log4j/log4j/2.8.1/log4j-2.8.1.pom
[INFO] Downloaded from papermc: https://papermc.io/repo/repository/maven-public/org/apache/logging/log4j/log4j/2.8.1/log4j-2.8.1.pom (55 kB at 150 kB/s)
[INFO] Downloading from redprotect-repo: https://raw.github.com/FabioZumbi12/RedProtect/mvn-repo/org/slf4j/slf4j-api/1.7.24/slf4j-api-1.7.24.pom
[INFO] Downloading from papermc: https://papermc.io/repo/repository/maven-public/org/slf4j/slf4j-api/1.7.24/slf4j-api-1.7.24.pom
[INFO] Downloaded from papermc: https://papermc.io/repo/repository/maven-public/org/slf4j/slf4j-api/1.7.24/slf4j-api-1.7.24.pom (3.8 kB at 20 kB/s)
[INFO] Downloading from redprotect-repo: https://raw.github.com/FabioZumbi12/RedProtect/mvn-repo/org/slf4j/slf4j-parent/1.7.24/slf4j-parent-1.7.24.pom
[INFO] Downloading from papermc: https://papermc.io/repo/repository/maven-public/org/slf4j/slf4j-parent/1.7.24/slf4j-parent-1.7.24.pom
[INFO] Downloaded from papermc: https://papermc.io/repo/repository/maven-public/org/slf4j/slf4j-parent/1.7.24/slf4j-parent-1.7.24.pom (14 kB at 65 kB/s)
[INFO] Downloading from redprotect-repo: https://raw.github.com/FabioZumbi12/RedProtect/mvn-repo/org/apache/logging/log4j/log4j-api/2.8.1/log4j-api-2.8.1.pom
[INFO] Downloading from papermc: https://papermc.io/repo/repository/maven-public/org/apache/logging/log4j/log4j-api/2.8.1/log4j-api-2.8.1.pom
[INFO] Downloaded from papermc: https://papermc.io/repo/repository/maven-public/org/apache/logging/log4j/log4j-api/2.8.1/log4j-api-2.8.1.pom (8.7 kB at 53 kB/s)
[INFO] Downloading from redprotect-repo: https://raw.github.com/FabioZumbi12/RedProtect/mvn-repo/com/sk89q/worldguard/worldguard-legacy/7.0.0-SNAPSHOT/maven-metadata.xml
[INFO] Downloading from papermc: https://papermc.io/repo/repository/maven-public/com/sk89q/worldguard/worldguard-legacy/7.0.0-SNAPSHOT/maven-metadata.xml
[INFO] Downloading from spigot-repo: https://hub.spigotmc.org/nexus/content/repositories/snapshots/com/sk89q/worldguard/worldguard-legacy/7.0.0-SNAPSHOT/maven-metadata.xml
[INFO] Downloading from worldedit-worldguard-repo: http://maven.sk89q.com/repo/com/sk89q/worldguard/worldguard-legacy/7.0.0-SNAPSHOT/maven-metadata.xml
[INFO] Downloading from plotsquared-ci: http://ci.athion.net/job/PlotSquared-Releases/ws/mvn/com/sk89q/worldguard/worldguard-legacy/7.0.0-SNAPSHOT/maven-metadata.xml
[INFO] Downloading from jitpack.io: https://jitpack.io/com/sk89q/worldguard/worldguard-legacy/7.0.0-SNAPSHOT/maven-metadata.xml
[INFO] Downloading from bintray-tastybento-maven-repo: http://dl.bintray.com/tastybento/maven-repo/com/sk89q/worldguard/worldguard-legacy/7.0.0-SNAPSHOT/maven-metadata.xml
[INFO] Downloading from massivecore-factions-repo: http://repo.dustplanet.de/artifactory/ext-release-local/com/sk89q/worldguard/worldguard-legacy/7.0.0-SNAPSHOT/maven-metadata.xml
[INFO] Downloaded from worldedit-worldguard-repo: http://maven.sk89q.com/repo/com/sk89q/worldguard/worldguard-legacy/7.0.0-SNAPSHOT/maven-metadata.xml (1.2 kB at 2.8 kB/s)
[INFO] Downloading from FactionsUUID-repo: https://ci.ender.zone/job/FactionsUUID/122/maven-repository/repository/com/sk89q/worldguard/worldguard-legacy/7.0.0-SNAPSHOT/maven-metadata.xml
[INFO] Downloading from CodeMC: https://repo.codemc.org/repository/maven-public/com/sk89q/worldguard/worldguard-legacy/7.0.0-SNAPSHOT/maven-metadata.xml
[WARNING] Could not transfer metadata com.sk89q.worldguard:worldguard-legacy:7.0.0-SNAPSHOT/maven-metadata.xml from/to massivecore-factions-repo (http://repo.dustplanet.de/artifactory/ext-release-local/): Failed to transfer file http://repo.dustplanet.de/artifactory/ext-release-local/com/sk89q/worldguard/worldguard-legacy/7.0.0-SNAPSHOT/maven-metadata.xml with status code 503
[WARNING] Failure to transfer com.sk89q.worldguard:worldguard-legacy:7.0.0-SNAPSHOT/maven-metadata.xml from http://repo.dustplanet.de/artifactory/ext-release-local/ was cached in the local repository, resolution will not be reattempted until the update interval of massivecore-factions-repo has elapsed or updates are forced. Original error: Could not transfer metadata com.sk89q.worldguard:worldguard-legacy:7.0.0-SNAPSHOT/maven-metadata.xml from/to massivecore-factions-repo (http://repo.dustplanet.de/artifactory/ext-release-local/): Failed to transfer file http://repo.dustplanet.de/artifactory/ext-release-local/com/sk89q/worldguard/worldguard-legacy/7.0.0-SNAPSHOT/maven-metadata.xml with status code 503
[INFO] Downloading from redprotect-repo: https://raw.github.com/FabioZumbi12/RedProtect/mvn-repo/com/sk89q/worldguard/worldguard-legacy/7.0.0-SNAPSHOT/worldguard-legacy-7.0.0-20190506.065017-82.pom
[INFO] Downloading from papermc: https://papermc.io/repo/repository/maven-public/com/sk89q/worldguard/worldguard-legacy/7.0.0-SNAPSHOT/worldguard-legacy-7.0.0-20190506.065017-82.pom
[INFO] Downloading from spigot-repo: https://hub.spigotmc.org/nexus/content/repositories/snapshots/com/sk89q/worldguard/worldguard-legacy/7.0.0-SNAPSHOT/worldguard-legacy-7.0.0-20190506.065017-82.pom
[INFO] Downloading from worldedit-worldguard-repo: http://maven.sk89q.com/repo/com/sk89q/worldguard/worldguard-legacy/7.0.0-SNAPSHOT/worldguard-legacy-7.0.0-20190506.065017-82.pom
[INFO] Downloaded from worldedit-worldguard-repo: http://maven.sk89q.com/repo/com/sk89q/worldguard/worldguard-legacy/7.0.0-SNAPSHOT/worldguard-legacy-7.0.0-20190506.065017-82.pom (1.8 kB at 4.7 kB/s)
[INFO] Downloading from redprotect-repo: https://raw.github.com/FabioZumbi12/RedProtect/mvn-repo/org/bukkit/bukkit/1.13-R0.1-SNAPSHOT/maven-metadata.xml
[INFO] Downloading from worldedit-worldguard-repo: http://maven.sk89q.com/repo/org/bukkit/bukkit/1.13-R0.1-SNAPSHOT/maven-metadata.xml
[INFO] Downloading from spigot-repo: https://hub.spigotmc.org/nexus/content/repositories/snapshots/org/bukkit/bukkit/1.13-R0.1-SNAPSHOT/maven-metadata.xml
[INFO] Downloading from papermc: https://papermc.io/repo/repository/maven-public/org/bukkit/bukkit/1.13-R0.1-SNAPSHOT/maven-metadata.xml
[INFO] Downloading from plotsquared-ci: http://ci.athion.net/job/PlotSquared-Releases/ws/mvn/org/bukkit/bukkit/1.13-R0.1-SNAPSHOT/maven-metadata.xml
[INFO] Downloaded from papermc: https://papermc.io/repo/repository/maven-public/org/bukkit/bukkit/1.13-R0.1-SNAPSHOT/maven-metadata.xml (1.4 kB at 3.8 kB/s)
[INFO] Downloading from jitpack.io: https://jitpack.io/org/bukkit/bukkit/1.13-R0.1-SNAPSHOT/maven-metadata.xml
[INFO] Downloading from bintray-tastybento-maven-repo: http://dl.bintray.com/tastybento/maven-repo/org/bukkit/bukkit/1.13-R0.1-SNAPSHOT/maven-metadata.xml
[INFO] Downloaded from spigot-repo: https://hub.spigotmc.org/nexus/content/repositories/snapshots/org/bukkit/bukkit/1.13-R0.1-SNAPSHOT/maven-metadata.xml (1.4 kB at 3.0 kB/s)
[INFO] Downloading from massivecore-factions-repo: http://repo.dustplanet.de/artifactory/ext-release-local/org/bukkit/bukkit/1.13-R0.1-SNAPSHOT/maven-metadata.xml
[INFO] Downloading from FactionsUUID-repo: https://ci.ender.zone/job/FactionsUUID/122/maven-repository/repository/org/bukkit/bukkit/1.13-R0.1-SNAPSHOT/maven-metadata.xml
[INFO] Downloading from CodeMC: https://repo.codemc.org/repository/maven-public/org/bukkit/bukkit/1.13-R0.1-SNAPSHOT/maven-metadata.xml
[WARNING] Could not transfer metadata org.bukkit:bukkit:1.13-R0.1-SNAPSHOT/maven-metadata.xml from/to massivecore-factions-repo (http://repo.dustplanet.de/artifactory/ext-release-local/): Failed to transfer file http://repo.dustplanet.de/artifactory/ext-release-local/org/bukkit/bukkit/1.13-R0.1-SNAPSHOT/maven-metadata.xml with status code 503
[WARNING] Failure to transfer org.bukkit:bukkit:1.13-R0.1-SNAPSHOT/maven-metadata.xml from http://repo.dustplanet.de/artifactory/ext-release-local/ was cached in the local repository, resolution will not be reattempted until the update interval of massivecore-factions-repo has elapsed or updates are forced. Original error: Could not transfer metadata org.bukkit:bukkit:1.13-R0.1-SNAPSHOT/maven-metadata.xml from/to massivecore-factions-repo (http://repo.dustplanet.de/artifactory/ext-release-local/): Failed to transfer file http://repo.dustplanet.de/artifactory/ext-release-local/org/bukkit/bukkit/1.13-R0.1-SNAPSHOT/maven-metadata.xml with status code 503
[INFO] Downloading from spigot-repo: https://hub.spigotmc.org/nexus/content/repositories/snapshots/com/sk89q/worldguard/worldguard-core/7.0.0-SNAPSHOT/maven-metadata.xml
[INFO] Downloading from worldedit-worldguard-repo: http://maven.sk89q.com/repo/com/sk89q/worldguard/worldguard-core/7.0.0-SNAPSHOT/maven-metadata.xml
[INFO] Downloading from papermc: https://papermc.io/repo/repository/maven-public/com/sk89q/worldguard/worldguard-core/7.0.0-SNAPSHOT/maven-metadata.xml
[INFO] Downloading from redprotect-repo: https://raw.github.com/FabioZumbi12/RedProtect/mvn-repo/com/sk89q/worldguard/worldguard-core/7.0.0-SNAPSHOT/maven-metadata.xml
[INFO] Downloading from plotsquared-ci: http://ci.athion.net/job/PlotSquared-Releases/ws/mvn/com/sk89q/worldguard/worldguard-core/7.0.0-SNAPSHOT/maven-metadata.xml
[INFO] Downloading from jitpack.io: https://jitpack.io/com/sk89q/worldguard/worldguard-core/7.0.0-SNAPSHOT/maven-metadata.xml
[INFO] Downloaded from worldedit-worldguard-repo: http://maven.sk89q.com/repo/com/sk89q/worldguard/worldguard-core/7.0.0-SNAPSHOT/maven-metadata.xml (1.2 kB at 2.7 kB/s)
[INFO] Downloading from bintray-tastybento-maven-repo: http://dl.bintray.com/tastybento/maven-repo/com/sk89q/worldguard/worldguard-core/7.0.0-SNAPSHOT/maven-metadata.xml
[INFO] Downloading from massivecore-factions-repo: http://repo.dustplanet.de/artifactory/ext-release-local/com/sk89q/worldguard/worldguard-core/7.0.0-SNAPSHOT/maven-metadata.xml
[INFO] Downloading from FactionsUUID-repo: https://ci.ender.zone/job/FactionsUUID/122/maven-repository/repository/com/sk89q/worldguard/worldguard-core/7.0.0-SNAPSHOT/maven-metadata.xml
[INFO] Downloading from CodeMC: https://repo.codemc.org/repository/maven-public/com/sk89q/worldguard/worldguard-core/7.0.0-SNAPSHOT/maven-metadata.xml
[WARNING] Could not transfer metadata com.sk89q.worldguard:worldguard-core:7.0.0-SNAPSHOT/maven-metadata.xml from/to massivecore-factions-repo (http://repo.dustplanet.de/artifactory/ext-release-local/): Failed to transfer file http://repo.dustplanet.de/artifactory/ext-release-local/com/sk89q/worldguard/worldguard-core/7.0.0-SNAPSHOT/maven-metadata.xml with status code 503
[WARNING] Failure to transfer com.sk89q.worldguard:worldguard-core:7.0.0-SNAPSHOT/maven-metadata.xml from http://repo.dustplanet.de/artifactory/ext-release-local/ was cached in the local repository, resolution will not be reattempted until the update interval of massivecore-factions-repo has elapsed or updates are forced. Original error: Could not transfer metadata com.sk89q.worldguard:worldguard-core:7.0.0-SNAPSHOT/maven-metadata.xml from/to massivecore-factions-repo (http://repo.dustplanet.de/artifactory/ext-release-local/): Failed to transfer file http://repo.dustplanet.de/artifactory/ext-release-local/com/sk89q/worldguard/worldguard-core/7.0.0-SNAPSHOT/maven-metadata.xml with status code 503
[INFO] Downloading from redprotect-repo: https://raw.github.com/FabioZumbi12/RedProtect/mvn-repo/com/sk89q/worldguard/worldguard-core/7.0.0-SNAPSHOT/worldguard-core-7.0.0-20190506.065017-82.pom
[INFO] Downloading from papermc: https://papermc.io/repo/repository/maven-public/com/sk89q/worldguard/worldguard-core/7.0.0-SNAPSHOT/worldguard-core-7.0.0-20190506.065017-82.pom
[INFO] Downloading from spigot-repo: https://hub.spigotmc.org/nexus/content/repositories/snapshots/com/sk89q/worldguard/worldguard-core/7.0.0-SNAPSHOT/worldguard-core-7.0.0-20190506.065017-82.pom
[INFO] Downloading from worldedit-worldguard-repo: http://maven.sk89q.com/repo/com/sk89q/worldguard/worldguard-core/7.0.0-SNAPSHOT/worldguard-core-7.0.0-20190506.065017-82.pom
[INFO] Downloaded from worldedit-worldguard-repo: http://maven.sk89q.com/repo/com/sk89q/worldguard/worldguard-core/7.0.0-SNAPSHOT/worldguard-core-7.0.0-20190506.065017-82.pom (1.9 kB at 4.5 kB/s)
[INFO] Downloading from papermc: https://papermc.io/repo/repository/maven-public/com/sk89q/intake/intake/4.2-SNAPSHOT/maven-metadata.xml
[INFO] Downloading from spigot-repo: https://hub.spigotmc.org/nexus/content/repositories/snapshots/com/sk89q/intake/intake/4.2-SNAPSHOT/maven-metadata.xml
[INFO] Downloading from redprotect-repo: https://raw.github.com/FabioZumbi12/RedProtect/mvn-repo/com/sk89q/intake/intake/4.2-SNAPSHOT/maven-metadata.xml
[INFO] Downloading from worldedit-worldguard-repo: http://maven.sk89q.com/repo/com/sk89q/intake/intake/4.2-SNAPSHOT/maven-metadata.xml
[INFO] Downloading from plotsquared-ci: http://ci.athion.net/job/PlotSquared-Releases/ws/mvn/com/sk89q/intake/intake/4.2-SNAPSHOT/maven-metadata.xml
[INFO] Downloading from jitpack.io: https://jitpack.io/com/sk89q/intake/intake/4.2-SNAPSHOT/maven-metadata.xml
[INFO] Downloaded from worldedit-worldguard-repo: http://maven.sk89q.com/repo/com/sk89q/intake/intake/4.2-SNAPSHOT/maven-metadata.xml (1.2 kB at 4.1 kB/s)
[INFO] Downloading from bintray-tastybento-maven-repo: http://dl.bintray.com/tastybento/maven-repo/com/sk89q/intake/intake/4.2-SNAPSHOT/maven-metadata.xml
[INFO] Downloading from massivecore-factions-repo: http://repo.dustplanet.de/artifactory/ext-release-local/com/sk89q/intake/intake/4.2-SNAPSHOT/maven-metadata.xml
[INFO] Downloading from FactionsUUID-repo: https://ci.ender.zone/job/FactionsUUID/122/maven-repository/repository/com/sk89q/intake/intake/4.2-SNAPSHOT/maven-metadata.xml
[INFO] Downloading from CodeMC: https://repo.codemc.org/repository/maven-public/com/sk89q/intake/intake/4.2-SNAPSHOT/maven-metadata.xml
[WARNING] Could not transfer metadata com.sk89q.intake:intake:4.2-SNAPSHOT/maven-metadata.xml from/to massivecore-factions-repo (http://repo.dustplanet.de/artifactory/ext-release-local/): Failed to transfer file http://repo.dustplanet.de/artifactory/ext-release-local/com/sk89q/intake/intake/4.2-SNAPSHOT/maven-metadata.xml with status code 503
[WARNING] Failure to transfer com.sk89q.intake:intake:4.2-SNAPSHOT/maven-metadata.xml from http://repo.dustplanet.de/artifactory/ext-release-local/ was cached in the local repository, resolution will not be reattempted until the update interval of massivecore-factions-repo has elapsed or updates are forced. Original error: Could not transfer metadata com.sk89q.intake:intake:4.2-SNAPSHOT/maven-metadata.xml from/to massivecore-factions-repo (http://repo.dustplanet.de/artifactory/ext-release-local/): Failed to transfer file http://repo.dustplanet.de/artifactory/ext-release-local/com/sk89q/intake/intake/4.2-SNAPSHOT/maven-metadata.xml with status code 503
[INFO] Downloading from papermc: https://papermc.io/repo/repository/maven-public/com/sk89q/worldguard/6.1.1-SNAPSHOT/maven-metadata.xml
[INFO] Downloading from spigot-repo: https://hub.spigotmc.org/nexus/content/repositories/snapshots/com/sk89q/worldguard/6.1.1-SNAPSHOT/maven-metadata.xml
[INFO] Downloading from worldedit-worldguard-repo: http://maven.sk89q.com/repo/com/sk89q/worldguard/6.1.1-SNAPSHOT/maven-metadata.xml
[INFO] Downloading from redprotect-repo: https://raw.github.com/FabioZumbi12/RedProtect/mvn-repo/com/sk89q/worldguard/6.1.1-SNAPSHOT/maven-metadata.xml
[INFO] Downloading from plotsquared-ci: http://ci.athion.net/job/PlotSquared-Releases/ws/mvn/com/sk89q/worldguard/6.1.1-SNAPSHOT/maven-metadata.xml
[INFO] Downloading from jitpack.io: https://jitpack.io/com/sk89q/worldguard/6.1.1-SNAPSHOT/maven-metadata.xml
[INFO] Downloaded from worldedit-worldguard-repo: http://maven.sk89q.com/repo/com/sk89q/worldguard/6.1.1-SNAPSHOT/maven-metadata.xml (1.7 kB at 4.4 kB/s)
[INFO] Downloading from bintray-tastybento-maven-repo: http://dl.bintray.com/tastybento/maven-repo/com/sk89q/worldguard/6.1.1-SNAPSHOT/maven-metadata.xml
[INFO] Downloading from massivecore-factions-repo: http://repo.dustplanet.de/artifactory/ext-release-local/com/sk89q/worldguard/6.1.1-SNAPSHOT/maven-metadata.xml
[INFO] Downloading from FactionsUUID-repo: https://ci.ender.zone/job/FactionsUUID/122/maven-repository/repository/com/sk89q/worldguard/6.1.1-SNAPSHOT/maven-metadata.xml
[INFO] Downloading from CodeMC: https://repo.codemc.org/repository/maven-public/com/sk89q/worldguard/6.1.1-SNAPSHOT/maven-metadata.xml
[INFO] Downloading from paper-repo: https://repo.destroystokyo.com/repository/maven-public/com/sk89q/worldguard/6.1.1-SNAPSHOT/maven-metadata.xml
[INFO] Downloading from vault-repo: http://nexus.hc.to/content/repositories/pub_releases/com/sk89q/worldguard/6.1.1-SNAPSHOT/maven-metadata.xml
[WARNING] Could not transfer metadata com.sk89q:worldguard:6.1.1-SNAPSHOT/maven-metadata.xml from/to massivecore-factions-repo (http://repo.dustplanet.de/artifactory/ext-release-local/): Failed to transfer file http://repo.dustplanet.de/artifactory/ext-release-local/com/sk89q/worldguard/6.1.1-SNAPSHOT/maven-metadata.xml with status code 503
[WARNING] Failure to transfer com.sk89q:worldguard:6.1.1-SNAPSHOT/maven-metadata.xml from http://repo.dustplanet.de/artifactory/ext-release-local/ was cached in the local repository, resolution will not be reattempted until the update interval of massivecore-factions-repo has elapsed or updates are forced. Original error: Could not transfer metadata com.sk89q:worldguard:6.1.1-SNAPSHOT/maven-metadata.xml from/to massivecore-factions-repo (http://repo.dustplanet.de/artifactory/ext-release-local/): Failed to transfer file http://repo.dustplanet.de/artifactory/ext-release-local/com/sk89q/worldguard/6.1.1-SNAPSHOT/maven-metadata.xml with status code 503
[INFO] Downloading from papermc: https://papermc.io/repo/repository/maven-public/com/sk89q/spigot/bukkit-classloader-check/1.8-R0.1-SNAPSHOT/maven-metadata.xml
[INFO] Downloading from worldedit-worldguard-repo: http://maven.sk89q.com/repo/com/sk89q/spigot/bukkit-classloader-check/1.8-R0.1-SNAPSHOT/maven-metadata.xml
[INFO] Downloading from redprotect-repo: https://raw.github.com/FabioZumbi12/RedProtect/mvn-repo/com/sk89q/spigot/bukkit-classloader-check/1.8-R0.1-SNAPSHOT/maven-metadata.xml
[INFO] Downloading from spigot-repo: https://hub.spigotmc.org/nexus/content/repositories/snapshots/com/sk89q/spigot/bukkit-classloader-check/1.8-R0.1-SNAPSHOT/maven-metadata.xml
[INFO] Downloading from plotsquared-ci: http://ci.athion.net/job/PlotSquared-Releases/ws/mvn/com/sk89q/spigot/bukkit-classloader-check/1.8-R0.1-SNAPSHOT/maven-metadata.xml
[INFO] Downloading from jitpack.io: https://jitpack.io/com/sk89q/spigot/bukkit-classloader-check/1.8-R0.1-SNAPSHOT/maven-metadata.xml
[INFO] Downloaded from worldedit-worldguard-repo: http://maven.sk89q.com/repo/com/sk89q/spigot/bukkit-classloader-check/1.8-R0.1-SNAPSHOT/maven-metadata.xml (794 B at 706 B/s)
[INFO] Downloading from bintray-tastybento-maven-repo: http://dl.bintray.com/tastybento/maven-repo/com/sk89q/spigot/bukkit-classloader-check/1.8-R0.1-SNAPSHOT/maven-metadata.xml
[INFO] Downloading from massivecore-factions-repo: http://repo.dustplanet.de/artifactory/ext-release-local/com/sk89q/spigot/bukkit-classloader-check/1.8-R0.1-SNAPSHOT/maven-metadata.xml
[INFO] Downloading from FactionsUUID-repo: https://ci.ender.zone/job/FactionsUUID/122/maven-repository/repository/com/sk89q/spigot/bukkit-classloader-check/1.8-R0.1-SNAPSHOT/maven-metadata.xml
[INFO] Downloading from CodeMC: https://repo.codemc.org/repository/maven-public/com/sk89q/spigot/bukkit-classloader-check/1.8-R0.1-SNAPSHOT/maven-metadata.xml
[INFO] Downloading from paper-repo: https://repo.destroystokyo.com/repository/maven-public/com/sk89q/spigot/bukkit-classloader-check/1.8-R0.1-SNAPSHOT/maven-metadata.xml
[INFO] Downloading from vault-repo: http://nexus.hc.to/content/repositories/pub_releases/com/sk89q/spigot/bukkit-classloader-check/1.8-R0.1-SNAPSHOT/maven-metadata.xml
[WARNING] Could not transfer metadata com.sk89q.spigot:bukkit-classloader-check:1.8-R0.1-SNAPSHOT/maven-metadata.xml from/to massivecore-factions-repo (http://repo.dustplanet.de/artifactory/ext-release-local/): Failed to transfer file http://repo.dustplanet.de/artifactory/ext-release-local/com/sk89q/spigot/bukkit-classloader-check/1.8-R0.1-SNAPSHOT/maven-metadata.xml with status code 503
[WARNING] Failure to transfer com.sk89q.spigot:bukkit-classloader-check:1.8-R0.1-SNAPSHOT/maven-metadata.xml from http://repo.dustplanet.de/artifactory/ext-release-local/ was cached in the local repository, resolution will not be reattempted until the update interval of massivecore-factions-repo has elapsed or updates are forced. Original error: Could not transfer metadata com.sk89q.spigot:bukkit-classloader-check:1.8-R0.1-SNAPSHOT/maven-metadata.xml from/to massivecore-factions-repo (http://repo.dustplanet.de/artifactory/ext-release-local/): Failed to transfer file http://repo.dustplanet.de/artifactory/ext-release-local/com/sk89q/spigot/bukkit-classloader-check/1.8-R0.1-SNAPSHOT/maven-metadata.xml with status code 503
[INFO] Downloading from papermc: https://papermc.io/repo/repository/maven-public/org/bukkit/bukkit/1.8.6-R0.1-SNAPSHOT/maven-metadata.xml
[INFO] Downloading from worldedit-worldguard-repo: http://maven.sk89q.com/repo/org/bukkit/bukkit/1.8.6-R0.1-SNAPSHOT/maven-metadata.xml
[INFO] Downloading from spigot-repo: https://hub.spigotmc.org/nexus/content/repositories/snapshots/org/bukkit/bukkit/1.8.6-R0.1-SNAPSHOT/maven-metadata.xml
[INFO] Downloading from redprotect-repo: https://raw.github.com/FabioZumbi12/RedProtect/mvn-repo/org/bukkit/bukkit/1.8.6-R0.1-SNAPSHOT/maven-metadata.xml
[INFO] Downloading from plotsquared-ci: http://ci.athion.net/job/PlotSquared-Releases/ws/mvn/org/bukkit/bukkit/1.8.6-R0.1-SNAPSHOT/maven-metadata.xml
[INFO] Downloaded from papermc: https://papermc.io/repo/repository/maven-public/org/bukkit/bukkit/1.8.6-R0.1-SNAPSHOT/maven-metadata.xml (1.4 kB at 5.4 kB/s)
[INFO] Downloading from jitpack.io: https://jitpack.io/org/bukkit/bukkit/1.8.6-R0.1-SNAPSHOT/maven-metadata.xml
[INFO] Downloading from bintray-tastybento-maven-repo: http://dl.bintray.com/tastybento/maven-repo/org/bukkit/bukkit/1.8.6-R0.1-SNAPSHOT/maven-metadata.xml
[INFO] Downloading from massivecore-factions-repo: http://repo.dustplanet.de/artifactory/ext-release-local/org/bukkit/bukkit/1.8.6-R0.1-SNAPSHOT/maven-metadata.xml
[INFO] Downloading from FactionsUUID-repo: https://ci.ender.zone/job/FactionsUUID/122/maven-repository/repository/org/bukkit/bukkit/1.8.6-R0.1-SNAPSHOT/maven-metadata.xml
[INFO] Downloading from CodeMC: https://repo.codemc.org/repository/maven-public/org/bukkit/bukkit/1.8.6-R0.1-SNAPSHOT/maven-metadata.xml
[INFO] Downloading from paper-repo: https://repo.destroystokyo.com/repository/maven-public/org/bukkit/bukkit/1.8.6-R0.1-SNAPSHOT/maven-metadata.xml
[INFO] Downloaded from spigot-repo: https://hub.spigotmc.org/nexus/content/repositories/snapshots/org/bukkit/bukkit/1.8.6-R0.1-SNAPSHOT/maven-metadata.xml (1.4 kB at 2.6 kB/s)
[INFO] Downloading from vault-repo: http://nexus.hc.to/content/repositories/pub_releases/org/bukkit/bukkit/1.8.6-R0.1-SNAPSHOT/maven-metadata.xml
[INFO] Downloaded from paper-repo: https://repo.destroystokyo.com/repository/maven-public/org/bukkit/bukkit/1.8.6-R0.1-SNAPSHOT/maven-metadata.xml (1.4 kB at 3.6 kB/s)
[WARNING] Could not transfer metadata org.bukkit:bukkit:1.8.6-R0.1-SNAPSHOT/maven-metadata.xml from/to massivecore-factions-repo (http://repo.dustplanet.de/artifactory/ext-release-local/): Failed to transfer file http://repo.dustplanet.de/artifactory/ext-release-local/org/bukkit/bukkit/1.8.6-R0.1-SNAPSHOT/maven-metadata.xml with status code 503
[WARNING] Failure to transfer org.bukkit:bukkit:1.8.6-R0.1-SNAPSHOT/maven-metadata.xml from http://repo.dustplanet.de/artifactory/ext-release-local/ was cached in the local repository, resolution will not be reattempted until the update interval of massivecore-factions-repo has elapsed or updates are forced. Original error: Could not transfer metadata org.bukkit:bukkit:1.8.6-R0.1-SNAPSHOT/maven-metadata.xml from/to massivecore-factions-repo (http://repo.dustplanet.de/artifactory/ext-release-local/): Failed to transfer file http://repo.dustplanet.de/artifactory/ext-release-local/org/bukkit/bukkit/1.8.6-R0.1-SNAPSHOT/maven-metadata.xml with status code 503
[INFO] Downloading from papermc: https://papermc.io/repo/repository/maven-public/com/sk89q/worldedit/worldedit-bukkit/6.1.4-SNAPSHOT/maven-metadata.xml
[INFO] Downloading from worldedit-worldguard-repo: http://maven.sk89q.com/repo/com/sk89q/worldedit/worldedit-bukkit/6.1.4-SNAPSHOT/maven-metadata.xml
[INFO] Downloading from spigot-repo: https://hub.spigotmc.org/nexus/content/repositories/snapshots/com/sk89q/worldedit/worldedit-bukkit/6.1.4-SNAPSHOT/maven-metadata.xml
[INFO] Downloading from redprotect-repo: https://raw.github.com/FabioZumbi12/RedProtect/mvn-repo/com/sk89q/worldedit/worldedit-bukkit/6.1.4-SNAPSHOT/maven-metadata.xml
[INFO] Downloading from plotsquared-ci: http://ci.athion.net/job/PlotSquared-Releases/ws/mvn/com/sk89q/worldedit/worldedit-bukkit/6.1.4-SNAPSHOT/maven-metadata.xml
[INFO] Downloading from jitpack.io: https://jitpack.io/com/sk89q/worldedit/worldedit-bukkit/6.1.4-SNAPSHOT/maven-metadata.xml
[INFO] Downloaded from worldedit-worldguard-repo: http://maven.sk89q.com/repo/com/sk89q/worldedit/worldedit-bukkit/6.1.4-SNAPSHOT/maven-metadata.xml (1.2 kB at 3.3 kB/s)
[INFO] Downloading from bintray-tastybento-maven-repo: http://dl.bintray.com/tastybento/maven-repo/com/sk89q/worldedit/worldedit-bukkit/6.1.4-SNAPSHOT/maven-metadata.xml
[INFO] Downloading from massivecore-factions-repo: http://repo.dustplanet.de/artifactory/ext-release-local/com/sk89q/worldedit/worldedit-bukkit/6.1.4-SNAPSHOT/maven-metadata.xml
[INFO] Downloading from FactionsUUID-repo: https://ci.ender.zone/job/FactionsUUID/122/maven-repository/repository/com/sk89q/worldedit/worldedit-bukkit/6.1.4-SNAPSHOT/maven-metadata.xml
[INFO] Downloading from CodeMC: https://repo.codemc.org/repository/maven-public/com/sk89q/worldedit/worldedit-bukkit/6.1.4-SNAPSHOT/maven-metadata.xml
[INFO] Downloading from paper-repo: https://repo.destroystokyo.com/repository/maven-public/com/sk89q/worldedit/worldedit-bukkit/6.1.4-SNAPSHOT/maven-metadata.xml
[INFO] Downloading from vault-repo: http://nexus.hc.to/content/repositories/pub_releases/com/sk89q/worldedit/worldedit-bukkit/6.1.4-SNAPSHOT/maven-metadata.xml
[WARNING] Could not transfer metadata com.sk89q.worldedit:worldedit-bukkit:6.1.4-SNAPSHOT/maven-metadata.xml from/to massivecore-factions-repo (http://repo.dustplanet.de/artifactory/ext-release-local/): Failed to transfer file http://repo.dustplanet.de/artifactory/ext-release-local/com/sk89q/worldedit/worldedit-bukkit/6.1.4-SNAPSHOT/maven-metadata.xml with status code 503
[WARNING] Failure to transfer com.sk89q.worldedit:worldedit-bukkit:6.1.4-SNAPSHOT/maven-metadata.xml from http://repo.dustplanet.de/artifactory/ext-release-local/ was cached in the local repository, resolution will not be reattempted until the update interval of massivecore-factions-repo has elapsed or updates are forced. Original error: Could not transfer metadata com.sk89q.worldedit:worldedit-bukkit:6.1.4-SNAPSHOT/maven-metadata.xml from/to massivecore-factions-repo (http://repo.dustplanet.de/artifactory/ext-release-local/): Failed to transfer file http://repo.dustplanet.de/artifactory/ext-release-local/com/sk89q/worldedit/worldedit-bukkit/6.1.4-SNAPSHOT/maven-metadata.xml with status code 503
[INFO] Downloading from redprotect-repo: https://raw.github.com/FabioZumbi12/RedProtect/mvn-repo/org/bukkit/bukkit/1.9.4-R0.1-SNAPSHOT/maven-metadata.xml
[INFO] Downloading from spigot-repo: https://hub.spigotmc.org/nexus/content/repositories/snapshots/org/bukkit/bukkit/1.9.4-R0.1-SNAPSHOT/maven-metadata.xml
[INFO] Downloading from papermc: https://papermc.io/repo/repository/maven-public/org/bukkit/bukkit/1.9.4-R0.1-SNAPSHOT/maven-metadata.xml
[INFO] Downloading from worldedit-worldguard-repo: http://maven.sk89q.com/repo/org/bukkit/bukkit/1.9.4-R0.1-SNAPSHOT/maven-metadata.xml
[INFO] Downloading from plotsquared-ci: http://ci.athion.net/job/PlotSquared-Releases/ws/mvn/org/bukkit/bukkit/1.9.4-R0.1-SNAPSHOT/maven-metadata.xml
[INFO] Downloaded from spigot-repo: https://hub.spigotmc.org/nexus/content/repositories/snapshots/org/bukkit/bukkit/1.9.4-R0.1-SNAPSHOT/maven-metadata.xml (1.4 kB at 4.1 kB/s)
[INFO] Downloading from jitpack.io: https://jitpack.io/org/bukkit/bukkit/1.9.4-R0.1-SNAPSHOT/maven-metadata.xml
[INFO] Downloaded from papermc: https://papermc.io/repo/repository/maven-public/org/bukkit/bukkit/1.9.4-R0.1-SNAPSHOT/maven-metadata.xml (1.4 kB at 4.1 kB/s)
[INFO] Downloading from bintray-tastybento-maven-repo: http://dl.bintray.com/tastybento/maven-repo/org/bukkit/bukkit/1.9.4-R0.1-SNAPSHOT/maven-metadata.xml
[INFO] Downloading from massivecore-factions-repo: http://repo.dustplanet.de/artifactory/ext-release-local/org/bukkit/bukkit/1.9.4-R0.1-SNAPSHOT/maven-metadata.xml
[INFO] Downloading from FactionsUUID-repo: https://ci.ender.zone/job/FactionsUUID/122/maven-repository/repository/org/bukkit/bukkit/1.9.4-R0.1-SNAPSHOT/maven-metadata.xml
[INFO] Downloading from paper-repo: https://repo.destroystokyo.com/repository/maven-public/org/bukkit/bukkit/1.9.4-R0.1-SNAPSHOT/maven-metadata.xml
[INFO] Downloading from CodeMC: https://repo.codemc.org/repository/maven-public/org/bukkit/bukkit/1.9.4-R0.1-SNAPSHOT/maven-metadata.xml
[INFO] Downloading from vault-repo: http://nexus.hc.to/content/repositories/pub_releases/org/bukkit/bukkit/1.9.4-R0.1-SNAPSHOT/maven-metadata.xml
[INFO] Downloaded from paper-repo: https://repo.destroystokyo.com/repository/maven-public/org/bukkit/bukkit/1.9.4-R0.1-SNAPSHOT/maven-metadata.xml (1.4 kB at 4.2 kB/s)
[WARNING] Could not transfer metadata org.bukkit:bukkit:1.9.4-R0.1-SNAPSHOT/maven-metadata.xml from/to massivecore-factions-repo (http://repo.dustplanet.de/artifactory/ext-release-local/): Failed to transfer file http://repo.dustplanet.de/artifactory/ext-release-local/org/bukkit/bukkit/1.9.4-R0.1-SNAPSHOT/maven-metadata.xml with status code 503
[WARNING] Failure to transfer org.bukkit:bukkit:1.9.4-R0.1-SNAPSHOT/maven-metadata.xml from http://repo.dustplanet.de/artifactory/ext-release-local/ was cached in the local repository, resolution will not be reattempted until the update interval of massivecore-factions-repo has elapsed or updates are forced. Original error: Could not transfer metadata org.bukkit:bukkit:1.9.4-R0.1-SNAPSHOT/maven-metadata.xml from/to massivecore-factions-repo (http://repo.dustplanet.de/artifactory/ext-release-local/): Failed to transfer file http://repo.dustplanet.de/artifactory/ext-release-local/org/bukkit/bukkit/1.9.4-R0.1-SNAPSHOT/maven-metadata.xml with status code 503
[INFO] Downloading from papermc: https://papermc.io/repo/repository/maven-public/com/sk89q/worldedit/worldedit-core/6.1.4-SNAPSHOT/maven-metadata.xml
[INFO] Downloading from redprotect-repo: https://raw.github.com/FabioZumbi12/RedProtect/mvn-repo/com/sk89q/worldedit/worldedit-core/6.1.4-SNAPSHOT/maven-metadata.xml
[INFO] Downloading from spigot-repo: https://hub.spigotmc.org/nexus/content/repositories/snapshots/com/sk89q/worldedit/worldedit-core/6.1.4-SNAPSHOT/maven-metadata.xml
[INFO] Downloading from worldedit-worldguard-repo: http://maven.sk89q.com/repo/com/sk89q/worldedit/worldedit-core/6.1.4-SNAPSHOT/maven-metadata.xml
[INFO] Downloading from plotsquared-ci: http://ci.athion.net/job/PlotSquared-Releases/ws/mvn/com/sk89q/worldedit/worldedit-core/6.1.4-SNAPSHOT/maven-metadata.xml
[INFO] Downloading from jitpack.io: https://jitpack.io/com/sk89q/worldedit/worldedit-core/6.1.4-SNAPSHOT/maven-metadata.xml
[INFO] Downloading from bintray-tastybento-maven-repo: http://dl.bintray.com/tastybento/maven-repo/com/sk89q/worldedit/worldedit-core/6.1.4-SNAPSHOT/maven-metadata.xml
[INFO] Downloading from massivecore-factions-repo: http://repo.dustplanet.de/artifactory/ext-release-local/com/sk89q/worldedit/worldedit-core/6.1.4-SNAPSHOT/maven-metadata.xml
[INFO] Downloading from CodeMC: https://repo.codemc.org/repository/maven-public/com/sk89q/worldedit/worldedit-core/6.1.4-SNAPSHOT/maven-metadata.xml
[INFO] Downloading from FactionsUUID-repo: https://core/6.1.4-SNAPSHOT/maven-metadata.xml
ownloading from vault-repo: http://nexus.hc.to/content/repositories/pub_releases/com/sk89q/worldedit/worldedit-core/6.1.4-SNAPSHOT/maven-metadata.xml
[INFO] Di.ender.zone/job/FactionsUUID/122/maven-repository/repository/com/sk89q/worldedit/worldedit-core/6.1.4-SNAPSHOT/maven-metadata.xml
[INFO] Downloading from paper-repo: https://repo.destroystokyo.com/repository/maven-public/com/sk89q/worldedit/worldedit-c[INFO] Downloaded from worldedit-worldguard-repo: http://maven.sk89q.com/repo/com/sk89q/worldedit/worldedit-core/6.1.4-SNAPSHOT/maven-metadata.xml (1.2 kB at 765 B/s)
[WARNING] Could not transfer metadata com.sk89q.worldedit:worldedit-core:6.1.4-SNAPSHOT/maven-metadata.xml from/to massivecore-factions-repo (http://repo.dustplanet.de/artifactory/ext-release-local/): Failed to transfer file http://repo.dustplanet.de/artifactory/ext-release-local/com/sk89q/worldedit/worldedit-core/6.1.4-SNAPSHOT/maven-metadata.xml with status code 503
[WARNING] Failure to transfer com.sk89q.worldedit:worldedit-core:6.1.4-SNAPSHOT/maven-metadata.xml from http://repo.dustplanet.de/artifactory/ext-release-local/ was cached in the local repository, resolution will not be reattempted until the update interval of massivecore-factions-repo has elapsed or updates are forced. Original error: Could not transfer metadata com.sk89q.worldedit:worldedit-core:6.1.4-SNAPSHOT/maven-metadata.xml from/to massivecore-factions-repo (http://repo.dustplanet.de/artifactory/ext-release-local/): Failed to transfer file http://repo.dustplanet.de/artifactory/ext-release-local/com/sk89q/worldedit/worldedit-core/6.1.4-SNAPSHOT/maven-metadata.xml with status code 503
[INFO] Downloading from papermc: https://papermc.io/repo/repository/maven-public/org/bukkit/bukkit/1.9-R0.1-SNAPSHOT/maven-metadata.xml
[INFO] Downloading from redprotect-repo: https://raw.github.com/FabioZumbi12/RedProtect/mvn-repo/org/bukkit/bukkit/1.9-R0.1-SNAPSHOT/maven-metadata.xml
[INFO] Downloading from spigot-repo: https://hub.spigotmc.org/nexus/content/repositories/snapshots/org/bukkit/bukkit/1.9-R0.1-SNAPSHOT/maven-metadata.xml
[INFO] Downloading from worldedit-worldguard-repo: http://maven.sk89q.com/repo/org/bukkit/bukkit/1.9-R0.1-SNAPSHOT/maven-metadata.xml
[INFO] Downloading from plotsquared-ci: http://ci.athion.net/job/PlotSquared-Releases/ws/mvn/org/bukkit/bukkit/1.9-R0.1-SNAPSHOT/maven-metadata.xml
[INFO] Downloaded from spigot-repo: https://hub.spigotmc.org/nexus/content/repositories/snapshots/org/bukkit/bukkit/1.9-R0.1-SNAPSHOT/maven-metadata.xml (1.4 kB at 3.7 kB/s)
[INFO] Downloading from jitpack.io: https://jitpack.io/org/bukkit/bukkit/1.9-R0.1-SNAPSHOT/maven-metadata.xml
[INFO] Downloading from bintray-tastybento-maven-repo: http://dl.bintray.com/tastybento/maven-repo/org/bukkit/bukkit/1.9-R0.1-SNAPSHOT/maven-metadata.xml
[INFO] Downloading from massivecore-factions-repo: http://repo.dustplanet.de/artifactory/ext-release-local/org/bukkit/bukkit/1.9-R0.1-SNAPSHOT/maven-metadata.xml
[INFO] Downloaded from papermc: https://papermc.io/repo/repository/maven-public/org/bukkit/bukkit/1.9-R0.1-SNAPSHOT/maven-metadata.xml (1.4 kB at 3.3 kB/s)
[INFO] Downloading from FactionsUUID-repo: https://ci.ender.zone/job/FactionsUUID/122/maven-repository/repository/org/bukkit/bukkit/1.9-R0.1-SNAPSHOT/maven-metadata.xml
[INFO] Downloading from CodeMC: https://repo.codemc.org/repository/maven-public/org/bukkit/bukkit/1.9-R0.1-SNAPSHOT/maven-metadata.xml
[INFO] Downloading from paper-repo: https://repo.destroystokyo.com/repository/maven-public/org/bukkit/bukkit/1.9-R0.1-SNAPSHOT/maven-metadata.xml
[INFO] Downloading from vault-repo: http://nexus.hc.to/content/repositories/pub_releases/org/bukkit/bukkit/1.9-R0.1-SNAPSHOT/maven-metadata.xml
[INFO] Downloaded from paper-repo: https://repo.destroystokyo.com/repository/maven-public/org/bukkit/bukkit/1.9-R0.1-SNAPSHOT/maven-metadata.xml (1.4 kB at 3.3 kB/s)
[WARNING] Could not transfer metadata org.bukkit:bukkit:1.9-R0.1-SNAPSHOT/maven-metadata.xml from/to massivecore-factions-repo (http://repo.dustplanet.de/artifactory/ext-release-local/): Failed to transfer file http://repo.dustplanet.de/artifactory/ext-release-local/org/bukkit/bukkit/1.9-R0.1-SNAPSHOT/maven-metadata.xml with status code 503
[WARNING] Failure to transfer org.bukkit:bukkit:1.9-R0.1-SNAPSHOT/maven-metadata.xml from http://repo.dustplanet.de/artifactory/ext-release-local/ was cached in the local repository, resolution will not be reattempted until the update interval of massivecore-factions-repo has elapsed or updates are forced. Original error: Could not transfer metadata org.bukkit:bukkit:1.9-R0.1-SNAPSHOT/maven-metadata.xml from/to massivecore-factions-repo (http://repo.dustplanet.de/artifactory/ext-release-local/): Failed to transfer file http://repo.dustplanet.de/artifactory/ext-release-local/org/bukkit/bukkit/1.9-R0.1-SNAPSHOT/maven-metadata.xml with status code 503
[INFO] Downloading from redprotect-repo: https://raw.github.com/FabioZumbi12/RedProtect/mvn-repo/com/wasteofplastic/askyblock/3.0.9.4/askyblock-3.0.9.4.pom
[INFO] Downloading from papermc: https://papermc.io/repo/repository/maven-public/com/wasteofplastic/askyblock/3.0.9.4/askyblock-3.0.9.4.pom
[INFO] Downloading from spigot-repo: https://hub.spigotmc.org/nexus/content/repositories/snapshots/com/wasteofplastic/askyblock/3.0.9.4/askyblock-3.0.9.4.pom
[INFO] Downloading from worldedit-worldguard-repo: http://maven.sk89q.com/repo/com/wasteofplastic/askyblock/3.0.9.4/askyblock-3.0.9.4.pom
[INFO] Downloading from plotsquared-ci: http://ci.athion.net/job/PlotSquared-Releases/ws/mvn/com/wasteofplastic/askyblock/3.0.9.4/askyblock-3.0.9.4.pom
[INFO] Downloading from jitpack.io: https://jitpack.io/com/wasteofplastic/askyblock/3.0.9.4/askyblock-3.0.9.4.pom
[INFO] Downloading from bintray-tastybento-maven-repo: http://dl.bintray.com/tastybento/maven-repo/com/wasteofplastic/askyblock/3.0.9.4/askyblock-3.0.9.4.pom
[INFO] Downloaded from bintray-tastybento-maven-repo: http://dl.bintray.com/tastybento/maven-repo/com/wasteofplastic/askyblock/3.0.9.4/askyblock-3.0.9.4.pom (8.0 kB at 13 kB/s)
[WARNING] The POM for com.wasteofplastic:askyblock:jar:3.0.9.4 is invalid, transitive dependencies (if any) will not be available, enable debug logging for more details
[WARNING] The POM for com.github.dmulloy2.LWC:lwc:jar:master-4.5.1-g2100b5e-18 is invalid, transitive dependencies (if any) will not be available, enable debug logging for more details
[INFO] Downloading from redprotect-repo: https://raw.github.com/FabioZumbi12/RedProtect/mvn-repo/com/massivecraft/massivecore/MassiveCore/2.13.0/MassiveCore-2.13.0.pom
[INFO] Downloading from papermc: https://papermc.io/repo/repository/maven-public/com/massivecraft/massivecore/MassiveCore/2.13.0/MassiveCore-2.13.0.pom
[INFO] Downloading from spigot-repo: https://hub.spigotmc.org/nexus/content/repositories/snapshots/com/massivecraft/massivecore/MassiveCore/2.13.0/MassiveCore-2.13.0.pom
[INFO] Downloading from worldedit-worldguard-repo: http://maven.sk89q.com/repo/com/massivecraft/massivecore/MassiveCore/2.13.0/MassiveCore-2.13.0.pom
[INFO] Downloading from plotsquared-ci: http://ci.athion.net/job/PlotSquared-Releases/ws/mvn/com/massivecraft/massivecore/MassiveCore/2.13.0/MassiveCore-2.13.0.pom
[INFO] Downloading from jitpack.io: https://jitpack.io/com/massivecraft/massivecore/MassiveCore/2.13.0/MassiveCore-2.13.0.pom
[INFO] Downloading from bintray-tastybento-maven-repo: http://dl.bintray.com/tastybento/maven-repo/com/massivecraft/massivecore/MassiveCore/2.13.0/MassiveCore-2.13.0.pom
[INFO] Downloading from massivecore-factions-repo: http://repo.dustplanet.de/artifactory/ext-release-local/com/massivecraft/massivecore/MassiveCore/2.13.0/MassiveCore-2.13.0.pom
[INFO] Downloading from FactionsUUID-repo: https://ci.ender.zone/job/FactionsUUID/122/maven-repository/repository/com/massivecraft/massivecore/MassiveCore/2.13.0/MassiveCore-2.13.0.pom
[INFO] Downloading from CodeMC: https://repo.codemc.org/repository/maven-public/com/massivecraft/massivecore/MassiveCore/2.13.0/MassiveCore-2.13.0.pom
[INFO] Downloading from central: https://repo.maven.apache.org/maven2/com/massivecraft/massivecore/MassiveCore/2.13.0/MassiveCore-2.13.0.pom
[INFO] Downloading from redprotect-repo: https://raw.github.com/FabioZumbi12/RedProtect/mvn-repo/com/massivecraft/factions/Factions/2.13.0/Factions-2.13.0.pom
[INFO] Downloading from papermc: https://papermc.io/repo/repository/maven-public/com/massivecraft/factions/Factions/2.13.0/Factions-2.13.0.pom
[INFO] Downloading from spigot-repo: https://hub.spigotmc.org/nexus/content/repositories/snapshots/com/massivecraft/factions/Factions/2.13.0/Factions-2.13.0.pom
[INFO] Downloading from worldedit-worldguard-repo: http://maven.sk89q.com/repo/com/massivecraft/factions/Factions/2.13.0/Factions-2.13.0.pom
[INFO] Downloading from plotsquared-ci: http://ci.athion.net/job/PlotSquared-Releases/ws/mvn/com/massivecraft/factions/Factions/2.13.0/Factions-2.13.0.pom
[INFO] Downloading from jitpack.io: https://jitpack.io/com/massivecraft/factions/Factions/2.13.0/Factions-2.13.0.pom
[INFO] Downloading from bintray-tastybento-maven-repo: http://dl.bintray.com/tastybento/maven-repo/com/massivecraft/factions/Factions/2.13.0/Factions-2.13.0.pom
[INFO] Downloading from massivecore-factions-repo: http://repo.dustplanet.de/artifactory/ext-release-local/com/massivecraft/factions/Factions/2.13.0/Factions-2.13.0.pom
[INFO] Downloading from FactionsUUID-repo: https://ci.ender.zone/job/FactionsUUID/122/maven-repository/repository/com/massivecraft/factions/Factions/2.13.0/Factions-2.13.0.pom
[INFO] Downloading from CodeMC: https://repo.codemc.org/repository/maven-public/com/massivecraft/factions/Factions/2.13.0/Factions-2.13.0.pom
[INFO] Downloading from central: https://repo.maven.apache.org/maven2/com/massivecraft/factions/Factions/2.13.0/Factions-2.13.0.pom
[INFO] Downloading from redprotect-repo: https://raw.github.com/FabioZumbi12/RedProtect/mvn-repo/mkremins/fanciful/0.4.0-SNAPSHOT/maven-metadata.xml
[INFO] Downloading from worldedit-worldguard-repo: http://maven.sk89q.com/repo/mkremins/fanciful/0.4.0-SNAPSHOT/maven-metadata.xml
[INFO] Downloading from spigot-repo: https://hub.spigotmc.org/nexus/content/repositories/snapshots/mkremins/fanciful/0.4.0-SNAPSHOT/maven-metadata.xml
[INFO] Downloading from papermc: https://papermc.io/repo/repository/maven-public/mkremins/fanciful/0.4.0-SNAPSHOT/maven-metadata.xml
[INFO] Downloading from plotsquared-ci: http://ci.athion.net/job/PlotSquared-Releases/ws/mvn/mkremins/fanciful/0.4.0-SNAPSHOT/maven-metadata.xml
[INFO] Downloading from jitpack.io: https://jitpack.io/mkremins/fanciful/0.4.0-SNAPSHOT/maven-metadata.xml
[INFO] Downloading from bintray-tastybento-maven-repo: http://dl.bintray.com/tastybento/maven-repo/mkremins/fanciful/0.4.0-SNAPSHOT/maven-metadata.xml
[INFO] Downloading from massivecore-factions-repo: http://repo.dustplanet.de/artifactory/ext-release-local/mkremins/fanciful/0.4.0-SNAPSHOT/maven-metadata.xml
[INFO] Downloading from FactionsUUID-repo: https://ci.ender.zone/job/FactionsUUID/122/maven-repository/repository/mkremins/fanciful/0.4.0-SNAPSHOT/maven-metadata.xml
[INFO] Downloading from CodeMC: https://repo.codemc.org/repository/maven-public/mkremins/fanciful/0.4.0-SNAPSHOT/maven-metadata.xml
[INFO] Downloading from vault-repo: http://nexus.hc.to/content/repositories/pub_releases/mkremins/fanciful/0.4.0-SNAPSHOT/maven-metadata.xml
[INFO] Downloading from ess-repo: http://ci.ender.zone/plugin/repository/everything/mkremins/fanciful/0.4.0-SNAPSHOT/maven-metadata.xml
[INFO] Downloading from maven.sk89q.com: http://maven.sk89q.com/repo/mkremins/fanciful/0.4.0-SNAPSHOT/maven-metadata.xml
[INFO] Downloading from repo.mikeprimm.com: http://repo.mikeprimm.com/mkremins/fanciful/0.4.0-SNAPSHOT/maven-metadata.xml
[INFO] Downloading from placeholderapi: http://repo.extendedclip.com/content/repositories/placeholderapi/mkremins/fanciful/0.4.0-SNAPSHOT/maven-metadata.xml
[INFO] Downloading from mvdw-software: http://repo.mvdw-software.be/content/groups/public/mkremins/fanciful/0.4.0-SNAPSHOT/maven-metadata.xml
[INFO] Downloaded from ess-repo: http://ci.ender.zone/plugin/repository/everything/mkremins/fanciful/0.4.0-SNAPSHOT/maven-metadata.xml (609 B at 647 B/s)
[WARNING] Could not transfer metadata mkremins:fanciful:0.4.0-SNAPSHOT/maven-metadata.xml from/to massivecore-factions-repo (http://repo.dustplanet.de/artifactory/ext-release-local/): Failed to transfer file http://repo.dustplanet.de/artifactory/ext-release-local/mkremins/fanciful/0.4.0-SNAPSHOT/maven-metadata.xml with status code 503
[WARNING] Failure to transfer mkremins:fanciful:0.4.0-SNAPSHOT/maven-metadata.xml from http://repo.dustplanet.de/artifactory/ext-release-local/ was cached in the local repository, resolution will not be reattempted until the update interval of massivecore-factions-repo has elapsed or updates are forced. Original error: Could not transfer metadata mkremins:fanciful:0.4.0-SNAPSHOT/maven-metadata.xml from/to massivecore-factions-repo (http://repo.dustplanet.de/artifactory/ext-release-local/): Failed to transfer file http://repo.dustplanet.de/artifactory/ext-release-local/mkremins/fanciful/0.4.0-SNAPSHOT/maven-metadata.xml with status code 503
[INFO] Downloading from papermc: https://papermc.io/repo/repository/maven-public/com/darkblade12/particleeffect/1.8.0-SNAPSHOT/maven-metadata.xml
[INFO] Downloading from worldedit-worldguard-repo: http://maven.sk89q.com/repo/com/darkblade12/particleeffect/1.8.0-SNAPSHOT/maven-metadata.xml
[INFO] Downloading from spigot-repo: https://hub.spigotmc.org/nexus/content/repositories/snapshots/com/darkblade12/particleeffect/1.8.0-SNAPSHOT/maven-metadata.xml
[INFO] Downloading from redprotect-repo: https://raw.github.com/FabioZumbi12/RedProtect/mvn-repo/com/darkblade12/particleeffect/1.8.0-SNAPSHOT/maven-metadata.xml
[INFO] Downloading from plotsquared-ci: http://ci.athion.net/job/PlotSquared-Releases/ws/mvn/com/darkblade12/particleeffect/1.8.0-SNAPSHOT/maven-metadata.xml
[INFO] Downloading from jitpack.io: https://jitpack.io/com/darkblade12/particleeffect/1.8.0-SNAPSHOT/maven-metadata.xml
[INFO] Downloading from bintray-tastybento-maven-repo: http://dl.bintray.com/tastybento/maven-repo/com/darkblade12/particleeffect/1.8.0-SNAPSHOT/maven-metadata.xml
[INFO] Downloading from massivecore-factions-repo: http://repo.dustplanet.de/artifactory/ext-release-local/com/darkblade12/particleeffect/1.8.0-SNAPSHOT/maven-metadata.xml
[INFO] Downloading from FactionsUUID-repo: https://ci.ender.zone/job/FactionsUUID/122/maven-repository/repository/com/darkblade12/particleeffect/1.8.0-SNAPSHOT/maven-metadata.xml
[INFO] Downloading from CodeMC: https://repo.codemc.org/repository/maven-public/com/darkblade12/particleeffect/1.8.0-SNAPSHOT/maven-metadata.xml
[INFO] Downloading from vault-repo: http://nexus.hc.to/content/repositories/pub_releases/com/darkblade12/particleeffect/1.8.0-SNAPSHOT/maven-metadata.xml
[INFO] Downloading from ess-repo: http://ci.ender.zone/plugin/repository/everything/com/darkblade12/particleeffect/1.8.0-SNAPSHOT/maven-metadata.xml
[INFO] Downloading from maven.sk89q.com: http://maven.sk89q.com/repo/com/darkblade12/particleeffect/1.8.0-SNAPSHOT/maven-metadata.xml
[INFO] Downloading from repo.mikeprimm.com: http://repo.mikeprimm.com/com/darkblade12/particleeffect/1.8.0-SNAPSHOT/maven-metadata.xml
[INFO] Downloading from placeholderapi: http://repo.extendedclip.com/content/repositories/placeholderapi/com/darkblade12/particleeffect/1.8.0-SNAPSHOT/maven-metadata.xml
[INFO] Downloading from mvdw-software: http://repo.mvdw-software.be/content/groups/public/com/darkblade12/particleeffect/1.8.0-SNAPSHOT/maven-metadata.xml
[INFO] Downloaded from ess-repo: http://ci.ender.zone/plugin/repository/everything/com/darkblade12/particleeffect/1.8.0-SNAPSHOT/maven-metadata.xml (622 B at 788 B/s)
[WARNING] Could not transfer metadata com.darkblade12:particleeffect:1.8.0-SNAPSHOT/maven-metadata.xml from/to massivecore-factions-repo (http://repo.dustplanet.de/artifactory/ext-release-local/): Failed to transfer file http://repo.dustplanet.de/artifactory/ext-release-local/com/darkblade12/particleeffect/1.8.0-SNAPSHOT/maven-metadata.xml with status code 503
[WARNING] Failure to transfer com.darkblade12:particleeffect:1.8.0-SNAPSHOT/maven-metadata.xml from http://repo.dustplanet.de/artifactory/ext-release-local/ was cached in the local repository, resolution will not be reattempted until the update interval of massivecore-factions-repo has elapsed or updates are forced. Original error: Could not transfer metadata com.darkblade12:particleeffect:1.8.0-SNAPSHOT/maven-metadata.xml from/to massivecore-factions-repo (http://repo.dustplanet.de/artifactory/ext-release-local/): Failed to transfer file http://repo.dustplanet.de/artifactory/ext-release-local/com/darkblade12/particleeffect/1.8.0-SNAPSHOT/maven-metadata.xml with status code 503
[INFO] Downloading from papermc: https://papermc.io/repo/repository/maven-public/org/bukkit/bukkit/maven-metadata.xml
[INFO] Downloading from redprotect-repo: https://raw.github.com/FabioZumbi12/RedProtect/mvn-repo/org/bukkit/bukkit/maven-metadata.xml
[INFO] Downloading from spigot-repo: https://hub.spigotmc.org/nexus/content/repositories/snapshots/org/bukkit/bukkit/maven-metadata.xml
[INFO] Downloading from worldedit-worldguard-repo: http://maven.sk89q.com/repo/org/bukkit/bukkit/maven-metadata.xml
[INFO] Downloaded from papermc: https://papermc.io/repo/repository/maven-public/org/bukkit/bukkit/maven-metadata.xml (1.5 kB at 4.9 kB/s)
[INFO] Downloading from plotsquared-ci: http://ci.athion.net/job/PlotSquared-Releases/ws/mvn/org/bukkit/bukkit/maven-metadata.xml
[INFO] Downloading from jitpack.io: https://jitpack.io/org/bukkit/bukkit/maven-metadata.xml
[INFO] Downloading from bintray-tastybento-maven-repo: http://dl.bintray.com/tastybento/maven-repo/org/bukkit/bukkit/maven-metadata.xml
[INFO] Downloaded from spigot-repo: https://hub.spigotmc.org/nexus/content/repositories/snapshots/org/bukkit/bukkit/maven-metadata.xml (1.5 kB at 2.6 kB/s)
[INFO] Downloading from massivecore-factions-repo: http://repo.dustplanet.de/artifactory/ext-release-local/org/bukkit/bukkit/maven-metadata.xml
[INFO] Downloading from FactionsUUID-repo: https://ci.ender.zone/job/FactionsUUID/122/maven-repository/repository/org/bukkit/bukkit/maven-metadata.xml
[INFO] Downloading from CodeMC: https://repo.codemc.org/repository/maven-public/org/bukkit/bukkit/maven-metadata.xml
[INFO] Downloading from central: https://repo.maven.apache.org/maven2/org/bukkit/bukkit/maven-metadata.xml
[INFO] Downloading from maven-codearts-jp: http://maven.codearts.jp/org/bukkit/bukkit/maven-metadata.xml
[INFO] Downloaded from worldedit-worldguard-repo: http://maven.sk89q.com/repo/org/bukkit/bukkit/maven-metadata.xml (421 B at 615 B/s)
[WARNING] Could not transfer metadata org.bukkit:bukkit/maven-metadata.xml from/to massivecore-factions-repo (http://repo.dustplanet.de/artifactory/ext-release-local/): Failed to transfer file http://repo.dustplanet.de/artifactory/ext-release-local/org/bukkit/bukkit/maven-metadata.xml with status code 503
[WARNING] Could not transfer metadata org.bukkit:bukkit/maven-metadata.xml from/to maven-codearts-jp (http://maven.codearts.jp/): maven.codearts.jp: unknown error
[WARNING] Failure to transfer org.bukkit:bukkit/maven-metadata.xml from http://repo.dustplanet.de/artifactory/ext-release-local/ was cached in the local repository, resolution will not be reattempted until the update interval of massivecore-factions-repo has elapsed or updates are forced. Original error: Could not transfer metadata org.bukkit:bukkit/maven-metadata.xml from/to massivecore-factions-repo (http://repo.dustplanet.de/artifactory/ext-release-local/): Failed to transfer file http://repo.dustplanet.de/artifactory/ext-release-local/org/bukkit/bukkit/maven-metadata.xml with status code 503
[WARNING] Failure to transfer org.bukkit:bukkit/maven-metadata.xml from http://maven.codearts.jp/ was cached in the local repository, resolution will not be reattempted until the update interval of maven-codearts-jp has elapsed or updates are forced. Original error: Could not transfer metadata org.bukkit:bukkit/maven-metadata.xml from/to maven-codearts-jp (http://maven.codearts.jp/): maven.codearts.jp: unknown error
[INFO] Downloading from redprotect-repo: https://raw.github.com/FabioZumbi12/RedProtect/mvn-repo/org/bukkit/bukkit/1.14-R0.1-SNAPSHOT/bukkit-1.14-R0.1-20190506.100355-84.pom
[INFO] Downloading from papermc: https://papermc.io/repo/repository/maven-public/org/bukkit/bukkit/1.14-R0.1-SNAPSHOT/bukkit-1.14-R0.1-20190506.100355-84.pom
[INFO] Downloaded from papermc: https://papermc.io/repo/repository/maven-public/org/bukkit/bukkit/1.14-R0.1-SNAPSHOT/bukkit-1.14-R0.1-20190506.100355-84.pom (8.4 kB at 39 kB/s)
[INFO] Downloading from redprotect-repo: https://raw.github.com/FabioZumbi12/RedProtect/mvn-repo/com/github/Sauilitired/Jenkins4J/2.0-SNAPSHOT/maven-metadata.xml
[INFO] Downloading from spigot-repo: https://hub.spigotmc.org/nexus/content/repositories/snapshots/com/github/Sauilitired/Jenkins4J/2.0-SNAPSHOT/maven-metadata.xml
[INFO] Downloading from worldedit-worldguard-repo: http://maven.sk89q.com/repo/com/github/Sauilitired/Jenkins4J/2.0-SNAPSHOT/maven-metadata.xml
[INFO] Downloading from papermc: https://papermc.io/repo/repository/maven-public/com/github/Sauilitired/Jenkins4J/2.0-SNAPSHOT/maven-metadata.xml
[INFO] Downloading from plotsquared-ci: http://ci.athion.net/job/PlotSquared-Releases/ws/mvn/com/github/Sauilitired/Jenkins4J/2.0-SNAPSHOT/maven-metadata.xml
[INFO] Downloading from jitpack.io: https://jitpack.io/com/github/Sauilitired/Jenkins4J/2.0-SNAPSHOT/maven-metadata.xml
[INFO] Downloading from bintray-tastybento-maven-repo: http://dl.bintray.com/tastybento/maven-repo/com/github/Sauilitired/Jenkins4J/2.0-SNAPSHOT/maven-metadata.xml
[INFO] Downloading from massivecore-factions-repo: http://repo.dustplanet.de/artifactory/ext-release-local/com/github/Sauilitired/Jenkins4J/2.0-SNAPSHOT/maven-metadata.xml
[INFO] Downloading from FactionsUUID-repo: https://ci.ender.zone/job/FactionsUUID/122/maven-repository/repository/com/github/Sauilitired/Jenkins4J/2.0-SNAPSHOT/maven-metadata.xml
[INFO] Downloading from CodeMC: https://repo.codemc.org/repository/maven-public/com/github/Sauilitired/Jenkins4J/2.0-SNAPSHOT/maven-metadata.xml
[WARNING] Could not transfer metadata com.github.Sauilitired:Jenkins4J:2.0-SNAPSHOT/maven-metadata.xml from/to massivecore-factions-repo (http://repo.dustplanet.de/artifactory/ext-release-local/): Failed to transfer file http://repo.dustplanet.de/artifactory/ext-release-local/com/github/Sauilitired/Jenkins4J/2.0-SNAPSHOT/maven-metadata.xml with status code 503
[WARNING] Failure to transfer com.github.Sauilitired:Jenkins4J:2.0-SNAPSHOT/maven-metadata.xml from http://repo.dustplanet.de/artifactory/ext-release-local/ was cached in the local repository, resolution will not be reattempted until the update interval of massivecore-factions-repo has elapsed or updates are forced. Original error: Could not transfer metadata com.github.Sauilitired:Jenkins4J:2.0-SNAPSHOT/maven-metadata.xml from/to massivecore-factions-repo (http://repo.dustplanet.de/artifactory/ext-release-local/): Failed to transfer file http://repo.dustplanet.de/artifactory/ext-release-local/com/github/Sauilitired/Jenkins4J/2.0-SNAPSHOT/maven-metadata.xml with status code 503
[WARNING] The POM for br.net.fabiozumbi12.RedProtect:RedProtect-Spigot:jar:7.3.0 is invalid, transitive dependencies (if any) will not be available, enable debug logging for more details
[INFO] Downloading from redprotect-repo: https://raw.github.com/FabioZumbi12/RedProtect/mvn-repo/world/bentobox/bentobox/1.4.0/bentobox-1.4.0.pom
[INFO] Downloading from papermc: https://papermc.io/repo/repository/maven-public/world/bentobox/bentobox/1.4.0/bentobox-1.4.0.pom
[INFO] Downloading from spigot-repo: https://hub.spigotmc.org/nexus/content/repositories/snapshots/world/bentobox/bentobox/1.4.0/bentobox-1.4.0.pom
[INFO] Downloading from worldedit-worldguard-repo: http://maven.sk89q.com/repo/world/bentobox/bentobox/1.4.0/bentobox-1.4.0.pom
[INFO] Downloading from plotsquared-ci: http://ci.athion.net/job/PlotSquared-Releases/ws/mvn/world/bentobox/bentobox/1.4.0/bentobox-1.4.0.pom
[INFO] Downloading from jitpack.io: https://jitpack.io/world/bentobox/bentobox/1.4.0/bentobox-1.4.0.pom
[INFO] Downloading from bintray-tastybento-maven-repo: http://dl.bintray.com/tastybento/maven-repo/world/bentobox/bentobox/1.4.0/bentobox-1.4.0.pom
[INFO] Downloading from massivecore-factions-repo: http://repo.dustplanet.de/artifactory/ext-release-local/world/bentobox/bentobox/1.4.0/bentobox-1.4.0.pom
[INFO] Downloading from FactionsUUID-repo: https://ci.ender.zone/job/FactionsUUID/122/maven-repository/repository/world/bentobox/bentobox/1.4.0/bentobox-1.4.0.pom
[INFO] Downloading from CodeMC: https://repo.codemc.org/repository/maven-public/world/bentobox/bentobox/1.4.0/bentobox-1.4.0.pom
[INFO] Downloaded from CodeMC: https://repo.codemc.org/repository/maven-public/world/bentobox/bentobox/1.4.0/bentobox-1.4.0.pom (11 kB at 34 kB/s)
[INFO] Downloading from redprotect-repo: https://raw.github.com/FabioZumbi12/RedProtect/mvn-repo/org/mongodb/mongodb-driver/3.8.0/mongodb-driver-3.8.0.pom
[INFO] Downloading from papermc: https://papermc.io/repo/repository/maven-public/org/mongodb/mongodb-driver/3.8.0/mongodb-driver-3.8.0.pom
[INFO] Downloaded from papermc: https://papermc.io/repo/repository/maven-public/org/mongodb/mongodb-driver/3.8.0/mongodb-driver-3.8.0.pom (1.8 kB at 3.9 kB/s)
[INFO] Downloading from redprotect-repo: https://raw.github.com/FabioZumbi12/RedProtect/mvn-repo/org/mongodb/bson/3.8.0/bson-3.8.0.pom
[INFO] Downloading from papermc: https://papermc.io/repo/repository/maven-public/org/mongodb/bson/3.8.0/bson-3.8.0.pom
[INFO] Downloaded from papermc: https://papermc.io/repo/repository/maven-public/org/mongodb/bson/3.8.0/bson-3.8.0.pom (1.3 kB at 6.0 kB/s)
[INFO] Downloading from redprotect-repo: https://raw.github.com/FabioZumbi12/RedProtect/mvn-repo/org/mongodb/mongodb-driver-core/3.8.0/mongodb-driver-core-3.8.0.pom
[INFO] Downloading from papermc: https://papermc.io/repo/repository/maven-public/org/mongodb/mongodb-driver-core/3.8.0/mongodb-driver-core-3.8.0.pom
[INFO] Downloaded from papermc: https://papermc.io/repo/repository/maven-public/org/mongodb/mongodb-driver-core/3.8.0/mongodb-driver-core-3.8.0.pom (2.8 kB at 11 kB/s)
[INFO] Downloading from redprotect-repo: https://raw.github.com/FabioZumbi12/RedProtect/mvn-repo/org/eclipse/jdt/org.eclipse.jdt.annotation/2.2.200/org.eclipse.jdt.annotation-2.2.200.pom
[INFO] Downloading from papermc: https://papermc.io/repo/repository/maven-public/org/eclipse/jdt/org.eclipse.jdt.annotation/2.2.200/org.eclipse.jdt.annotation-2.2.200.pom
[INFO] Downloaded from papermc: https://papermc.io/repo/repository/maven-public/org/eclipse/jdt/org.eclipse.jdt.annotation/2.2.200/org.eclipse.jdt.annotation-2.2.200.pom (1.7 kB at 7.4 kB/s)
[INFO] ------------------------------------------------------------------------
[INFO] BUILD FAILURE
[INFO] ------------------------------------------------------------------------
[INFO] Total time:  01:02 min
[INFO] Finished at: 2019-05-07T21:51:29+02:00
[INFO] ------------------------------------------------------------------------
[ERROR] Failed to execute goal on project CS-CoreLib: Could not resolve dependencies for project me.mrCookieSlime:CS-CoreLib:jar:DEV - 40 (git c8e7496b): Failed to collect dependencies at com.massivecraft.massivecore:MassiveCore:jar:2.13.0: Failed to read artifact descriptor for com.massivecraft.massivecore:MassiveCore:jar:2.13.0: Could not transfer artifact com.massivecraft.massivecore:MassiveCore:pom:2.13.0 from/to massivecore-factions-repo (http://repo.dustplanet.de/artifactory/ext-release-local/): Failed to transfer file http://repo.dustplanet.de/artifactory/ext-release-local/com/massivecraft/massivecore/MassiveCore/2.13.0/MassiveCore-2.13.0.pom with status code 503 -> [Help 1]
[ERROR] 
[ERROR] To see the full stack trace of the errors, re-run Maven with the -e switch.
[ERROR] Re-run Maven using the -X switch to enable full debug logging.
[ERROR] 
[ERROR] For more information about the errors and possible solutions, please read the following articles:
[ERROR] [Help 1] http://cwiki.apache.org/confluence/display/MAVEN/DependencyResolutionException
