[INFO] Scanning for projects...
[INFO] 
[INFO] -----------------< com.epicplayera10:PotionExpansion >------------------
[INFO] Building PotionExpansion DEV - 5 (git e2cfcd8a)
[INFO] --------------------------------[ jar ]---------------------------------
[INFO] 
[INFO] --- maven-clean-plugin:2.5:clean (default-clean) @ PotionExpansion ---
[INFO] 
[INFO] --- maven-resources-plugin:2.6:resources (default-resources) @ PotionExpansion ---
[INFO] Using 'UTF-8' encoding to copy filtered resources.
[INFO] Copying 2 resources
[INFO] 
[INFO] --- maven-compiler-plugin:3.1:compile (default-compile) @ PotionExpansion ---
[INFO] Changes detected - recompiling the module!
[INFO] Compiling 18 source files to /home/runner/work/builds/builds/EpicPlayerA10/PotionExpansion/master/files/target/classes
[INFO] 
[INFO] --- maven-resources-plugin:2.6:testResources (default-testResources) @ PotionExpansion ---
[INFO] Using 'UTF-8' encoding to copy filtered resources.
[INFO] skip non existing resourceDirectory /home/runner/work/builds/builds/EpicPlayerA10/PotionExpansion/master/files/src/test/resources
[INFO] 
[INFO] --- maven-compiler-plugin:3.1:testCompile (default-testCompile) @ PotionExpansion ---
[INFO] No sources to compile
[INFO] 
[INFO] --- maven-surefire-plugin:2.12.4:test (default-test) @ PotionExpansion ---
[INFO] No tests to run.
[INFO] 
[INFO] --- maven-jar-plugin:2.4:jar (default-jar) @ PotionExpansion ---
[INFO] Building jar: /home/runner/work/builds/builds/EpicPlayerA10/PotionExpansion/master/files/target/PotionExpansion-5.jar
[INFO] ------------------------------------------------------------------------
[INFO] BUILD SUCCESS
[INFO] ------------------------------------------------------------------------
[INFO] Total time:  2.205 s
[INFO] Finished at: 2021-09-06T13:27:24Z
[INFO] ------------------------------------------------------------------------
