[INFO] Scanning for projects...
[WARNING] 
[WARNING] Some problems were encountered while building the effective model for me.mrCookieSlime:Slimefun:jar:DEV - 128 (git 45255a60)
[WARNING] 'dependencies.dependency.systemPath' for me.minebuilders:clearlag-core:jar should not point at files within the project directory, ${project.basedir}/lib/Clearlag.jar will be unresolvable by dependent projects @ line 1, column 3313
[WARNING] 'dependencies.dependency.systemPath' for me.mrCookieSlime:EmeraldEnchants:jar should not point at files within the project directory, ${project.basedir}/lib/EmeraldEnchants v2.0.jar will be unresolvable by dependent projects @ line 1, column 3659
[WARNING] 'dependencies.dependency.systemPath' for me.mrCookieSlime:ExoticGarden:jar should not point at files within the project directory, ${project.basedir}/lib/ExoticGarden v1.2.0.jar will be unresolvable by dependent projects @ line 1, column 3873
[WARNING] 'build.plugins.plugin.version' for org.apache.maven.plugins:maven-source-plugin is missing. @ line 1, column 1309
[WARNING] 
[WARNING] It is highly recommended to fix these problems because they threaten the stability of your build.
[WARNING] 
[WARNING] For this reason, future Maven versions might no longer support building such malformed projects.
[WARNING] 
[INFO] 
[INFO] ---------------------< me.mrCookieSlime:Slimefun >----------------------
[INFO] Building Slimefun DEV - 128 (git 45255a60)
[INFO] --------------------------------[ jar ]---------------------------------
[WARNING] The POM for com.github.TheBusyBiscuit:CS-CoreLib:jar:v1.6.1 is invalid, transitive dependencies (if any) will not be available, enable debug logging for more details
[WARNING] The POM for com.github.thebusybiscuit:CS-CoreLib2:jar:0.3.6 is invalid, transitive dependencies (if any) will not be available, enable debug logging for more details
[INFO] 
[INFO] --- maven-clean-plugin:2.5:clean (default-clean) @ Slimefun ---
[INFO] 
[INFO] --- maven-resources-plugin:2.6:resources (default-resources) @ Slimefun ---
[INFO] Using 'UTF-8' encoding to copy filtered resources.
[INFO] Copying 2 resources
[INFO] 
[INFO] --- maven-compiler-plugin:3.1:compile (default-compile) @ Slimefun ---
[INFO] Changes detected - recompiling the module!
[INFO] Compiling 196 source files to /home/pi/Desktop/Build Server/TheBusyBiscuit/Slimefun4/master/files/target/classes
[WARNING] /home/pi/Desktop/Build Server/TheBusyBiscuit/Slimefun4/master/files/src/me/mrCookieSlime/Slimefun/Lists/Categories.java: Some input files use or override a deprecated API.
[WARNING] /home/pi/Desktop/Build Server/TheBusyBiscuit/Slimefun4/master/files/src/me/mrCookieSlime/Slimefun/Lists/Categories.java: Recompile with -Xlint:deprecation for details.
[INFO] 
[INFO] --- maven-resources-plugin:2.6:testResources (default-testResources) @ Slimefun ---
[INFO] Using 'UTF-8' encoding to copy filtered resources.
[INFO] skip non existing resourceDirectory /home/pi/Desktop/Build Server/TheBusyBiscuit/Slimefun4/master/files/src/test/resources
[INFO] 
[INFO] --- maven-compiler-plugin:3.1:testCompile (default-testCompile) @ Slimefun ---
[INFO] No sources to compile
[INFO] 
[INFO] --- maven-surefire-plugin:2.12.4:test (default-test) @ Slimefun ---
[INFO] No tests to run.
[INFO] 
[INFO] --- maven-jar-plugin:2.4:jar (default-jar) @ Slimefun ---
[INFO] Building jar: /home/pi/Desktop/Build Server/TheBusyBiscuit/Slimefun4/master/files/target/Slimefun4-128.jar
[INFO] 
[INFO] >>> maven-source-plugin:3.1.0:jar (attach-sources) > generate-sources @ Slimefun >>>
[INFO] 
[INFO] <<< maven-source-plugin:3.1.0:jar (attach-sources) < generate-sources @ Slimefun <<<
[INFO] 
[INFO] 
[INFO] --- maven-source-plugin:3.1.0:jar (attach-sources) @ Slimefun ---
[INFO] Building jar: /home/pi/Desktop/Build Server/TheBusyBiscuit/Slimefun4/master/files/target/Slimefun4-128-sources.jar
[INFO] 
[INFO] --- maven-shade-plugin:3.2.1:shade (default) @ Slimefun ---
[INFO] Including com.github.thebusybiscuit:CS-CoreLib2:jar:0.3.6 in the shaded jar.
[INFO] Including org.bstats:bstats-bukkit:jar:1.5 in the shaded jar.
[INFO] Replacing original artifact with shaded artifact.
[INFO] Replacing /home/pi/Desktop/Build Server/TheBusyBiscuit/Slimefun4/master/files/target/Slimefun4-128.jar with /home/pi/Desktop/Build Server/TheBusyBiscuit/Slimefun4/master/files/target/Slimefun-DEV - 128 (git 45255a60)-shaded.jar
[INFO] Dependency-reduced POM written at: /home/pi/Desktop/Build Server/TheBusyBiscuit/Slimefun4/master/files/dependency-reduced-pom.xml
[INFO] 
[INFO] ---------------------< me.mrCookieSlime:Slimefun >----------------------
[INFO] Building Slimefun DEV - 128 (git 45255a60)
[INFO] --------------------------------[ jar ]---------------------------------
[INFO] 
[INFO] --- sonar-maven-plugin:3.6.0.1398:sonar (default-cli) @ Slimefun ---
[INFO] User cache: /home/pi/.sonar/cache
[INFO] SonarQube version: 8.0.0
[INFO] Default locale: "de_DE", source code encoding: "UTF-8"
[INFO] Load global settings
[INFO] Load global settings (done) | time=1052ms
[INFO] Server id: 74E9293D-AWHW8ct9-T_TB3XqouNu
[INFO] User cache: /home/pi/.sonar/cache
[INFO] Load/download plugins
[INFO] Load plugins index
[INFO] Load plugins index (done) | time=479ms
[INFO] Load/download plugins (done) | time=977ms
[INFO] Loaded core extensions: developer-scanner
[INFO] Process project properties
[INFO] Execute project builders
[INFO] Execute project builders (done) | time=20ms
[INFO] Project key: TheBusyBiscuit_Slimefun4
[INFO] Base dir: /home/pi/Desktop/Build Server/TheBusyBiscuit/Slimefun4/master/files
[INFO] Working dir: /home/pi/Desktop/Build Server/TheBusyBiscuit/Slimefun4/master/files/target/sonar
[INFO] Load project settings for component key: 'TheBusyBiscuit_Slimefun4'
[INFO] Load project settings for component key: 'TheBusyBiscuit_Slimefun4' (done) | time=233ms
[INFO] Load project branches
[INFO] Load project branches (done) | time=140ms
[INFO] Load project pull requests
[INFO] Load project pull requests (done) | time=100ms
[INFO] Load branch configuration
[INFO] Load branch configuration (done) | time=8ms
[INFO] Load quality profiles
[INFO] Load quality profiles (done) | time=282ms
[INFO] Load active rules
[INFO] Load active rules (done) | time=10807ms
[INFO] Organization key: thebusybiscuit-github
[INFO] Indexing files...
[INFO] Project configuration:
[INFO] 199 files indexed
[INFO] 0 files ignored because of scm ignore settings
[INFO] Quality profile for java: Additional Checks
[INFO] Quality profile for xml: Sonar way
[INFO] ------------- Run sensors on module Slimefun
[INFO] Load metrics repository
[INFO] Load metrics repository (done) | time=107ms
[INFO] Sensor JavaSquidSensor [java]
[INFO] Configured Java source version (sonar.java.source): 8
[INFO] JavaClasspath initialization
[INFO] JavaClasspath initialization (done) | time=70ms
[INFO] JavaTestClasspath initialization
[INFO] JavaTestClasspath initialization (done) | time=5ms
[INFO] Java Main Files AST scan
[INFO] 196 source files to be analyzed
[INFO] Load project repositories
[INFO] Load project repositories (done) | time=471ms
[INFO] 2/196 files analyzed, current file: src/me/mrCookieSlime/Slimefun/Objects/SlimefunItem/machines/XPCollector.java
[INFO] 5/196 files analyzed, current file: src/me/mrCookieSlime/Slimefun/Objects/SlimefunItem/SlimefunBow.java
[INFO] 24/196 files analyzed, current file: src/me/mrCookieSlime/Slimefun/Objects/SlimefunItem/machines/CargoInputNode.java
[INFO] 26/196 files analyzed, current file: src/me/mrCookieSlime/Slimefun/Objects/SlimefunItem/machines/AutomatedCraftingChamber.java
[INFO] 32/196 files analyzed, current file: src/me/mrCookieSlime/Slimefun/api/network/Network.java
[INFO] 37/196 files analyzed, current file: src/me/mrCookieSlime/Slimefun/Android/ScriptPart.java
[INFO] 41/196 files analyzed, current file: src/me/mrCookieSlime/Slimefun/api/BlockStorage.java
[INFO] 47/196 files analyzed, current file: src/me/mrCookieSlime/Slimefun/Setup/SlimefunSetup.java
[INFO] 47/196 files analyzed, current file: src/me/mrCookieSlime/Slimefun/Setup/SlimefunSetup.java
[INFO] 47/196 files analyzed, current file: src/me/mrCookieSlime/Slimefun/Setup/SlimefunSetup.java
[INFO] 47/196 files analyzed, current file: src/me/mrCookieSlime/Slimefun/Setup/SlimefunSetup.java
[INFO] 47/196 files analyzed, current file: src/me/mrCookieSlime/Slimefun/Setup/SlimefunSetup.java
[INFO] 53/196 files analyzed, current file: src/me/mrCookieSlime/Slimefun/Objects/SlimefunItem/machines/ReactorAccessPort.java
[INFO] 58/196 files analyzed, current file: src/me/mrCookieSlime/Slimefun/listeners/ItemListener.java
[INFO] 62/196 files analyzed, current file: src/me/mrCookieSlime/Slimefun/Objects/SlimefunItem/abstractItems/AContainer.java
[INFO] 69/196 files analyzed, current file: src/me/mrCookieSlime/Slimefun/api/energy/ItemEnergy.java
[INFO] 88/196 files analyzed, current file: src/me/mrCookieSlime/Slimefun/Objects/SlimefunItem/machines/FluidPump.java
[INFO] 103/196 files analyzed, current file: src/me/mrCookieSlime/Slimefun/api/Slimefun.java
[INFO] 122/196 files analyzed, current file: src/me/mrCookieSlime/Slimefun/api/inventory/BlockMenuPreset.java
[INFO] 133/196 files analyzed, current file: src/me/mrCookieSlime/Slimefun/Objects/SlimefunItem/abstractItems/AReactor.java
[INFO] 136/196 files analyzed, current file: src/me/mrCookieSlime/Slimefun/api/SlimefunBackup.java
[INFO] 136/196 files analyzed, current file: src/me/mrCookieSlime/Slimefun/api/SlimefunBackup.java
[INFO] 138/196 files analyzed, current file: src/me/mrCookieSlime/Slimefun/Android/ProgrammableAndroid.java
[INFO] 143/196 files analyzed, current file: src/me/mrCookieSlime/Slimefun/api/item_transport/CargoNet.java
[INFO] 156/196 files analyzed, current file: src/me/mrCookieSlime/Slimefun/SlimefunGuide.java
[INFO] 156/196 files analyzed, current file: src/me/mrCookieSlime/Slimefun/SlimefunGuide.java
[INFO] 172/196 files analyzed, current file: src/me/mrCookieSlime/Slimefun/api/AutoSavingTask.java
[INFO] 181/196 files analyzed, current file: src/me/mrCookieSlime/Slimefun/listeners/BlockListener.java
[INFO] 193/196 files analyzed, current file: src/me/mrCookieSlime/Slimefun/Objects/SlimefunItem/machines/HeatedPressureChamber.java
[INFO] 196/196 source files have been analyzed
[WARNING] Classes not found during the analysis : [com.google.common.base.Function, com.google.common.collect.ImmutableList, com.google.common.collect.ImmutableList$Builder, com.google.common.collect.Multimap, com.google.gson.JsonElement, com.google.gson.JsonObject, com.sk89q.worldedit.event.extent.EditSessionEvent, org.json.simple.parser.JSONParser, org.yaml.snakeyaml.DumperOptions, org.yaml.snakeyaml.Yaml, org.yaml.snakeyaml.representer.Representer]
[INFO] Java Main Files AST scan (done) | time=294153ms
[INFO] Java Test Files AST scan
[INFO] 0 source files to be analyzed
[INFO] 0/0 source files have been analyzed
[INFO] Java Test Files AST scan (done) | time=12ms
[INFO] Sensor JavaSquidSensor [java] (done) | time=297276ms
[INFO] Sensor SurefireSensor [java]
[INFO] parsing [/home/pi/Desktop/Build Server/TheBusyBiscuit/Slimefun4/master/files/target/surefire-reports]
[INFO] Sensor SurefireSensor [java] (done) | time=12ms
[INFO] Sensor JaCoCoSensor [java]
[INFO] Sensor JaCoCoSensor [java] (done) | time=6ms
[INFO] Sensor JavaXmlSensor [java]
[INFO] 1 source files to be analyzed
[INFO] Sensor JavaXmlSensor [java] (done) | time=815ms
[INFO] 1/1 source files have been analyzed
[INFO] Sensor HTML [web]
[INFO] Sensor HTML [web] (done) | time=97ms
[INFO] Sensor XML Sensor [xml]
[INFO] 1 source files to be analyzed
[INFO] Sensor XML Sensor [xml] (done) | time=961ms
[INFO] 1/1 source files have been analyzed
[INFO] Sensor JaCoCo XML Report Importer [jacoco]
[INFO] Sensor JaCoCo XML Report Importer [jacoco] (done) | time=28ms
[INFO] Sensor JavaSecuritySensor [security]
[INFO] Reading type hierarchy from: /home/pi/Desktop/Build Server/TheBusyBiscuit/Slimefun4/master/files/target/sonar/ucfg2/java
[INFO] Read 635 type definitions
[INFO] Reading UCFGs from: /home/pi/Desktop/Build Server/TheBusyBiscuit/Slimefun4/master/files/target/sonar/ucfg2/java
[INFO] 18:17:00.954 Building Type propagation graph
[INFO] 18:17:01.59 Running Tarjan on 12053 nodes
[INFO] 18:17:01.832 Tarjan found 12053 components
[INFO] 18:17:02.121 Variable type analysis: done
[INFO] 18:17:02.128 Building Type propagation graph
[INFO] 18:17:02.596 Running Tarjan on 12035 nodes
[INFO] 18:17:02.662 Tarjan found 12029 components
[INFO] 18:17:02.766 Variable type analysis: done
[INFO] Analyzing 1576 ucfgs to detect vulnerabilities.
[INFO] All rules entrypoints : 0 Retained UCFGs : 0
[INFO] rule: S5131, entrypoints: 0
[INFO] Visited 0 ucfgs in 0 ms, 0 steps
[INFO] rule: S5131 done
[INFO] rule: S3649, entrypoints: 0
[INFO] Visited 0 ucfgs in 0 ms, 0 steps
[INFO] rule: S3649 done
[INFO] rule: S2076, entrypoints: 0
[INFO] Visited 0 ucfgs in 0 ms, 0 steps
[INFO] rule: S2076 done
[INFO] rule: S2091, entrypoints: 0
[INFO] Visited 0 ucfgs in 0 ms, 0 steps
[INFO] rule: S2091 done
[INFO] rule: S2078, entrypoints: 0
[INFO] Visited 0 ucfgs in 0 ms, 0 steps
[INFO] rule: S2078 done
[INFO] rule: S2631, entrypoints: 0
[INFO] Visited 0 ucfgs in 0 ms, 0 steps
[INFO] rule: S2631 done
[INFO] rule: S5135, entrypoints: 0
[INFO] Visited 0 ucfgs in 0 ms, 0 steps
[INFO] rule: S5135 done
[INFO] rule: S2083, entrypoints: 0
[INFO] Visited 0 ucfgs in 0 ms, 0 steps
[INFO] rule: S2083 done
[INFO] rule: S5167, entrypoints: 0
[INFO] Visited 0 ucfgs in 0 ms, 0 steps
[INFO] rule: S5167 done
[INFO] rule: S5144, entrypoints: 0
[INFO] Visited 0 ucfgs in 0 ms, 0 steps
[INFO] rule: S5144 done
[INFO] rule: S5145, entrypoints: 0
[INFO] Visited 0 ucfgs in 0 ms, 0 steps
[INFO] rule: S5145 done
[INFO] rule: S5146, entrypoints: 0
[INFO] Visited 0 ucfgs in 0 ms, 0 steps
[INFO] rule: S5146 done
[INFO] rule: S5334, entrypoints: 0
[INFO] Visited 0 ucfgs in 0 ms, 0 steps
[INFO] rule: S5334 done
[INFO] Sensor JavaSecuritySensor [security] (done) | time=51739ms
[INFO] Sensor CSharpSecuritySensor [security]
[INFO] Reading type hierarchy from: /home/pi/Desktop/Build Server/TheBusyBiscuit/Slimefun4/master/files/target/ucfg_cs2
[INFO] Read 0 type definitions
[INFO] Reading UCFGs from: /home/pi/Desktop/Build Server/TheBusyBiscuit/Slimefun4/master/files/target/ucfg_cs2
[INFO] No UCFGs have been included for analysis.
[INFO] Sensor CSharpSecuritySensor [security] (done) | time=6ms
[INFO] Sensor PhpSecuritySensor [security]
[INFO] Reading type hierarchy from: /home/pi/Desktop/Build Server/TheBusyBiscuit/Slimefun4/master/files/target/sonar/ucfg2/php
[INFO] Read 0 type definitions
[INFO] Reading UCFGs from: /home/pi/Desktop/Build Server/TheBusyBiscuit/Slimefun4/master/files/target/sonar/ucfg2/php
[INFO] No UCFGs have been included for analysis.
[INFO] Sensor PhpSecuritySensor [security] (done) | time=4ms
[INFO] ------------- Run sensors on project
[INFO] Sensor Zero Coverage Sensor
[INFO] Sensor Zero Coverage Sensor (done) | time=245ms
[INFO] Sensor Java CPD Block Indexer
[INFO] Sensor Java CPD Block Indexer (done) | time=3077ms
[INFO] SCM provider for this project is: git
[INFO] 5 files to be analyzed
[INFO] 4/5 files analyzed
[WARNING] Missing blame information for the following files:
[WARNING]   * dependency-reduced-pom.xml
[WARNING] This may lead to missing/broken features in SonarQube
[INFO] 48 files had no CPD blocks
[INFO] Calculating CPD for 148 files
[INFO] CPD calculation finished
[INFO] Analysis report generated in 626ms, dir size=3 MB
[INFO] Analysis report compressed in 2216ms, zip size=1 MB
[INFO] Analysis report uploaded in 31199ms
[INFO] ANALYSIS SUCCESSFUL, you can browse https://sonarcloud.io/dashboard?id=TheBusyBiscuit_Slimefun4
[INFO] Note that you will be able to access the updated dashboard once the server has processed the submitted analysis report
[INFO] More about the report processing at https://sonarcloud.io/api/ce/task?id=AWxYRn8ViOX_Qgt-OWwf
[INFO] Analysis total time: 7:03.873 s
[INFO] ------------------------------------------------------------------------
[INFO] BUILD SUCCESS
[INFO] ------------------------------------------------------------------------
[INFO] Total time:  07:40 min
[INFO] Finished at: 2019-08-03T18:18:31+02:00
[INFO] ------------------------------------------------------------------------
