[INFO] Scanning for projects...
[WARNING] 
[WARNING] Some problems were encountered while building the effective model for me.mrCookieSlime:Slimefun:jar:DEV - 63 (git edb8566b)
[WARNING] 'dependencies.dependency.systemPath' for me.minebuilders:clearlag-core:jar should not point at files within the project directory, ${project.basedir}/lib/Clearlag.jar will be unresolvable by dependent projects @ line 1, column 2017
[WARNING] 'dependencies.dependency.systemPath' for me.mrCookieSlime:EmeraldEnchants:jar should not point at files within the project directory, ${project.basedir}/lib/EmeraldEnchants v2.0.jar will be unresolvable by dependent projects @ line 1, column 2293
[WARNING] 'dependencies.dependency.systemPath' for me.mrCookieSlime:ExoticGarden:jar should not point at files within the project directory, ${project.basedir}/lib/ExoticGarden v1.2.0.jar will be unresolvable by dependent projects @ line 1, column 2483
[WARNING] 
[WARNING] It is highly recommended to fix these problems because they threaten the stability of your build.
[WARNING] 
[WARNING] For this reason, future Maven versions might no longer support building such malformed projects.
[WARNING] 
[INFO] 
[INFO] ------------------------------------------------------------------------
[INFO] Building Slimefun DEV - 63 (git edb8566b)
[INFO] ------------------------------------------------------------------------
[INFO] Downloading from worldedit-repo: http://maven.sk89q.com/repo/org/bukkit/bukkit/1.13.1-R0.1-SNAPSHOT/maven-metadata.xml
[INFO] Downloading from worldedit-repo: http://maven.sk89q.com/repo/com/sk89q/worldedit/worldedit-bukkit/7.0.0-SNAPSHOT/maven-metadata.xml
[INFO] Downloaded from worldedit-repo: http://maven.sk89q.com/repo/com/sk89q/worldedit/worldedit-bukkit/7.0.0-SNAPSHOT/maven-metadata.xml (1.2 kB at 2.5 kB/s)
[INFO] Downloading from worldedit-repo: http://maven.sk89q.com/repo/com/sk89q/worldedit/worldedit-bukkit/7.0.0-SNAPSHOT/worldedit-bukkit-7.0.0-20181229.092225-53.pom
[INFO] Downloaded from worldedit-repo: http://maven.sk89q.com/repo/com/sk89q/worldedit/worldedit-bukkit/7.0.0-SNAPSHOT/worldedit-bukkit-7.0.0-20181229.092225-53.pom (0 B at 0 B/s)
[INFO] Downloading from worldedit-repo: http://maven.sk89q.com/repo/com/sk89q/worldedit/worldedit-core/7.0.0-SNAPSHOT/maven-metadata.xml
[INFO] Downloaded from worldedit-repo: http://maven.sk89q.com/repo/com/sk89q/worldedit/worldedit-core/7.0.0-SNAPSHOT/maven-metadata.xml (1.2 kB at 4.1 kB/s)
[INFO] Downloading from worldedit-repo: http://maven.sk89q.com/repo/com/sk89q/worldedit/worldedit-core/7.0.0-SNAPSHOT/worldedit-core-7.0.0-20181229.092225-53.pom
[INFO] Downloaded from worldedit-repo: http://maven.sk89q.com/repo/com/sk89q/worldedit/worldedit-core/7.0.0-SNAPSHOT/worldedit-core-7.0.0-20181229.092225-53.pom (0 B at 0 B/s)
[INFO] Downloading from paper-repo: https://repo.destroystokyo.com/repository/maven-public/com/sk89q/jchronic/0.2.4a/jchronic-0.2.4a.pom
[INFO] Downloading from spigot-repo: https://hub.spigotmc.org/nexus/content/repositories/snapshots/com/sk89q/jchronic/0.2.4a/jchronic-0.2.4a.pom
[INFO] Downloading from worldedit-repo: http://maven.sk89q.com/repo/com/sk89q/jchronic/0.2.4a/jchronic-0.2.4a.pom
[INFO] Downloaded from worldedit-repo: http://maven.sk89q.com/repo/com/sk89q/jchronic/0.2.4a/jchronic-0.2.4a.pom (0 B at 0 B/s)
[INFO] Downloading from paper-repo: https://repo.destroystokyo.com/repository/maven-public/com/sk89q/lib/jlibnoise/1.0.0/jlibnoise-1.0.0.pom
[INFO] Downloading from spigot-repo: https://hub.spigotmc.org/nexus/content/repositories/snapshots/com/sk89q/lib/jlibnoise/1.0.0/jlibnoise-1.0.0.pom
[INFO] Downloading from worldedit-repo: http://maven.sk89q.com/repo/com/sk89q/lib/jlibnoise/1.0.0/jlibnoise-1.0.0.pom
[INFO] Downloaded from worldedit-repo: http://maven.sk89q.com/repo/com/sk89q/lib/jlibnoise/1.0.0/jlibnoise-1.0.0.pom (0 B at 0 B/s)
[INFO] Downloading from paper-repo: https://repo.destroystokyo.com/repository/maven-public/com/sk89q/dummypermscompat/1.8/dummypermscompat-1.8.pom
[INFO] Downloading from spigot-repo: https://hub.spigotmc.org/nexus/content/repositories/snapshots/com/sk89q/dummypermscompat/1.8/dummypermscompat-1.8.pom
[INFO] Downloading from worldedit-repo: http://maven.sk89q.com/repo/com/sk89q/dummypermscompat/1.8/dummypermscompat-1.8.pom
[INFO] Downloaded from worldedit-repo: http://maven.sk89q.com/repo/com/sk89q/dummypermscompat/1.8/dummypermscompat-1.8.pom (0 B at 0 B/s)
[INFO] Downloading from worldedit-repo: http://maven.sk89q.com/repo/org/bstats/bstats-bukkit/1.4/bstats-bukkit-1.4.pom
[INFO] Downloaded from worldedit-repo: http://maven.sk89q.com/repo/org/bstats/bstats-bukkit/1.4/bstats-bukkit-1.4.pom (0 B at 0 B/s)
[INFO] Downloading from worldedit-repo: http://maven.sk89q.com/repo/org/bstats/bstats/1.4/bstats-1.4.pom
[INFO] Downloaded from worldedit-repo: http://maven.sk89q.com/repo/org/bstats/bstats/1.4/bstats-1.4.pom (0 B at 0 B/s)
[INFO] Downloading from worldedit-repo: http://maven.sk89q.com/repo/com/sk89q/worldguard/6.1.1-SNAPSHOT/maven-metadata.xml
[INFO] Downloaded from worldedit-repo: http://maven.sk89q.com/repo/com/sk89q/worldguard/6.1.1-SNAPSHOT/maven-metadata.xml (1.7 kB at 6.0 kB/s)
[INFO] Downloading from worldedit-repo: http://maven.sk89q.com/repo/com/sk89q/spigot/bukkit-classloader-check/1.8-R0.1-SNAPSHOT/maven-metadata.xml
[INFO] Downloaded from worldedit-repo: http://maven.sk89q.com/repo/com/sk89q/spigot/bukkit-classloader-check/1.8-R0.1-SNAPSHOT/maven-metadata.xml (794 B at 2.6 kB/s)
[WARNING] The POM for com.wasteofplastic:askyblock:jar:3.0.8.2 is invalid, transitive dependencies (if any) will not be available, enable debug logging for more details
[WARNING] The POM for com.github.dmulloy2.LWC:lwc:jar:master-4.5.1-g2100b5e-18 is invalid, transitive dependencies (if any) will not be available, enable debug logging for more details
[WARNING] The POM for com.massivecraft.massivecore:MassiveCore:jar:2.13.0 is missing, no dependency information available
[WARNING] The POM for com.massivecraft.factions:Factions:jar:2.13.0 is missing, no dependency information available
[INFO] Downloading from worldedit-repo: http://maven.sk89q.com/repo/mkremins/fanciful/0.4.0-SNAPSHOT/maven-metadata.xml
[INFO] Downloading from worldedit-repo: http://maven.sk89q.com/repo/com/darkblade12/particleeffect/1.8.0-SNAPSHOT/maven-metadata.xml
[INFO] Downloading from worldedit-repo: http://maven.sk89q.com/repo/com/sk89q/worldedit/worldedit-core/6.1.3-SNAPSHOT/maven-metadata.xml
[INFO] Downloaded from worldedit-repo: http://maven.sk89q.com/repo/com/sk89q/worldedit/worldedit-core/6.1.3-SNAPSHOT/maven-metadata.xml (1.4 kB at 3.3 kB/s)
[INFO] Downloading from worldedit-repo: http://maven.sk89q.com/repo/com/sk89q/worldedit/worldedit-bukkit/7.0.0-SNAPSHOT/worldedit-bukkit-7.0.0-20181229.092225-53.jar
[INFO] Downloading from worldedit-repo: http://maven.sk89q.com/repo/com/sk89q/worldedit/worldedit-core/7.0.0-SNAPSHOT/worldedit-core-7.0.0-20181229.092225-53.jar
[INFO] Downloading from worldedit-repo: http://maven.sk89q.com/repo/com/sk89q/worldguard/6.1.1-SNAPSHOT/worldguard-6.1.1-20150928.003559-16.jar
[INFO] Downloaded from worldedit-repo: http://maven.sk89q.com/repo/com/sk89q/worldedit/worldedit-bukkit/7.0.0-SNAPSHOT/worldedit-bukkit-7.0.0-20181229.092225-53.jar (0 B at 0 B/s)
[INFO] Downloaded from worldedit-repo: http://maven.sk89q.com/repo/com/sk89q/worldedit/worldedit-core/7.0.0-SNAPSHOT/worldedit-core-7.0.0-20181229.092225-53.jar (0 B at 0 B/s)
[INFO] Downloaded from worldedit-repo: http://maven.sk89q.com/repo/com/sk89q/worldguard/6.1.1-SNAPSHOT/worldguard-6.1.1-20150928.003559-16.jar (0 B at 0 B/s)
[INFO] Downloading from paper-repo: https://repo.destroystokyo.com/repository/maven-public/com/sk89q/jchronic/0.2.4a/jchronic-0.2.4a.jar
[INFO] Downloading from paper-repo: https://repo.destroystokyo.com/repository/maven-public/com/sk89q/lib/jlibnoise/1.0.0/jlibnoise-1.0.0.jar
[INFO] Downloading from paper-repo: https://repo.destroystokyo.com/repository/maven-public/com/sk89q/dummypermscompat/1.8/dummypermscompat-1.8.jar
[INFO] Downloading from spigot-repo: https://hub.spigotmc.org/nexus/content/repositories/snapshots/com/sk89q/jchronic/0.2.4a/jchronic-0.2.4a.jar
[INFO] Downloading from spigot-repo: https://hub.spigotmc.org/nexus/content/repositories/snapshots/com/sk89q/lib/jlibnoise/1.0.0/jlibnoise-1.0.0.jar
[INFO] Downloading from spigot-repo: https://hub.spigotmc.org/nexus/content/repositories/snapshots/com/sk89q/dummypermscompat/1.8/dummypermscompat-1.8.jar
[INFO] Downloading from worldedit-repo: http://maven.sk89q.com/repo/com/sk89q/jchronic/0.2.4a/jchronic-0.2.4a.jar
[INFO] Downloading from worldedit-repo: http://maven.sk89q.com/repo/com/sk89q/dummypermscompat/1.8/dummypermscompat-1.8.jar
[INFO] Downloading from worldedit-repo: http://maven.sk89q.com/repo/com/sk89q/lib/jlibnoise/1.0.0/jlibnoise-1.0.0.jar
[INFO] Downloading from worldedit-repo: http://maven.sk89q.com/repo/org/bstats/bstats-bukkit/1.4/bstats-bukkit-1.4.jar
[INFO] Downloaded from worldedit-repo: http://maven.sk89q.com/repo/com/sk89q/jchronic/0.2.4a/jchronic-0.2.4a.jar (0 B at 0 B/s)
[INFO] Downloaded from worldedit-repo: http://maven.sk89q.com/repo/org/bstats/bstats-bukkit/1.4/bstats-bukkit-1.4.jar (0 B at 0 B/s)
[INFO] Downloaded from worldedit-repo: http://maven.sk89q.com/repo/com/sk89q/lib/jlibnoise/1.0.0/jlibnoise-1.0.0.jar (0 B at 0 B/s)
[INFO] Downloaded from worldedit-repo: http://maven.sk89q.com/repo/com/sk89q/dummypermscompat/1.8/dummypermscompat-1.8.jar (0 B at 0 B/s)
[INFO] 
[INFO] --- maven-resources-plugin:2.6:resources (default-resources) @ Slimefun ---
[INFO] Using 'UTF-8' encoding to copy filtered resources.
[INFO] Copying 2 resources
[INFO] 
[INFO] --- maven-compiler-plugin:3.1:compile (default-compile) @ Slimefun ---
[INFO] Changes detected - recompiling the module!
[INFO] Compiling 195 source files to /home/pi/builds/TheBusyBiscuit/Slimefun4/master/files/target/classes
[INFO] -------------------------------------------------------------
[ERROR] COMPILATION ERROR : 
[INFO] -------------------------------------------------------------
[ERROR] /home/pi/builds/TheBusyBiscuit/Slimefun4/master/files/src/me/mrCookieSlime/Slimefun/Objects/SlimefunItem/machines/HeatedPressureChamber.java:[29,31] package org.apache.commons.lang does not exist
[ERROR] /home/pi/builds/TheBusyBiscuit/Slimefun4/master/files/src/me/mrCookieSlime/Slimefun/Objects/SlimefunItem/machines/ElectricSmeltery.java:[28,31] package org.apache.commons.lang does not exist
[ERROR] /home/pi/builds/TheBusyBiscuit/Slimefun4/master/files/src/me/mrCookieSlime/Slimefun/Objects/SlimefunItem/machines/AutomatedCraftingChamber.java:[31,31] package org.apache.commons.lang does not exist
[INFO] 3 errors 
[INFO] -------------------------------------------------------------
[INFO] ------------------------------------------------------------------------
[INFO] BUILD FAILURE
[INFO] ------------------------------------------------------------------------
[INFO] Total time: 22.153 s
[INFO] Finished at: 2018-12-29T21:10:42+01:00
[INFO] Final Memory: 16M/69M
[INFO] ------------------------------------------------------------------------
[ERROR] Failed to execute goal org.apache.maven.plugins:maven-compiler-plugin:3.1:compile (default-compile) on project Slimefun: Compilation failure: Compilation failure: 
[ERROR] /home/pi/builds/TheBusyBiscuit/Slimefun4/master/files/src/me/mrCookieSlime/Slimefun/Objects/SlimefunItem/machines/HeatedPressureChamber.java:[29,31] package org.apache.commons.lang does not exist
[ERROR] /home/pi/builds/TheBusyBiscuit/Slimefun4/master/files/src/me/mrCookieSlime/Slimefun/Objects/SlimefunItem/machines/ElectricSmeltery.java:[28,31] package org.apache.commons.lang does not exist
[ERROR] /home/pi/builds/TheBusyBiscuit/Slimefun4/master/files/src/me/mrCookieSlime/Slimefun/Objects/SlimefunItem/machines/AutomatedCraftingChamber.java:[31,31] package org.apache.commons.lang does not exist
[ERROR] -> [Help 1]
[ERROR] 
[ERROR] To see the full stack trace of the errors, re-run Maven with the -e switch.
[ERROR] Re-run Maven using the -X switch to enable full debug logging.
[ERROR] 
[ERROR] For more information about the errors and possible solutions, please read the following articles:
[ERROR] [Help 1] http://cwiki.apache.org/confluence/display/MAVEN/MojoFailureException
