[INFO] Scanning for projects...
[WARNING] 
[WARNING] Some problems were encountered while building the effective model for me.mrCookieSlime:Slimefun:jar:DEV #35 (git 5cf4f0bb)
[WARNING] 'dependencies.dependency.systemPath' for me.minebuilders:clearlag-core:jar should not point at files within the project directory, ${project.basedir}/lib/Clearlag.jar will be unresolvable by dependent projects @ line 1, column 2147
[WARNING] 'dependencies.dependency.systemPath' for me.mrCookieSlime:EmeraldEnchants:jar should not point at files within the project directory, ${project.basedir}/lib/EmeraldEnchants v2.0.jar will be unresolvable by dependent projects @ line 1, column 2470
[WARNING] 'dependencies.dependency.systemPath' for me.mrCookieSlime:ExoticGarden:jar should not point at files within the project directory, ${project.basedir}/lib/ExoticGarden v1.2.0.jar will be unresolvable by dependent projects @ line 1, column 2684
[WARNING] 
[WARNING] It is highly recommended to fix these problems because they threaten the stability of your build.
[WARNING] 
[WARNING] For this reason, future Maven versions might no longer support building such malformed projects.
[WARNING] 
[INFO] 
[INFO] ------------------------------------------------------------------------
[INFO] Building Slimefun DEV #35 (git 5cf4f0bb)
[INFO] ------------------------------------------------------------------------
[INFO] Downloading from robomwm-repo: https://dl.bintray.com/robomwm/maven/org/bukkit/bukkit/1.12-R0.1-SNAPSHOT/maven-metadata.xml
[INFO] Downloading from paper-repo: https://repo.destroystokyo.com/repository/maven-public/com/sk89q/worldedit/worldedit-bukkit/6.1.1-SNAPSHOT/maven-metadata.xml
[INFO] Downloading from jitpack.io: https://jitpack.io/com/sk89q/worldedit/worldedit-bukkit/6.1.1-SNAPSHOT/maven-metadata.xml
[INFO] Downloading from worldedit-worldguard-repo: http://maven.sk89q.com/repo/com/sk89q/worldedit/worldedit-bukkit/6.1.1-SNAPSHOT/maven-metadata.xml
[INFO] Downloading from spigot-repo: https://hub.spigotmc.org/nexus/content/repositories/snapshots/com/sk89q/worldedit/worldedit-bukkit/6.1.1-SNAPSHOT/maven-metadata.xml
[INFO] Downloading from robomwm-repo: https://dl.bintray.com/robomwm/maven/com/sk89q/worldedit/worldedit-bukkit/6.1.1-SNAPSHOT/maven-metadata.xml
[INFO] Downloaded from worldedit-worldguard-repo: http://maven.sk89q.com/repo/com/sk89q/worldedit/worldedit-bukkit/6.1.1-SNAPSHOT/maven-metadata.xml (1.2 kB at 2.1 kB/s)
[INFO] Downloading from paper-repo: https://repo.destroystokyo.com/repository/maven-public/com/sk89q/worldedit/worldedit-core/6.1.1-SNAPSHOT/maven-metadata.xml
[INFO] Downloading from spigot-repo: https://hub.spigotmc.org/nexus/content/repositories/snapshots/com/sk89q/worldedit/worldedit-core/6.1.1-SNAPSHOT/maven-metadata.xml
[INFO] Downloading from jitpack.io: https://jitpack.io/com/sk89q/worldedit/worldedit-core/6.1.1-SNAPSHOT/maven-metadata.xml
[INFO] Downloading from worldedit-worldguard-repo: http://maven.sk89q.com/repo/com/sk89q/worldedit/worldedit-core/6.1.1-SNAPSHOT/maven-metadata.xml
[INFO] Downloading from robomwm-repo: https://dl.bintray.com/robomwm/maven/com/sk89q/worldedit/worldedit-core/6.1.1-SNAPSHOT/maven-metadata.xml
[INFO] Downloaded from worldedit-worldguard-repo: http://maven.sk89q.com/repo/com/sk89q/worldedit/worldedit-core/6.1.1-SNAPSHOT/maven-metadata.xml (1.2 kB at 4.3 kB/s)
[INFO] Downloading from paper-repo: https://repo.destroystokyo.com/repository/maven-public/com/github/TheBusyBiscuit/CS-CoreLib/v1.5.18/CS-CoreLib-v1.5.18.pom
[INFO] Downloading from spigot-repo: https://hub.spigotmc.org/nexus/content/repositories/snapshots/com/github/TheBusyBiscuit/CS-CoreLib/v1.5.18/CS-CoreLib-v1.5.18.pom
[INFO] Downloading from worldedit-worldguard-repo: http://maven.sk89q.com/repo/com/github/TheBusyBiscuit/CS-CoreLib/v1.5.18/CS-CoreLib-v1.5.18.pom
[INFO] Downloading from jitpack.io: https://jitpack.io/com/github/TheBusyBiscuit/CS-CoreLib/v1.5.18/CS-CoreLib-v1.5.18.pom
[INFO] Downloaded from jitpack.io: https://jitpack.io/com/github/TheBusyBiscuit/CS-CoreLib/v1.5.18/CS-CoreLib-v1.5.18.pom (6.1 kB at 85 B/s)
[INFO] Downloading from robomwm-repo: https://dl.bintray.com/robomwm/maven/com/sk89q/worldedit/worldedit-bukkit/6.1.4-SNAPSHOT/maven-metadata.xml
[INFO] Downloading from robomwm-repo: https://dl.bintray.com/robomwm/maven/org/bukkit/bukkit/1.9.4-R0.1-SNAPSHOT/maven-metadata.xml
[INFO] Downloading from robomwm-repo: https://dl.bintray.com/robomwm/maven/com/sk89q/worldedit/worldedit-core/6.1.4-SNAPSHOT/maven-metadata.xml
[INFO] Downloading from robomwm-repo: https://dl.bintray.com/robomwm/maven/com/sk89q/worldguard/6.1.1-SNAPSHOT/maven-metadata.xml
[INFO] Downloading from robomwm-repo: https://dl.bintray.com/robomwm/maven/com/sk89q/spigot/bukkit-classloader-check/1.8-R0.1-SNAPSHOT/maven-metadata.xml
[INFO] Downloading from robomwm-repo: https://dl.bintray.com/robomwm/maven/org/bukkit/bukkit/1.8.6-R0.1-SNAPSHOT/maven-metadata.xml
[WARNING] The POM for com.wasteofplastic:askyblock:jar:3.0.8.2 is invalid, transitive dependencies (if any) will not be available, enable debug logging for more details
[WARNING] The POM for com.github.dmulloy2.LWC:lwc:jar:master-4.5.1-g2100b5e-18 is invalid, transitive dependencies (if any) will not be available, enable debug logging for more details
[INFO] Downloading from robomwm-repo: https://dl.bintray.com/robomwm/maven/com/massivecraft/massivecore/MassiveCore/2.13.0/MassiveCore-2.13.0.pom
[WARNING] The POM for com.massivecraft.massivecore:MassiveCore:jar:2.13.0 is missing, no dependency information available
[INFO] Downloading from robomwm-repo: https://dl.bintray.com/robomwm/maven/com/massivecraft/factions/Factions/2.13.0/Factions-2.13.0.pom
[WARNING] The POM for com.massivecraft.factions:Factions:jar:2.13.0 is missing, no dependency information available
[INFO] Downloading from worldedit-worldguard-repo: http://maven.sk89q.com/repo/org/bukkit/bukkit/maven-metadata.xml
[INFO] Downloading from robomwm-repo: https://dl.bintray.com/robomwm/maven/org/bukkit/bukkit/maven-metadata.xml
[INFO] Downloading from maven-codearts-jp: http://maven.codearts.jp/org/bukkit/bukkit/maven-metadata.xml
[WARNING] Could not transfer metadata org.bukkit:bukkit/maven-metadata.xml from/to worldedit-worldguard-repo (http://maven.sk89q.com/repo/): Failed to transfer file: http://maven.sk89q.com/repo/org/bukkit/bukkit/maven-metadata.xml. Return code is: 500 , ReasonPhrase:Internal Server Error.
[WARNING] Could not transfer metadata org.bukkit:bukkit/maven-metadata.xml from/to maven-codearts-jp (http://maven.codearts.jp/): maven.codearts.jp: unknown error
[WARNING] Failure to transfer org.bukkit:bukkit/maven-metadata.xml from http://maven.sk89q.com/repo/ was cached in the local repository, resolution will not be reattempted until the update interval of worldedit-worldguard-repo has elapsed or updates are forced. Original error: Could not transfer metadata org.bukkit:bukkit/maven-metadata.xml from/to worldedit-worldguard-repo (http://maven.sk89q.com/repo/): Failed to transfer file: http://maven.sk89q.com/repo/org/bukkit/bukkit/maven-metadata.xml. Return code is: 500 , ReasonPhrase:Internal Server Error.
[WARNING] Failure to transfer org.bukkit:bukkit/maven-metadata.xml from http://maven.codearts.jp/ was cached in the local repository, resolution will not be reattempted until the update interval of maven-codearts-jp has elapsed or updates are forced. Original error: Could not transfer metadata org.bukkit:bukkit/maven-metadata.xml from/to maven-codearts-jp (http://maven.codearts.jp/): maven.codearts.jp: unknown error
[INFO] Downloading from robomwm-repo: https://dl.bintray.com/robomwm/maven/com/sk89q/worldedit/worldedit-core/6.1.3-SNAPSHOT/maven-metadata.xml
[INFO] Downloading from paper-repo: https://repo.destroystokyo.com/repository/maven-public/com/github/TheBusyBiscuit/CS-CoreLib/v1.5.18/CS-CoreLib-v1.5.18.jar
[INFO] Downloading from spigot-repo: https://hub.spigotmc.org/nexus/content/repositories/snapshots/com/github/TheBusyBiscuit/CS-CoreLib/v1.5.18/CS-CoreLib-v1.5.18.jar
[INFO] Downloading from worldedit-worldguard-repo: http://maven.sk89q.com/repo/com/github/TheBusyBiscuit/CS-CoreLib/v1.5.18/CS-CoreLib-v1.5.18.jar
[INFO] Downloading from jitpack.io: https://jitpack.io/com/github/TheBusyBiscuit/CS-CoreLib/v1.5.18/CS-CoreLib-v1.5.18.jar
[INFO] Downloaded from jitpack.io: https://jitpack.io/com/github/TheBusyBiscuit/CS-CoreLib/v1.5.18/CS-CoreLib-v1.5.18.jar (210 kB at 149 kB/s)
[INFO] 
[INFO] --- maven-resources-plugin:2.6:resources (default-resources) @ Slimefun ---
[INFO] Using 'UTF-8' encoding to copy filtered resources.
[INFO] Copying 2 resources
[INFO] 
[INFO] --- maven-compiler-plugin:3.1:compile (default-compile) @ Slimefun ---
[INFO] Changes detected - recompiling the module!
[INFO] Compiling 197 source files to /home/pi/builds/TheBusyBiscuit/Slimefun4/master/files/target/classes
[WARNING] /home/pi/builds/TheBusyBiscuit/Slimefun4/master/files/src/me/mrCookieSlime/Slimefun/Hashing/ItemHash.java:[41,41] unmappable character for encoding UTF-8
[WARNING] /home/pi/builds/TheBusyBiscuit/Slimefun4/master/files/src/me/mrCookieSlime/Slimefun/Hashing/ItemHash.java:[50,48] unmappable character for encoding UTF-8
[WARNING] /home/pi/builds/TheBusyBiscuit/Slimefun4/master/files/src/me/mrCookieSlime/Slimefun/listeners/ItemPickupListener.java: Some input files use or override a deprecated API.
[WARNING] /home/pi/builds/TheBusyBiscuit/Slimefun4/master/files/src/me/mrCookieSlime/Slimefun/listeners/ItemPickupListener.java: Recompile with -Xlint:deprecation for details.
[INFO] 
[INFO] --- maven-resources-plugin:2.6:testResources (default-testResources) @ Slimefun ---
[INFO] Using 'UTF-8' encoding to copy filtered resources.
[INFO] skip non existing resourceDirectory /home/pi/builds/TheBusyBiscuit/Slimefun4/master/files/tests/resources
[INFO] 
[INFO] --- maven-compiler-plugin:3.1:testCompile (default-testCompile) @ Slimefun ---
[INFO] No sources to compile
[INFO] 
[INFO] --- maven-surefire-plugin:2.12.4:test (default-test) @ Slimefun ---
[INFO] No tests to run.
[INFO] 
[INFO] --- maven-jar-plugin:2.4:jar (default-jar) @ Slimefun ---
[INFO] Building jar: /home/pi/builds/TheBusyBiscuit/Slimefun4/master/files/target/Slimefun4-35.jar
[INFO] ------------------------------------------------------------------------
[INFO] BUILD SUCCESS
[INFO] ------------------------------------------------------------------------
[INFO] Total time: 01:47 min
[INFO] Finished at: 2018-04-25T22:04:08Z
[INFO] Final Memory: 20M/90M
[INFO] ------------------------------------------------------------------------
