[INFO] Scanning for projects...
[WARNING] 
[WARNING] Some problems were encountered while building the effective model for me.mrCookieSlime:Slimefun:jar:DEV - 62 (git 74677255)
[WARNING] 'dependencies.dependency.systemPath' for me.minebuilders:clearlag-core:jar should not point at files within the project directory, ${project.basedir}/lib/Clearlag.jar will be unresolvable by dependent projects @ line 1, column 2028
[WARNING] 'dependencies.dependency.systemPath' for me.mrCookieSlime:EmeraldEnchants:jar should not point at files within the project directory, ${project.basedir}/lib/EmeraldEnchants v2.0.jar will be unresolvable by dependent projects @ line 1, column 2304
[WARNING] 'dependencies.dependency.systemPath' for me.mrCookieSlime:ExoticGarden:jar should not point at files within the project directory, ${project.basedir}/lib/ExoticGarden v1.2.0.jar will be unresolvable by dependent projects @ line 1, column 2494
[WARNING] 
[WARNING] It is highly recommended to fix these problems because they threaten the stability of your build.
[WARNING] 
[WARNING] For this reason, future Maven versions might no longer support building such malformed projects.
[WARNING] 
[INFO] 
[INFO] ------------------------------------------------------------------------
[INFO] Building Slimefun DEV - 62 (git 74677255)
[INFO] ------------------------------------------------------------------------
[INFO] Downloading from robomwm-repo: https://dl.bintray.com/robomwm/maven/com/sk89q/worldedit/worldedit-bukkit/7.0.0-SNAPSHOT/maven-metadata.xml
[INFO] Downloading from robomwm-repo: https://dl.bintray.com/robomwm/maven/com/sk89q/worldedit/worldedit-core/7.0.0-SNAPSHOT/maven-metadata.xml
[WARNING] The POM for com.wasteofplastic:askyblock:jar:3.0.8.2 is invalid, transitive dependencies (if any) will not be available, enable debug logging for more details
[WARNING] The POM for com.github.dmulloy2.LWC:lwc:jar:master-4.5.1-g2100b5e-18 is invalid, transitive dependencies (if any) will not be available, enable debug logging for more details
[WARNING] The POM for com.massivecraft.massivecore:MassiveCore:jar:2.13.0 is missing, no dependency information available
[WARNING] The POM for com.massivecraft.factions:Factions:jar:2.13.0 is missing, no dependency information available
[INFO] 
[INFO] --- maven-resources-plugin:2.6:resources (default-resources) @ Slimefun ---
[INFO] Using 'UTF-8' encoding to copy filtered resources.
[INFO] Copying 2 resources
[INFO] 
[INFO] --- maven-compiler-plugin:3.1:compile (default-compile) @ Slimefun ---
[INFO] Changes detected - recompiling the module!
[INFO] Compiling 195 source files to /home/pi/builds/TheBusyBiscuit/Slimefun4/master/files/target/classes
[INFO] -------------------------------------------------------------
[ERROR] COMPILATION ERROR : 
[INFO] -------------------------------------------------------------
[ERROR] /home/pi/builds/TheBusyBiscuit/Slimefun4/master/files/src/me/mrCookieSlime/Slimefun/Objects/SlimefunItem/machines/HeatedPressureChamber.java:[29,31] package org.apache.commons.lang does not exist
[ERROR] /home/pi/builds/TheBusyBiscuit/Slimefun4/master/files/src/me/mrCookieSlime/Slimefun/Objects/SlimefunItem/machines/ElectricSmeltery.java:[28,31] package org.apache.commons.lang does not exist
[ERROR] /home/pi/builds/TheBusyBiscuit/Slimefun4/master/files/src/me/mrCookieSlime/Slimefun/Objects/SlimefunItem/machines/AutomatedCraftingChamber.java:[31,31] package org.apache.commons.lang does not exist
[INFO] 3 errors 
[INFO] -------------------------------------------------------------
[INFO] ------------------------------------------------------------------------
[INFO] BUILD FAILURE
[INFO] ------------------------------------------------------------------------
[INFO] Total time: 13.125 s
[INFO] Finished at: 2018-12-29T21:07:08+01:00
[INFO] Final Memory: 16M/68M
[INFO] ------------------------------------------------------------------------
[ERROR] Failed to execute goal org.apache.maven.plugins:maven-compiler-plugin:3.1:compile (default-compile) on project Slimefun: Compilation failure: Compilation failure: 
[ERROR] /home/pi/builds/TheBusyBiscuit/Slimefun4/master/files/src/me/mrCookieSlime/Slimefun/Objects/SlimefunItem/machines/HeatedPressureChamber.java:[29,31] package org.apache.commons.lang does not exist
[ERROR] /home/pi/builds/TheBusyBiscuit/Slimefun4/master/files/src/me/mrCookieSlime/Slimefun/Objects/SlimefunItem/machines/ElectricSmeltery.java:[28,31] package org.apache.commons.lang does not exist
[ERROR] /home/pi/builds/TheBusyBiscuit/Slimefun4/master/files/src/me/mrCookieSlime/Slimefun/Objects/SlimefunItem/machines/AutomatedCraftingChamber.java:[31,31] package org.apache.commons.lang does not exist
[ERROR] -> [Help 1]
[ERROR] 
[ERROR] To see the full stack trace of the errors, re-run Maven with the -e switch.
[ERROR] Re-run Maven using the -X switch to enable full debug logging.
[ERROR] 
[ERROR] For more information about the errors and possible solutions, please read the following articles:
[ERROR] [Help 1] http://cwiki.apache.org/confluence/display/MAVEN/MojoFailureException
