[Icts...
NFO] Scanning for proje[WARNING] 
[WARNING] Some problems were encountered while building the effective model for me.mrCookieSlime:Slimefun:jar:DEV - 110 (git 299dfe6c)
[WARNING] 'dependencies.dependency.systemPath' for me.minebuilders:clearlag-core:jar should not point at files within the project directory, ${project.basedir}/lib/Clearlag.jar will be unresolvable by dependent projects @ line 1, column 2025
[WARNING] 'dependencies.dependency.systemPath' for me.mrCookieSlime:EmeraldEnchants:jar should not point at files within the project directory, ${project.basedir}/lib/EmeraldEnchants v2.0.jar will be unresolvable by dependent projects @ line 1, column 2301
[WARNING] 'dependencies.dependency.systemPath' for me.mrCookieSlime:ExoticGarden:jar should not point at files within the project directory, ${project.basedir}/lib/ExoticGarden v1.2.0.jar will be unresolvable by dependent projects @ line 1, column 2491
[WARNING] 
[WARNING] It is highly recommended to fix these problems because they threaten the stability of your build.
[WARNING] 
[WARNING] For this reason, future Maven versions might no longer support building such malformed projects.
[WARNING] 
[INFO] 
[INFO] ---------------------< me.mrCookieSlime:Slimefun >----------------------
[INFO] Building Slimefun DEV - 110 (git 299dfe6c)
[INFO] --------------------------------[ jar ]---------------------------------
[INFO] Downloading from paper-repo: https://repo.destroystokyo.com/repository/maven-public/com/sk89q/worldedit/worldedit-bukkit/7.0.0/worldedit-bukkit-7.0.0.pom
[INFO] Downloading from spigot-repo: https://hub.spigotmc.org/nexus/content/repositories/snapshots/com/sk89q/worldedit/worldedit-bukkit/7.0.0/worldedit-bukkit-7.0.0.pom
[INFO] Downloading from worldedit-worldguard-repo: https://maven.sk89q.com/repo/com/sk89q/worldedit/worldedit-bukkit/7.0.0/worldedit-bukkit-7.0.0.pom
[INFO] Downloaded from worldedit-worldguard-repo: https://maven.sk89q.com/repo/com/sk89q/worldedit/worldedit-bukkit/7.0.0/worldedit-bukkit-7.0.0.pom (1.8 kB at 2.3 kB/s)
[INFO] Downloading from paper-repo: https://repo.destroystokyo.com/repository/maven-public/com/sk89q/worldedit/worldedit-core/7.0.0/worldedit-core-7.0.0.pom
[INFO] Downloading from spigot-repo: https://hub.spigotmc.org/nexus/content/repositories/snapshots/com/sk89q/worldedit/worldedit-core/7.0.0/worldedit-core-7.0.0.pom
[INFO] Downloading from worldedit-worldguard-repo: https://maven.sk89q.com/repo/com/sk89q/worldedit/worldedit-core/7.0.0/worldedit-core-7.0.0.pom
[INFO] Downloaded from worldedit-worldguard-repo: https://maven.sk89q.com/repo/com/sk89q/worldedit/worldedit-core/7.0.0/worldedit-core-7.0.0.pom (2.3 kB at 5.9 kB/s)
[INFO] Downloading from paper-repo: https://repo.destroystokyo.com/repository/maven-public/com/sk89q/worldedit/worldedit-libs/core/7.0.0/core-7.0.0.pom
[INFO] Downloading from spigot-repo: https://hub.spigotmc.org/nexus/content/repositories/snapshots/com/sk89q/worldedit/worldedit-libs/core/7.0.0/core-7.0.0.pom
[INFO] Downloading from worldedit-worldguard-repo: https://maven.sk89q.com/repo/com/sk89q/worldedit/worldedit-libs/core/7.0.0/core-7.0.0.pom
[INFO] Downloaded from worldedit-worldguard-repo: https://maven.sk89q.com/repo/com/sk89q/worldedit/worldedit-libs/core/7.0.0/core-7.0.0.pom (419 B at 1.5 kB/s)
[INFO] Downloading from paper-repo: https://repo.destroystokyo.com/repository/maven-public/com/sk89q/worldedit/worldedit-libs/bukkit/7.0.0/bukkit-7.0.0.pom
[INFO] Downloading from spigot-repo: https://hub.spigotmc.org/nexus/content/repositories/snapshots/com/sk89q/worldedit/worldedit-libs/bukkit/7.0.0/bukkit-7.0.0.pom
[INFO] Downloading from worldedit-worldguard-repo: https://maven.sk89q.com/repo/com/sk89q/worldedit/worldedit-libs/bukkit/7.0.0/bukkit-7.0.0.pom
[INFO] Downloaded from worldedit-worldguard-repo: https://maven.sk89q.com/repo/com/sk89q/worldedit/worldedit-libs/bukkit/7.0.0/bukkit-7.0.0.pom (421 B at 1.4 kB/s)
[WARNING] The POM for com.github.TheBusyBiscuit:CS-CoreLib:jar:v1.6.1 is invalid, transitive dependencies (if any) will not be available, enable debug logging for more details
[INFO] Downloading from paper-repo: https://repo.destroystokyo.com/repository/maven-public/net/coreprotect/coreprotect/2.16.3/coreprotect-2.16.3.pom
[INFO] Downloading from spigot-repo: https://hub.spigotmc.org/nexus/content/repositories/snapshots/net/coreprotect/coreprotect/2.16.3/coreprotect-2.16.3.pom
[INFO] Downloading from worldedit-worldguard-repo: https://maven.sk89q.com/repo/net/coreprotect/coreprotect/2.16.3/coreprotect-2.16.3.pom
[INFO] Downloading from coreprotect-repo: https://maven.playpro.com/net/coreprotect/coreprotect/2.16.3/coreprotect-2.16.3.pom
[INFO] Downloaded from coreprotect-repo: https://maven.playpro.com/net/coreprotect/coreprotect/2.16.3/coreprotect-2.16.3.pom (3.5 kB at 2.8 kB/s)
[INFO] Downloading from paper-repo: https://repo.destroystokyo.com/repository/maven-public/com/sk89q/worldedit/worldedit-bukkit/7.0.0/worldedit-bukkit-7.0.0.jar
[INFO] Downloading from paper-repo: https://repo.destroystokyo.com/repository/maven-public/com/sk89q/worldedit/worldedit-core/7.0.0/worldedit-core-7.0.0.jar
[INFO] Downloading from paper-repo: https://repo.destroystokyo.com/repository/maven-public/com/sk89q/worldedit/worldedit-libs/bukkit/7.0.0/bukkit-7.0.0.jar
[INFO] Downloading from paper-repo: https://repo.destroystokyo.com/repository/maven-public/com/sk89q/worldedit/worldedit-libs/core/7.0.0/core-7.0.0.jar
[INFO] Downloading from paper-repo: https://repo.destroystokyo.com/repository/maven-public/net/coreprotect/coreprotect/2.16.3/coreprotect-2.16.3.jar
[INFO] Downloading from spigot-repo: https://hub.spigotmc.org/nexus/content/repositories/snapshots/com/sk89q/worldedit/worldedit-bukkit/7.0.0/worldedit-bukkit-7.0.0.jar
[INFO] Downloading from spigot-repo: https://hub.spigotmc.org/nexus/content/repositories/snapshots/com/sk89q/worldedit/worldedit-core/7.0.0/worldedit-core-7.0.0.jar
[INFO] Downloading from spigot-repo: https://hub.spigotmc.org/nexus/content/repositories/snapshots/com/sk89q/worldedit/worldedit-libs/core/7.0.0/core-7.0.0.jar
[INFO] Downloading from spigot-repo: https://hub.spigotmc.org/nexus/content/repositories/snapshots/net/coreprotect/coreprotect/2.16.3/coreprotect-2.16.3.jar
[INFO] Downloading from spigot-repo: https://hub.spigotmc.org/nexus/content/repositories/snapshots/com/sk89q/worldedit/worldedit-libs/bukkit/7.0.0/bukkit-7.0.0.jar
[INFO] Downloading from worldedit-worldguard-repo: https://maven.sk89q.com/repo/com/sk89q/worldedit/worldedit-bukkit/7.0.0/worldedit-bukkit-7.0.0.jar
[INFO] Downloading from worldedit-worldguard-repo: https://maven.sk89q.com/repo/com/sk89q/worldedit/worldedit-core/7.0.0/worldedit-core-7.0.0.jar
[INFO] Downloading from worldedit-worldguard-repo: https://maven.sk89q.com/repo/com/sk89q/worldedit/worldedit-libs/core/7.0.0/core-7.0.0.jar
[INFO] Downloading from worldedit-worldguard-repo: https://maven.sk89q.com/repo/com/sk89q/worldedit/worldedit-libs/bukkit/7.0.0/bukkit-7.0.0.jar
[INFO] Downloading from worldedit-worldguard-repo: https://maven.sk89q.com/repo/net/coreprotect/coreprotect/2.16.3/coreprotect-2.16.3.jar
[INFO] Downloaded from worldedit-worldguard-repo: https://maven.sk89q.com/repo/com/sk89q/worldedit/worldedit-libs/bukkit/7.0.0/bukkit-7.0.0.jar (133 kB at 61 kB/s)
[INFO] Downloaded from worldedit-worldguard-repo: https://maven.sk89q.com/repo/com/sk89q/worldedit/worldedit-bukkit/7.0.0/worldedit-bukkit-7.0.0.jar (429 kB at 139 kB/s)
[INFO] Downloaded from worldedit-worldguard-repo: https://maven.sk89q.com/repo/com/sk89q/worldedit/worldedit-libs/core/7.0.0/core-7.0.0.jar (571 kB at 95 kB/s)
[INFO] Downloaded from worldedit-worldguard-repo: https://maven.sk89q.com/repo/com/sk89q/worldedit/worldedit-core/7.0.0/worldedit-core-7.0.0.jar (1.3 MB at 224 kB/s)
[INFO] Downloading from coreprotect-repo: https://maven.playpro.com/net/coreprotect/coreprotect/2.16.3/coreprotect-2.16.3.jar
[INFO] Downloaded from coreprotect-repo: https://maven.playpro.com/net/coreprotect/coreprotect/2.16.3/coreprotect-2.16.3.jar (342 kB at 192 kB/s)
[INFO] 
[INFO] --- maven-resources-plugin:2.6:resources (default-resources) @ Slimefun ---
[INFO] Using 'UTF-8' encoding to copy filtered resources.
[INFO] Copying 2 resources
[INFO] 
[INFO] --- maven-compiler-plugin:3.1:compile (default-compile) @ Slimefun ---
[INFO] Changes detected - recompiling the module!
[INFO] Compiling 199 source files to /home/pi/Desktop/Build Server/TheBusyBiscuit/Slimefun4/master/files/target/classes
[WARNING] /home/pi/Desktop/Build Server/TheBusyBiscuit/Slimefun4/master/files/src/me/mrCookieSlime/Slimefun/Lists/Categories.java: Some input files use or override a deprecated API.
[WARNING] /home/pi/Desktop/Build Server/TheBusyBiscuit/Slimefun4/master/files/src/me/mrCookieSlime/Slimefun/Lists/Categories.java: Recompile with -Xlint:deprecation for details.
[INFO] 
[INFO] --- maven-resources-plugin:2.6:testResources (default-testResources) @ Slimefun ---
[INFO] Using 'UTF-8' encoding to copy filtered resources.
[INFO] skip non existing resourceDirectory /home/pi/Desktop/Build Server/TheBusyBiscuit/Slimefun4/master/files/tests/resources
[INFO] 
[INFO] --- maven-compiler-plugin:3.1:testCompile (default-testCompile) @ Slimefun ---
[INFO] No sources to compile
[INFO] 
[INFO] --- maven-surefire-plugin:2.12.4:test (default-test) @ Slimefun ---
[INFO] No tests to run.
[INFO] 
[INFO] --- maven-jar-plugin:2.4:jar (default-jar) @ Slimefun ---
[INFO] Building jar: /home/pi/Desktop/Build Server/TheBusyBiscuit/Slimefun4/master/files/target/Slimefun4-110.jar
[INFO] ------------------------------------------------------------------------
[INFO] BUILD SUCCESS
[INFO] ------------------------------------------------------------------------
[INFO] Total time:  42.811 s
[INFO] Finished at: 2019-06-11T23:22:37+02:00
[INFO] ------------------------------------------------------------------------
