[INFO] Scanning for projects...
[WARNING] 
[WARNING] Some problems were encountered while building the effective model for me.mrCookieSlime:Slimefun:jar:DEV - 254 (git 1af7c8cb)
[WARNING] 'dependencies.dependency.systemPath' for me.minebuilders:clearlag-core:jar should not point at files within the project directory, ${project.basedir}/lib/Clearlag.jar will be unresolvable by dependent projects @ line 1, column 3675
[WARNING] 'dependencies.dependency.systemPath' for me.mrCookieSlime:EmeraldEnchants:jar should not point at files within the project directory, ${project.basedir}/lib/EmeraldEnchants v2.0.jar will be unresolvable by dependent projects @ line 1, column 4021
[WARNING] 'dependencies.dependency.systemPath' for me.mrCookieSlime:ExoticGarden:jar should not point at files within the project directory, ${project.basedir}/lib/ExoticGarden v1.2.0.jar will be unresolvable by dependent projects @ line 1, column 4235
[WARNING] 'build.plugins.plugin.version' for org.apache.maven.plugins:maven-source-plugin is missing. @ line 1, column 1438
[WARNING] 
[WARNING] It is highly recommended to fix these problems because they threaten the stability of your build.
[WARNING] 
[WARNING] For this reason, future Maven versions might no longer support building such malformed projects.
[WARNING] 
[INFO] 
[INFO] ---------------------< me.mrCookieSlime:Slimefun >----------------------
[INFO] Building Slimefun DEV - 254 (git 1af7c8cb)
[INFO] --------------------------------[ jar ]---------------------------------
[INFO] Downloading from spigot-repo: https://hub.spigotmc.org/nexus/content/repositories/snapshots/org/bukkit/bukkit/1.14.2-R0.1-SNAPSHOT/maven-metadata.xml
[INFO] Downloading from coreprotect-repo: https://maven.playpro.com/org/bukkit/bukkit/1.14.2-R0.1-SNAPSHOT/maven-metadata.xml
[INFO] Downloading from worldedit-worldguard-repo: https://maven.sk89q.com/repo/org/bukkit/bukkit/1.14.2-R0.1-SNAPSHOT/maven-metadata.xml
[INFO] Downloading from paper-repo: https://repo.destroystokyo.com/repository/maven-public/org/bukkit/bukkit/1.14.2-R0.1-SNAPSHOT/maven-metadata.xml
[INFO] Downloading from jitpack.io: https://jitpack.io/org/bukkit/bukkit/1.14.2-R0.1-SNAPSHOT/maven-metadata.xml
[INFO] Downloading from CodeMC: https://repo.codemc.org/repository/maven-public/org/bukkit/bukkit/1.14.2-R0.1-SNAPSHOT/maven-metadata.xml
[INFO] Downloaded from spigot-repo: https://hub.spigotmc.org/nexus/content/repositories/snapshots/org/bukkit/bukkit/1.14.2-R0.1-SNAPSHOT/maven-metadata.xml (1.4 kB at 565 B/s)
[INFO] Downloading from placeholderapi-repo: http://repo.extendedclip.com/content/repositories/placeholderapi/org/bukkit/bukkit/1.14.2-R0.1-SNAPSHOT/maven-metadata.xml
[INFO] Downloaded from paper-repo: https://repo.destroystokyo.com/repository/maven-public/org/bukkit/bukkit/1.14.2-R0.1-SNAPSHOT/maven-metadata.xml (1.4 kB at 463 B/s)
[WARNING] The POM for com.github.thebusybiscuit:CS-CoreLib2:jar:0.4.1 is invalid, transitive dependencies (if any) will not be available, enable debug logging for more details
[WARNING] The POM for com.github.thebusybiscuit:CS-CoreLib2:jar:0.5.1 is invalid, transitive dependencies (if any) will not be available, enable debug logging for more details
[INFO] Downloading from spigot-repo: https://hub.spigotmc.org/nexus/content/repositories/snapshots/org/bukkit/bukkit/1.13.2-R0.1-SNAPSHOT/maven-metadata.xml
[INFO] Downloading from paper-repo: https://repo.destroystokyo.com/repository/maven-public/org/bukkit/bukkit/1.13.2-R0.1-SNAPSHOT/maven-metadata.xml
[INFO] Downloading from worldedit-worldguard-repo: https://maven.sk89q.com/repo/org/bukkit/bukkit/1.13.2-R0.1-SNAPSHOT/maven-metadata.xml
[INFO] Downloading from coreprotect-repo: https://maven.playpro.com/org/bukkit/bukkit/1.13.2-R0.1-SNAPSHOT/maven-metadata.xml
[INFO] Downloaded from spigot-repo: https://hub.spigotmc.org/nexus/content/repositories/snapshots/org/bukkit/bukkit/1.13.2-R0.1-SNAPSHOT/maven-metadata.xml (1.5 kB at 4.0 kB/s)
[INFO] Downloading from jitpack.io: https://jitpack.io/org/bukkit/bukkit/1.13.2-R0.1-SNAPSHOT/maven-metadata.xml
[INFO] Downloading from CodeMC: https://repo.codemc.org/repository/maven-public/org/bukkit/bukkit/1.13.2-R0.1-SNAPSHOT/maven-metadata.xml
[INFO] Downloaded from paper-repo: https://repo.destroystokyo.com/repository/maven-public/org/bukkit/bukkit/1.13.2-R0.1-SNAPSHOT/maven-metadata.xml (1.5 kB at 2.5 kB/s)
[INFO] Downloading from placeholderapi-repo: http://repo.extendedclip.com/content/repositories/placeholderapi/org/bukkit/bukkit/1.13.2-R0.1-SNAPSHOT/maven-metadata.xml
[INFO] Downloading from paper-repo: https://repo.destroystokyo.com/repository/maven-public/org/bukkit/bukkit/1.13.1-R0.1-SNAPSHOT/maven-metadata.xml
[INFO] Downloading from spigot-repo: https://hub.spigotmc.org/nexus/content/repositories/snapshots/org/bukkit/bukkit/1.13.1-R0.1-SNAPSHOT/maven-metadata.xml
[INFO] Downloading from worldedit-worldguard-repo: https://maven.sk89q.com/repo/org/bukkit/bukkit/1.13.1-R0.1-SNAPSHOT/maven-metadata.xml
[INFO] Downloading from coreprotect-repo: https://maven.playpro.com/org/bukkit/bukkit/1.13.1-R0.1-SNAPSHOT/maven-metadata.xml
[INFO] Downloaded from spigot-repo: https://hub.spigotmc.org/nexus/content/repositories/snapshots/org/bukkit/bukkit/1.13.1-R0.1-SNAPSHOT/maven-metadata.xml (1.4 kB at 4.5 kB/s)
[INFO] Downloading from jitpack.io: https://jitpack.io/org/bukkit/bukkit/1.13.1-R0.1-SNAPSHOT/maven-metadata.xml
[INFO] Downloading from CodeMC: https://repo.codemc.org/repository/maven-public/org/bukkit/bukkit/1.13.1-R0.1-SNAPSHOT/maven-metadata.xml
[INFO] Downloaded from paper-repo: https://repo.destroystokyo.com/repository/maven-public/org/bukkit/bukkit/1.13.1-R0.1-SNAPSHOT/maven-metadata.xml (1.4 kB at 2.4 kB/s)
[INFO] Downloading from placeholderapi-repo: http://repo.extendedclip.com/content/repositories/placeholderapi/org/bukkit/bukkit/1.13.1-R0.1-SNAPSHOT/maven-metadata.xml
[INFO] Downloading from bstats-repo: http://repo.bstats.org/content/repositories/releases/org/bukkit/bukkit/1.13.1-R0.1-SNAPSHOT/maven-metadata.xml
[INFO] Downloading from sk89q-repo: http://maven.sk89q.com/repo/org/bukkit/bukkit/1.13.1-R0.1-SNAPSHOT/maven-metadata.xml
[INFO] Downloading from paper-repo: https://repo.destroystokyo.com/repository/maven-public/com/sk89q/worldedit/worldedit-bukkit/7.0.0-SNAPSHOT/maven-metadata.xml
[INFO] Downloading from worldedit-worldguard-repo: https://maven.sk89q.com/repo/com/sk89q/worldedit/worldedit-bukkit/7.0.0-SNAPSHOT/maven-metadata.xml
[INFO] Downloading from spigot-repo: https://hub.spigotmc.org/nexus/content/repositories/snapshots/com/sk89q/worldedit/worldedit-bukkit/7.0.0-SNAPSHOT/maven-metadata.xml
[INFO] Downloading from coreprotect-repo: https://maven.playpro.com/com/sk89q/worldedit/worldedit-bukkit/7.0.0-SNAPSHOT/maven-metadata.xml
[INFO] Downloading from jitpack.io: https://jitpack.io/com/sk89q/worldedit/worldedit-bukkit/7.0.0-SNAPSHOT/maven-metadata.xml
[INFO] Downloading from CodeMC: https://repo.codemc.org/repository/maven-public/com/sk89q/worldedit/worldedit-bukkit/7.0.0-SNAPSHOT/maven-metadata.xml
[INFO] Downloading from placeholderapi-repo: http://repo.extendedclip.com/content/repositories/placeholderapi/com/sk89q/worldedit/worldedit-bukkit/7.0.0-SNAPSHOT/maven-metadata.xml
[INFO] Downloaded from worldedit-worldguard-repo: https://maven.sk89q.com/repo/com/sk89q/worldedit/worldedit-bukkit/7.0.0-SNAPSHOT/maven-metadata.xml (1.2 kB at 2.1 kB/s)
[INFO] Downloading from bstats-repo: http://repo.bstats.org/content/repositories/releases/com/sk89q/worldedit/worldedit-bukkit/7.0.0-SNAPSHOT/maven-metadata.xml
[INFO] Downloading from sk89q-repo: http://maven.sk89q.com/repo/com/sk89q/worldedit/worldedit-bukkit/7.0.0-SNAPSHOT/maven-metadata.xml
[INFO] Downloaded from sk89q-repo: http://maven.sk89q.com/repo/com/sk89q/worldedit/worldedit-bukkit/7.0.0-SNAPSHOT/maven-metadata.xml (1.2 kB at 2.2 kB/s)
[INFO] Downloading from worldedit-worldguard-repo: https://maven.sk89q.com/repo/com/sk89q/worldedit/worldedit-core/7.0.0-SNAPSHOT/maven-metadata.xml
[INFO] Downloading from coreprotect-repo: https://maven.playpro.com/com/sk89q/worldedit/worldedit-core/7.0.0-SNAPSHOT/maven-metadata.xml
[INFO] Downloading from paper-repo: https://repo.destroystokyo.com/repository/maven-public/com/sk89q/worldedit/worldedit-core/7.0.0-SNAPSHOT/maven-metadata.xml
[INFO] Downloading from spigot-repo: https://hub.spigotmc.org/nexus/content/repositories/snapshots/com/sk89q/worldedit/worldedit-core/7.0.0-SNAPSHOT/maven-metadata.xml
[INFO] Downloading from jitpack.io: https://jitpack.io/com/sk89q/worldedit/worldedit-core/7.0.0-SNAPSHOT/maven-metadata.xml
[INFO] Downloaded from worldedit-worldguard-repo: https://maven.sk89q.com/repo/com/sk89q/worldedit/worldedit-core/7.0.0-SNAPSHOT/maven-metadata.xml (1.2 kB at 3.6 kB/s)
[INFO] Downloading from CodeMC: https://repo.codemc.org/repository/maven-public/com/sk89q/worldedit/worldedit-core/7.0.0-SNAPSHOT/maven-metadata.xml
[INFO] Downloading from placeholderapi-repo: http://repo.extendedclip.com/content/repositories/placeholderapi/com/sk89q/worldedit/worldedit-core/7.0.0-SNAPSHOT/maven-metadata.xml
[INFO] Downloading from bstats-repo: http://repo.bstats.org/content/repositories/releases/com/sk89q/worldedit/worldedit-core/7.0.0-SNAPSHOT/maven-metadata.xml
[INFO] Downloading from sk89q-repo: http://maven.sk89q.com/repo/com/sk89q/worldedit/worldedit-core/7.0.0-SNAPSHOT/maven-metadata.xml
[INFO] Downloaded from sk89q-repo: http://maven.sk89q.com/repo/com/sk89q/worldedit/worldedit-core/7.0.0-SNAPSHOT/maven-metadata.xml (1.2 kB at 4.1 kB/s)
[INFO] Downloading from paper-repo: https://repo.destroystokyo.com/repository/maven-public/com/sk89q/worldedit/worldedit-libs/core/7.0.0-SNAPSHOT/maven-metadata.xml
[INFO] Downloading from spigot-repo: https://hub.spigotmc.org/nexus/content/repositories/snapshots/com/sk89q/worldedit/worldedit-libs/core/7.0.0-SNAPSHOT/maven-metadata.xml
[INFO] Downloading from worldedit-worldguard-repo: https://maven.sk89q.com/repo/com/sk89q/worldedit/worldedit-libs/core/7.0.0-SNAPSHOT/maven-metadata.xml
[INFO] Downloading from coreprotect-repo: https://maven.playpro.com/com/sk89q/worldedit/worldedit-libs/core/7.0.0-SNAPSHOT/maven-metadata.xml
[INFO] Downloading from jitpack.io: https://jitpack.io/com/sk89q/worldedit/worldedit-libs/core/7.0.0-SNAPSHOT/maven-metadata.xml
[INFO] Downloading from CodeMC: https://repo.codemc.org/repository/maven-public/com/sk89q/worldedit/worldedit-libs/core/7.0.0-SNAPSHOT/maven-metadata.xml
[INFO] Downloading from placeholderapi-repo: http://repo.extendedclip.com/content/repositories/placeholderapi/com/sk89q/worldedit/worldedit-libs/core/7.0.0-SNAPSHOT/maven-metadata.xml
[INFO] Downloaded from worldedit-worldguard-repo: https://maven.sk89q.com/repo/com/sk89q/worldedit/worldedit-libs/core/7.0.0-SNAPSHOT/maven-metadata.xml (791 B at 2.0 kB/s)
[INFO] Downloading from bstats-repo: http://repo.bstats.org/content/repositories/releases/com/sk89q/worldedit/worldedit-libs/core/7.0.0-SNAPSHOT/maven-metadata.xml
[INFO] Downloading from sk89q-repo: http://maven.sk89q.com/repo/com/sk89q/worldedit/worldedit-libs/core/7.0.0-SNAPSHOT/maven-metadata.xml
[INFO] Downloaded from sk89q-repo: http://maven.sk89q.com/repo/com/sk89q/worldedit/worldedit-libs/core/7.0.0-SNAPSHOT/maven-metadata.xml (791 B at 2.0 kB/s)
[INFO] Downloading from paper-repo: https://repo.destroystokyo.com/repository/maven-public/com/sk89q/worldedit/worldedit-libs/bukkit/7.0.0-SNAPSHOT/maven-metadata.xml
[INFO] Downloading from spigot-repo: https://hub.spigotmc.org/nexus/content/repositories/snapshots/com/sk89q/worldedit/worldedit-libs/bukkit/7.0.0-SNAPSHOT/maven-metadata.xml
[INFO] Downloading from worldedit-worldguard-repo: https://maven.sk89q.com/repo/com/sk89q/worldedit/worldedit-libs/bukkit/7.0.0-SNAPSHOT/maven-metadata.xml
[INFO] Downloading from coreprotect-repo: https://maven.playpro.com/com/sk89q/worldedit/worldedit-libs/bukkit/7.0.0-SNAPSHOT/maven-metadata.xml
[INFO] Downloading from jitpack.io: https://jitpack.io/com/sk89q/worldedit/worldedit-libs/bukkit/7.0.0-SNAPSHOT/maven-metadata.xml
[INFO] Downloaded from worldedit-worldguard-repo: https://maven.sk89q.com/repo/com/sk89q/worldedit/worldedit-libs/bukkit/7.0.0-SNAPSHOT/maven-metadata.xml (793 B at 2.8 kB/s)
[INFO] Downloading from CodeMC: https://repo.codemc.org/repository/maven-public/com/sk89q/worldedit/worldedit-libs/bukkit/7.0.0-SNAPSHOT/maven-metadata.xml
[INFO] Downloading from placeholderapi-repo: http://repo.extendedclip.com/content/repositories/placeholderapi/com/sk89q/worldedit/worldedit-libs/bukkit/7.0.0-SNAPSHOT/maven-metadata.xml
[INFO] Downloading from bstats-repo: http://repo.bstats.org/content/repositories/releases/com/sk89q/worldedit/worldedit-libs/bukkit/7.0.0-SNAPSHOT/maven-metadata.xml
[INFO] Downloading from sk89q-repo: http://maven.sk89q.com/repo/com/sk89q/worldedit/worldedit-libs/bukkit/7.0.0-SNAPSHOT/maven-metadata.xml
[INFO] Downloaded from sk89q-repo: http://maven.sk89q.com/repo/com/sk89q/worldedit/worldedit-libs/bukkit/7.0.0-SNAPSHOT/maven-metadata.xml (793 B at 2.3 kB/s)
[INFO] 
[INFO] --- maven-clean-plugin:2.5:clean (default-clean) @ Slimefun ---
[INFO] 
[INFO] --- maven-resources-plugin:2.6:resources (default-resources) @ Slimefun ---
[INFO] Using 'UTF-8' encoding to copy filtered resources.
[INFO] Copying 2 resources
[INFO] 
[INFO] --- maven-compiler-plugin:3.1:compile (default-compile) @ Slimefun ---
[INFO] Changes detected - recompiling the module!
[INFO] Compiling 263 source files to /home/pi/Desktop/Build Server/TheBusyBiscuit/Slimefun4/master/files/target/classes
[WARNING] /home/pi/Desktop/Build Server/TheBusyBiscuit/Slimefun4/master/files/src/me/mrCookieSlime/Slimefun/Objects/SlimefunItem/interfaces/InventoryBlock.java: Some input files use or override a deprecated API.
[WARNING] /home/pi/Desktop/Build Server/TheBusyBiscuit/Slimefun4/master/files/src/me/mrCookieSlime/Slimefun/Objects/SlimefunItem/interfaces/InventoryBlock.java: Recompile with -Xlint:deprecation for details.
[INFO] 
[INFO] --- maven-resources-plugin:2.6:testResources (default-testResources) @ Slimefun ---
[INFO] Using 'UTF-8' encoding to copy filtered resources.
[INFO] skip non existing resourceDirectory /home/pi/Desktop/Build Server/TheBusyBiscuit/Slimefun4/master/files/src/test/resources
[INFO] 
[INFO] --- maven-compiler-plugin:3.1:testCompile (default-testCompile) @ Slimefun ---
[INFO] No sources to compile
[INFO] 
[INFO] --- maven-surefire-plugin:2.12.4:test (default-test) @ Slimefun ---
[INFO] No tests to run.
[INFO] 
[INFO] --- maven-jar-plugin:2.4:jar (default-jar) @ Slimefun ---
[INFO] Building jar: /home/pi/Desktop/Build Server/TheBusyBiscuit/Slimefun4/master/files/target/Slimefun4-254.jar
[INFO] 
[INFO] >>> maven-source-plugin:3.1.0:jar (attach-sources) > generate-sources @ Slimefun >>>
[INFO] 
[INFO] <<< maven-source-plugin:3.1.0:jar (attach-sources) < generate-sources @ Slimefun <<<
[INFO] 
[INFO] 
[INFO] --- maven-source-plugin:3.1.0:jar (attach-sources) @ Slimefun ---
[INFO] Building jar: /home/pi/Desktop/Build Server/TheBusyBiscuit/Slimefun4/master/files/target/Slimefun4-254-sources.jar
[INFO] 
[INFO] --- maven-shade-plugin:3.2.1:shade (default) @ Slimefun ---
[INFO] Including com.github.thebusybiscuit:CS-CoreLib2:jar:0.5.1 in the shaded jar.
[INFO] Including org.bstats:bstats-bukkit:jar:1.5 in the shaded jar.
[INFO] Replacing original artifact with shaded artifact.
[INFO] Replacing /home/pi/Desktop/Build Server/TheBusyBiscuit/Slimefun4/master/files/target/Slimefun4-254.jar with /home/pi/Desktop/Build Server/TheBusyBiscuit/Slimefun4/master/files/target/Slimefun-DEV - 254 (git 1af7c8cb)-shaded.jar
[INFO] Dependency-reduced POM written at: /home/pi/Desktop/Build Server/TheBusyBiscuit/Slimefun4/master/files/dependency-reduced-pom.xml
[INFO] 
[INFO] ---------------------< me.mrCookieSlime:Slimefun >----------------------
[INFO] Building Slimefun DEV - 254 (git 1af7c8cb)
[INFO] --------------------------------[ jar ]---------------------------------
[INFO] 
[INFO] --- sonar-maven-plugin:3.6.0.1398:sonar (default-cli) @ Slimefun ---
[INFO] User cache: /home/pi/.sonar/cache
[INFO] SonarQube version: 8.0.0
[INFO] Default locale: "de_DE", source code encoding: "UTF-8"
[INFO] Load global settings
[INFO] Load global settings (done) | time=1061ms
[INFO] Server id: 74E9293D-AWHW8ct9-T_TB3XqouNu
[INFO] User cache: /home/pi/.sonar/cache
[INFO] Load/download plugins
[INFO] Load plugins index
[INFO] Load plugins index (done) | time=524ms
[INFO] Load/download plugins (done) | time=3632ms
[INFO] Loaded core extensions: developer-scanner
[INFO] Process project properties
[INFO] Execute project builders
[INFO] Execute project builders (done) | time=22ms
[INFO] Project key: TheBusyBiscuit_Slimefun4
[INFO] Base dir: /home/pi/Desktop/Build Server/TheBusyBiscuit/Slimefun4/master/files
[INFO] Working dir: /home/pi/Desktop/Build Server/TheBusyBiscuit/Slimefun4/master/files/target/sonar
[INFO] Load project settings for component key: 'TheBusyBiscuit_Slimefun4'
[INFO] Load project settings for component key: 'TheBusyBiscuit_Slimefun4' (done) | time=276ms
[INFO] Load project branches
[INFO] Load project branches (done) | time=159ms
[INFO] Load project pull requests
[INFO] Load project pull requests (done) | time=114ms
[INFO] Load branch configuration
[INFO] Load branch configuration (done) | time=7ms
[INFO] Load quality profiles
[INFO] Load quality profiles (done) | time=322ms
[INFO] Load active rules
[INFO] Load active rules (done) | time=19025ms
[INFO] Organization key: thebusybiscuit-github
[INFO] Indexing files...
[INFO] Project configuration:
[INFO] 265 files indexed
[INFO] 0 files ignored because of scm ignore settings
[INFO] Quality profile for java: Additional Checks
[INFO] ------------- Run sensors on module Slimefun
[INFO] Load metrics repository
[INFO] Load metrics repository (done) | time=211ms
[INFO] Sensor JavaSquidSensor [java]
[INFO] Configured Java source version (sonar.java.source): 8
[INFO] JavaClasspath initialization
[INFO] JavaClasspath initialization (done) | time=70ms
[INFO] JavaTestClasspath initialization
[INFO] JavaTestClasspath initialization (done) | time=5ms
[INFO] Java Main Files AST scan
[INFO] 263 source files to be analyzed
[INFO] Load project repositories
[INFO] Load project repositories (done) | time=521ms
[INFO] 2/263 files analyzed, current file: src/me/mrCookieSlime/Slimefun/api/TickerTask.java
[INFO] 10/263 files analyzed, current file: src/me/mrCookieSlime/Slimefun/Objects/SlimefunItem/machines/electric/FluidPump.java
[INFO] 29/263 files analyzed, current file: src/me/mrCookieSlime/Slimefun/api/item_transport/RecipeSorter.java
[INFO] 46/263 files analyzed, current file: src/me/mrCookieSlime/Slimefun/Objects/SlimefunItem/machines/electric/WitherAssembler.java
[INFO] 47/263 files analyzed, current file: src/me/mrCookieSlime/Slimefun/androids/ProgrammableAndroid.java
[INFO] 55/263 files analyzed, current file: src/me/mrCookieSlime/Slimefun/Objects/SlimefunItem/multiblocks/Smeltery.java
[INFO] 64/263 files analyzed, current file: src/me/mrCookieSlime/Slimefun/listeners/ToolListener.java
[INFO] 72/263 files analyzed, current file: src/me/mrCookieSlime/Slimefun/api/BlockStorage.java
[INFO] 76/263 files analyzed, current file: src/me/mrCookieSlime/Slimefun/Objects/SlimefunItem/SlimefunItem.java
[INFO] 84/263 files analyzed, current file: src/me/mrCookieSlime/Slimefun/Setup/SlimefunSetup.java
[INFO] 84/263 files analyzed, current file: src/me/mrCookieSlime/Slimefun/Setup/SlimefunSetup.java
[INFO] 93/263 files analyzed, current file: src/me/mrCookieSlime/Slimefun/Lists/SlimefunItems.java
[INFO] 96/263 files analyzed, current file: src/me/mrCookieSlime/Slimefun/listeners/ItemListener.java
[INFO] 100/263 files analyzed, current file: src/me/mrCookieSlime/Slimefun/Setup/CSCoreLibLoader.java
[INFO] 104/263 files analyzed, current file: src/me/mrCookieSlime/Slimefun/Objects/SlimefunItem/machines/electric/AutomatedCraftingChamber.java
[INFO] 121/263 files analyzed, current file: src/me/mrCookieSlime/Slimefun/Objects/SlimefunItem/machines/AncientPedestal.java
[INFO] 134/263 files analyzed, current file: src/me/mrCookieSlime/Slimefun/Setup/ResearchSetup.java
[INFO] 145/263 files analyzed, current file: src/me/mrCookieSlime/Slimefun/Setup/MiscSetup.java
[INFO] 162/263 files analyzed, current file: src/me/mrCookieSlime/Slimefun/api/inventory/BlockMenu.java
[INFO] 182/263 files analyzed, current file: src/me/mrCookieSlime/Slimefun/Objects/SlimefunItem/abstractItems/AReactor.java
[INFO] 194/263 files analyzed, current file: src/me/mrCookieSlime/Slimefun/Objects/Research.java
[INFO] 213/263 files analyzed, current file: src/me/mrCookieSlime/Slimefun/Setup/SlimefunManager.java
[INFO] 214/263 files analyzed, current file: src/me/mrCookieSlime/Slimefun/SlimefunGuide.java
[INFO] 223/263 files analyzed, current file: src/me/mrCookieSlime/Slimefun/ancient_altar/AncientAltarListener.java
[INFO] 237/263 files analyzed, current file: src/me/mrCookieSlime/Slimefun/Objects/SlimefunItem/abstractItems/AFarm.java
[INFO] 253/263 files analyzed, current file: src/me/mrCookieSlime/Slimefun/listeners/BowListener.java
[INFO] 263/263 source files have been analyzed
[WARNING] Classes not found during the analysis : [com.google.common.base.Function, com.google.common.collect.ImmutableList, com.google.common.collect.ImmutableList$Builder, com.google.common.collect.Multimap, com.sk89q.worldedit.event.extent.EditSessionEvent, me.mrCookieSlime.CSCoreLibPlugin.cscorelib2.protection.ProtectionManager, org.yaml.snakeyaml.DumperOptions, org.yaml.snakeyaml.Yaml, org.yaml.snakeyaml.representer.Representer]
[INFO] Java Main Files AST scan (done) | time=268619ms
[INFO] Java Test Files AST scan
[INFO] 0 source files to be analyzed
[INFO] 0/0 source files have been analyzed
[INFO] Java Test Files AST scan (done) | time=13ms
[INFO] Sensor JavaSquidSensor [java] (done) | time=271701ms
[INFO] Sensor SurefireSensor [java]
[INFO] parsing [/home/pi/Desktop/Build Server/TheBusyBiscuit/Slimefun4/master/files/target/surefire-reports]
[INFO] Sensor SurefireSensor [java] (done) | time=13ms
[INFO] Sensor JaCoCoSensor [java]
[INFO] Sensor JaCoCoSensor [java] (done) | time=7ms
[INFO] Sensor JavaXmlSensor [java]
[INFO] Sensor JavaXmlSensor [java] (done) | time=24ms
[INFO] Sensor HTML [web]
[INFO] Sensor HTML [web] (done) | time=36ms
[INFO] Sensor JaCoCo XML Report Importer [jacoco]
[INFO] Sensor JaCoCo XML Report Importer [jacoco] (done) | time=32ms
[INFO] Sensor JavaSecuritySensor [security]
[INFO] Reading type hierarchy from: /home/pi/Desktop/Build Server/TheBusyBiscuit/Slimefun4/master/files/target/sonar/ucfg2/java
[INFO] Read 639 type definitions
[INFO] Reading UCFGs from: /home/pi/Desktop/Build Server/TheBusyBiscuit/Slimefun4/master/files/target/sonar/ucfg2/java
[INFO] 13:12:27.708 Building Type propagation graph
[INFO] 13:12:28.439 Running Tarjan on 12245 nodes
[INFO] 13:12:28.529 Tarjan found 12245 components
[INFO] 13:12:28.723 Variable type analysis: done
[INFO] 13:12:28.73 Building Type propagation graph
[INFO] 13:12:29.167 Running Tarjan on 12193 nodes
[INFO] 13:12:29.233 Tarjan found 12193 components
[INFO] 13:12:29.339 Variable type analysis: done
[INFO] Analyzing 1636 ucfgs to detect vulnerabilities.
[INFO] All rules entrypoints : 0 Retained UCFGs : 0
[INFO] rule: S5131, entrypoints: 0
[INFO] Visited 0 ucfgs in 0 ms, 0 steps
[INFO] rule: S5131 done
[INFO] rule: S3649, entrypoints: 0
[INFO] Visited 0 ucfgs in 0 ms, 0 steps
[INFO] rule: S3649 done
[INFO] rule: S2076, entrypoints: 0
[INFO] Visited 0 ucfgs in 0 ms, 0 steps
[INFO] rule: S2076 done
[INFO] rule: S2091, entrypoints: 0
[INFO] Visited 0 ucfgs in 0 ms, 0 steps
[INFO] rule: S2091 done
[INFO] rule: S2078, entrypoints: 0
[INFO] Visited 0 ucfgs in 0 ms, 0 steps
[INFO] rule: S2078 done
[INFO] rule: S2631, entrypoints: 0
[INFO] Visited 0 ucfgs in 0 ms, 0 steps
[INFO] rule: S2631 done
[INFO] rule: S5135, entrypoints: 0
[INFO] Visited 0 ucfgs in 0 ms, 0 steps
[INFO] rule: S5135 done
[INFO] rule: S2083, entrypoints: 0
[INFO] Visited 0 ucfgs in 0 ms, 0 steps
[INFO] rule: S2083 done
[INFO] rule: S5167, entrypoints: 0
[INFO] Visited 0 ucfgs in 0 ms, 0 steps
[INFO] rule: S5167 done
[INFO] rule: S5144, entrypoints: 0
[INFO] Visited 0 ucfgs in 0 ms, 0 steps
[INFO] rule: S5144 done
[INFO] rule: S5145, entrypoints: 0
[INFO] Visited 0 ucfgs in 0 ms, 0 steps
[INFO] rule: S5145 done
[INFO] rule: S5146, entrypoints: 0
[INFO] Visited 0 ucfgs in 0 ms, 0 steps
[INFO] rule: S5146 done
[INFO] rule: S5334, entrypoints: 0
[INFO] Visited 0 ucfgs in 0 ms, 0 steps
[INFO] rule: S5334 done
[INFO] Sensor JavaSecuritySensor [security] (done) | time=33079ms
[INFO] Sensor CSharpSecuritySensor [security]
[INFO] Reading type hierarchy from: /home/pi/Desktop/Build Server/TheBusyBiscuit/Slimefun4/master/files/target/ucfg_cs2
[INFO] Read 0 type definitions
[INFO] Reading UCFGs from: /home/pi/Desktop/Build Server/TheBusyBiscuit/Slimefun4/master/files/target/ucfg_cs2
[INFO] No UCFGs have been included for analysis.
[INFO] Sensor CSharpSecuritySensor [security] (done) | time=5ms
[INFO] Sensor PhpSecuritySensor [security]
[INFO] Reading type hierarchy from: /home/pi/Desktop/Build Server/TheBusyBiscuit/Slimefun4/master/files/target/sonar/ucfg2/php
[INFO] Read 0 type definitions
[INFO] Reading UCFGs from: /home/pi/Desktop/Build Server/TheBusyBiscuit/Slimefun4/master/files/target/sonar/ucfg2/php
[INFO] No UCFGs have been included for analysis.
[INFO] Sensor PhpSecuritySensor [security] (done) | time=5ms
[INFO] ------------- Run sensors on project
[INFO] Sensor Zero Coverage Sensor
[INFO] Sensor Zero Coverage Sensor (done) | time=274ms
[INFO] Sensor Java CPD Block Indexer
[INFO] Sensor Java CPD Block Indexer (done) | time=3142ms
[INFO] SCM provider for this project is: git
[INFO] 2 files to be analyzed
[INFO] 2/2 files analyzed
[INFO] 60 files had no CPD blocks
[INFO] Calculating CPD for 203 files
[INFO] CPD calculation finished
[INFO] Analysis report generated in 634ms, dir size=2 MB
[INFO] Analysis report compressed in 2691ms, zip size=1 MB
[INFO] Analysis report uploaded in 20793ms
[INFO] ANALYSIS SUCCESSFUL, you can browse https://sonarcloud.io/dashboard?id=TheBusyBiscuit_Slimefun4
[INFO] Note that you will be able to access the updated dashboard once the server has processed the submitted analysis report
[INFO] More about the report processing at https://sonarcloud.io/api/ce/task?id=AW1ThsuM264XUzpzV6Xm
[INFO] Analysis total time: 6:15.345 s
[INFO] ------------------------------------------------------------------------
[INFO] BUILD SUCCESS
[INFO] ------------------------------------------------------------------------
[INFO] Total time:  07:40 min
[INFO] Finished at: 2019-09-21T13:13:26+02:00
[INFO] ------------------------------------------------------------------------
