[INFO] Scanning for projects...
[INFO] Downloading from central: https://repo.maven.apache.org/maven2/org/apache/maven/plugins/maven-compiler-plugin/3.8.1/maven-compiler-plugin-3.8.1.pom
[INFO] Downloaded from central: https://repo.maven.apache.org/maven2/org/apache/maven/plugins/maven-compiler-plugin/3.8.1/maven-compiler-plugin-3.8.1.pom (12 kB at 35 kB/s)
[INFO] Downloading from central: https://repo.maven.apache.org/maven2/org/apache/maven/plugins/maven-plugins/33/maven-plugins-33.pom
[INFO] Downloaded from central: https://repo.maven.apache.org/maven2/org/apache/maven/plugins/maven-plugins/33/maven-plugins-33.pom (11 kB at 369 kB/s)
[INFO] Downloading from central: https://repo.maven.apache.org/maven2/org/apache/maven/maven-parent/33/maven-parent-33.pom
[INFO] Downloaded from central: https://repo.maven.apache.org/maven2/org/apache/maven/maven-parent/33/maven-parent-33.pom (44 kB at 939 kB/s)
[INFO] Downloading from central: https://repo.maven.apache.org/maven2/org/apache/apache/21/apache-21.pom
[INFO] Downloaded from central: https://repo.maven.apache.org/maven2/org/apache/apache/21/apache-21.pom (17 kB at 684 kB/s)
[INFO] Downloading from central: https://repo.maven.apache.org/maven2/org/apache/maven/plugins/maven-compiler-plugin/3.8.1/maven-compiler-plugin-3.8.1.jar
[INFO] Downloaded from central: https://repo.maven.apache.org/maven2/org/apache/maven/plugins/maven-compiler-plugin/3.8.1/maven-compiler-plugin-3.8.1.jar (62 kB at 1.6 MB/s)
[INFO] Downloading from central: https://repo.maven.apache.org/maven2/org/apache/maven/plugins/maven-source-plugin/3.2.1/maven-source-plugin-3.2.1.pom
[INFO] Downloaded from central: https://repo.maven.apache.org/maven2/org/apache/maven/plugins/maven-source-plugin/3.2.1/maven-source-plugin-3.2.1.pom (6.9 kB at 330 kB/s)
[INFO] Downloading from central: https://repo.maven.apache.org/maven2/org/apache/maven/plugins/maven-source-plugin/3.2.1/maven-source-plugin-3.2.1.jar
[INFO] Downloaded from central: https://repo.maven.apache.org/maven2/org/apache/maven/plugins/maven-source-plugin/3.2.1/maven-source-plugin-3.2.1.jar (32 kB at 946 kB/s)
[INFO] Downloading from central: https://repo.maven.apache.org/maven2/org/apache/maven/plugins/maven-surefire-plugin/3.0.0-M5/maven-surefire-plugin-3.0.0-M5.pom
[INFO] Downloaded from central: https://repo.maven.apache.org/maven2/org/apache/maven/plugins/maven-surefire-plugin/3.0.0-M5/maven-surefire-plugin-3.0.0-M5.pom (8.0 kB at 424 kB/s)
[INFO] Downloading from central: https://repo.maven.apache.org/maven2/org/apache/maven/surefire/surefire/3.0.0-M5/surefire-3.0.0-M5.pom
[INFO] Downloaded from central: https://repo.maven.apache.org/maven2/org/apache/maven/surefire/surefire/3.0.0-M5/surefire-3.0.0-M5.pom (27 kB at 1.2 MB/s)
[INFO] Downloading from central: https://repo.maven.apache.org/maven2/org/apache/maven/maven-parent/34/maven-parent-34.pom
[INFO] Downloaded from central: https://repo.maven.apache.org/maven2/org/apache/maven/maven-parent/34/maven-parent-34.pom (43 kB at 1.9 MB/s)
[INFO] Downloading from central: https://repo.maven.apache.org/maven2/org/apache/apache/23/apache-23.pom
[INFO] Downloaded from central: https://repo.maven.apache.org/maven2/org/apache/apache/23/apache-23.pom (18 kB at 837 kB/s)
[INFO] Downloading from central: https://repo.maven.apache.org/maven2/org/apache/maven/plugins/maven-surefire-plugin/3.0.0-M5/maven-surefire-plugin-3.0.0-M5.jar
[INFO] Downloaded from central: https://repo.maven.apache.org/maven2/org/apache/maven/plugins/maven-surefire-plugin/3.0.0-M5/maven-surefire-plugin-3.0.0-M5.jar (43 kB at 1.0 MB/s)
[INFO] Downloading from central: https://repo.maven.apache.org/maven2/org/sonarsource/scanner/maven/sonar-maven-plugin/3.7.0.1746/sonar-maven-plugin-3.7.0.1746.pom
[INFO] Downloaded from central: https://repo.maven.apache.org/maven2/org/sonarsource/scanner/maven/sonar-maven-plugin/3.7.0.1746/sonar-maven-plugin-3.7.0.1746.pom (9.5 kB at 591 kB/s)
[INFO] Downloading from central: https://repo.maven.apache.org/maven2/org/sonarsource/parent/parent/52/parent-52.pom
[INFO] Downloaded from central: https://repo.maven.apache.org/maven2/org/sonarsource/parent/parent/52/parent-52.pom (32 kB at 750 kB/s)
[INFO] Downloading from central: https://repo.maven.apache.org/maven2/org/sonarsource/scanner/maven/sonar-maven-plugin/3.7.0.1746/sonar-maven-plugin-3.7.0.1746.jar
[INFO] Downloaded from central: https://repo.maven.apache.org/maven2/org/sonarsource/scanner/maven/sonar-maven-plugin/3.7.0.1746/sonar-maven-plugin-3.7.0.1746.jar (44 kB at 1.7 MB/s)
[INFO] 
[INFO] --------------------< com.github.slimefun:Slimefun >--------------------
[INFO] Building Slimefun DEV - 706 (git 01d233af)
[INFO] --------------------------------[ jar ]---------------------------------
[INFO] Downloading from central: https://repo.maven.apache.org/maven2/org/jacoco/jacoco-maven-plugin/0.8.6/jacoco-maven-plugin-0.8.6.pom
[INFO] Downloaded from central: https://repo.maven.apache.org/maven2/org/jacoco/jacoco-maven-plugin/0.8.6/jacoco-maven-plugin-0.8.6.pom (4.4 kB at 272 kB/s)
[INFO] Downloading from central: https://repo.maven.apache.org/maven2/org/jacoco/org.jacoco.build/0.8.6/org.jacoco.build-0.8.6.pom
[INFO] Downloaded from central: https://repo.maven.apache.org/maven2/org/jacoco/org.jacoco.build/0.8.6/org.jacoco.build-0.8.6.pom (42 kB at 2.0 MB/s)
[INFO] Downloading from central: https://repo.maven.apache.org/maven2/org/jacoco/jacoco-maven-plugin/0.8.6/jacoco-maven-plugin-0.8.6.jar
[INFO] Downloaded from central: https://repo.maven.apache.org/maven2/org/jacoco/jacoco-maven-plugin/0.8.6/jacoco-maven-plugin-0.8.6.jar (53 kB at 2.1 MB/s)
[INFO] Downloading from central: https://repo.maven.apache.org/maven2/org/apache/maven/plugins/maven-clean-plugin/2.5/maven-clean-plugin-2.5.pom
[INFO] Downloaded from central: https://repo.maven.apache.org/maven2/org/apache/maven/plugins/maven-clean-plugin/2.5/maven-clean-plugin-2.5.pom (3.9 kB at 170 kB/s)
[INFO] Downloading from central: https://repo.maven.apache.org/maven2/org/apache/maven/plugins/maven-plugins/22/maven-plugins-22.pom
[INFO] Downloaded from central: https://repo.maven.apache.org/maven2/org/apache/maven/plugins/maven-plugins/22/maven-plugins-22.pom (13 kB at 815 kB/s)
[INFO] Downloading from central: https://repo.maven.apache.org/maven2/org/apache/maven/maven-parent/21/maven-parent-21.pom
[INFO] Downloaded from central: https://repo.maven.apache.org/maven2/org/apache/maven/maven-parent/21/maven-parent-21.pom (26 kB at 1.4 MB/s)
[INFO] Downloading from central: https://repo.maven.apache.org/maven2/org/apache/apache/10/apache-10.pom
[INFO] Downloaded from central: https://repo.maven.apache.org/maven2/org/apache/apache/10/apache-10.pom (15 kB at 925 kB/s)
[INFO] Downloading from central: https://repo.maven.apache.org/maven2/org/apache/maven/plugins/maven-clean-plugin/2.5/maven-clean-plugin-2.5.jar
[INFO] Downloaded from central: https://repo.maven.apache.org/maven2/org/apache/maven/plugins/maven-clean-plugin/2.5/maven-clean-plugin-2.5.jar (25 kB at 880 kB/s)
[INFO] Downloading from central: https://repo.maven.apache.org/maven2/org/apache/maven/plugins/maven-resources-plugin/2.6/maven-resources-plugin-2.6.pom
[INFO] Downloaded from central: https://repo.maven.apache.org/maven2/org/apache/maven/plugins/maven-resources-plugin/2.6/maven-resources-plugin-2.6.pom (8.1 kB at 541 kB/s)
[INFO] Downloading from central: https://repo.maven.apache.org/maven2/org/apache/maven/plugins/maven-plugins/23/maven-plugins-23.pom
[INFO] Downloaded from central: https://repo.maven.apache.org/maven2/org/apache/maven/plugins/maven-plugins/23/maven-plugins-23.pom (9.2 kB at 657 kB/s)
[INFO] Downloading from central: https://repo.maven.apache.org/maven2/org/apache/maven/maven-parent/22/maven-parent-22.pom
[INFO] Downloaded from central: https://repo.maven.apache.org/maven2/org/apache/maven/maven-parent/22/maven-parent-22.pom (30 kB at 1.7 MB/s)
[INFO] Downloading from central: https://repo.maven.apache.org/maven2/org/apache/apache/11/apache-11.pom
[INFO] Downloaded from central: https://repo.maven.apache.org/maven2/org/apache/apache/11/apache-11.pom (15 kB at 987 kB/s)
[INFO] Downloading from central: https://repo.maven.apache.org/maven2/org/apache/maven/plugins/maven-resources-plugin/2.6/maven-resources-plugin-2.6.jar
[INFO] Downloaded from central: https://repo.maven.apache.org/maven2/org/apache/maven/plugins/maven-resources-plugin/2.6/maven-resources-plugin-2.6.jar (30 kB at 1.5 MB/s)
[INFO] Downloading from central: https://repo.maven.apache.org/maven2/org/apache/maven/plugins/maven-jar-plugin/2.4/maven-jar-plugin-2.4.pom
[INFO] Downloaded from central: https://repo.maven.apache.org/maven2/org/apache/maven/plugins/maven-jar-plugin/2.4/maven-jar-plugin-2.4.pom (5.8 kB at 417 kB/s)
[INFO] Downloading from central: https://repo.maven.apache.org/maven2/org/apache/maven/plugins/maven-jar-plugin/2.4/maven-jar-plugin-2.4.jar
[INFO] Downloaded from central: https://repo.maven.apache.org/maven2/org/apache/maven/plugins/maven-jar-plugin/2.4/maven-jar-plugin-2.4.jar (34 kB at 1.4 MB/s)
[INFO] Downloading from central: https://repo.maven.apache.org/maven2/org/apache/maven/plugins/maven-shade-plugin/3.2.4/maven-shade-plugin-3.2.4.pom
[INFO] Downloaded from central: https://repo.maven.apache.org/maven2/org/apache/maven/plugins/maven-shade-plugin/3.2.4/maven-shade-plugin-3.2.4.pom (11 kB at 633 kB/s)
[INFO] Downloading from central: https://repo.maven.apache.org/maven2/org/apache/maven/plugins/maven-plugins/34/maven-plugins-34.pom
[INFO] Downloaded from central: https://repo.maven.apache.org/maven2/org/apache/maven/plugins/maven-plugins/34/maven-plugins-34.pom (11 kB at 594 kB/s)
[INFO] Downloading from central: https://repo.maven.apache.org/maven2/org/apache/maven/plugins/maven-shade-plugin/3.2.4/maven-shade-plugin-3.2.4.jar
[INFO] Downloaded from central: https://repo.maven.apache.org/maven2/org/apache/maven/plugins/maven-shade-plugin/3.2.4/maven-shade-plugin-3.2.4.jar (134 kB at 3.1 MB/s)
[INFO] Downloading from spigot-repo: https://hub.spigotmc.org/nexus/content/repositories/snapshots/org/spigotmc/spigot-api/1.16.3-R0.1-SNAPSHOT/maven-metadata.xml
[INFO] Downloading from worldedit-repo: https://maven.sk89q.com/repo/org/spigotmc/spigot-api/1.16.3-R0.1-SNAPSHOT/maven-metadata.xml
[INFO] Downloading from jitpack.io: https://jitpack.io/org/spigotmc/spigot-api/1.16.3-R0.1-SNAPSHOT/maven-metadata.xml
[INFO] Downloading from paper-repo: https://papermc.io/repo/repository/maven-public/org/spigotmc/spigot-api/1.16.3-R0.1-SNAPSHOT/maven-metadata.xml
[INFO] Downloading from placeholderapi-repo: https://repo.extendedclip.com/content/repositories/placeholderapi/org/spigotmc/spigot-api/1.16.3-R0.1-SNAPSHOT/maven-metadata.xml
[INFO] Downloading from walshy-public: https://repo.walshy.dev/public/org/spigotmc/spigot-api/1.16.3-R0.1-SNAPSHOT/maven-metadata.xml
[INFO] Downloaded from spigot-repo: https://hub.spigotmc.org/nexus/content/repositories/snapshots/org/spigotmc/spigot-api/1.16.3-R0.1-SNAPSHOT/maven-metadata.xml (1.5 kB at 7.6 kB/s)
[INFO] Downloaded from paper-repo: https://papermc.io/repo/repository/maven-public/org/spigotmc/spigot-api/1.16.3-R0.1-SNAPSHOT/maven-metadata.xml (1.5 kB at 1.3 kB/s)
[WARNING] Could not transfer metadata org.spigotmc:spigot-api:1.16.3-R0.1-SNAPSHOT/maven-metadata.xml from/to walshy-public (https://repo.walshy.dev/public/): Transfer failed for https://repo.walshy.dev/public/org/spigotmc/spigot-api/1.16.3-R0.1-SNAPSHOT/maven-metadata.xml 500 Server Error
[WARNING] Failure to transfer org.spigotmc:spigot-api:1.16.3-R0.1-SNAPSHOT/maven-metadata.xml from https://repo.walshy.dev/public/ was cached in the local repository, resolution will not be reattempted until the update interval of walshy-public has elapsed or updates are forced. Original error: Could not transfer metadata org.spigotmc:spigot-api:1.16.3-R0.1-SNAPSHOT/maven-metadata.xml from/to walshy-public (https://repo.walshy.dev/public/): Transfer failed for https://repo.walshy.dev/public/org/spigotmc/spigot-api/1.16.3-R0.1-SNAPSHOT/maven-metadata.xml 500 Server Error
[INFO] Downloading from spigot-repo: https://hub.spigotmc.org/nexus/content/repositories/snapshots/org/spigotmc/spigot-api/1.16.3-R0.1-SNAPSHOT/spigot-api-1.16.3-R0.1-20201006.074115-17.pom
[INFO] Downloaded from spigot-repo: https://hub.spigotmc.org/nexus/content/repositories/snapshots/org/spigotmc/spigot-api/1.16.3-R0.1-SNAPSHOT/spigot-api-1.16.3-R0.1-20201006.074115-17.pom (11 kB at 137 kB/s)
[INFO] Downloading from spigot-repo: https://hub.spigotmc.org/nexus/content/repositories/snapshots/commons-lang/commons-lang/2.6/commons-lang-2.6.pom
[INFO] Downloading from paper-repo: https://papermc.io/repo/repository/maven-public/commons-lang/commons-lang/2.6/commons-lang-2.6.pom
[INFO] Downloaded from paper-repo: https://papermc.io/repo/repository/maven-public/commons-lang/commons-lang/2.6/commons-lang-2.6.pom (17 kB at 25 kB/s)
[INFO] Downloading from spigot-repo: https://hub.spigotmc.org/nexus/content/repositories/snapshots/org/apache/commons/commons-parent/17/commons-parent-17.pom
[INFO] Downloading from paper-repo: https://papermc.io/repo/repository/maven-public/org/apache/commons/commons-parent/17/commons-parent-17.pom
[INFO] Downloaded from paper-repo: https://papermc.io/repo/repository/maven-public/org/apache/commons/commons-parent/17/commons-parent-17.pom (31 kB at 45 kB/s)
[INFO] Downloading from spigot-repo: https://hub.spigotmc.org/nexus/content/repositories/snapshots/org/apache/apache/7/apache-7.pom
[INFO] Downloading from paper-repo: https://papermc.io/repo/repository/maven-public/org/apache/apache/7/apache-7.pom
[INFO] Downloaded from paper-repo: https://papermc.io/repo/repository/maven-public/org/apache/apache/7/apache-7.pom (14 kB at 20 kB/s)
[INFO] Downloading from spigot-repo: https://hub.spigotmc.org/nexus/content/repositories/snapshots/com/google/guava/guava/21.0/guava-21.0.pom
[INFO] Downloading from paper-repo: https://papermc.io/repo/repository/maven-public/com/google/guava/guava/21.0/guava-21.0.pom
[INFO] Downloaded from paper-repo: https://papermc.io/repo/repository/maven-public/com/google/guava/guava/21.0/guava-21.0.pom (7.0 kB at 20 kB/s)
[INFO] Downloading from spigot-repo: https://hub.spigotmc.org/nexus/content/repositories/snapshots/com/google/guava/guava-parent/21.0/guava-parent-21.0.pom
[INFO] Downloading from paper-repo: https://papermc.io/repo/repository/maven-public/com/google/guava/guava-parent/21.0/guava-parent-21.0.pom
[INFO] Downloaded from paper-repo: https://papermc.io/repo/repository/maven-public/com/google/guava/guava-parent/21.0/guava-parent-21.0.pom (9.7 kB at 33 kB/s)
[INFO] Downloading from spigot-repo: https://hub.spigotmc.org/nexus/content/repositories/snapshots/org/sonatype/oss/oss-parent/7/oss-parent-7.pom
[INFO] Downloading from paper-repo: https://papermc.io/repo/repository/maven-public/org/sonatype/oss/oss-parent/7/oss-parent-7.pom
[INFO] Downloaded from paper-repo: https://papermc.io/repo/repository/maven-public/org/sonatype/oss/oss-parent/7/oss-parent-7.pom (4.8 kB at 5.6 kB/s)
[INFO] Downloading from spigot-repo: https://hub.spigotmc.org/nexus/content/repositories/snapshots/com/google/code/gson/gson/2.8.0/gson-2.8.0.pom
[INFO] Downloading from paper-repo: https://papermc.io/repo/repository/maven-public/com/google/code/gson/gson/2.8.0/gson-2.8.0.pom
[INFO] Downloaded from paper-repo: https://papermc.io/repo/repository/maven-public/com/google/code/gson/gson/2.8.0/gson-2.8.0.pom (1.4 kB at 1.3 kB/s)
[INFO] Downloading from spigot-repo: https://hub.spigotmc.org/nexus/content/repositories/snapshots/com/google/code/gson/gson-parent/2.8.0/gson-parent-2.8.0.pom
[INFO] Downloading from paper-repo: https://papermc.io/repo/repository/maven-public/com/google/code/gson/gson-parent/2.8.0/gson-parent-2.8.0.pom
[INFO] Downloaded from paper-repo: https://papermc.io/repo/repository/maven-public/com/google/code/gson/gson-parent/2.8.0/gson-parent-2.8.0.pom (3.5 kB at 4.8 kB/s)
[INFO] Downloading from spigot-repo: https://hub.spigotmc.org/nexus/content/repositories/snapshots/net/md-5/bungeecord-chat/1.16-R0.3/bungeecord-chat-1.16-R0.3.pom
[INFO] Downloading from paper-repo: https://papermc.io/repo/repository/maven-public/net/md-5/bungeecord-chat/1.16-R0.3/bungeecord-chat-1.16-R0.3.pom
[INFO] Downloaded from paper-repo: https://papermc.io/repo/repository/maven-public/net/md-5/bungeecord-chat/1.16-R0.3/bungeecord-chat-1.16-R0.3.pom (978 B at 1.5 kB/s)
[INFO] Downloading from spigot-repo: https://hub.spigotmc.org/nexus/content/repositories/snapshots/net/md-5/bungeecord-parent/1.16-R0.3/bungeecord-parent-1.16-R0.3.pom
[INFO] Downloading from paper-repo: https://papermc.io/repo/repository/maven-public/net/md-5/bungeecord-parent/1.16-R0.3/bungeecord-parent-1.16-R0.3.pom
[INFO] Downloaded from paper-repo: https://papermc.io/repo/repository/maven-public/net/md-5/bungeecord-parent/1.16-R0.3/bungeecord-parent-1.16-R0.3.pom (10 kB at 34 kB/s)
[INFO] Downloading from spigot-repo: https://hub.spigotmc.org/nexus/content/repositories/snapshots/org/yaml/snakeyaml/1.26/snakeyaml-1.26.pom
[INFO] Downloading from paper-repo: https://papermc.io/repo/repository/maven-public/org/yaml/snakeyaml/1.26/snakeyaml-1.26.pom
[INFO] Downloaded from paper-repo: https://papermc.io/repo/repository/maven-public/org/yaml/snakeyaml/1.26/snakeyaml-1.26.pom (38 kB at 45 kB/s)
[INFO] Downloading from spigot-repo: https://hub.spigotmc.org/nexus/content/repositories/snapshots/com/github/TheBusyBiscuit/CS-CoreLib/1.7/CS-CoreLib-1.7.pom
[INFO] Downloading from paper-repo: https://papermc.io/repo/repository/maven-public/com/github/TheBusyBiscuit/CS-CoreLib/1.7/CS-CoreLib-1.7.pom
[INFO] Downloading from jitpack.io: https://jitpack.io/com/github/TheBusyBiscuit/CS-CoreLib/1.7/CS-CoreLib-1.7.pom
[INFO] Downloading from worldedit-repo: https://maven.sk89q.com/repo/com/github/TheBusyBiscuit/CS-CoreLib/1.7/CS-CoreLib-1.7.pom
[INFO] Downloading from placeholderapi-repo: https://repo.extendedclip.com/content/repositories/placeholderapi/com/github/TheBusyBiscuit/CS-CoreLib/1.7/CS-CoreLib-1.7.pom
[INFO] Downloading from walshy-public: https://repo.walshy.dev/public/com/github/TheBusyBiscuit/CS-CoreLib/1.7/CS-CoreLib-1.7.pom
[INFO] Downloading from central: https://repo.maven.apache.org/maven2/com/github/TheBusyBiscuit/CS-CoreLib/1.7/CS-CoreLib-1.7.pom
[INFO] Downloading from spigot-repo: https://hub.spigotmc.org/nexus/content/repositories/snapshots/com/google/code/findbugs/jsr305/3.0.2/jsr305-3.0.2.pom
[INFO] Downloading from paper-repo: https://papermc.io/repo/repository/maven-public/com/google/code/findbugs/jsr305/3.0.2/jsr305-3.0.2.pom
[INFO] Downloaded from paper-repo: https://papermc.io/repo/repository/maven-public/com/google/code/findbugs/jsr305/3.0.2/jsr305-3.0.2.pom (4.3 kB at 5.7 kB/s)
[INFO] Downloading from spigot-repo: https://hub.spigotmc.org/nexus/content/repositories/snapshots/org/junit/jupiter/junit-jupiter/5.7.0/junit-jupiter-5.7.0.pom
[INFO] Downloading from paper-repo: https://papermc.io/repo/repository/maven-public/org/junit/jupiter/junit-jupiter/5.7.0/junit-jupiter-5.7.0.pom
[INFO] Downloaded from paper-repo: https://papermc.io/repo/repository/maven-public/org/junit/jupiter/junit-jupiter/5.7.0/junit-jupiter-5.7.0.pom (3.2 kB at 3.5 kB/s)
[INFO] Downloading from spigot-repo: https://hub.spigotmc.org/nexus/content/repositories/snapshots/org/junit/junit-bom/5.7.0/junit-bom-5.7.0.pom
[INFO] Downloading from paper-repo: https://papermc.io/repo/repository/maven-public/org/junit/junit-bom/5.7.0/junit-bom-5.7.0.pom
[INFO] Downloaded from paper-repo: https://papermc.io/repo/repository/maven-public/org/junit/junit-bom/5.7.0/junit-bom-5.7.0.pom (5.1 kB at 16 kB/s)
[INFO] Downloading from spigot-repo: https://hub.spigotmc.org/nexus/content/repositories/snapshots/org/junit/jupiter/junit-jupiter-api/5.7.0/junit-jupiter-api-5.7.0.pom
[INFO] Downloading from paper-repo: https://papermc.io/repo/repository/maven-public/org/junit/jupiter/junit-jupiter-api/5.7.0/junit-jupiter-api-5.7.0.pom
[INFO] Downloaded from paper-repo: https://papermc.io/repo/repository/maven-public/org/junit/jupiter/junit-jupiter-api/5.7.0/junit-jupiter-api-5.7.0.pom (3.2 kB at 10.0 kB/s)
[INFO] Downloading from spigot-repo: https://hub.spigotmc.org/nexus/content/repositories/snapshots/org/apiguardian/apiguardian-api/1.1.0/apiguardian-api-1.1.0.pom
[INFO] Downloading from paper-repo: https://papermc.io/repo/repository/maven-public/org/apiguardian/apiguardian-api/1.1.0/apiguardian-api-1.1.0.pom
[INFO] Downloaded from paper-repo: https://papermc.io/repo/repository/maven-public/org/apiguardian/apiguardian-api/1.1.0/apiguardian-api-1.1.0.pom (1.2 kB at 3.9 kB/s)
[INFO] Downloading from spigot-repo: https://hub.spigotmc.org/nexus/content/repositories/snapshots/org/opentest4j/opentest4j/1.2.0/opentest4j-1.2.0.pom
ading from paper-repo: https://papermc.io/repo/repository/maven-public/org/opentest4j/opentest4j/[INFO] Downlo1.2.0/opentest4j-1.2.0.pom
[INFO] Downloaded from paper-repo: https://papermc.io/repo/repository/maven-public/org/opentest4j/opentest4j/1.2.0/opentest4j-1.2.0.pom (1.7 kB at 5.2 kB/s)
[INFO] Downloading from spigot-repo: https://hub.spigotmc.org/nexus/content/repositories/snapshots/org/junit/platform/junit-platform-commons/1.7.0/junit-platform-commons-1.7.0.pom
[INFO] Downloading from paper-repo: https://papermc.io/repo/repository/maven-public/org/junit/platform/junit-platform-commons/1.7.0/junit-platform-commons-1.7.0.pom
[INFO] Downloaded from paper-repo: https://papermc.io/repo/repository/maven-public/org/junit/platform/junit-platform-commons/1.7.0/junit-platform-commons-1.7.0.pom (2.8 kB at 9.6 kB/s)
[INFO] Downloading from spigot-repo: https://hub.spigotmc.org/nexus/content/repositories/snapshots/org/junit/jupiter/junit-jupiter-params/5.7.0/junit-jupiter-params-5.7.0.pom
[INFO] Downloading from paper-repo: https://papermc.io/repo/repository/maven-public/org/junit/jupiter/junit-jupiter-params/5.7.0/junit-jupiter-params-5.7.0.pom
[INFO] Downloaded from paper-repo: https://papermc.io/repo/repository/maven-public/org/junit/jupiter/junit-jupiter-params/5.7.0/junit-jupiter-params-5.7.0.pom (3.0 kB at 9.6 kB/s)
[INFO] Downloading from spigot-repo: https://hub.spigotmc.org/nexus/content/repositories/snapshots/org/junit/jupiter/junit-jupiter-engine/5.7.0/junit-jupiter-engine-5.7.0.pom
[INFO] Downloading from paper-repo: https://papermc.io/repo/repository/maven-public/org/junit/jupiter/junit-jupiter-engine/5.7.0/junit-jupiter-engine-5.7.0.pom
[INFO] Downloaded from paper-repo: https://papermc.io/repo/repository/maven-public/org/junit/jupiter/junit-jupiter-engine/5.7.0/junit-jupiter-engine-5.7.0.pom (3.2 kB at 10 kB/s)
[INFO] Downloading from spigot-repo: https://hub.spigotmc.org/nexus/content/repositories/snapshots/org/junit/platform/junit-platform-engine/1.7.0/junit-platform-engine-1.7.0.pom
[INFO] Downloading from paper-repo: https://papermc.io/repo/repository/maven-public/org/junit/platform/junit-platform-engine/1.7.0/junit-platform-engine-1.7.0.pom
[INFO] Downloaded from paper-repo: https://papermc.io/repo/repository/maven-public/org/junit/platform/junit-platform-engine/1.7.0/junit-platform-engine-1.7.0.pom (3.2 kB at 9.9 kB/s)
[INFO] Downloading from spigot-repo: https://hub.spigotmc.org/nexus/content/repositories/snapshots/com/github/seeseemelk/MockBukkit-v1.16/0.10.2/MockBukkit-v1.16-0.10.2.pom
[INFO] Downloading from paper-repo: https://papermc.io/repo/repository/maven-public/com/github/seeseemelk/MockBukkit-v1.16/0.10.2/MockBukkit-v1.16-0.10.2.pom
[INFO] Downloaded from paper-repo: https://papermc.io/repo/repository/maven-public/com/github/seeseemelk/MockBukkit-v1.16/0.10.2/MockBukkit-v1.16-0.10.2.pom (2.5 kB at 8.0 kB/s)
[INFO] Downloading from spigot-repo: https://hub.spigotmc.org/nexus/content/repositories/snapshots/junit/junit/4.12/junit-4.12.pom
[INFO] Downloading from paper-repo: https://papermc.io/repo/repository/maven-public/junit/junit/4.12/junit-4.12.pom
[INFO] Downloaded from paper-repo: https://papermc.io/repo/repository/maven-public/junit/junit/4.12/junit-4.12.pom (24 kB at 56 kB/s)
[INFO] Downloading from spigot-repo: https://hub.spigotmc.org/nexus/content/repositories/snapshots/org/hamcrest/hamcrest-core/1.3/hamcrest-core-1.3.pom
[INFO] Downloading from paper-repo: https://papermc.io/repo/repository/maven-public/org/hamcrest/hamcrest-core/1.3/hamcrest-core-1.3.pom
[INFO] Downloaded from paper-repo: https://papermc.io/repo/repository/maven-public/org/hamcrest/hamcrest-core/1.3/hamcrest-core-1.3.pom (766 B at 2.5 kB/s)
[INFO] Downloading from spigot-repo: https://hub.spigotmc.org/nexus/content/repositories/snapshots/org/hamcrest/hamcrest-parent/1.3/hamcrest-parent-1.3.pom
[INFO] Downloading from paper-repo: https://papermc.io/repo/repository/maven-public/org/hamcrest/hamcrest-parent/1.3/hamcrest-parent-1.3.pom
[INFO] Downloaded from paper-repo: https://papermc.io/repo/repository/maven-public/org/hamcrest/hamcrest-parent/1.3/hamcrest-parent-1.3.pom (2.0 kB at 6.3 kB/s)
[INFO] Downloading from spigot-repo: https://hub.spigotmc.org/nexus/content/repositories/snapshots/org/hamcrest/hamcrest-library/1.3/hamcrest-library-1.3.pom
[INFO] Downloading from paper-repo: https://papermc.io/repo/repository/maven-public/org/hamcrest/hamcrest-library/1.3/hamcrest-library-1.3.pom
[INFO] Downloaded from paper-repo: https://papermc.io/repo/repository/maven-public/org/hamcrest/hamcrest-library/1.3/hamcrest-library-1.3.pom (820 B at 2.7 kB/s)
[INFO] Downloading from spigot-repo: https://hub.spigotmc.org/nexus/content/repositories/snapshots/org/apache/commons/commons-io/1.3.2/commons-io-1.3.2.pom
[INFO] Downloading from paper-repo: https://papermc.io/repo/repository/maven-public/org/apache/commons/commons-io/1.3.2/commons-io-1.3.2.pom
[INFO] Downloaded from paper-repo: https://papermc.io/repo/repository/maven-public/org/apache/commons/commons-io/1.3.2/commons-io-1.3.2.pom (640 B at 2.1 kB/s)
[INFO] Downloading from spigot-repo: https://hub.spigotmc.org/nexus/content/repositories/snapshots/commons-io/commons-io/1.3.2/commons-io-1.3.2.pom
[INFO] Downloading from paper-repo: https://papermc.io/repo/repository/maven-public/commons-io/commons-io/1.3.2/commons-io-1.3.2.pom
[INFO] Downloaded from paper-repo: https://papermc.io/repo/repository/maven-public/commons-io/commons-io/1.3.2/commons-io-1.3.2.pom (9.7 kB at 32 kB/s)
[INFO] Downloading from spigot-repo: https://hub.spigotmc.org/nexus/content/repositories/snapshots/org/apache/commons/commons-parent/3/commons-parent-3.pom
[INFO] Downloading from paper-repo: https://papermc.io/repo/repository/maven-public/org/apache/commons/commons-parent/3/commons-parent-3.pom
[INFO] Downloaded from paper-repo: https://papermc.io/repo/repository/maven-public/org/apache/commons/commons-parent/3/commons-parent-3.pom (12 kB at 22 kB/s)
[INFO] Downloading from spigot-repo: https://hub.spigotmc.org/nexus/content/repositories/snapshots/org/apache/apache/4/apache-4.pom
[INFO] Downloading from paper-repo: https://papermc.io/repo/repository/maven-public/org/apache/apache/4/apache-4.pom
[INFO] Downloaded from paper-repo: https://papermc.io/repo/repository/maven-public/org/apache/apache/4/apache-4.pom (4.5 kB at 14 kB/s)
[INFO] Downloading from spigot-repo: https://hub.spigotmc.org/nexus/content/repositories/snapshots/org/mockito/mockito-core/3.5.13/mockito-core-3.5.13.pom
[INFO] Downloading from paper-repo: https://papermc.io/repo/repository/maven-public/org/mockito/mockito-core/3.5.13/mockito-core-3.5.13.pom
[INFO] Downloaded from paper-repo: https://papermc.io/repo/repository/maven-public/org/mockito/mockito-core/3.5.13/mockito-core-3.5.13.pom (25 kB at 38 kB/s)
[INFO] Downloading from spigot-repo: https://hub.spigotmc.org/nexus/content/repositories/snapshots/net/bytebuddy/byte-buddy/1.10.15/byte-buddy-1.10.15.pom
[INFO] Downloading from paper-repo: https://papermc.io/repo/repository/maven-public/net/bytebuddy/byte-buddy/1.10.15/byte-buddy-1.10.15.pom
[INFO] Downloaded from paper-repo: https://papermc.io/repo/repository/maven-public/net/bytebuddy/byte-buddy/1.10.15/byte-buddy-1.10.15.pom (11 kB at 35 kB/s)
[INFO] Downloading from spigot-repo: https://hub.spigotmc.org/nexus/content/repositories/snapshots/net/bytebuddy/byte-buddy-parent/1.10.15/byte-buddy-parent-1.10.15.pom
[INFO] Downloading from paper-repo: https://papermc.io/repo/repository/maven-public/net/bytebuddy/byte-buddy-parent/1.10.15/byte-buddy-parent-1.10.15.pom
[INFO] Downloaded from paper-repo: https://papermc.io/repo/repository/maven-public/net/bytebuddy/byte-buddy-parent/1.10.15/byte-buddy-parent-1.10.15.pom (40 kB at 87 kB/s)
[INFO] Downloading from spigot-repo: https://hub.spigotmc.org/nexus/content/repositories/snapshots/net/bytebuddy/byte-buddy-agent/1.10.15/byte-buddy-agent-1.10.15.pom
[INFO] Downloading from paper-repo: https://papermc.io/repo/repository/maven-public/net/bytebuddy/byte-buddy-agent/1.10.15/byte-buddy-agent-1.10.15.pom
[INFO] Downloaded from paper-repo: https://papermc.io/repo/repository/maven-public/net/bytebuddy/byte-buddy-agent/1.10.15/byte-buddy-agent-1.10.15.pom (9.6 kB at 31 kB/s)
[INFO] Downloading from spigot-repo: https://hub.spigotmc.org/nexus/content/repositories/snapshots/org/objenesis/objenesis/3.1/objenesis-3.1.pom
[INFO] Downloading from paper-repo: https://papermc.io/repo/repository/maven-public/org/objenesis/objenesis/3.1/objenesis-3.1.pom
[INFO] Downloaded from paper-repo: https://papermc.io/repo/repository/maven-public/org/objenesis/objenesis/3.1/objenesis-3.1.pom (3.5 kB at 11 kB/s)
[INFO] Downloading from spigot-repo: https://hub.spigotmc.org/nexus/content/repositories/snapshots/org/objenesis/objenesis-parent/3.1/objenesis-parent-3.1.pom
[INFO] Downloading from paper-repo: https://papermc.io/repo/repository/maven-public/org/objenesis/objenesis-parent/3.1/objenesis-parent-3.1.pom
[INFO] Downloaded from paper-repo: https://papermc.io/repo/repository/maven-public/org/objenesis/objenesis-parent/3.1/objenesis-parent-3.1.pom (18 kB at 40 kB/s)
[INFO] Downloading from spigot-repo: https://hub.spigotmc.org/nexus/content/repositories/snapshots/com/github/TheBusyBiscuit/CS-CoreLib2/0.26/CS-CoreLib2-0.26.pom
[INFO] Downloading from paper-repo: https://papermc.io/repo/repository/maven-public/com/github/TheBusyBiscuit/CS-CoreLib2/0.26/CS-CoreLib2-0.26.pom
[INFO] Downloading from jitpack.io: https://jitpack.io/com/github/TheBusyBiscuit/CS-CoreLib2/0.26/CS-CoreLib2-0.26.pom
[INFO] Downloaded from jitpack.io: https://jitpack.io/com/github/TheBusyBiscuit/CS-CoreLib2/0.26/CS-CoreLib2-0.26.pom (8.2 kB at 69 kB/s)
[WARNING] The POM for com.github.TheBusyBiscuit:CS-CoreLib2:jar:0.26 is invalid, transitive dependencies (if any) will not be available, enable debug logging for more details
[INFO] Downloading from spigot-repo: https://hub.spigotmc.org/nexus/content/repositories/snapshots/io/papermc/paperlib/1.0.5/paperlib-1.0.5.pom
[INFO] Downloading from paper-repo: https://papermc.io/repo/repository/maven-public/io/papermc/paperlib/1.0.5/paperlib-1.0.5.pom
[INFO] Downloaded from paper-repo: https://papermc.io/repo/repository/maven-public/io/papermc/paperlib/1.0.5/paperlib-1.0.5.pom (936 B at 925 B/s)
[INFO] Downloading from spigot-repo: https://hub.spigotmc.org/nexus/content/repositories/snapshots/com/konghq/unirest-java/3.11.00/unirest-java-3.11.00.pom
[INFO] Downloading from paper-repo: https://papermc.io/repo/repository/maven-public/com/konghq/unirest-java/3.11.00/unirest-java-3.11.00.pom
[INFO] Downloaded from paper-repo: https://papermc.io/repo/repository/maven-public/com/konghq/unirest-java/3.11.00/unirest-java-3.11.00.pom (4.3 kB at 6.4 kB/s)
[INFO] Downloading from spigot-repo: https://hub.spigotmc.org/nexus/content/repositories/snapshots/com/konghq/unirest-java-parent/3.11.00/unirest-java-parent-3.11.00.pom
[INFO] Downloading from paper-repo: https://papermc.io/repo/repository/maven-public/com/konghq/unirest-java-parent/3.11.00/unirest-java-parent-3.11.00.pom
[INFO] Downloaded from paper-repo: https://papermc.io/repo/repository/maven-public/com/konghq/unirest-java-parent/3.11.00/unirest-java-parent-3.11.00.pom (19 kB at 46 kB/s)
[INFO] Downloading from spigot-repo: https://hub.spigotmc.org/nexus/content/repositories/snapshots/org/apache/httpcomponents/httpclient/4.5.12/httpclient-4.5.12.pom
[INFO] Downloading from paper-repo: https://papermc.io/repo/repository/maven-public/org/apache/httpcomponents/httpclient/4.5.12/httpclient-4.5.12.pom
[INFO] Downloaded from paper-repo: https://papermc.io/repo/repository/maven-public/org/apache/httpcomponents/httpclient/4.5.12/httpclient-4.5.12.pom (6.6 kB at 5.3 kB/s)
[INFO] Downloading from spigot-repo: https://hub.spigotmc.org/nexus/content/repositories/snapshots/org/apache/httpcomponents/httpcomponents-client/4.5.12/httpcomponents-client-4.5.12.pom
[INFO] Downloading from paper-repo: https://papermc.io/repo/repository/maven-public/org/apache/httpcomponents/httpcomponents-client/4.5.12/httpcomponents-client-4.5.12.pom
[INFO] Downloaded from paper-repo: https://papermc.io/repo/repository/maven-public/org/apache/httpcomponents/httpcomponents-client/4.5.12/httpcomponents-client-4.5.12.pom (16 kB at 40 kB/s)
[INFO] Downloading from spigot-repo: https://hub.spigotmc.org/nexus/content/repositories/snapshots/org/apache/httpcomponents/httpcomponents-parent/11/httpcomponents-parent-11.pom
[INFO] Downloading from paper-repo: https://papermc.io/repo/repository/maven-public/org/apache/httpcomponents/httpcomponents-parent/11/httpcomponents-parent-11.pom
[INFO] Downloaded from paper-repo: https://papermc.io/repo/repository/maven-public/org/apache/httpcomponents/httpcomponents-parent/11/httpcomponents-parent-11.pom (35 kB at 46 kB/s)
[INFO] Downloading from spigot-repo: https://hub.spigotmc.org/nexus/content/repositories/snapshots/org/apache/httpcomponents/httpcore/4.4.13/httpcore-4.4.13.pom
[INFO] Downloading from paper-repo: https://papermc.io/repo/repository/maven-public/org/apache/httpcomponents/httpcore/4.4.13/httpcore-4.4.13.pom
[INFO] Downloaded from paper-repo: https://papermc.io/repo/repository/maven-public/org/apache/httpcomponents/httpcore/4.4.13/httpcore-4.4.13.pom (5.0 kB at 9.9 kB/s)
[INFO] Downloading from spigot-repo: https://hub.spigotmc.org/nexus/content/repositories/snapshots/org/apache/httpcomponents/httpcomponents-core/4.4.13/httpcomponents-core-4.4.13.pom
[INFO] Downloading from paper-repo: https://papermc.io/repo/repository/maven-public/org/apache/httpcomponents/httpcomponents-core/4.4.13/httpcomponents-core-4.4.13.pom
[INFO] Downloaded from paper-repo: https://papermc.io/repo/repository/maven-public/org/apache/httpcomponents/httpcomponents-core/4.4.13/httpcomponents-core-4.4.13.pom (13 kB at 47 kB/s)
[INFO] Downloading from spigot-repo: https://hub.spigotmc.org/nexus/content/repositories/snapshots/commons-logging/commons-logging/1.2/commons-logging-1.2.pom
[INFO] Downloading from paper-repo: https://papermc.io/repo/repository/maven-public/commons-logging/commons-logging/1.2/commons-logging-1.2.pom
[INFO] Downloaded from paper-repo: https://papermc.io/repo/repository/maven-public/commons-logging/commons-logging/1.2/commons-logging-1.2.pom (19 kB at 26 kB/s)
[INFO] Downloading from spigot-repo: https://hub.spigotmc.org/nexus/content/repositories/snapshots/org/apache/commons/commons-parent/34/commons-parent-34.pom
[INFO] Downloading from paper-repo: https://papermc.io/repo/repository/maven-public/org/apache/commons/commons-parent/34/commons-parent-34.pom
[INFO] Downloaded from paper-repo: https://papermc.io/repo/repository/maven-public/org/apache/commons/commons-parent/34/commons-parent-34.pom (56 kB at 76 kB/s)
[INFO] Downloading from spigot-repo: https://hub.spigotmc.org/nexus/content/repositories/snapshots/org/apache/apache/13/apache-13.pom
[INFO] Downloading from paper-repo: https://papermc.io/repo/repository/maven-public/org/apache/apache/13/apache-13.pom
[INFO] Downloaded from paper-repo: https://papermc.io/repo/repository/maven-public/org/apache/apache/13/apache-13.pom (14 kB at 19 kB/s)
[INFO] Downloading from spigot-repo: https://hub.spigotmc.org/nexus/content/repositories/snapshots/commons-codec/commons-codec/1.11/commons-codec-1.11.pom
[INFO] Downloading from paper-repo: https://papermc.io/repo/repository/maven-public/commons-codec/commons-codec/1.11/commons-codec-1.11.pom
[INFO] Downloaded from paper-repo: https://papermc.io/repo/repository/maven-public/commons-codec/commons-codec/1.11/commons-codec-1.11.pom (14 kB at 35 kB/s)
[INFO] Downloading from spigot-repo: https://hub.spigotmc.org/nexus/content/repositories/snapshots/org/apache/commons/commons-parent/42/commons-parent-42.pom
[INFO] Downloading from paper-repo: https://papermc.io/repo/repository/maven-public/org/apache/commons/commons-parent/42/commons-parent-42.pom
[INFO] Downloaded from paper-repo: https://papermc.io/repo/repository/maven-public/org/apache/commons/commons-parent/42/commons-parent-42.pom (68 kB at 118 kB/s)
[INFO] Downloading from spigot-repo: https://hub.spigotmc.org/nexus/content/repositories/snapshots/org/apache/apache/18/apache-18.pom
[INFO] Downloading from paper-repo: https://papermc.io/repo/repository/maven-public/org/apache/apache/18/apache-18.pom
[INFO] Downloaded from paper-repo: https://papermc.io/repo/repository/maven-public/org/apache/apache/18/apache-18.pom (16 kB at 39 kB/s)
[INFO] Downloading from spigot-repo: https://hub.spigotmc.org/nexus/content/repositories/snapshots/org/apache/httpcomponents/httpmime/4.5.12/httpmime-4.5.12.pom
[INFO] Downloading from paper-repo: https://papermc.io/repo/repository/maven-public/org/apache/httpcomponents/httpmime/4.5.12/httpmime-4.5.12.pom
[INFO] Downloaded from paper-repo: https://papermc.io/repo/repository/maven-public/org/apache/httpcomponents/httpmime/4.5.12/httpmime-4.5.12.pom (5.2 kB at 18 kB/s)
[INFO] Downloading from spigot-repo: https://hub.spigotmc.org/nexus/content/repositories/snapshots/org/apache/httpcomponents/httpcore-nio/4.4.13/httpcore-nio-4.4.13.pom
[INFO] Downloading from paper-repo: https://papermc.io/repo/repository/maven-public/org/apache/httpcomponents/httpcore-nio/4.4.13/httpcore-nio-4.4.13.pom
[INFO] Downloaded from paper-repo: https://papermc.io/repo/repository/maven-public/org/apache/httpcomponents/httpcore-nio/4.4.13/httpcore-nio-4.4.13.pom (5.5 kB at 19 kB/s)
[INFO] Downloading from spigot-repo: https://hub.spigotmc.org/nexus/content/repositories/snapshots/org/apache/httpcomponents/httpasyncclient/4.1.4/httpasyncclient-4.1.4.pom
[INFO] Downloading from paper-repo: https://papermc.io/repo/repository/maven-public/org/apache/httpcomponents/httpasyncclient/4.1.4/httpasyncclient-4.1.4.pom
[INFO] Downloaded from paper-repo: https://papermc.io/repo/repository/maven-public/org/apache/httpcomponents/httpasyncclient/4.1.4/httpasyncclient-4.1.4.pom (5.9 kB at 20 kB/s)
[INFO] Downloading from spigot-repo: https://hub.spigotmc.org/nexus/content/repositories/snapshots/org/apache/httpcomponents/httpcomponents-asyncclient/4.1.4/httpcomponents-asyncclient-4.1.4.pom
[INFO] Downloading from paper-repo: https://papermc.io/repo/repository/maven-public/org/apache/httpcomponents/httpcomponents-asyncclient/4.1.4/httpcomponents-asyncclient-4.1.4.pom
[INFO] Downloaded from paper-repo: https://papermc.io/repo/repository/maven-public/org/apache/httpcomponents/httpcomponents-asyncclient/4.1.4/httpcomponents-asyncclient-4.1.4.pom (11 kB at 22 kB/s)
[INFO] Downloading from spigot-repo: https://hub.spigotmc.org/nexus/content/repositories/snapshots/org/apache/httpcomponents/project/7/project-7.pom
[INFO] Downloading from paper-repo: https://papermc.io/repo/repository/maven-public/org/apache/httpcomponents/project/7/project-7.pom
[INFO] Downloaded from paper-repo: https://papermc.io/repo/repository/maven-public/org/apache/httpcomponents/project/7/project-7.pom (27 kB at 66 kB/s)
[INFO] Downloading from spigot-repo: https://hub.spigotmc.org/nexus/content/repositories/snapshots/com/sk89q/worldedit/worldedit-bukkit/7.2.0-SNAPSHOT/maven-metadata.xml
[INFO] Downloading from worldedit-repo: https://maven.sk89q.com/repo/com/sk89q/worldedit/worldedit-bukkit/7.2.0-SNAPSHOT/maven-metadata.xml
[INFO] Downloading from jitpack.io: https://jitpack.io/com/sk89q/worldedit/worldedit-bukkit/7.2.0-SNAPSHOT/maven-metadata.xml
[INFO] Downloading from paper-repo: https://papermc.io/repo/repository/maven-public/com/sk89q/worldedit/worldedit-bukkit/7.2.0-SNAPSHOT/maven-metadata.xml
[INFO] Downloading from placeholderapi-repo: https://repo.extendedclip.com/content/repositories/placeholderapi/com/sk89q/worldedit/worldedit-bukkit/7.2.0-SNAPSHOT/maven-metadata.xml
[INFO] Downloading from walshy-public: https://repo.walshy.dev/public/comen-metadata.xml
/sk89q/worldedit/worldedit-bukkit/7.2.0-SNAPSHOT/mav[INFO] Downloaded from worldedit-repo: https://maven.sk89q.com/repo/com/sk89q/worldedit/worldedit-bukkit/7.2.0-SNAPSHOT/maven-metadata.xml (1.2 kB at 7.2 kB/s)
[WARNING] Could not transfer metadata com.sk89q.worldedit:worldedit-bukkit:7.2.0-SNAPSHOT/maven-metadata.xml from/to walshy-public (https://repo.walshy.dev/public/): Transfer failed for https://repo.walshy.dev/public/com/sk89q/worldedit/worldedit-bukkit/7.2.0-SNAPSHOT/maven-metadata.xml 500 Server Error
[WARNING] Failure to transfer com.sk89q.worldedit:worldedit-bukkit:7.2.0-SNAPSHOT/maven-metadata.xml from https://repo.walshy.dev/public/ was cached in the local repository, resolution will not be reattempted until the update interval of walshy-public has elapsed or updates are forced. Original error: Could not transfer metadata com.sk89q.worldedit:worldedit-bukkit:7.2.0-SNAPSHOT/maven-metadata.xml from/to walshy-public (https://repo.walshy.dev/public/): Transfer failed for https://repo.walshy.dev/public/com/sk89q/worldedit/worldedit-bukkit/7.2.0-SNAPSHOT/maven-metadata.xml 500 Server Error
[INFO] Downloading from spigot-repo: https://hub.spigotmc.org/nexus/content/repositories/snapshots/com/sk89q/worldedit/worldedit-bukkit/7.2.0-SNAPSHOT/worldedit-bukkit-7.2.0-20201005.050228-171.pom
[INFO] Downloading from paper-repo: https://papermc.io/repo/repository/maven-public/com/sk89q/worldedit/worldedit-bukkit/7.2.0-SNAPSHOT/worldedit-bukkit-7.2.0-20201005.050228-171.pom
[INFO] Downloading from jitpack.io: https://jitpack.io/com/sk89q/worldedit/worldedit-bukkit/7.2.0-SNAPSHOT/worldedit-bukkit-7.2.0-20201005.050228-171.pom
[INFO] Downloading from worldedit-re/worldedit-bukkit-7.2.0-20201005.050228-171.pom
po: https://maven.sk89q.com/repo/com/sk89q/worldedit/worldedit-bukkit/7.2.0-SNAPSHOT[INFO] Downloaded from worldedit-repo: https://maven.sk89q.com/repo/com/sk89q/worldedit/worldedit-bukkit/7.2.0-SNAPSHOT/worldedit-bukkit-7.2.0-20201005.050228-171.pom (2.8 kB at 28 kB/s)
[INFO] Downloading from spigot-repo: https://hub.spigotmc.org/nexus/content/repositories/snapshots/com/sk89q/worldedit/worldedit-core/7.2.0-SNAPSHOT/maven-metadata.xml
[INFO] Downloading from paper-repo: https://papermc.io/repo/repository/maven-public/com/sk89q/worldedit/worldedit-core/7.2.0-SNAPSHOT/maven-metadata.xml
[INFO] Downloading from jitpack.io: https://jitpack.io/com/sk89q/worldedit/worldedit-core/7.2.0-SNAPSHOT/maven-metadata.xml
[INFO] Downloading from worldedit-repo: https://maven.sk89q.com/repo/com/sk89q/worldedit/worldedit-core/7.2.0-SNAPSHOT/maven-metadata.xml
[INFO] Downloading from placeholderapi-repo: https://repo.extendedclip.com/content/repositories/placeholderapi/com/sk89q/worldedit/worldedit-core/7.2.0-SNAPSHOT/maven-metadata.xml
[INFO] Downloading from walshy-public: https://repo.walshy.dev/public/com/sk89q/worldedit/worldedit-core/7.2.0-SNAPSHOT/maven-metadata.xml
[INFO] Downloaded from worldedit-repo: https://maven.sk89q.com/repo/com/sk89q/worldedit/worldedit-core/7.2.0-SNAPSHOT/maven-metadata.xml (1.2 kB at 12 kB/s)
[WARNING]NAPSHOT/maven-metadata.xml from/to walshy-public (https://r Could not transfer metadata com.sk89q.worldedit:worldedit-core:7.2.0-Sepo.walshy.dev/public/): Transfer failed for https://repo.walshy.dev/public/com/sk89q/worldedit/worldedit-core/7.2.0-SNAPSHOT/maven-metadata.xml 500 Server Error
[WARNING] Failure to transfer com.sk89q.worldedit:worldedit-core:7.2.0-SNAPSHOT/maven-metadata.xml from https://repo.walshy.dev/publicmpted until the update inter/ was cached in the local repository, resolution will not be reatteval of walshy-public has elapsed or updates are forced. Or transfer metadatiginal error: Could nota com.sk89q.worldedit:worldedit-core:7.2.0-SNAPSHOT/maven-metadata.xml from/to walshy-public (https://repo.walshy.dev/public/): Transfer failed for https://repo.walshy.dev/public/com/sk89q/worldedit/worldedit-core/7.2.0-SNAPSHOT/maven-metadata.xml 500 Server Error
[INFO] Downloading from spigot-repo: https://hub.spigotmc.org/nexus/content/repositories/snapshots/com/sk89q/worldedit/worldedit-core/7.2.0-SNAPSHOT/worldedit-core-7.2.0-20201005.050228-170.pom
[INFO] Downloading from paper-repo: https://papermc.io/repo/repository/maven-public/com/sk89q/worldedit/worldedit-core/7.2.0-SNAPSHOT/worldedit-core-7.2.0-20201005.050228-170.pom
[INFO] Downloading from jitpack.io: https://jitpack.io/com/sk89q/worldedit/worldedit-core/7.2.0-SNAPSHOT/worldedit-core-7.2.0-20201005.050228-170.pom
[INFO] Downloading from worldedit-repo: https://maven.sk89q.com/repo/com/sk89q/worldedit/worldedit-core/7.2.0-SNAPSHOT/worldedit-core-7.2.0-20201005.050228-170.pom
[INFO] Downloaded from worldedit-repo: https://maven.sk89q.com/repo/com/sk89q/worldedit/worldedit-core/7.2.0-SNAPSHOT/worldedit-core-7.2.0-20201005.050228-170.pom (3.7 kB at 35 kB/s)
[INFO] Downloading from spigot-repo: https://hub.spigotmc.org/nexus/content/repositories/snapshots/com/sk89q/worldedit/worldedit-libs/core/7.2.0-SNAPSHOT/maven-metadata.xml
[INFO] Downloading from paper-repo: https://papermc.io/repo/repository/maven-public/com/sk89q/worldedit/worldedit-libs/core/7.2.0-SNAPSHOT/maven-metadata.xml
[INFO] Downloading from jitpack.io: https://jitpack.io/com/sk89q/worldedit/worldedit-libs/core/7.2.0-SNAPSHOT/maven-metadata.xml
[INFO] Downloading from worldedit-repo: https://maven.sk89q.com/repo/com/sk89q/worldedit/worldedit-libs/core/7.2.0-SNAPSHOT/maven-metadata.xml
[INFO] Downloading from placeholderapi-repo: https://repo.extendedclip.com/content/repositories/placeholderapi/com/sk89q/worldedit/worldedit-libs/core/7.2.0-SNAPSHOT/maven-metadata.xml
[INFO] Downloading from walshy-public: https://repo.walshy.dev/public/com/sk89q/worldedit/worldedit-libs/core/7.2.0-SNAPSHOT/maven-metadata.xml
[INFO] Downloaded from worldedit-repo: https://maven.sk89q.com/repo/com/sk89q/worldedit/worldedit-libs/core/7.2.0-SNAPSHOT/maven-metadata.xml (1.0 kB at 7.7 kB/s)
[WARNING] Could not transfer metadata com.sk89q.worldedit.worldedit-libs:core:7.2.0-SNAPSHOT/maven-metadata.xml from/to walshy-public (https://repo.walshy.dev/public/): Transfer failed for https://repo.walshy.dev/public/com/sk89q/worldedit/worldedit-libs/core/7.2.0-SNAPSHOT/maven-metadata.xml 500 Server Error
[WARNING] Failure to transfer com.sk89q.worldedit.worldedit-libs:core:7.2.0-SNAPSHOT/maven-metadata.xml from https://repo.walshy.dev/public/ was cached in the local repository, resolution will not be reattempted until the update interval of walshy-public has elapsed or updates are forced. Original error: Could not transfer metadata com.sk89q.worldedit.worldedit-libs:core:7.2.0-SNAPSHOT/maven-metadata.xml from/to walshy-public (https://repo.walshy.dev/public/): Transfer failed for https://repo.walshy.dev/public/com/sk89q/worldedit/worldedit-libs/core/7.2.0-SNAPSHOT/maven-metadata.xml 500 Server Error
[INFO] Downloading from spigot-repo: https://hub.spigotmc.org/nexus/content/repositories/snapshots/com/sk89q/worldedit/worldedit-libs/core/7.2.0-SNAPSHOT/core-7.2.0-20201005.050228-172.pom
[INFO] Downloading from paper-repo: https://papermc.io/repo/repository/maven-public/com/sk89q/worldedit/worldedit-libs/core/7.2.0-SNAPSHOT/core-7.2.0-20201005.050228-172.pom
[INFO] Downloading from jitpack.io: https://jitpack.io/com/sk89q/worldedit/worldedit-libs/core/7.2.0-SNAPSHOT/core-7.2.0-20201005.050228-172.pom
[INFO] Downloading from worldedit-repo: https://maven.sk89q.com/repo/com/sk89q/worldedit/worldedit-libs/core/7.2.0-SNAPSHOT/core-7.2.0-20201005.050228-172.pom
[INFO] Downloaded from worldedit-repo: https://maven.sk89q.com/repo/com/sk89q/worldedit/worldedit-libs/core/7.2.0-SNAPSHOT/core-7.2.0-20201005.050228-172.pom (420 B at 5.2 kB/s)
[INFO] Downloading from spigot-repo: https://hub.spigotmc.org/nexus/content/repositories/snapshots/net/java/truevfs/truevfs-profile-default_2.13/0.12.1/truevfs-profile-default_2.13-0.12.1.pom
[INFO] Downloading from paper-repo: https://papermc.io/repo/repository/maven-public/net/java/truevfs/truevfs-profile-default_2.13/0.12.1/truevfs-profile-default_2.13-0.12.1.pom
[INFO] Downloaded from paper-repo: https://papermc.io/repo/repository/maven-public/net/java/truevfs/truevfs-profile-default_2.13/0.12.1/truevfs-profile-default_2.13-0.12.1.pom (4.4 kB at 7.0 kB/s)
[INFO] Downloading from spigot-repo: https://hub.spigotmc.org/nexus/content/repositories/snapshots/org/scala-lang/scala-library/2.13.1/scala-library-2.13.1.pom
[INFO] Downloading from paper-repo: https://papermc.io/repo/repository/maven-public/org/scala-lang/scala-library/2.13.1/scala-library-2.13.1.pom
[INFO] Downloaded from paper-repo: https://papermc.io/repo/repository/maven-public/org/scala-lang/scala-library/2.13.1/scala-library-2.13.1.pom (1.6 kB at 1.7 kB/s)
[INFO] Downloading from spigot-repo: https://hub.spigotmc.org/nexus/content/repositories/snapshots/net/java/truevfs/truevfs-driver-http/0.12.1/truevfs-driver-http-0.12.1.pom
[INFO] Downloading from paper-repo: https://papermc.io/repo/repository/maven-public/net/java/truevfs/truevfs-driver-http/0.12.1/truevfs-driver-http-0.12.1.pom
[INFO] Downloaded from paper-repo: https://papermc.io/repo/repository/maven-public/net/java/truevfs/truevfs-driver-http/0.12.1/truevfs-driver-http-0.12.1.pom (2.9 kB at 4.9 kB/s)
[INFO] Downloading from spigot-repo: https://hub.spigotmc.org/nexus/content/repositories/snapshots/net/java/truevfs/truevfs-kernel-spec/0.12.1/truevfs-kernel-spec-0.12.1.pom
[INFO] Downloading from paper-repo: https://papermc.io/repo/repository/maven-public/net/java/truevfs/truevfs-kernel-spec/0.12.1/truevfs-kernel-spec-0.12.1.pom
[INFO] Downloaded from paper-repo: https://papermc.io/repo/repository/maven-public/net/java/truevfs/truevfs-kernel-spec/0.12.1/truevfs-kernel-spec-0.12.1.pom (3.5 kB at 5.5 kB/s)
[INFO] Downloading from spigot-repo: https://hub.spigotmc.org/nexus/content/repositories/snapshots/net/java/truecommons/truecommons-annotations/2.5.0/truecommons-annotations-2.5.0.pom
[INFO] Downloading from paper-repo: https://papermc.io/repo/repository/maven-public/net/java/truecommons/truecommons-annotations/2.5.0/truecommons-annotations-2.5.0.pom
[INFO] Downloaded from paper-repo: https://papermc.io/repo/repository/maven-public/net/java/truecommons/truecommons-annotations/2.5.0/truecommons-annotations-2.5.0.pom (1.8 kB at 2.8 kB/s)
[INFO] Downloading from spigot-repo: https://hub.spigotmc.org/nexus/content/repositories/snapshots/net/java/truecommons/truecommons/2.5.0/truecommons-2.5.0.pom
[INFO] Downloading from paper-repo: https://papermc.io/repo/repository/maven-public/net/java/truecommons/truecommons/2.5.0/truecommons-2.5.0.pom
[INFO] Downloaded from paper-repo: https://papermc.io/repo/repository/maven-public/net/java/truecommons/truecommons/2.5.0/truecommons-2.5.0.pom (9.8 kB at 35 kB/s)
[INFO] Downloading from spigot-repo: https://hub.spigotmc.org/nexus/content/repositories/snapshots/net/java/truecommons/truecommons-parent/108/truecommons-parent-108.pom
[INFO] Downloading from paper-repo: https://papermc.io/repo/repository/maven-public/net/java/truecommons/truecommons-parent/108/truecommons-parent-108.pom
[INFO] Downloaded from paper-repo: https://papermc.io/repo/repository/maven-public/net/java/truecommons/truecommons-parent/108/truecommons-parent-108.pom (24 kB at 64 kB/s)
[INFO] Downloading from spigot-repo: https://hub.spigotmc.org/nexus/content/repositories/snapshots/com/google/code/findbugs/annotations/3.0.0/annotations-3.0.0.pom
[INFO] Downloading from paper-repo: https://papermc.io/repo/repository/maven-public/com/google/code/findbugs/annotations/3.0.0/annotations-3.0.0.pom
[INFO] Downloaded from paper-repo: https://papermc.io/repo/repository/maven-public/com/google/code/findbugs/annotations/3.0.0/annotations-3.0.0.pom (3.5 kB at 13 kB/s)
[INFO] Downloading from spigot-repo: https://hub.spigotmc.org/nexus/content/repositories/snapshots/net/java/truecommons/truecommons-cio/2.5.0/truecommons-cio-2.5.0.pom
[INFO] Downloading from paper-repo: https://papermc.io/repo/repository/maven-public/net/java/truecommons/truecommons-cio/2.5.0/truecommons-cio-2.5.0.pom
[INFO] Downloaded from paper-repo: https://papermc.io/repo/repository/maven-public/net/java/truecommons/truecommons-cio/2.5.0/truecommons-cio-2.5.0.pom (2.1 kB at 7.4 kB/s)
[INFO] Downloading from spigot-repo: https://hub.spigotmc.org/nexus/content/repositories/snapshots/net/java/truecommons/truecommons-io/2.5.0/truecommons-io-2.5.0.pom
[INFO] Downloading from paper-repo: https://papermc.io/repo/repository/maven-public/net/java/truecommons/truecommons-io/2.5.0/truecommons-io-2.5.0.pom
[INFO] Downloaded from paper-repo: https://papermc.io/repo/repository/maven-public/net/java/truecommons/truecommons-io/2.5.0/truecommons-io-2.5.0.pom (2.1 kB at 8.3 kB/s)
[INFO] Downloading from spigot-repo: https://hub.spigotmc.org/nexus/content/repositories/snapshots/net/java/truecommons/truecommons-shed/2.5.0/truecommons-shed-2.5.0.pom
[INFO] Downloading from paper-repo: https://papermc.io/repo/repository/maven-public/net/java/truecommons/truecommons-shed/2.5.0/truecommons-shed-2.5.0.pom
[INFO] Downloaded from paper-repo: https://papermc.io/repo/repository/maven-public/net/java/truecommons/truecommons-shed/2.5.0/truecommons-shed-2.5.0.pom (2.5 kB at 9.9 kB/s)
[INFO] Downloading from spigot-repo: https://hub.spigotmc.org/nexus/content/repositories/snapshots/net/java/truecommons/truecommons-services/2.5.0/truecommons-services-2.5.0.pom
[INFO] Downloading from paper-repo: https://papermc.io/repo/repository/maven-public/net/java/truecommons/truecommons-services/2.5.0/truecommons-services-2.5.0.pom
[INFO] Downloaded from paper-repo: https://papermc.io/repo/repository/maven-public/net/java/truecommons/truecommons-services/2.5.0/truecommons-services-2.5.0.pom (1.4 kB at 5.6 kB/s)
[INFO] Downloading from spigot-repo: https://hub.spigotmc.org/nexus/content/repositories/snapshots/net/java/truecommons/truecommons-logging/2.5.0/truecommons-logging-2.5.0.pom
[INFO] Downloading from paper-repo: https://papermc.io/repo/repository/maven-public/net/java/truecommons/truecommons-logging/2.5.0/truecommons-logging-2.5.0.pom
[INFO] Downloaded from paper-repo: https://papermc.io/repo/repository/maven-public/net/java/truecommons/truecommons-logging/2.5.0/truecommons-logging-2.5.0.pom (1.1 kB at 4.3 kB/s)
[INFO] Downloading from spigot-repo: https://hub.spigotmc.org/nexus/content/repositories/snapshots/org/slf4j/slf4j-api/1.7.12/slf4j-api-1.7.12.pom
[INFO] Downloading from paper-repo: https://papermc.io/repo/repository/maven-public/org/slf4j/slf4j-api/1.7.12/slf4j-api-1.7.12.pom
[INFO] Downloaded from paper-repo: https://papermc.io/repo/repository/maven-public/org/slf4j/slf4j-api/1.7.12/slf4j-api-1.7.12.pom (2.7 kB at 10 kB/s)
[INFO] Downloading from spigot-repo: https://hub.spigotmc.org/nexus/content/repositories/snapshots/org/slf4j/slf4j-parent/1.7.12/slf4j-parent-1.7.12.pom
[INFO] Downloading from paper-repo: https://papermc.io/repo/repository/maven-public/org/slf4j/slf4j-parent/1.7.12/slf4j-parent-1.7.12.pom
[INFO] Downloaded from paper-repo: https://papermc.io/repo/repository/maven-public/org/slf4j/slf4j-parent/1.7.12/slf4j-parent-1.7.12.pom (12 kB at 18 kB/s)
[INFO] Downloading from spigot-repo: https://hub.spigotmc.org/nexus/content/repositories/snapshots/javax/inject/javax.inject/1/javax.inject-1.pom
[INFO] Downloading from paper-repo: https://papermc.io/repo/repository/maven-public/javax/inject/javax.inject/1/javax.inject-1.pom
[INFO] Downloaded from paper-repo: https://papermc.io/repo/repository/maven-public/javax/inject/javax.inject/1/javax.inject-1.pom (612 B at 2.3 kB/s)
[INFO] Downloading from spigot-repo: https://hub.spigotmc.org/nexus/content/repositories/snapshots/org/apache/httpcomponents/httpclient/4.5.10/httpclient-4.5.10.pom
[INFO] Downloading from paper-repo: https://papermc.io/repo/repository/maven-public/org/apache/httpcomponents/httpclient/4.5.10/httpclient-4.5.10.pom
[INFO] Downloaded from paper-repo: https://papermc.io/repo/repository/maven-public/org/apache/httpcomponents/httpclient/4.5.10/httpclient-4.5.10.pom (6.6 kB at 25 kB/s)
[INFO] Downloading from spigot-repo: https://hub.spigotmc.org/nexus/content/repositories/snapshots/org/apache/httpcomponents/httpcomponents-client/4.5.10/httpcomponents-client-4.5.10.pom
[INFO] Downloading from paper-repo: https://papermc.io/repo/repository/maven-public/org/apache/httpcomponents/httpcomponents-client/4.5.10/httpcomponents-client-4.5.10.pom
[INFO] Downloaded from paper-repo: https://papermc.io/repo/repository/maven-public/org/apache/httpcomponents/httpcomponents-client/4.5.10/httpcomponents-client-4.5.10.pom (16 kB at 45 kB/s)
[INFO] Downloading from spigot-repo: https://hub.spigotmc.org/nexus/content/repositories/snapshots/org/apache/httpcomponents/httpcore/4.4.12/httpcore-4.4.12.pom
[INFO] Downloading from paper-repo: https://papermc.io/repo/repository/maven-public/org/apache/httpcomponents/httpcore/4.4.12/httpcore-4.4.12.pom
[INFO] Downloaded from paper-repo: https://papermc.io/repo/repository/maven-public/org/apache/httpcomponents/httpcore/4.4.12/httpcore-4.4.12.pom (5.0 kB at 19 kB/s)
[INFO] Downloading from spigot-repo: https://hub.spigotmc.org/nexus/content/repositories/snapshots/org/apache/httpcomponents/httpcomponents-core/4.4.12/httpcomponents-core-4.4.12.pom
[INFO] Downloading from paper-repo: https://papermc.io/repo/repository/maven-public/org/apache/httpcomponents/httpcomponents-core/4.4.12/httpcomponents-core-4.4.12.pom
[INFO] Downloaded from paper-repo: https://papermc.io/repo/repository/maven-public/org/apache/httpcomponents/httpcomponents-core/4.4.12/httpcomponents-core-4.4.12.pom (13 kB at 45 kB/s)
[INFO] Downloading from spigot-repo: https://hub.spigotmc.org/nexus/content/repositories/snapshots/org/slf4j/jcl-over-slf4j/1.7.28/jcl-over-slf4j-1.7.28.pom
[INFO] Downloading from paper-repo: https://papermc.io/repo/repository/maven-public/org/slf4j/jcl-over-slf4j/1.7.28/jcl-over-slf4j-1.7.28.pom
[INFO] Downloaded from paper-repo: https://papermc.io/repo/repository/maven-public/org/slf4j/jcl-over-slf4j/1.7.28/jcl-over-slf4j-1.7.28.pom (964 B at 3.5 kB/s)
[INFO] Downloading from spigot-repo: https://hub.spigotmc.org/nexus/content/repositories/snapshots/org/slf4j/slf4j-parent/1.7.28/slf4j-parent-1.7.28.pom
[INFO] Downloading from paper-repo: https://papermc.io/repo/repository/maven-public/org/slf4j/slf4j-parent/1.7.28/slf4j-parent-1.7.28.pom
[INFO] Downloaded from paper-repo: https://papermc.io/repo/repository/maven-public/org/slf4j/slf4j-parent/1.7.28/slf4j-parent-1.7.28.pom (14 kB at 34 kB/s)
[INFO] Downloading from spigot-repo: https://hub.spigotmc.org/nexus/content/repositories/snapshots/org/slf4j/slf4j-api/1.7.28/slf4j-api-1.7.28.pom
[INFO] Downloading from paper-repo: https://papermc.io/repo/repository/maven-public/org/slf4j/slf4j-api/1.7.28/slf4j-api-1.7.28.pom
[INFO] Downloaded from paper-repo: https://papermc.io/repo/repository/maven-public/org/slf4j/slf4j-api/1.7.28/slf4j-api-1.7.28.pom (3.8 kB at 15 kB/s)
[INFO] Downloading from spigot-repo: https://hub.spigotmc.org/nexus/content/repositories/snapshots/net/java/truevfs/truevfs-driver-odf/0.12.1/truevfs-driver-odf-0.12.1.pom
[INFO] Downloading from paper-repo: https://papermc.io/repo/repository/maven-public/net/java/truevfs/truevfs-driver-odf/0.12.1/truevfs-driver-odf-0.12.1.pom
[INFO] Downloaded from paper-repo: https://papermc.io/repo/repository/maven-public/net/java/truevfs/truevfs-driver-odf/0.12.1/truevfs-driver-odf-0.12.1.pom (2.3 kB at 8.5 kB/s)
[INFO] Downloading from spigot-repo: https://hub.spigotmc.org/nexus/content/repositories/snapshots/net/java/truevfs/truevfs-comp-zipdriver/0.12.1/truevfs-comp-zipdriver-0.12.1.pom
[INFO] Downloading from paper-repo: https://papermc.io/repo/repository/maven-public/net/java/truevfs/truevfs-comp-zipdriver/0.12.1/truevfs-comp-zipdriver-0.12.1.pom
[INFO] Downloaded from paper-repo: https://papermc.io/repo/repository/maven-public/net/java/truevfs/truevfs-comp-zipdriver/0.12.1/truevfs-comp-zipdriver-0.12.1.pom (2.3 kB at 8.0 kB/s)
[INFO] Downloading from spigot-repo: https://hub.spigotmc.org/nexus/content/repositories/snapshots/net/java/truevfs/truevfs-comp-zip/0.12.1/truevfs-comp-zip-0.12.1.pom
[INFO] Downloading from paper-repo: https://papermc.io/repo/repository/maven-public/net/java/truevfs/truevfs-comp-zip/0.12.1/truevfs-comp-zip-0.12.1.pom
[INFO] Downloaded from paper-repo: https://papermc.io/repo/repository/maven-public/net/java/truevfs/truevfs-comp-zip/0.12.1/truevfs-comp-zip-0.12.1.pom (4.4 kB at 17 kB/s)
[INFO] Downloading from spigot-repo: https://hub.spigotmc.org/nexus/content/repositories/snapshots/org/bouncycastle/bcprov-jdk15on/1.63/bcprov-jdk15on-1.63.pom
[INFO] Downloading from paper-repo: https://papermc.io/repo/repository/maven-public/org/bouncycastle/bcprov-jdk15on/1.63/bcprov-jdk15on-1.63.pom
[INFO] Downloaded from paper-repo: https://papermc.io/repo/repository/maven-public/org/bouncycastle/bcprov-jdk15on/1.63/bcprov-jdk15on-1.63.pom (1.1 kB at 4.2 kB/s)
[INFO] Downloading from spigot-repo: https://hub.spigotmc.org/nexus/content/repositories/snapshots/org/apache/commons/commons-compress/1.19/commons-compress-1.19.pom
[INFO] Downloading from paper-repo: https://papermc.io/repo/repository/maven-public/org/apache/commons/commons-compress/1.19/commons-compress-1.19.pom
[INFO] Downloaded from paper-repo: https://papermc.io/repo/repository/maven-public/org/apache/commons/commons-compress/1.19/commons-compress-1.19.pom (18 kB at 45 kB/s)
[INFO] Downloading from spigot-repo: https://hub.spigotmc.org/nexus/content/repositories/snapshots/org/apache/commons/commons-parent/48/commons-parent-48.pom
[INFO] Downloading from paper-repo: https://papermc.io/repo/repository/maven-public/org/apache/commons/commons-parent/48/commons-parent-48.pom
[INFO] Downloaded from paper-repo: https://papermc.io/repo/repository/maven-public/org/apache/commons/commons-parent/48/commons-parent-48.pom (72 kB at 143 kB/s)
[INFO] Downloading from spigot-repo: https://hub.spigotmc.org/nexus/content/repositories/snapshots/com/google/code/findbugs/annotations/3.0.1u2/annotations-3.0.1u2.pom
[INFO] Downloading from paper-repo: https://papermc.io/repo/repository/maven-public/com/google/code/findbugs/annotations/3.0.1u2/annotations-3.0.1u2.pom
[INFO] Downloaded from paper-repo: https://papermc.io/repo/repository/maven-public/com/google/code/findbugs/annotations/3.0.1u2/annotations-3.0.1u2.pom (7.0 kB at 26 kB/s)
[INFO] Downloading from spigot-repo: https://hub.spigotmc.org/nexus/content/repositories/snapshots/net/java/truecommons/truecommons-key-spec/2.5.0/truecommons-key-spec-2.5.0.pom
[INFO] Downloading from paper-repo: https://papermc.io/repo/repository/maven-public/net/java/truecommons/truecommons-key-spec/2.5.0/truecommons-key-spec-2.5.0.pom
[INFO] Downloaded from paper-repo: https://papermc.io/repo/repository/maven-public/net/java/truecommons/truecommons-key-spec/2.5.0/truecommons-key-spec-2.5.0.pom (2.2 kB at 8.3 kB/s)
[INFO] Downloading from spigot-repo: https://hub.spigotmc.org/nexus/content/repositories/snapshots/net/java/truecommons/truecommons-key/2.5.0/truecommons-key-2.5.0.pom
[INFO] Downloading from paper-repo: https://papermc.io/repo/repository/maven-public/net/java/truecommons/truecommons-key/2.5.0/truecommons-key-2.5.0.pom
[INFO] Downloaded from paper-repo: https://papermc.io/repo/repository/maven-public/net/java/truecommons/truecommons-key/2.5.0/truecommons-key-2.5.0.pom (2.1 kB at 7.7 kB/s)
[INFO] Downloading from spigot-repo: https://hub.spigotmc.org/nexus/content/repositories/snapshots/net/java/truevfs/truevfs-driver-tar/0.12.1/truevfs-driver-tar-0.12.1.pom
[INFO] Downloading from paper-repo: https://papermc.io/repo/repository/maven-public/net/java/truevfs/truevfs-driver-tar/0.12.1/truevfs-driver-tar-0.12.1.pom
[INFO] Downloaded from paper-repo: https://papermc.io/repo/repository/maven-public/net/java/truevfs/truevfs-driver-tar/0.12.1/truevfs-driver-tar-0.12.1.pom (2.3 kB at 5.6 kB/s)
[INFO] Downloading from spigot-repo: https://hub.spigotmc.org/nexus/content/repositories/snapshots/net/java/truevfs/truevfs-comp-tardriver/0.12.1/truevfs-comp-tardriver-0.12.1.pom
[INFO] Downloading from paper-repo: https://papermc.io/repo/repository/maven-public/net/java/truevfs/truevfs-comp-tardriver/0.12.1/truevfs-comp-tardriver-0.12.1.pom
[INFO] Downloaded from paper-repo: https://papermc.io/repo/repository/maven-public/net/java/truevfs/truevfs-comp-tardriver/0.12.1/truevfs-comp-tardriver-0.12.1.pom (2.3 kB at 8.6 kB/s)
[INFO] Downloading from spigot-repo: https://hub.spigotmc.org/nexus/content/repositories/snapshots/net/java/truevfs/truevfs-driver-tar-bzip2/0.12.1/truevfs-driver-tar-bzip2-0.12.1.pom
[INFO] Downloading from paper-repo: https://papermc.io/repo/repository/maven-public/net/java/truevfs/truevfs-driver-tar-bzip2/0.12.1/truevfs-driver-tar-bzip2-0.12.1.pom
[INFO] Downloaded from paper-repo: https://papermc.io/repo/repository/maven-public/net/java/truevfs/truevfs-driver-tar-bzip2/0.12.1/truevfs-driver-tar-bzip2-0.12.1.pom (2.3 kB at 8.5 kB/s)
[INFO] Downloading from spigot-repo: https://hub.spigotmc.org/nexus/content/repositories/snapshots/net/java/truevfst/ruevfs-driver-tar-gzip/0.12.1/truevfs-driver-tar-gzip-0.12.1.pom
[INFO] Downloading from paper-repo: https://papermc.io/repo/repository/maven-public/net/java/truevfs/truevfs-driver-tar-gzip/0.12.1/truevfs-driver-tar-gzip-0.12.1.pom
[INFO] Downloaded from paper-repo: https://papermc.io/repo/repository/maven-public/net/java/truevfs/truevfs-driver-tar-gzip/0.12.1/truevfs-driver-tar-gzip-0.12.1.pom (2.3 kB at 9.3 kB/s)
[INFO] Downloading from spigot-repo: https://hub.spigotmc.org/nexus/content/repositories/snapshots/net/java/truevfs/truevfs-driver-tar-xz/0.12.1/truevfs-driver-tar-xz-0.12.1.pom
[INFO] Downloading from paper-repo: https://papermc.io/repo/repository/maven-public/net/java/truevfs/truevfs-driver-tar-xz/0.12.1/truevfs-driver-tar-xz-0.12.1.pom
[INFO] Downloaded from paper-repo: https://papermc.io/repo/repository/maven-public/net/java/truevfs/truevfs-driver-tar-xz/0.12.1/truevfs-driver-tar-xz-0.12.1.pom (2.5 kB at 9.0 kB/s)
[INFO] Downloading from spigot-repo: https://hub.spigotmc.org/nexus/content/repositories/snapshots/org/tukaani/xz/1.8/xz-1.8.pom
[INFO] Downloading from paper-repo: https://papermc.io/repo/repository/maven-public/org/tukaani/xz/1.8/xz-1.8.pom
[INFO] Downloaded from paper-repo: https://papermc.io/repo/repository/maven-public/org/tukaani/xz/1.8/xz-1.8.pom (1.9 kB at 7.0 kB/s)
[INFO] Downloading from spigot-repo: https://hub.spigotmc.org/nexus/content/repositories/snapshots/net/java/truevfs/truevfs-driver-zip-raes/0.12.1/truevfs-driver-zip-raes-0.12.1.pom
[INFO] Downloading from paper-repo: https://papermc.io/repo/repository/maven-public/net/java/truevfs/truevfs-driver-zip-raes/0.12.1/truevfs-driver-zip-raes-0.12.1.pom
[INFO] Downloaded from paper-repo: https://papermc.io/repo/repository/maven-public/net/java/truevfs/truevfs-driver-zip-raes/0.12.1/truevfs-driver-zip-raes-0.12.1.pom (2.4 kB at 8.3 kB/s)
[INFO] Downloading from spigot-repo: https://hub.spigotmc.org/nexus/content/repositories/snapshots/net/java/truevfs/truevfs-profile-base_2.13/0.12.1/truevfs-profile-base_2.13-0.12.1.pom
ading from paper-repo: https://papermc[INFO] Downlo.io/repo/repository/maven-public/net/java/truevfs/truevfs-profile-base_2.13/0.12.1/truevfs-profile-base_2.13-0.12.1.pom
[INFO] Downloaded from paper-repo: https://papermc.io/repo/repository/maven-public/net/java/truevfs/truevfs-profile-base_2.13/0.12.1/truevfs-profile-base_2.13-0.12.1.pom (3.7 kB at 13 kB/s)
[INFO] Downloading from spigot-repo: https://hub.spigotmc.org/nexus/content/repositories/snapshots/net/java/truevfs/truevfs-access-swing/0.12.1/truevfs-access-swing-0.12.1.pom
[INFO] Downloading from paper-repo: https://papermc.io/repo/repository/maven-public/net/java/truevfs/truevfs-access-swing/0.12.1/truevfs-access-swing-0.12.1.pom
[INFO] Downloaded from paper-repo: https://papermc.io/repo/repository/maven-public/net/java/truevfs/truevfs-access-swing/0.12.1/truevfs-access-swing-0.12.1.pom (2.2 kB at 8.0 kB/s)
[INFO] Downloading from spigot-repo: https://hub.spigotmc.org/nexus/content/repositories/snapshots/net/java/truevfs/truevfs-access/0.12.1/truevfs-access-0.12.1.pom
[INFO] Downloading from paper-repo: https://papermc.io/repo/repository/maven-public/net/java/truevfs/truevfs-access/0.12.1/truevfs-access-0.12.1.pom
[INFO] Downloaded from paper-repo: https://papermc.io/repo/repository/maven-public/net/java/truevfs/truevfs-access/0.12.1/truevfs-access-0.12.1.pom (3.4 kB at 13 kB/s)
[INFO] Downloading from spigot-repo: https://hub.spigotmc.org/nexus/content/repositories/snapshots/net/java/truevfs/truevfs-driver-file/0.12.1/truevfs-driver-file-0.12.1.pom
[INFO] Downloading from paper-repo: https://papermc.io/repo/repository/maven-public/net/java/truevfs/truevfs-driver-file/0.12.1/truevfs-driver-file-0.12.1.pom
[INFO] Downloaded from paper-repo: https://papermc.io/repo/repository/maven-public/net/java/truevfs/truevfs-driver-file/0.12.1/truevfs-driver-file-0.12.1.pom (2.5 kB at 9.3 kB/s)
[INFO] Downloading from spigot-repo: https://hub.spigotmc.org/nexus/content/repositories/snapshots/net/java/truevfs/truevfs-driver-jar/0.12.1/truevfs-driver-jar-0.12.1.pom
[INFO] Downloading from paper-repo: https://papermc.io/repo/repository/maven-public/net/java/truevfs/truevfs-driver-jar/0.12.1/truevfs-driver-jar-0.12.1.pom
[INFO] Downloaded from paper-repo: https://papermc.io/repo/repository/maven-public/net/java/truevfs/truevfs-driver-jar/0.12.1/truevfs-driver-jar-0.12.1.pom (2.3 kB at 9.0 kB/s)
[INFO] Downloading from spigot-repo: https://hub.spigotmc.org/nexus/content/repositories/snapshots/net/java/truevfs/truevfs-driver-zip/0.12.1/truevfs-driver-zip-0.12.1.pom
[INFO] Downloading from paper-repo: https://papermc.io/repo/repository/maven-public/net/java/truevfs/truevfs-driver-zip/0.12.1/truevfs-driver-zip-0.12.1.pom
[INFO] Downloaded from paper-repo: https://papermc.io/repo/repository/maven-public/net/java/truevfs/truevfs-driver-zip/0.12.1/truevfs-driver-zip-0.12.1.pom (2.5 kB at 8.9 kB/s)
[INFO] Downloading from spigot-repo: https://hub.spigotmc.org/nexus/content/repositories/snapshots/net/java/truevfs/truevfs-comp-ibm437/0.12.1/truevfs-comp-ibm437-0.12.1.pom
[INFO] Downloading from paper-repo: https://papermc.io/repo/repository/maven-public/net/java/truevfs/truevfs-comp-ibm437/0.12.1/truevfs-comp-ibm437-0.12.1.pom
[INFO] Downloaded from paper-repo: https://papermc.io/repo/repository/maven-public/net/java/truevfs/truevfs-comp-ibm437/0.12.1/truevfs-comp-ibm437-0.12.1.pom (2.9 kB at 11 kB/s)
[INFO] Downloading from spigot-repo: https://hub.spigotmc.org/nexus/content/repositories/snapshots/net/java/truevfs/truevfs-kernel-impl_2.13/0.12.1/truevfs-kernel-impl_2.13-0.12.1.pom
[INFO] Downloading from paper-repo: https://papermc.io/repo/repository/maven-public/net/java/truevfs/truevfs-kernel-impl_2.13/0.12.1/truevfs-kernel-impl_2.13-0.12.1.pom
[INFO] Downloaded from paper-repo: https://papermc.io/repo/repository/maven-public/net/java/truevfs/truevfs-kernel-impl_2.13/0.12.1/truevfs-kernel-impl_2.13-0.12.1.pom (3.8 kB at 14 kB/s)
[INFO] Downloading from spigot-repo: https://hub.spigotmc.org/nexus/content/repositories/snapshots/net/java/truecommons/truecommons-key-console/2.5.0/truecommons-key-console-2.5.0.pom
[INFO] Downloading from paper-repo: https://papermc.io/repo/repository/maven-public/net/java/truecommons/truecommons-key-console/2.5.0/truecommons-key-console-2.5.0.pom
[INFO] Downloaded from paper-repo: https://papermc.io/repo/repository/maven-public/net/java/truecommons/truecommons-key-console/2.5.0/truecommons-key-console-2.5.0.pom (1.2 kB at 4.6 kB/s)
[INFO] Downloading from spigot-repo: https://hub.spigotmc.org/nexus/content/repositories/snapshots/net/java/truecommons/truecommons-key-default/2.5.0/truecommons-key-default-2.5.0.pom
[INFO] Downloading from paper-repo: https://papermc.io/repo/repository/maven-public/net/java/truecommons/truecommons-key-default/2.5.0/truecommons-key-default-2.5.0.pom
[INFO] Downloaded from paper-repo: https://papermc.io/repo/repository/maven-public/net/java/truecommons/truecommons-key-default/2.5.0/truecommons-key-default-2.5.0.pom (1.3 kB at 4.9 kB/s)
[INFO] Downloading from spigot-repo: https://hub.spigotmc.org/nexus/content/repositories/snapshots/net/java/truecommons/truecommons-key-swing/2.5.0/truecommons-key-swing-2.5.0.pom
[INFO] Downloading from paper-repo: https://papermc.io/repo/repository/maven-public/net/java/truecommons/truecommons-key-swing/2.5.0/truecommons-key-swing-2.5.0.pom
[INFO] Downloaded from paper-repo: https://papermc.io/repo/repository/maven-public/net/java/truecommons/truecommons-key-swing/2.5.0/truecommons-key-swing-2.5.0.pom (1.7 kB at 6.5 kB/s)
[INFO] Downloading from spigot-repo: https://hub.spigotmc.org/nexus/content/repositories/snapshots/net/java/truecommons/truecommons-key-macosx/2.5.0/truecommons-key-macosx-2.5.0.pom
[INFO] Downloading from paper-repo: https://papermc.io/repo/repository/maven-public/net/java/truecommons/truecommons-key-macosx/2.5.0/truecommons-key-macosx-2.5.0.pom
[INFO] Downloaded from paper-repo: https://papermc.io/repo/repository/maven-public/net/java/truecommons/truecommons-key-macosx/2.5.0/truecommons-key-macosx-2.5.0.pom (2.4 kB at 8.6 kB/s)
[INFO] Downloading from spigot-repo: https://hub.spigotmc.org/nexus/content/repositories/snapshots/net/java/dev/jna/jna/4.1.0/jna-4.1.0.pom
[INFO] Downloading from paper-repo: https://papermc.io/repo/repository/maven-public/net/java/dev/jna/jna/4.1.0/jna-4.1.0.pom
[INFO] Downloaded from paper-repo: https://papermc.io/repo/repository/maven-public/net/java/dev/jna/jna/4.1.0/jna-4.1.0.pom (1.3 kB at 4.9 kB/s)
[INFO] Downloading from spigot-repo: https://hub.spigotmc.org/nexus/content/repositories/snapshots/org/mozilla/rhino-runtime/1.7.12/rhino-runtime-1.7.12.pom
[INFO] Downloading from paper-repo: https://papermc.io/repo/repository/maven-public/org/mozilla/rhino-runtime/1.7.12/rhino-runtime-1.7.12.pom
[INFO] Downloaded from paper-repo: https://papermc.io/repo/repository/maven-public/org/mozilla/rhino-runtime/1.7.12/rhino-runtime-1.7.12.pom (1.3 kB at 5.3 kB/s)
[INFO] Downloading from spigot-repo: https://hub.spigotmc.org/nexus/content/repositories/snapshots/org/yaml/snakeyaml/1.9/snakeyaml-1.9.pom
[INFO] Downloading from paper-repo: https://papermc.io/repo/repository/maven-public/org/yaml/snakeyaml/1.9/snakeyaml-1.9.pom
[INFO] Downloaded from paper-repo: https://papermc.io/repo/repository/maven-public/org/yaml/snakeyaml/1.9/snakeyaml-1.9.pom (14 kB at 36 kB/s)
[INFO] Downloading from spigot-repo: https://hub.spigotmc.org/nexus/content/repositories/snapshots/com/google/code/findbugs/jsr305/1.3.9/jsr305-1.3.9.pom
[INFO] Downloading from paper-repo: https://papermc.io/repo/repository/maven-public/com/google/code/findbugs/jsr305/1.3.9/jsr305-1.3.9.pom
[INFO] Downloaded from paper-repo: https://papermc.io/repo/repository/maven-public/com/google/code/findbugs/jsr305/1.3.9/jsr305-1.3.9.pom (965 B at 3.6 kB/s)
[INFO] Downloading from spigot-repo: https://hub.spigotmc.org/nexus/content/repositories/snapshots/org/slf4j/slf4j-api/1.7.26/slf4j-api-1.7.26.pom
[INFO] Downloading from paper-repo: https://papermc.io/repo/repository/maven-public/org/slf4j/slf4j-api/1.7.26/slf4j-api-1.7.26.pom
[INFO] Downloaded from paper-repo: https://papermc.io/repo/repository/maven-public/org/slf4j/slf4j-api/1.7.26/slf4j-api-1.7.26.pom (3.8 kB at 14 kB/s)
[INFO] Downloading from spigot-repo: https://hub.spigotmc.org/nexus/content/repositories/snapshots/org/slf4j/slf4j-parent/1.7.26/slf4j-parent-1.7.26.pom
[INFO] Downloading from paper-repo: https://papermc.io/repo/repository/maven-public/org/slf4j/slf4j-parent/1.7.26/slf4j-parent-1.7.26.pom
[INFO] Downloaded from paper-repo: https://papermc.io/repo/repository/maven-public/org/slf4j/slf4j-parent/1.7.26/slf4j-parent-1.7.26.pom (14 kB at 37 kB/s)
[INFO] Downloading from spigot-repo: https://hub.spigotmc.org/nexus/content/repositories/snapshots/it/unimi/dsi/fastutil/8.2.1/fastutil-8.2.1.pom
[INFO] Downloading from paper-repo: https://papermc.io/repo/repository/maven-public/it/unimi/dsi/fastutil/8.2.1/fastutil-8.2.1.pom
[INFO] Downloaded from paper-repo: https://papermc.io/repo/repository/maven-public/it/unimi/dsi/fastutil/8.2.1/fastutil-8.2.1.pom (1.4 kB at 5.4 kB/s)
[INFO] Downloading from spigot-repo: https://hub.spigotmc.org/nexus/content/repositories/snapshots/org/antlr/antlr4-runtime/4.7.2/antlr4-runtime-4.7.2.pom
[INFO] Downloading from paper-repo: https://papermc.io/repo/repository/maven-public/org/antlr/antlr4-runtime/4.7.2/antlr4-runtime-4.7.2.pom
[INFO] Downloaded from paper-repo: https://papermc.io/repo/repository/maven-public/org/antlr/antlr4-runtime/4.7.2/antlr4-runtime-4.7.2.pom (3.6 kB at 14 kB/s)
[INFO] Downloading from spigot-repo: https://hub.spigotmc.org/nexus/content/repositories/snapshots/org/antlr/antlr4-master/4.7.2/antlr4-master-4.7.2.pom
[INFO] Downloading from paper-repo: https://papermc.io/repo/repository/maven-public/org/antlr/antlr4-master/4.7.2/antlr4-master-4.7.2.pom
[INFO] Downloaded from paper-repo: https://papermc.io/repo/repository/maven-public/org/antlr/antlr4-master/4.7.2/antlr4-master-4.7.2.pom (4.4 kB at 16 kB/s)
[INFO] Downloading from spigot-repo: https://hub.spigotmc.org/nexus/content/repositories/snapshots/org/sonatype/oss/oss-parent/9/oss-parent-9.pom
[INFO] Downloading from paper-repo: https://papermc.io/repo/repository/maven-public/org/sonatype/oss/oss-parent/9/oss-parent-9.pom
[INFO] Downloaded from paper-repo: https://papermc.io/repo/repository/maven-public/org/sonatype/oss/oss-parent/9/oss-parent-9.pom (6.6 kB at 25 kB/s)
[INFO] Downloading from spigot-repo: https://hub.spigotmc.org/nexus/content/repositories/snapshots/com/sk89q/worldedit/worldedit-libs/bukkit/7.2.0-SNAPSHOT/maven-metadata.xml
[INFO] Downloading from paper-repo: https://papermc.io/repo/repository/maven-public/com/sk89q/worldedit/worldedit-libs/bukkit/7.2.0-SNAPSHOT/maven-metadata.xml
[INFO] Downloading from jitpack.io: https://jitpack.io/com/sk89q/worldedit/worldedit-libs/bukkit/7.2.0-SNAPSHOT/maven-metadata.xml
[INFO] Downloading from worldedit-repo: https://maven.sk89q.com/repo/com/sk89q/worldedit/worldedit-libs/bukkit/7.2.0-SNAPSHOT/maven-metadata.xml
[INFO] Downloading from placeholderapi-repo: https://repo.extendedclip.com/content/repositories/placeholderapi/com/sk89q/worldedit/worldedit-libs/bukkit/7.2.0-SNAPSHOT/maven-metadata.xml
[INFO] Downloading from walshy-public: https://repo.walshy.dev/public/com/sk89q/worldedit/worldedit-libs/bukkit/7.2.0-SNAPSHOT/maven-metadata.xml
[INFO] Downloaded from worldedit-repo: https://maven.sk89q.com/repo/com/sk89q/worldedit/worldedit-libs/bukkit/7.2.0-SNAPSHOT/maven-metadata.xml (1.0 kB at 7.8 kB/s)
[WARNING] Could not transfer metadata com.sk89q.worldedit.worldedit-libs:bukkit:7.2.0-SNAPSHOT/maven-metadata.xml from/to walshy-public (https://repo.walshy.dev/public/): Transfer failed for https://repo.walshy.dev/public/com/sk89q/worldedit/worldedit-libs/bukkit/7.2.0-SNAPSHOT/maven-metadata.xml 500 Internal Server Error
[WARNING] Failure to transfer com.sk89q.worldedit.worldedit-libs:bukkit:7.2.0-SNAPSHOT/maven-metadata.xml from https://repo.walshy.dev/public/ was cached in the local repository, resolution will not be reattempted until the update interval of walshy-public has elapsed or updates are forced. Original error: Could not transfer metadata com.sk89q.worldedit.worldedit-libs:bukkit:7.2.0-SNAPSHOT/maven-metadata.xml from/to walshy-public (https://repo.walshy.dev/public/): Transfer failed for https://repo.walshy.dev/public/com/sk89q/worldedit/worldedit-libs/bukkit/7.2.0-SNAPSHOT/maven-metadata.xml 500 Internal Server Error
[INFO] Downloading from spigot-repo: https://hub.spigotmc.org/nexus/content/repositories/snapshots/com/sk89q/worldedit/worldedit-libs/bukkit/7.2.0-SNAPSHOT/bukkit-7.2.0-20201005.050228-172.pom
[INFO] Downloading from paper-repo: https://papermc.io/repo/repository/maven-public/com/sk89q/worldedit/worldedit-libs/bukkit/7.2.0-SNAPSHOT/bukkit-7.2.0-20201005.050228-172.pom
[INFO] Downloading from jitpack.io: https://jitpack.io/com/sk89q/worldedit/worldedit-libs/bukkit/7.2.0-SNAPSHOT/bukkit-7.2.0-20201005.050228-172.pom
[INFO] Downloading from worldedit-repo: https://maven.sk89q.com/repo/com/sk89q/worldedit/worldedit-libs/bukkit/7.2.0-SNAPSHOT/bukkit-7.2.0-20201005.050228-172.pom
[INFO] Downloaded from worldedit-repo: https://maven.sk89q.com/repo/com/sk89q/worldedit/worldedit-libs/bukkit/7.2.0-SNAPSHOT/bukkit-7.2.0-20201005.050228-172.pom (422 B at 4.4 kB/s)
[INFO] Downloading from spigot-repo: https://hub.spigotmc.org/nexus/content/repositories/snapshots/org/spigotmc/spigot-api/1.16.1-R0.1-SNAPSHOT/maven-metadata.xml
[INFO] Downloading from paper-repo: https://papermc.io/repo/repository/maven-public/org/spigotmc/spigot-api/1.16.1-R0.1-SNAPSHOT/maven-metadata.xml
[INFO] Downloading from jitpack.io: https://jitpack.io/org/spigotmc/spigot-api/1.16.1-R0.1-SNAPSHOT/maven-metadata.xml
[INFO] Downloading from worldedit-repo: https://maven.sk89q.com/repo/org/spigotmc/spigot-api/1.16.1-R0.1-SNAPSHOT/maven-metadata.xml
[INFO] Downloading from placeholderapi-repo: https://repo.extendedclip.com/content/repositories/placeholderapi/org/spigotmc/spigot-api/1.16.1-R0.1-SNAPSHOT/maven-metadata.xml
[INFO] Downloaded from spigot-repo: https://hub.spigotmc.org/nexus/content/repositories/snapshots/org/spigotmc/spigot-api/1.16.1-R0.1-SNAPSHOT/maven-metadata.xml (1.5 kB at 19 kB/s)
[INFO] Downloading from walshy-public: https://repo.walshy.dev/public/org/spigotmc/spigot-api/1.16.1-R0.1-SNAPSHOT/maven-metadata.xml
[INFO] Downloaded from paper-repo: https://papermc.io/repo/repository/maven-public/org/spigotmc/spigot-api/1.16.1-R0.1-SNAPSHOT/maven-metadata.xml (1.5 kB at 1.5 kB/s)
[WARNING] Could not transfer metadata org.spigotmc:spigot-api:1.16.1-R0.1-SNAPSHOT/maven-metadata.xml from/to walshy-public (https://repo.walshy.dev/public/): Transfer failed for https://repo.walshy.dev/public/org/spigotmc/spigot-api/1.16.1-R0.1-SNAPSHOT/maven-metadata.xml 500 Server Error
[WARNING] Failure to transfer org.spigotmc:spigot-api:1.16.1-R0.1-SNAPSHOT/maven-metadata.xml from https://repo.walshy.dev/public/ was cached in the local repository, resolution will not be reattempted until the update interval of walshy-public has elapsed or updates are forced. Original error: Could not transfer metadata org.spigotmc:spigot-api:1.16.1-R0.1-SNAPSHOT/maven-metadata.xml from/to walshy-public (https://repo.walshy.dev/public/): Transfer failed for https://repo.walshy.dev/public/org/spigotmc/spigot-api/1.16.1-R0.1-SNAPSHOT/maven-metadata.xml 500 Server Error
[INFO] Downloading from spigot-repo: https://hub.spigotmc.org/nexus/content/repositories/snapshots/org/spigotmc/spigot-api/1.16.1-R0.1-SNAPSHOT/spigot-api-1.16.1-R0.1-20200811.074017-132.pom
[INFO] Downloaded from spigot-repo: https://hub.spigotmc.org/nexus/content/repositories/snapshots/org/spigotmc/spigot-api/1.16.1-R0.1-SNAPSHOT/spigot-api-1.16.1-R0.1-20200811.074017-132.pom (11 kB at 151 kB/s)
[INFO] Downloading from spigot-repo: https://hub.spigotmc.org/nexus/content/repositories/snapshots/io/papermc/paperlib/1.0.2/paperlib-1.0.2.pom
[INFO] Downloading from paper-repo: https://papermc.io/repo/repository/maven-public/io/papermc/paperlib/1.0.2/paperlib-1.0.2.pom
[INFO] Downloaded from paper-repo: https://papermc.io/repo/repository/maven-public/io/papermc/paperlib/1.0.2/paperlib-1.0.2.pom (936 B at 1.6 kB/s)
[INFO] Downloading from spigot-repo: https://hub.spigotmc.org/nexus/content/repositories/snapshots/org/apache/logging/log4j/log4j-slf4j-impl/2.8.1/log4j-slf4j-impl-2.8.1.pom
[INFO] Downloading from paper-repo: https://papermc.io/repo/repository/maven-public/org/apache/logging/log4j/log4j-slf4j-impl/2.8.1/log4j-slf4j-impl-2.8.1.pom
[INFO] Downloaded from paper-repo: https://papermc.io/repo/repository/maven-public/org/apache/logging/log4j/log4j-slf4j-impl/2.8.1/log4j-slf4j-impl-2.8.1.pom (9.2 kB at 16 kB/s)
[INFO] Downloading from spigot-repo: https://hub.spigotmc.org/nexus/content/repositories/snapshots/org/apache/logging/log4j/log4j/2.8.1/log4j-2.8.1.pom
[INFO] Downloading from paper-repo: https://papermc.io/repo/repository/maven-public/org/apache/logging/log4j/log4j/2.8.1/log4j-2.8.1.pom
[INFO] Downloaded from paper-repo: https://papermc.io/repo/repository/maven-public/org/apache/logging/log4j/log4j/2.8.1/log4j-2.8.1.pom (55 kB at 70 kB/s)
[INFO] Downloading from spigot-repo: https://hub.spigotmc.org/nexus/content/repositories/snapshots/org/apache/logging/logging-parent/1/logging-parent-1.pom
[INFO] Downloading from paper-repo: https://papermc.io/repo/repository/maven-public/org/apache/logging/logging-parent/1/logging-parent-1.pom
[INFO] Downloaded from paper-repo: https://papermc.io/repo/repository/maven-public/org/apache/logging/logging-parent/1/logging-parent-1.pom (3.2 kB at 5.5 kB/s)
[INFO] Downloading from spigot-repo: https://hub.spigotmc.org/nexus/content/repositories/snapshots/org/slf4j/slf4j-api/1.7.24/slf4j-api-1.7.24.pom
[INFO] Downloading from paper-repo: https://papermc.io/repo/repository/maven-public/org/slf4j/slf4j-api/1.7.24/slf4j-api-1.7.24.pom
[INFO] Downloaded from paper-repo: https://papermc.io/repo/repository/maven-public/org/slf4j/slf4j-api/1.7.24/slf4j-api-1.7.24.pom (3.8 kB at 6.5 kB/s)
[INFO] Downloading from spigot-repo: https://hub.spigotmc.org/nexus/content/repositories/snapshots/org/slf4j/slf4j-parent/1.7.24/slf4j-parent-1.7.24.pom
[INFO] Downloading from paper-repo: https://papermc.io/repo/repository/maven-public/org/slf4j/slf4j-parent/1.7.24/slf4j-parent-1.7.24.pom
[INFO] Downloaded from paper-repo: https://papermc.io/repo/repository/maven-public/org/slf4j/slf4j-parent/1.7.24/slf4j-parent-1.7.24.pom (14 kB at 21 kB/s)
[INFO] Downloading from spigot-repo: https://hub.spigotmc.org/nexus/content/repositories/snapshots/org/apache/logging/log4j/log4j-api/2.8.1/log4j-api-2.8.1.pom
[INFO] Downloading from paper-repo: https://papermc.io/repo/repository/maven-public/org/apache/logging/log4j/log4j-api/2.8.1/log4j-api-2.8.1.pom
[INFO] Downloaded from paper-repo: https://papermc.io/repo/repository/maven-public/org/apache/logging/log4j/log4j-api/2.8.1/log4j-api-2.8.1.pom (8.7 kB at 35 kB/s)
[INFO] Downloading from spigot-repo: https://hub.spigotmc.org/nexus/content/repositories/snapshots/org/bstats/bstats-bukkit/1.7/bstats-bukkit-1.7.pom
[INFO] Downloading from paper-repo: https://papermc.io/repo/repository/maven-public/org/bstats/bstats-bukkit/1.7/bstats-bukkit-1.7.pom
[INFO] Downloading from jitpack.io: https://jitpack.io/org/bstats/bstats-bukkit/1.7/bstats-bukkit-1.7.pom
[INFO] Downloading from worldedit-repo: https://maven.sk89q.com/repo/org/bstats/bstats-bukkit/1.7/bstats-bukkit-1.7.pom
[INFO] Downloaded from worldedit-repo: https://maven.sk89q.com/repo/org/bstats/bstats-bukkit/1.7/bstats-bukkit-1.7.pom (763 B at 5.0 kB/s)
[INFO] Downloading from spigot-repo: https://hub.spigotmc.org/nexus/content/repositories/snapshots/org/bstats/bstats/1.7/bstats-1.7.pom
[INFO] Downloading from paper-repo: https://papermc.io/repo/repository/maven-public/org/bstats/bstats/1.7/bstats-1.7.pom
[INFO] Downloading from jitpack.io: https://jitpack.io/org/bstats/bstats/1.7/bstats-1.7.pom
[INFO] Downloading from worldedit-repo: https://maven.sk89q.com/repo/org/bstats/bstats/1.7/bstats-1.7.pom
[INFO] Downloaded from worldedit-repo: https://maven.sk89q.com/repo/org/bstats/bstats/1.7/bstats-1.7.pom (7.3 kB at 63 kB/s)
[INFO] Downloading from spigot-repo: https://hub.spigotmc.org/nexus/content/repositories/snapshots/me/clip/placeholderapi/2.10.9/placeholderapi-2.10.9.pom
[INFO] Downloading from paper-repo: https://papermc.io/repo/repository/maven-public/me/clip/placeholderapi/2.10.9/placeholderapi-2.10.9.pom
[INFO] Downloading from jitpack.io: https://jitpack.io/me/clip/placeholderapi/2.10.9/placeholderapi-2.10.9.pom
[INFO] Downloading from worldedit-repo: https://maven.sk89q.com/repo/me/clip/placeholderapi/2.10.9/placeholderapi-2.10.9.pom
[INFO] Downloading from placeholderapi-repo: https://repo.extendedclip.com/content/repositories/placeholderapi/me/clip/placeholderapi/2.10.9/placeholderapi-2.10.9.pom
[INFO] Downloaded from placeholderapi-repo: https://repo.extendedclip.com/content/repositories/placeholderapi/me/clip/placeholderapi/2.10.9/placeholderapi-2.10.9.pom (961 B at 7.4 kB/s)
[INFO] Downloading from spigot-repo: https://hub.spigotmc.org/nexus/content/repositories/snapshots/com/github/TheBusyBiscuit/EmeraldEnchants2/3cd370b5d8/EmeraldEnchants2-3cd370b5d8.pom
[INFO] Downloading from paper-repo: https://papermc.io/repo/repository/maven-public/com/github/TheBusyBiscuit/EmeraldEnchants2/3cd370b5d8/EmeraldEnchants2-3cd370b5d8.pom
[INFO] Downloading from jitpack.io: https://jitpack.io/com/github/TheBusyBiscuit/EmeraldEnchants2/3cd370b5d8/EmeraldEnchants2-3cd370b5d8.pom
[INFO] Downloaded from jitpack.io: https://jitpack.io/com/github/TheBusyBiscuit/EmeraldEnchants2/3cd370b5d8/EmeraldEnchants2-3cd370b5d8.pom (3.6 kB at 69 kB/s)
[INFO] Downloading from spigot-repo: https://hub.spigotmc.org/nexus/content/repositories/snapshots/me/minebuilders/clearlag-core/3.1.6/clearlag-core-3.1.6.pom
[INFO] Downloading from paper-repo: https://papermc.io/repo/repository/maven-public/me/minebuilders/clearlag-core/3.1.6/clearlag-core-3.1.6.pom
[INFO] Downloading from jitpack.io: https://jitpack.io/me/minebuilders/clearlag-core/3.1.6/clearlag-core-3.1.6.pom
[INFO] Downloading from worldedit-repo: https://maven.sk89q.com/repo/me/minebuilders/clearlag-core/3.1.6/clearlag-core-3.1.6.pom
[INFO] Downloading from placeholderapi-repo: https://repo.extendedclip.com/content/repositories/placeholderapi/me/minebuilders/clearlag-core/3.1.6/clearlag-core-3.1.6.pom
[INFO] Downloading from walshy-public: https://repo.walshy.dev/public/me/minebuilders/clearlag-core/3.1.6/clearlag-core-3.1.6.pom
[INFO] Downloaded from walshy-public: https://repo.walshy.dev/public/me/minebuilders/clearlag-core/3.1.6/clearlag-core-3.1.6.pom (401 B at 679 B/s)
[INFO] 
[INFO] ------------------------------------------------------------------------
[INFO] Skipping Slimefun
[INFO] This project has been banned from the build due to previous failures.
[INFO] ------------------------------------------------------------------------
[INFO] ------------------------------------------------------------------------
[INFO] BUILD FAILURE
[INFO] ------------------------------------------------------------------------
[INFO] Total time:  01:13 min
[INFO] Finished at: 2020-10-08T12:41:42Z
[INFO] ------------------------------------------------------------------------
[ERROR] Failed to execute goal on project Slimefun: Could not resolve dependencies for project com.github.slimefun:Slimefun:jar:DEV - 706 (git 01d233af): Failed to collect dependencies at com.github.TheBusyBiscuit:CS-CoreLib:jar:1.7: Failed to read artifact descriptor for com.github.TheBusyBiscuit:CS-CoreLib:jar:1.7: Could not transfer artifact com.github.TheBusyBiscuit:CS-CoreLib:pom:1.7 from/to jitpack.io (https://jitpack.io): Transfer failed for https://jitpack.io/com/github/TheBusyBiscuit/CS-CoreLib/1.7/CS-CoreLib-1.7.pom: Connection reset -> [Help 1]
[ERROR] 
[ERROR] To see the full stack trace of the errors, re-run Maven with the -e switch.
[ERROR] Re-run Maven using the -X switch to enable full debug logging.
[ERROR] 
[ERROR] For more information about the errors and possible solutions, please read the following articles:
[ERROR] [Help 1] http://cwiki.apache.org/confluence/display/MAVEN/DependencyResolutionException
