[INFO] Scanning for projects...
[WARNING] 
[WARNING] Some problems were encountered while building the effective model for me.mrCookieSlime:Slimefun:jar:DEV - 171 (git 31c7c50f)
[WARNING] 'dependencies.dependency.systemPath' for me.minebuilders:clearlag-core:jar should not point at files within the project directory, ${project.basedir}/lib/Clearlag.jar will be unresolvable by dependent projects @ line 1, column 3580
[WARNING] 'dependencies.dependency.systemPath' for me.mrCookieSlime:EmeraldEnchants:jar should not point at files within the project directory, ${project.basedir}/lib/EmeraldEnchants v2.0.jar will be unresolvable by dependent projects @ line 1, column 3926
[WARNING] 'dependencies.dependency.systemPath' for me.mrCookieSlime:ExoticGarden:jar should not point at files within the project directory, ${project.basedir}/lib/ExoticGarden v1.2.0.jar will be unresolvable by dependent projects @ line 1, column 4140
[WARNING] 'build.plugins.plugin.version' for org.apache.maven.plugins:maven-source-plugin is missing. @ line 1, column 1438
[WARNING] 
[WARNING] It is highly recommended to fix these problems because they threaten the stability of your build.
[WARNING] 
[WARNING] For this reason, future Maven versions might no longer support building such malformed projects.
[WARNING] 
[INFO] 
[INFO] ---------------------< me.mrCookieSlime:Slimefun >----------------------
[INFO] Building Slimefun DEV - 171 (git 31c7c50f)
[INFO] --------------------------------[ jar ]---------------------------------
[WARNING] The POM for com.github.TheBusyBiscuit:CS-CoreLib:jar:v1.6.1 is invalid, transitive dependencies (if any) will not be available, enable debug logging for more details
[WARNING] The POM for com.github.thebusybiscuit:CS-CoreLib2:jar:0.3.7 is invalid, transitive dependencies (if any) will not be available, enable debug logging for more details
[INFO] 
[INFO] --- maven-clean-plugin:2.5:clean (default-clean) @ Slimefun ---
[INFO] 
[INFO] --- maven-resources-plugin:2.6:resources (default-resources) @ Slimefun ---
[INFO] Using 'UTF-8' encoding to copy filtered resources.
[INFO] Copying 2 resources
[INFO] 
[INFO] --- maven-compiler-plugin:3.1:compile (default-compile) @ Slimefun ---
[INFO] Changes detected - recompiling the module!
[INFO] Compiling 207 source files to /home/pi/Desktop/Build Server/TheBusyBiscuit/Slimefun4/master/files/target/classes
[INFO] -------------------------------------------------------------
[WARNING] COMPILATION WARNING : 
[INFO] -------------------------------------------------------------
[WARNING] /home/pi/Desktop/Build Server/TheBusyBiscuit/Slimefun4/master/files/src/me/mrCookieSlime/Slimefun/api/TickerTask.java: Some input files use or override a deprecated API.
[WARNING] /home/pi/Desktop/Build Server/TheBusyBiscuit/Slimefun4/master/files/src/me/mrCookieSlime/Slimefun/api/TickerTask.java: Recompile with -Xlint:deprecation for details.
[INFO] 2 warnings 
[INFO] -------------------------------------------------------------
[INFO] -------------------------------------------------------------
[ERROR] COMPILATION ERROR : 
[INFO] -------------------------------------------------------------
[ERROR] /home/pi/Desktop/Build Server/TheBusyBiscuit/Slimefun4/master/files/src/me/mrCookieSlime/Slimefun/Objects/SlimefunItem/SlimefunItem.java:[25,63] cannot find symbol
  symbol:   class ItemHandler
  location: package me.mrCookieSlime.Slimefun.Objects.SlimefunItem.handlers
[ERROR] /home/pi/Desktop/Build Server/TheBusyBiscuit/Slimefun4/master/files/src/me/mrCookieSlime/Slimefun/Objects/SlimefunItem/SlimefunItem.java:[46,39] cannot find symbol
  symbol:   class ItemHandler
  location: class me.mrCookieSlime.Slimefun.Objects.SlimefunItem.SlimefunItem
[ERROR] /home/pi/Desktop/Build Server/TheBusyBiscuit/Slimefun4/master/files/src/me/mrCookieSlime/Slimefun/Objects/SlimefunItem/SlimefunItem.java:[64,21] cannot find symbol
  symbol:   class ItemHandler
  location: class me.mrCookieSlime.Slimefun.Objects.SlimefunItem.SlimefunItem
[ERROR] /home/pi/Desktop/Build Server/TheBusyBiscuit/Slimefun4/master/files/src/me/mrCookieSlime/Slimefun/api/energy/EnergyTicker.java:[5,63] cannot find symbol
  symbol:   class ItemHandler
  location: package me.mrCookieSlime.Slimefun.Objects.SlimefunItem.handlers
[ERROR] /home/pi/Desktop/Build Server/TheBusyBiscuit/Slimefun4/master/files/src/me/mrCookieSlime/Slimefun/api/energy/EnergyTicker.java:[9,47] cannot find symbol
  symbol: class ItemHandler
[ERROR] /home/pi/Desktop/Build Server/TheBusyBiscuit/Slimefun4/master/files/src/me/mrCookieSlime/Slimefun/Objects/SlimefunItem/SlimefunItem.java:[188,20] cannot find symbol
  symbol:   class ItemHandler
  location: class me.mrCookieSlime.Slimefun.Objects.SlimefunItem.SlimefunItem
[ERROR] /home/pi/Desktop/Build Server/TheBusyBiscuit/Slimefun4/master/files/src/me/mrCookieSlime/Slimefun/Objects/SlimefunItem/SlimefunItem.java:[392,36] cannot find symbol
  symbol:   class ItemHandler
  locatefunItem
[ERROR] /home/pi/Desktop/Buion: class me.mrCookieSlime.Slimefun.Objects.SlimefunItem.Slimild Server/TheBusyBiscuit/Slimefun4/master/files/src/me/mrCookieSlime/Slimefun/Objects/SlimefunItem/SlimefunItem.java:[408,47] cannot find symbol
  symbol:   class ItemHandler
  location: class me.mrCookieSlime.Slimefun.Objects.SlimefunItem.SlimefunItem
[ERROR] /home/pi/Desktop/Build Server/TheBusyBiscuit/Slimefun4/master/files/src/me/mrCookieSlime/Slimefun/Objects/SlimefunItem/SlimefunItem.java:[413,30] cannot find symbol
  symbol:   class ItemHandler
  location: class me.mrCookieSlime.Slimefun.Objects.SlimefunItem.SlimefunItem
[ERROR] /home/pi/Desktop/Build Server/TheBusyBiscuit/Slimefun4/master/files/src/me/mrCookieSlime/Slimefun/Objects/SlimefunItem/SlimefunItem.java:[428,27] cannot find symbol
  symbol:   class ItemHandler
  location: class me.mrCookieSlime.Slimefun.Objects.SlimefunItem.SlimefunItem
[ERROR] /home/pi/Desktop/Build Server/TheBusyBiscuit/Slimefun4/master/files/src/me/mrCookieSlime/Slimefun/Objects/SlimefunItem/SlimefunItem.java:[503,76] cannot find symbol
  symbol:   class ItemHandler
  location: class me.mrCookieSlime.Slimefun.Objects.SlimefunItem.SlimefunItem
[ERROR] /home/pi/Desktop/Build Server/TheBusyBiscuit/Slimefun4/master/files/src/me/mrCookieSlime/Slimefun/listeners/ToolListener.java:[36,63] cannot find symbol
  symbol:   class ItemHandler
  location: package me.mrCookieSlime.Slimefun.Objects.SlimefunItem.handlers
[ERROR] /home/pi/Desktop/Build Server/TheBusyBiscuit/Slimefun4/master/files/src/me/mrCookieSlime/Slimefun/listeners/BowListener.java:[20,63] cannot find symbol
  symbol:   class BowShootHandler
  location: package me.mrCookieSlime.Slimefun.Objects.SlimefunItem.handlers
[ERROR] /home/pi/Desktop/Build Server/TheBusyBiscuit/Slimefun4/master/files/src/me/mrCookieSlime/Slimefun/listeners/BowListener.java:[21,63] cannot find symbol
  symbol:   class ItemHandler
  location: package me.mrCookieSlime.Slimefun.Objects.SlimefunItem.handlers
[ERROR] /home/pi/Desktop/Build Server/TheBusyBiscuit/Slimefun4/master/files/src/me/mrCookieSlime/Slimefun/listeners/ItemListener.java:[51,63] cannot find symbol
  symbol:   class ItemHandler
  location: package me.mrCookieSlime.Slimefun.Objects.SlimefunItem.handlers
[ERROR] /home/pi/Desktop/Build Server/TheBusyBiscuit/Slimefun4/master/files/src/me/mrCookieSlime/Slimefun/listeners/AutonomousToolsListener.java:[14,63] cannot find symbol
  symbol:   class AutonomousMachineHandler
  location: package me.mrCookieSlime.Slimefun.Objects.SlimefunItem.handlers
[ERROR] /home/pi/Desktop/Build Server/TheBusyBiscuit/Slimefun4/master/files/src/me/mrCookieSlime/Slimefun/listeners/AutonomousToolsListener.java:[15,63] cannot find symbol
  symbol:   class ItemHandler
  location: package me.mrCookieSlime.Slimefun.Objects.SlimefunItem.handlers
[ERROR] /home/pi/Desktop/Build Server/TheBusyBiscuit/Slimefun4/master/files/src/me/mrCookieSlime/Slimefun/listeners/BlockListener.java:[11,63] cannot find symbol
  symbol:   class ItemHandler
  location: package me.mrCookieSlime.Slimefun.Objects.SlimefunItem.handlers
[ERROR] /home/pi/Desktop/Build Server/TheBusyBiscuit/Slimefun4/master/files/src/me/mrCookieSlime/Slimefun/Setup/SlimefunSetup.java:[105,63] cannot find symbol
  symbol:   class AutonomousMachineHandler
  location: package me.mrCookieSlime.Slimefun.Objects.SlimefunItem.handlers
[ERROR] /home/pi/Desktop/Build Server/TheBusyBiscuit/Slimefun4/master/files/src/me/mrCookieSlime/Slimefun/Setup/SlimefunSetup.java:[109,63] cannot find symbol
  symbol:   class BowShootHandler
  location: package me.mrCookieSlime.Slimefun.Objects.SlimefunItem.handlers
[ERROR] /home/pi/Desktop/Build Server/TheBusyBiscuit/Slimefun4/master/files/src/me/mrCookieSlime/Slimefun/Objects/SlimefunItem/SlimefunItem.java:[64,61] cannot find symbol
  symbol:   class ItemHandler
  location: class me.mrCookieSlime.Slimefun.Objects.SlimefunItem.SlimefunItem
[ERROR] /home/pi/Desktop/Build Server/TheBusyBiscuit/Slimefun4/master/files/src/me/mrCookieSlime/Slimefun/Objects/SlimefunItem/SlimefunItem.java:[254,38] cannot find symbol
  symbol:   class ItemHandler
  location: class me.mrCookieSlime.Slimefun.Objects.SlimefunItem.SlimefunItem
[ERROR] /home/pi/Desktop/Build Server/TheBusyBiscuit/Slimefun4/master/files/src/me/mrCookieSlime/Slimefun/Objects/SlimefunItem/SlimefunItem.java:[255,45] cannot find symbol
  symbol:   class ItemHandler
  location: class me.mrCookieSlime.Slimefun.Objects.SlimefunItem.SlimefunItem
[ERROR] /home/pi/Desktop/Build Server/TheBusyBiscuit/Slimefun4/master/files/src/me/mrCookieSlime/Slimefun/Objects/SlimefunItem/SlimefunItem.java:[395,22] cannot find symbol
  symbol:   class ItemHandler
  location: class me.mrCookieSlime.Slimefun.Objects.SlimefunItem.SlimefunItem
[ERROR] /home/pi/Desktop/Build Server/TheBusyBiscuit/Slimefun4/master/files/src/me/mrCookieSlime/Slimefun/api/energy/EnergyTicker.java:[14,9] method does not override or implement a method from a supertype
[ERROR] /home/pi/Desktop/Build Server/TheBusyBiscuit/Slimefun4/master/files/src/me/mrCookieSlime/Slimefun/listeners/ToolListener.java:[79,38] cannot find symbol
  symbol:   class ItemHandler
  location: class me.mrCookieSlime.Slimefun.listeners.ToolListener
[ERROR] /home/pi/Desktop/Build Server/TheBusyBiscuit/Slimefun4/master/files/src/me/mrCookieSlime/Slimefun/listeners/ToolListener.java:[85,30] cannot find symbol
  symbol:   class ItemHandler
  location: class me.mrCookieSlime.Slimefun.listeners.ToolListener
[ERROR] /home/pi/Desktop/Build Server/TheBusyBiscuit/Slimefun4/master/files/src/me/mrCookieSlime/Slimefun/listeners/ToolListener.java:[229,38] cannot find symbol
  symbol:   class ItemHandler
  location: class me.mrCookieSlime.Slimefun.listeners.ToolListener
[ERROR] /home/pi/Desktop/Build Server/TheBusyBiscuit/Slimefun4/master/files/src/me/mrCookieSlime/Slimefun/listeners/ToolListener.java:[248,30] cannot find symbol
  symbol:   class ItemHandler
  location: class me.mrCookieSlime.Slimefun.listeners.ToolListener
[ERROR] /home/pi/Desktop/Build Server/TheBusyBiscuit/Slimefun4/master/files/src/me/mrCookieSlime/Slimefun/Objects/SlimefunItem/machines/EnhancedCraftingTable.java:[46,17] reference to register is ambiguous
  both method register(boolean,ItemHandler...) in me.mrCookieSlime.Slimefun.Objects.SlimefunItem.SlimefunItem and method register(ItemHandler...) in me.mrCookieSlime.Slimefun.Objects.SlimefunItem.SlimefunItem match
[ERROR] /home/pi/Desktop/Build Server/TheBusyBiscuit/Slimefun4/master/files/src/me/mrCookieSlime/Slimefun/Objects/SlimefunItem/machines/EnhancedCraftingTable.java:[50,24] incompatible types: me.mrCookieSlime.Slimefun.Objects.SlimefunItem.handlers.MultiBlockInteractionHandler is not a functional interface
[ERROR] /home/pi/Desktop/Build Server/TheBusyBiscuit/Slimefun4/master/files/src/me/mrCookieSlime/Slimefun/listeners/BowListener.java:[104,39] cannot find symbol
  symbol:   class ItemHandler
  location: class me.mrCookieSlime.Slimefun.listeners.BowListener
[ERROR] /home/pi/Desktop/Build Server/TheBusyBiscuit/Slimefun4/master/files/src/me/mrCookieSlime/Slimefun/listeners/BowListener.java:[105,48] cannot find symbol
  symbol:   class BowShootHandler
  location: class me.mrCookieSlime.Slimefun.listeners.BowListener
[ERROR] /home/pi/Desktop/Build Server/TheBusyBiscuit/Slimefun4/master/files/src/me/mrCookieSlime/Slimefun/Objects/SlimefunItem/machines/Smeltery.java:[46,17] reference to register is ambiguous
  both method register(boolean,ItemHandler...) in me.mrCookieSlime.Slimefun.Objects.SlimefunItem.SlimefunItem and method register(ItemHandler...) in me.mrCookieSlime.Slimefun.Objects.SlimefunItem.SlimefunItem match
[ERROR] /home/pi/Desktop/Build Server/TheBusyBiscuit/Slimefun4/master/files/src/me/mrCookieSlime/Slimefun/Objects/SlimefunItem/machines/Smeltery.java:[50,24] incompatible types: me.mrCookieSlime.Slimefun.Objects.SlimefunItem.handlers.MultiBlockInteractionHandler is not a functional interface
[ERROR] /home/pi/Desktop/Build Server/TheBusyBiscuit/Slimefun4/master/files/src/me/mrCookieSlime/Slimefun/listeners/ItemListener.java:[247,30] cannot find symbol
  symbol:   class ItemHandler
  location: class me.mrCookieSlime.Slimefun.listeners.ItemListener
[ERROR] /home/pi/Desktop/Build Server/TheBusyBiscuit/Slimefun4/master/files/src/me/mrCookieSlime/Slimefun/listeners/AutonomousToolsListener.java:[37,38] cannot find symbol
  symbol:   class ItemHandler
  location: class me.mrCookieSlime.Slimefun.listeners.AutonomousToolsListener
[ERROR] /home/pi/Desktop/Build Server/TheBusyBiscuit/Slimefun4/master/files/src/me/mrCookieSlime/Slimefun/listeners/AutonomousToolsListener.java:[38,47] cannot find symbol
  symbol:   class AutonomousMachineHandler
  location: class me.mrCookieSlime.Slimefun.listeners.AutonomousToolsListener
[ERROR] /home/pi/Desktop/Build Server/TheBusyBiscuit/Slimefun4/master/files/src/me/mrCookieSlime/Slimefun/Objects/SlimefunItem/machines/MagicWorkbench.java:[47,17] reference to register is ambiguous
  both method register(boolean,ItemHandler...) in me.mrCookieSlime.Slimefun.Objects.SlimefunItem.SlimefunItem and method register(ItemHandler...) in me.mrCookieSlime.Slimefun.Objects.SlimefunItem.SlimefunItem match
[ERROR] /home/pi/Desktop/Build Server/TheBusyBiscuit/Slimefun4/master/files/src/me/mrCookieSlime/Slimefun/Objects/SlimefunItem/machines/MagicWorkbench.java:[51,24] incompatible types: me.mrCookieSlime.Slimefun.Objects.SlimefunItem.handlers.MultiBlockInteractionHandler is not a functional interface
[ERROR] /home/pi/Desktop/Build Server/TheBusyBiscuit/Slimefun4/master/files/src/me/mrCookieSlime/Slimefun/listeners/BlockListener.java:[148,38] cannot find symbol
  symbol:   class ItemHandler
  location: class me.mrCookieSlime.Slimefun.listeners.BlockListener
[ERROR] /home/pi/Desktop/Build Server/TheBusyBiscuit/Slimefun4/master/files/src/me/mrCookieSlime/Slimefun/Setup/SlimefunSetup.java:[177,17] reference to register is ambiguous
  both method register(boolean,ItemHandler...) in me.mrCookieSlime.Slimefun.Objects.SlimefunItem.SlimefunItem and method register(ItemHandler...) in me.mrCookieSlime.Slimefun.Objects.SlimefunItem.SlimefunItem match
[ERROR] /home/pi/Desktop/Build Server/TheBusyBiscuit/Slimefun4/master/files/src/me/mrCookieSlime/Slimefun/Setup/SlimefunSetup.java:[202,17] reference to register is ambiguous
  both method register(boolean,ItemHandler...) in me.mrCookieSlime.Slimefun.Objects.SlimefunItem.SlimefunItem and method register(ItemHandler...) in me.mrCookieSlime.Slimefun.Objects.SlimefunItem.SlimefunItem match
[ERROR] /home/pi/Desktop/Build Server/TheBusyBiscuit/Slimefun4/master/files/src/me/mrCookieSlime/Slimefun/Setup/SlimefunSetup.java:[224,17] reference to register is ambiguous
  both method register(boolean,ItemHandler...) in me.mrCookieSlime.Slimefun.Objects.SlimefunItem.SlimefunItem and method register(ItemHandler...) in me.mrCookieSlime.Slimefun.Objects.SlimefunItem.SlimefunItem match
[ERROR] /home/pi/Desktop/Build Server/TheBusyBiscuit/Slimefun4/master/files/src/me/mrCookieSlime/Slimefun/Setup/SlimefunSetup.java:[267,17] reference to register is ambiguous
  both method register(boolean,ItemHandler...) in me.mrCookieSlime.Slimefun.Objects.SlimefunItem.SlimefunItem and method register(ItemHandler...) in me.mrCookieSlime.Slimefun.Objects.SlimefunItem.SlimefunItem match
[ERROR] /home/pi/Desktop/Build Server/TheBusyBiscuit/Slimefun4/master/files/src/me/mrCookieSlime/Slimefun/Setup/SlimefunSetup.java:[329,17] reference to register is ambiguous
  both method register(boolean,ItemHandler...) in me.mrCookieSlime.Slimefun.Objects.SlimefunItem.SlimefunItem and method register(ItemHandler...) in me.mrCookieSlime.Slimefun.Objects.SlimefunItem.SlimefunItem match
[ERROR] /home/pi/Desktop/Build Server/TheBusyBiscuit/Slimefun4/master/files/src/me/mrCookieSlime/Slimefun/Setup/SlimefunSetup.java:[372,17] reference to register is ambiguous
  both method register(boolean,ItemHandler...) in me.mrCookieSlime.Slimefun.Objects.SlimefunItem.SlimefunItem and method register(ItemHandler...) in me.mrCookieSlime.Slimefun.Objects.SlimefunItem.SlimefunItem match
[ERROR] /home/pi/Desktop/Build Server/TheBusyBiscuit/Slimefun4/master/files/src/me/mrCookieSlime/Slimefun/Setup/SlimefunSetup.java:[446,17] reference to register is ambiguous
  both method register(boolean,ItemHandler...) in me.mrCookieSlime.Slimefun.Objects.SlimefunItem.SlimefunItem and method register(ItemHandler...) in me.mrCookieSlime.Slimefun.Objects.SlimefunItem.SlimefunItem match
[ERROR] /home/pi/Desktop/Build Server/TheBusyBiscuit/Slimefun4/master/files/src/me/mrCookieSlime/Slimefun/Setup/SlimefunSetup.java:[478,17] reference to register is ambiguous
  both method register(boolean,ItemHandler...) in me.mrCookieSlime.Slimefun.Objects.SlimefunItem.SlimefunItem and method register(ItemHandler...) in me.mrCookieSlime.Slimefun.Objects.SlimefunItem.SlimefunItem match
[ERROR] /home/pi/Desktop/Build Server/TheBusyBiscuit/Slimefun4/master/files/src/me/mrCookieSlime/Slimefun/Setup/SlimefunSetup.java:[499,17] reference to register is ambiguous
  both method register(boolean,ItemHandler...) in me.mrCookieSlime.Slimefun.Objects.SlimefunItem.SlimefunItem and method register(ItemHandler...) in me.mrCookieSlime.Slimefun.Objects.SlimefunItem.SlimefunItem match
[ERROR] /home/pi/Desktop/Build Server/TheBusyBiscuit/Slimefun4/master/files/src/me/mrCookieSlime/Slimefun/Setup/SlimefunSetup.java:[555,17] reference to register is ambiguous
  both method register(boolean,ItemHandler...) in me.mrCookieSlime.Slimefun.Objects.SlimefunItem.SlimefunItem and method register(ItemHandler...) in me.mrCookieSlime.Slimefun.Objects.SlimefunItem.SlimefunItem match
[ERROR] /home/pi/Desktop/Build Server/TheBusyBiscuit/Slimefun4/master/files/src/me/mrCookieSlime/Slimefun/Setup/SlimefunSetup.java:[597,17] reference to register is ambiguous
  both method register(boolean,ItemHandler...) in me.mrCookieSlime.Slimefun.Objects.SlimefunItem.SlimefunItem and method register(ItemHandler...) in me.mrCookieSlime.Slimefun.Objects.SlimefunItem.SlimefunItem match
[ERROR] /home/pi/Desktop/Build Server/TheBusyBiscuit/Slimefun4/master/files/src/me/mrCookieSlime/Slimefun/Setup/SlimefunSetup.java:[883,17] reference to register is ambiguous
  both method register(boolean,ItemHandler...) in me.mrCookieSlime.Slimefun.Objects.SlimefunItem.SlimefunItem and method register(ItemHandler...) in me.mrCookieSlime.Slimefun.Objects.SlimefunItem.SlimefunItem match
[ERROR] /home/pi/Desktop/Build Server/TheBusyBiscuit/Slimefun4/master/files/src/me/mrCookieSlime/Slimefun/Setup/SlimefunSetup.java:[926,17] reference to register is ambiguous
  both method register(boolean,ItemHandler...) in me.mrCookieSlime.Slimefun.Objects.SlimefunItem.SlimefunItem and method register(ItemHandler...) in me.mrCookieSlime.Slimefun.Objects.SlimefunItem.SlimefunItem match
[ERROR] /home/pi/Desktop/Build Server/TheBusyBiscuit/Slimefun4/master/files/src/me/mrCookieSlime/Slimefun/Setup/SlimefunSetup.java:[953,17] reference to register is ambiguous
  both method register(boolean,ItemHandler...) in me.mrCookieSlime.Slimefun.Objects.SlimefunItem.SlimefunItem and method register(ItemHandler...) in me.mrCookieSlime.Slimefun.Objects.SlimefunItem.SlimefunItem match
[ERROR] /home/pi/Desktop/Build Server/TheBusyBiscuit/Slimefun4/master/files/src/me/mrCookieSlime/Slimefun/Setup/SlimefunSetup.java:[1005,17] reference to register is ambiguous
  both method register(boolean,ItemHandler...) in me.mrCookieSlime.Slimefun.Objects.SlimefunItem.SlimefunItem and method register(ItemHandler...) in me.mrCookieSlime.Slimefun.Objects.SlimefunItem.SlimefunItem match
[ERROR] /home/pi/Desktop/Build Server/TheBusyBiscuit/Slimefun4/master/files/src/me/mrCookieSlime/Slimefun/Setup/SlimefunSetup.java:[1164,17] reference to register is ambiguous
  both method register(boolean,ItemHandler...) in me.mrCookieSlime.Slimefun.Objects.SlimefunItem.SlimefunItem and method register(ItemHandler...) in me.mrCookieSlime.Slimefun.Objects.SlimefunItem.SlimefunItem match
[ERROR] /home/pi/Desktop/Build Server/TheBusyBiscuit/Slimefun4/master/files/src/me/mrCookieSlime/Slimefun/Setup/SlimefunSetup.java:[1279,17] reference to register is ambiguous
  both method register(boolean,ItemHandler...) in me.mrCookieSlime.Slimefun.Objects.SlimefunItem.SlimefunItem and method register(ItemHandler...) in me.mrCookieSlime.Slimefun.Objects.SlimefunItem.SlimefunItem match
[ERROR] /home/pi/Desktop/Build Server/TheBusyBiscuit/Slimefun4/master/files/src/me/mrCookieSlime/Slimefun/Setup/SlimefunSetup.java:[1377,17] reference to register is ambiguous
  both method register(boolean,ItemHandler...) in me.mrCookieSlime.Slimefun.Objects.SlimefunItem.SlimefunItem and method register(ItemHandler...) in me.mrCookieSlime.Slimefun.Objects.SlimefunItem.SlimefunItem match
[ERROR] /home/pi/Desktop/Build Server/TheBusyBiscuit/Slimefun4/master/files/src/me/mrCookieSlime/Slimefun/Setup/SlimefunSetup.java:[1395,17] reference to register is ambiguous
  both method register(boolean,ItemHandler...) in me.mrCookieSlime.Slimefun.Objects.SlimefunItem.SlimefunItem and method register(ItemHandler...) in me.mrCookieSlime.Slimefun.Objects.SlimefunItem.SlimefunItem match
[ERROR] /home/pi/Desktop/Build Server/TheBusyBiscuit/Slimefun4/master/files/src/me/mrCookieSlime/Slimefun/Setup/SlimefunSetup.java:[1413,17] reference to register is ambiguous
  both method register(boolean,ItemHandler...) in me.mrCookieSlime.Slimefun.Objects.SlimefunItem.SlimefunItem and method register(ItemHandler...) in me.mrCookieSlime.Slimefun.Objects.SlimefunItem.SlimefunItem match
[ERROR] /home/pi/Desktop/Build Server/TheBusyBiscuit/Slimefun4/master/files/src/me/mrCookieSlime/Slimefun/Setup/SlimefunSetup.java:[1433,17] reference to register is ambiguous
  both method register(boolean,ItemHandler...) in me.mrCookieSlime.Slimefun.Objects.SlimefunItem.SlimefunItem and method register(ItemHandler...) in me.mrCookieSlime.Slimefun.Objects.SlimefunItem.SlimefunItem match
[ERROR] /home/pi/Desktop/Build Server/TheBusyBiscuit/Slimefun4/master/files/src/me/mrCookieSlime/Slimefun/Setup/SlimefunSetup.java:[1467,17] reference to register is ambiguous
  both method register(boolean,ItemHandler...) in me.mrCookieSlime.Slimefun.Objects.SlimefunItem.SlimefunItem and method register(ItemHandler...) in me.mrCookieSlime.Slimefun.Objects.SlimefunItem.SlimefunItem match
[ERROR] /home/pi/Desktop/Build Server/TheBusyBiscuit/Slimefun4/master/files/src/me/mrCookieSlime/Slimefun/Setup/SlimefunSetup.java:[1505,17] reference to register is ambiguous
  both method register(boolean,ItemHandler...) in me.mrCookieSlime.Slimefun.Objects.SlimefunItem.SlimefunItem and method register(ItemHandler...) in me.mrCookieSlime.Slimefun.Objects.SlimefunItem.SlimefunItem match
[ERROR] /home/pi/Desktop/Build Server/TheBusyBiscuit/Slimefun4/master/files/src/me/mrCookieSlime/Slimefun/Setup/SlimefunSetup.java:[1526,17] reference to register is ambiguous
  both method register(boolean,ItemHandler...) in me.mrCookieSlime.Slimefun.Objects.SlimefunItem.SlimefunItem and method register(ItemHandler...) in me.mrCookieSlime.Slimefun.Objects.SlimefunItem.SlimefunItem match
[ERROR] /home/pi/Desktop/Build Server/TheBusyBiscuit/Slimefun4/master/files/src/me/mrCookieSlime/Slimefun/Setup/SlimefunSetup.java:[1567,17] reference to register is ambiguous
  both method register(boolean,ItemHandler...) in me.mrCookieSlime.Slimefun.Objects.SlimefunItem.SlimefunItem and method register(ItemHandler...) in me.mrCookieSlime.Slimefun.Objects.SlimefunItem.SlimefunItem match
[ERROR] /home/pi/Desktop/Build Server/TheBusyBiscuit/Slimefun4/master/files/src/me/mrCookieSlime/Slimefun/Setup/SlimefunSetup.java:[1616,17] reference to register is ambiguous
  both method register(boolean,ItemHandler...) in me.mrCookieSlime.Slimefun.Objects.SlimefunItem.SlimefunItem and method register(ItemHandler...) in me.mrCookieSlime.Slimefun.Objects.SlimefunItem.SlimefunItem match
[ERROR] /home/pi/Desktop/Build Server/TheBusyBiscuit/Slimefun4/master/files/src/me/mrCookieSlime/Slimefun/Setup/SlimefunSetup.java:[1674,17] reference to register is ambiguous
  both method register(boolean,ItemHandler...) in me.mrCookieSlime.Slimefun.Objects.SlimefunItem.SlimefunItem and method register(ItemHandler...) in me.mrCookieSlime.Slimefun.Objects.SlimefunItem.SlimefunItem match
[ERROR] /home/pi/Desktop/Build Server/TheBusyBiscuit/Slimefun4/master/files/src/me/mrCookieSlime/Slimefun/Setup/SlimefunSetup.java:[1765,19] reference to register is ambiguous
  both method register(boolean,ItemHandler...) in me.mrCookieSlime.Slimefun.Objects.SlimefunItem.SlimefunItem and method register(ItemHandler...) in me.mrCookieSlime.Slimefun.Objects.SlimefunItem.SlimefunItem match
[ERROR] /home/pi/Desktop/Build Server/TheBusyBiscuit/Slimefun4/master/files/src/me/mrCookieSlime/Slimefun/Setup/SlimefunSetup.java:[1818,17] reference to register is ambiguous
  both method register(boolean,ItemHandler...) in me.mrCookieSlime.Slimefun.Objects.SlimefunItem.SlimefunItem and method register(ItemHandler...) in me.mrCookieSlime.Slimefun.Objects.SlimefunItem.SlimefunItem match
[ERROR] /home/pi/Desktop/Build Server/TheBusyBiscuit/Slimefun4/master/files/src/me/mrCookieSlime/Slimefun/Setup/SlimefunSetup.java:[1876,17] reference to register is ambiguous
  both method register(boolean,ItemHandler...) in me.mrCookieSlime.Slimefun.Objects.SlimefunItem.SlimefunItem and method register(ItemHandler...) in me.mrCookieSlime.Slimefun.Objects.SlimefunItem.SlimefunItem match
[ERROR] /home/pi/Desktop/Build Server/TheBusyBiscuit/Slimefun4/master/files/src/me/mrCookieSlime/Slimefun/Setup/SlimefunSetup.java:[1919,17] reference to register is ambiguous
  both method register(boolean,ItemHandler...) in me.mrCookieSlime.Slimefun.Objects.SlimefunItem.SlimefunItem and method register(ItemHandler...) in me.mrCookieSlime.Slimefun.Objects.SlimefunItem.SlimefunItem match
[ERROR] /home/pi/Desktop/Build Server/TheBusyBiscuit/Slimefun4/master/files/src/me/mrCookieSlime/Slimefun/Setup/SlimefunSetup.java:[2008,17] reference to register is ambiguous
  both method register(boolean,ItemHandler...) in me.mrCookieSlime.Slimefun.Objects.SlimefunItem.SlimefunItem and method register(ItemHandler...) in me.mrCookieSlime.Slimefun.Objects.SlimefunItem.SlimefunItem match
[ERROR] /home/pi/Desktop/Build Server/TheBusyBiscuit/Slimefun4/master/files/src/me/mrCookieSlime/Slimefun/Setup/SlimefunSetup.java:[2131,17] reference to register is ambiguous
  both method register(boolean,ItemHandler...) in me.mrCookieSlime.Slimefun.Objects.SlimefunItem.SlimefunItem and method register(ItemHandler...) in me.mrCookieSlime.Slimefun.Objects.SlimefunItem.SlimefunItem match
[ERROR] /home/pi/Desktop/Build Server/TheBusyBiscuit/Slimefun4/master/files/src/me/mrCookieSlime/Slimefun/Setup/SlimefunSetup.java:[2191,17] reference to register is ambiguous
  both method register(boolean,ItemHandler...) in me.mrCookieSlime.Slimefun.Objects.SlimefunItem.SlimefunItem and method register(ItemHandler...) in me.mrCookieSlime.Slimefun.Objects.SlimefunItem.SlimefunItem match
[ERROR] /home/pi/Desktop/Build Server/TheBusyBiscuit/Slimefun4/master/files/src/me/mrCookieSlime/Slimefun/Setup/SlimefunSetup.java:[2262,17] reference to register is ambiguous
  both method register(boolean,ItemHandler...) in me.mrCookieSlime.Slimefun.Objects.SlimefunItem.SlimefunItem and method register(ItemHandler...) in me.mrCookieSlime.Slimefun.Objects.SlimefunItem.SlimefunItem match
[ERROR] /home/pi/Desktop/Build Server/TheBusyBiscuit/Slimefun4/master/files/src/me/mrCookieSlime/Slimefun/Setup/SlimefunSetup.java:[2327,17] reference to register is ambiguous
  both method register(boolean,ItemHandler...) in me.mrCookieSlime.Slimefun.Objects.SlimefunItem.SlimefunItem and method register(ItemHandler...) in me.mrCookieSlime.Slimefun.Objects.SlimefunItem.SlimefunItem match
[ERROR] /home/pi/Desktop/Build Server/TheBusyBiscuit/Slimefun4/master/files/src/me/mrCookieSlime/Slimefun/Setup/SlimefunSetup.java:[2424,37] cannot find symbol
  symbol:   class AutonomousMachineHandler
  location: class me.mrCookieSlime.Slimefun.Setup.SlimefunSetup
[ERROR] /home/pi/Desktop/Build Server/TheBusyBiscuit/Slimefun4/master/files/src/me/mrCookieSlime/Slimefun/Setup/SlimefunSetup.java:[2470,17] reference to register is ambiguous
  both method register(boolean,ItemHandler...) in me.mrCookieSlime.Slimefun.Objects.SlimefunItem.SlimefunItem and method register(ItemHandler...) in me.mrCookieSlime.Slimefun.Objects.SlimefunItem.SlimefunItem match
[ERROR] /home/pi/Desktop/Build Server/TheBusyBiscuit/Slimefun4/master/files/src/me/mrCookieSlime/Slimefun/Setup/SlimefunSetup.java:[2490,37] cannot find symbol
  symbol:   class BowShootHandler
  location: class me.mrCookieSlime.Slimefun.Setup.SlimefunSetup
[ERROR] /home/pi/Desktop/Build Server/TheBusyBiscuit/Slimefun4/master/files/src/me/mrCookieSlime/Slimefun/Setup/SlimefunSetup.java:[2508,37] cannot find symbol
  symbol:   class BowShootHandler
  location: class me.mrCookieSlime.Slimefun.Setup.SlimefunSetup
[ERROR] /home/pi/Desktop/Build Server/TheBusyBiscuit/Slimefun4/master/files/src/me/mrCookieSlime/Slimefun/Setup/SlimefunSetup.java:[2525,17] reference to register is ambiguous
  both method register(boolean,ItemHandler...) in me.mrCookieSlime.Slimefun.Objects.SlimefunItem.SlimefunItem and method register(ItemHandler...) in me.mrCookieSlime.Slimefun.Objects.SlimefunItem.SlimefunItem match
[ERROR] /home/pi/Desktop/Build Server/TheBusyBiscuit/Slimefun4/master/files/src/me/mrCookieSlime/Slimefun/Setup/SlimefunSetup.java:[2554,17] reference to register is ambiguous
  both method register(boolean,ItemHandler...) in me.mrCookieSlime.Slimefun.Objects.SlimefunItem.SlimefunItem and method register(ItemHandler...) in me.mrCookieSlime.Slimefun.Objects.SlimefunItem.SlimefunItem match
[ERROR] /home/pi/Desktop/Build Server/TheBusyBiscuit/Slimefun4/master/files/src/me/mrCookieSlime/Slimefun/Setup/SlimefunSetup.java:[2635,17] reference to register is ambiguous
  both method register(boolean,ItemHandler...) in me.mrCookieSlime.Slimefun.Objects.SlimefunItem.SlimefunItem and method register(ItemHandler...) in me.mrCookieSlime.Slimefun.Objects.SlimefunItem.SlimefunItem match
[ERROR] /home/pi/Desktop/Build Server/TheBusyBiscuit/Slimefun4/master/files/src/me/mrCookieSlime/Slimefun/Setup/SlimefunSetup.java:[2723,17] reference to register is ambiguous
  both method register(boolean,ItemHandler...) in me.mrCookieSlime.Slimefun.Objects.SlimefunItem.SlimefunItem and method register(ItemHandler...) in me.mrCookieSlime.Slimefun.Objects.SlimefunItem.SlimefunItem match
[ERROR] /home/pi/Desktop/Build Server/TheBusyBiscuit/Slimefun4/master/files/src/me/mrCookieSlime/Slimefun/Setup/SlimefunSetup.java:[2779,17] reference to register is ambiguous
  both method register(boolean,ItemHandler...) in me.mrCookieSlime.Slimefun.Objects.SlimefunItem.SlimefunItem and method register(ItemHandler...) in me.mrCookieSlime.Slimefun.Objects.SlimefunItem.SlimefunItem match
[ERROR] /home/pi/Desktop/Build Server/TheBusyBiscuit/Slimefun4/master/files/src/me/mrCookieSlime/Slimefun/Setup/SlimefunSetup.java:[2796,17] reference to register is ambiguous
  both method register(boolean,ItemHandler...) in me.mrCookieSlime.Slimefun.Objects.SlimefunItem.SlimefunItem and method register(ItemHandler...) in me.mrCookieSlime.Slimefun.Objects.SlimefunItem.SlimefunItem match
[ERROR] /home/pi/Desktop/Build Server/TheBusyBiscuit/Slimefun4/master/files/src/me/mrCookieSlime/Slimefun/Setup/SlimefunSetup.java:[2813,17] reference to register is ambiguous
  both method register(boolean,ItemHandler...) in me.mrCookieSlime.Slimefun.Objects.SlimefunItem.SlimefunItem and method register(ItemHandler...) in me.mrCookieSlime.Slimefun.Objects.SlimefunItem.SlimefunItem match
[ERROR] /home/pi/Desktop/Build Server/TheBusyBiscuit/Slimefun4/master/files/src/me/mrCookieSlime/Slimefun/Setup/SlimefunSetup.java:[2830,17] reference to register is ambiguous
  both method register(boolean,ItemHandler...) in me.mrCookieSlime.Slimefun.Objects.SlimefunItem.SlimefunItem and method register(ItemHandler...) in me.mrCookieSlime.Slimefun.Objects.SlimefunItem.SlimefunItem match
[ERROR] /home/pi/Desktop/Build Server/TheBusyBiscuit/Slimefun4/master/files/src/me/mrCookieSlime/Slimefun/Setup/SlimefunSetup.java:[3426,17] reference to register is ambiguous
  both method register(boolean,ItemHandler...) in me.mrCookieSlime.Slimefun.Objects.SlimefunItem.SlimefunItem and method register(ItemHandler...) in me.mrCookieSlime.Slimefun.Objects.SlimefunItem.SlimefunItem match
[ERROR] /home/pi/Desktop/Build Server/TheBusyBiscuit/Slimefun4/master/files/src/me/mrCookieSlime/Slimefun/Setup/SlimefunSetup.java:[3612,17] reference to register is ambiguous
  both method register(boolean,ItemHandler...) in me.mrCookieSlime.Slimefun.Objects.SlimefunItem.SlimefunItem and method register(ItemHandler...) in me.mrCookieSlime.Slimefun.Objects.SlimefunItem.SlimefunItem match
[ERROR] /home/pi/Desktop/Build Server/TheBusyBiscuit/Slimefun4/master/files/src/me/mrCookieSlime/Slimefun/Setup/SlimefunSetup.java:[3950,17] reference to register is ambiguous
  both method register(boolean,ItemHandler...) in me.mrCookieSlime.Slimefun.Objects.SlimefunItem.SlimefunItem and method register(ItemHandler...) in me.mrCookieSlime.Slimefun.Objects.SlimefunItem.SlimefunItem match
[ERROR] /home/pi/Desktop/Build Server/TheBusyBiscuit/Slimefun4/master/files/src/me/mrCookieSlime/Slimefun/Setup/SlimefunSetup.java:[3990,17] reference to register is ambiguous
  both method register(boolean,ItemHandler...) in me.mrCookieSlime.Slimefun.Objects.SlimefunItem.SlimefunItem and method register(ItemHandler...) in me.mrCookieSlime.Slimefun.Objects.SlimefunItem.SlimefunItem match
[ERROR] /home/pi/Desktop/Build Server/TheBusyBiscuit/Slimefun4/master/files/src/me/mrCookieSlime/Slimefun/Setup/SlimefunSetup.java:[3994,17] reference to register is ambiguous
  both method register(boolean,ItemHandler...) in me.mrCookieSlime.Slimefun.Objects.SlimefunItem.SlimefunItem and method register(ItemHandler...) in me.mrCookieSlime.Slimefun.Objects.SlimefunItem.SlimefunItem match
[ERROR] /home/pi/Desktop/Build Server/TheBusyBiscuit/Slimefun4/master/files/src/me/mrCookieSlime/Slimefun/Setup/SlimefunSetup.java:[3998,17] reference to register is ambiguous
  both method register(boolean,ItemHandler...) in me.mrCookieSlime.Slimefun.Objects.SlimefunItem.SlimefunItem and method register(ItemHandler...) in me.mrCookieSlime.Slimefun.Objects.SlimefunItem.SlimefunItem match
[ERROR] /home/pi/Desktop/Build Server/TheBusyBiscuit/Slimefun4/master/files/src/me/mrCookieSlime/Slimefun/Setup/SlimefunSetup.java:[4002,17] reference to register is ambiguous
  both method register(boolean,ItemHandler...) in me.mrCookieSlime.Slimefun.Objects.SlimefunItem.SlimefunItem and method register(ItemHandler...) in me.mrCookieSlime.Slimefun.Objects.SlimefunItem.SlimefunItem match
[ERROR] /home/pi/Desktop/Build Server/TheBusyBiscuit/Slimefun4/master/files/src/me/mrCookieSlime/Slimefun/Setup/SlimefunSetup.java:[4008,17] reference to register is ambiguous
  both method register(boolean,ItemHandler...) in me.mrCookieSlime.Slimefun.Objects.SlimefunItem.SlimefunItem and method register(ItemHandler...) in me.mrCookieSlime.Slimefun.Objects.SlimefunItem.SlimefunItem match
[ERROR] /home/pi/Desktop/Build Server/TheBusyBiscuit/Slimefun4/master/files/src/me/mrCookieSlime/Slimefun/Setup/SlimefunSetup.java:[4012,17] reference to register is ambiguous
  both method register(boolean,ItemHandler...) in me.mrCookieSlime.Slimefun.Objects.SlimefunItem.SlimefunItem and method register(ItemHandler...) in me.mrCookieSlime.Slimefun.Objects.SlimefunItem.SlimefunItem match
[ERROR] /home/pi/Desktop/Build Server/TheBusyBiscuit/Slimefun4/master/files/src/me/mrCookieSlime/Slimefun/Setup/SlimefunSetup.java:[4016,17] reference to register is ambiguous
  both method register(boolean,ItemHandler...) in me.mrCookieSlime.Slimefun.Objects.SlimefunItem.SlimefunItem and method register(ItemHandler...) in me.mrCookieSlime.Slimefun.Objects.SlimefunItem.SlimefunItem match
[ERROR] /home/pi/Desktop/Build Server/TheBusyBiscuit/Slimefun4/master/files/src/me/mrCookieSlime/Slimefun/Setup/SlimefunSetup.java:[4020,17] reference to register is ambiguous
  both method register(boolean,ItemHandler...) in me.mrCookieSlime.Slimefun.Objects.SlimefunItem.SlimefunItem and method register(ItemHandler...) in me.mrCookieSlime.Slimefun.Objects.SlimefunItem.SlimefunItem match
[INFO] 100 errors 
[INFO] -------------------------------------------------------------
[INFO] 
[INFO] ------------------------------------------------------------------------
[INFO] Skipping Slimefun
[INFO] This project has been banned from the build due to previous failures.
[INFO] ------------------------------------------------------------------------
[INFO] ------------------------------------------------------------------------
[INFO] BUILD FAILURE
[INFO] ------------------------------------------------------------------------
[INFO] Total time:  16.824 s
[INFO] Finished at: 2019-08-27T21:45:11+02:00
[INFO] ------------------------------------------------------------------------
[ERROR] Failed to execute goal org.apache.maven.plugins:maven-compiler-plugin:3.1:compile (default-compile) on project Slimefun: Compilation failure: Compilation failure: 
[ERROR] /home/pi/Desktop/Build Server/TheBusyBiscuit/Slimefun4/master/files/src/me/mrCookieSlime/Slimefun/Objects/SlimefunItem/SlimefunItem.java:[25,63] cannot find symbol
[ERROR]   symbol:   class ItemHandler
[ERROR]   location: package me.mrCookieSlime.Slimefun.Objects.SlimefunItem.handlers
[ERROR] /home/pi/Desktop/Build Server/TheBusyBiscuit/Slimefun4/master/files/src/me/mrCookieSlime/Slimefun/Objects/SlimefunItem/SlimefunItem.java:[46,39] cannot find symbol
[ERROR]   symbol:   class ItemHandler
[ERROR]   location: class me.mrCookieSlime.Slimefun.Objects.SlimefunItem.SlimefunItem
[ERROR] /home/pi/Desktop/Build Server/TheBusyBiscuit/Slimefun4/master/files/src/me/mrCookieSlime/Slimefun/Objects/SlimefunItem/SlimefunItem.java:[64,21] cannot find symbol
[ERROR]   symbol:   class ItemHandler
[ERROR]   location: class me.mrCookieSlime.Slimefun.Objects.SlimefunItem.SlimefunItem
[ERROR] /home/pi/Desktop/Build Server/TheBusyBiscuit/Slimefun4/master/files/src/me/mrCookieSlime/Slimefun/api/energy/EnergyTicker.java:[5,63] cannot find symbol
[ERROR]   symbol:   class ItemHandler
[ERROR]   location: package me.mrCookieSlime.Slimefun.Objects.SlimefunItem.handlers
[ERROR] /home/pi/Desktop/Build Server/TheBusyBiscuit/Slimefun4/master/files/src/me/mrCookieSlime/Slimefun/api/energy/EnergyTicker.java:[9,47] cannot find symbol
[ERROR]   symbol: class ItemHandler
[ERROR] /home/pi/Desktop/Build Server/TheBusyBiscuit/Slimefun4/master/files/src/me/mrCookieSlime/Slimefun/Objects/SlimefunItem/SlimefunItem.java:[188,20] cannot find symbol
[ERROR]   symbol:   class ItemHandler
[ERROR]   location: class me.mrCookieSlime.Slimefun.Objects.SlimefunItem.SlimefunItem
[ERROR] /home/pi/Desktop/Build Server/TheBusyBiscuit/Slimefun4/master/files/src/me/mrCookieSlime/Slimefun/Objects/SlimefunItem/SlimefunItem.java:[392,36] cannot find symbol
[ERROR]   symbol:   class ItemHandler
[ERROR]   location: class me.mrCookieSlime.Slimefun.Objects.SlimefunItem.SlimefunItem
[ERROR] /home/pi/Desktop/Build Server/TheBusyBiscuit/Slimefun4/master/files/src/me/mrCookieSlime/Slimefun/Objects/SlimefunItem/SlimefunItem.java:[408,47] cannot find symbol
[ERROR]   symbol:   class ItemHandler
[ERROR]   location: class me.mrCookieSlime.Slimefun.Objects.SlimefunItem.SlimefunItem
[ERROR] /home/pi/Desktop/Build Server/TheBusyBiscuit/Slimefun4/master/files/src/me/mrCookieSlime/Slimefun/Objects/SlimefunItem/SlimefunItem.java:[413,30] cannot find symbol
[ERROR]   symbol:   class ItemHandler
[ERROR]   location: class me.mrCookieSlime.Slimefun.Objects.SlimefunItem.SlimefunItem
[ERROR] /home/pi/Desktop/Build Server/TheBusyBiscuit/Slimefun4/master/files/src/me/mrCookieSlime/Slimefun/Objects/SlimefunItem/SlimefunItem.java:[428,27] cannot find symbol
[ERROR]   symbol:   class ItemHandler
[ERROR]   location: class me.mrCookieSlime.Slimefun.Objects.SlimefunItem.SlimefunItem
[ERROR] /home/pi/Desktop/Build Server/TheBusyBiscuit/Slimefun4/master/files/src/me/mrCookieSlime/Slimefun/Objects/SlimefunItem/SlimefunItem.java:[503,76] cannot find symbol
[ERROR]   symbol:   class ItemHandler
[ERROR]   location: class me.mrCookieSlime.Slimefun.Objects.SlimefunItem.SlimefunItem
[ERROR] /home/pi/Desktop/Build Server/TheBusyBiscuit/Slimefun4/master/files/src/me/mrCookieSlime/Slimefun/listeners/ToolListener.java:[36,63] cannot find symbol
[ERROR]   symbol:   class ItemHandler
[ERROR]   location: package me.mrCookieSlime.Slimefun.Objects.SlimefunItem.handlers
[ERROR] /home/pi/Desktop/Build Server/TheBusyBiscuit/Slimefun4/master/files/src/me/mrCookieSlime/Slimefun/listeners/BowListener.java:[20,63] cannot find symbol
[ERROR]   symbol:   class BowShootHandler
[ERROR]   location: package me.mrCookieSlime.Slimefun.Objects.SlimefunItem.handlers
[ERROR] /home/pi/Desktop/Build Server/TheBusyBiscuit/Slimefun4/master/files/src/me/mrCookieSlime/Slimefun/listeners/BowListener.java:[21,63] cannot find symbol
[ERROR]   symbol:   class ItemHandler
[ERROR]   location: package me.mrCookieSlime.Slimefun.Objects.SlimefunItem.handlers
[ERROR] /home/pi/Desktop/Build Server/TheBusyBiscuit/Slimefun4/master/files/src/me/mrCookieSlime/Slimefun/listeners/ItemListener.java:[51,63] cannot find symbol
[ERROR]   symbol:   class ItemHandler
[ERROR]   location: package me.mrCookieSlime.Slimefun.Objects.SlimefunItem.handlers
[ERROR] /home/pi/Desktop/Build Server/TheBusyBiscuit/Slimefun4/master/files/src/me/mrCookieSlime/Slimefun/listeners/AutonomousToolsListener.java:[14,63] cannot find symbol
[ERROR]   symbol:   class AutonomousMachineHandler
[ERROR]   location: package me.mrCookieSlime.Slimefun.Objects.SlimefunItem.handlers
[ERROR] /home/pi/Desktop/Build Server/TheBusyBiscuit/Slimefun4/master/files/src/me/mrCookieSlime/Slimefun/listeners/AutonomousToolsListener.java:[15,63] cannot find symbol
[ERROR]   symbol:   class ItemHandler
[ERROR]   location: package me.mrCookieSlime.Slimefun.Objects.SlimefunItem.handlers
[ERROR] /home/pi/Desktop/Build Server/TheBusyBiscuit/Slimefun4/master/files/src/me/mrCookieSlime/Slimefun/listeners/BlockListener.java:[11,63] cannot find symbol
[ERROR]   symbol:   class ItemHandler
[ERROR]   location: package me.mrCookieSlime.Slimefun.Objects.SlimefunItem.handlers
[ERROR] /home/pi/Desktop/Build Server/TheBusyBiscuit/Slimefun4/master/files/src/me/mrCookieSlime/Slimefun/Setup/SlimefunSetup.java:[105,63] cannot find symbol
[ERROR]   symbol:   class AutonomousMachineHandler
[ERROR]   location: package me.mrCookieSlime.Slimefun.Objects.SlimefunItem.handlers
[ERROR] /home/pi/Desktop/Build Server/TheBusyBiscuit/Slimefun4/master/files/src/me/mrCookieSlime/Slimefun/Setup/SlimefunSetup.java:[109,63] cannot find symbol
[ERROR]   symbol:   class BowShootHandler
[ERROR]   location: package me.mrCookieSlime.Slimefun.Objects.SlimefunItem.handlers
[ERROR] /home/pi/Desktop/Build Server/TheBusyBiscuit/Slimefun4/master/files/src/me/mrCookieSlime/Slimefun/Objects/SlimefunItem/SlimefunItem.java:[64,61] cannot find symbol
[ERROR]   symbol:   class ItemHandler
[ERROR]   location: class me.mrCookieSlime.Slimefun.Objects.SlimefunItem.SlimefunItem
[ERROR] /home/pi/Desktop/Build Server/TheBusyBiscuit/Slimefun4/master/files/src/me/mrCookieSlime/Slimefun/Objects/SlimefunItem/SlimefunItem.java:[254,38] cannot find symbol
[ERROR]   symbol:   class ItemHandler
[ERROR]   location: class me.mrCookieSlime.Slimefun.Objects.SlimefunItem.SlimefunItem
[ERROR] /home/pi/Desktop/Build Server/TheBusyBiscuit/Slimefun4/master/files/src/me/mrCookieSlime/Slimefun/Objects/SlimefunItem/SlimefunItem.java:[255,45] cannot find symbol
[ERROR]   symbol:   class ItemHandler
[ERROR]   location: class me.mrCookieSlime.Slimefun.Objects.SlimefunItem.SlimefunItem
[ERROR] /home/pi/Desktop/Build Server/TheBusyBiscuit/Slimefun4/master/files/src/me/mrCookieSlime/Slimefun/Objects/SlimefunItem/SlimefunItem.java:[395,22] cannot find symbol
[ERROR]   symbol:   class ItemHandler
[ERROR]   location: class me.mrCookieSlime.Slimefun.Objects.SlimefunItem.SlimefunItem
[ERROR] /home/pi/Desktop/Build Server/TheBusyBiscuit/Slimefun4/master/files/src/me/mrCookieSlime/Slimefun/api/energy/EnergyTicker.java:[14,9] method does not override or implement a method from a supertype
[ERROR] /home/pi/Desktop/Build Server/TheBusyBiscuit/Slimefun4/master/files/src/me/mrCookieSlime/Slimefun/listeners/ToolListener.java:[79,38] cannot find symbol
[ERROR]   symbol:   class ItemHandler
[ERROR]   location: class me.mrCookieSlime.Slimefun.listeners.ToolListener
[ERROR] /home/pi/Desktop/Build Server/TheBusyBiscuit/Slimefun4/master/files/src/me/mrCookieSlime/Slimefun/listeners/ToolListener.java:[85,30] cannot find symbol
[ERROR]   symbol:   class ItemHandler
[ERROR]   location: class me.mrCookieSlime.Slimefun.listeners.ToolListener
[ERROR] /home/pi/Desktop/Build Server/TheBusyBiscuit/Slimefun4/master/files/src/me/mrCookieSlime/Slimefun/listeners/ToolListener.java:[229,38] cannot find symbol
[ERROR]   symbol:   class ItemHandler
[ERROR]   location: class me.mrCookieSlime.Slimefun.listeners.ToolListener
[ERROR] /home/pi/Desktop/Build Server/TheBusyBiscuit/Slimefun4/master/files/src/me/mrCookieSlime/Slimefun/listeners/ToolListener.java:[248,30] cannot find symbol
[ERROR]   symbol:   class ItemHandler
[ERROR]   location: class me.mrCookieSlime.Slimefun.listeners.ToolListener
[ERROR] /home/pi/Desktop/Build Server/TheBusyBiscuit/Slimefun4/master/files/src/me/mrCookieSlime/Slimefun/Objects/SlimefunItem/machines/EnhancedCraftingTable.java:[46,17] reference to register is ambiguous
[ERROR]   both method register(boolean,ItemHandler...) in me.mrCookieSlime.Slimefun.Objects.SlimefunItem.SlimefunItem and method register(ItemHandler...) in me.mrCookieSlime.Slimefun.Objects.SlimefunItem.SlimefunItem match
[ERROR] /home/pi/Desktop/Build Server/TheBusyBiscuit/Slimefun4/master/files/src/me/mrCookieSlime/Slimefun/Objects/SlimefunItem/machines/EnhancedCraftingTable.java:[50,24] incompatible types: me.mrCookieSlime.Slimefun.Objects.SlimefunItem.handlers.MultiBlockInteractionHandler is not a functional interface
[ERROR] /home/pi/Desktop/Build Server/TheBusyBiscuit/Slimefun4/master/files/src/me/mrCookieSlime/Slimefun/listeners/BowListener.java:[104,39] cannot find symbol
[ERROR]   symbol:   class ItemHandler
[ERROR]   location: class me.mrCookieSlime.Slimefun.listeners.BowListener
[ERROR] /home/pi/Desktop/Build Server/TheBusyBiscuit/Slimefun4/master/files/src/me/mrCookieSlime/Slimefun/listeners/BowListener.java:[105,48] cannot find symbol
[ERROR]   symbol:   class BowShootHandler
[ERROR]   location: class me.mrCookieSlime.Slimefun.listeners.BowListener
[ERROR] /home/pi/Desktop/Build Server/TheBusyBiscuit/Slimefun4/master/files/src/me/mrCookieSlime/Slimefun/Objects/SlimefunItem/machines/Smeltery.java:[46,17] reference to register is ambiguous
[ERROR]   both method register(boolean,ItemHandler...) in me.mrCookieSlime.Slimefun.Objects.SlimefunItem.SlimefunItem and method register(ItemHandler...) in me.mrCookieSlime.Slimefun.Objects.SlimefunItem.SlimefunItem match
[ERROR] /home/pi/Desktop/Build Server/TheBusyBiscuit/Slimefun4/master/files/src/me/mrCookieSlime/Slimefun/Objects/SlimefunItem/machines/Smeltery.java:[50,24] incompatible types: me.mrCookieSlime.Slimefun.Objects.SlimefunItem.handlers.MultiBlockInteractionHandler is not a functional interface
[ERROR] /home/pi/Desktop/Build Server/TheBusyBiscuit/Slimefun4/master/files/src/me/mrCookieSlime/Slimefun/listeners/ItemListener.java:[247,30] cannot find symbol
[ERROR]   symbol:   class ItemHandler
[ERROR]   location: class me.mrCookieSlime.Slimefun.listeners.ItemListener
[ERROR] /home/pi/Desktop/Build Server/TheBusyBiscuit/Slimefun4/master/files/src/me/mrCookieSlime/Slimefun/listeners/AutonomousToolsListener.java:[37,38] cannot find symbol
[ERROR]   symbol:   class ItemHandler
[ERROR]   location: class me.mrCookieSlime.Slimefun.listeners.AutonomousToolsListener
[ERROR] /home/pi/Desktop/Build Server/TheBusyBiscuit/Slimefun4/master/files/src/me/mrCookieSlime/Slimefun/listeners/AutonomousToolsListener.java:[38,47] cannot find symbol
[ERROR]   symbol:   class AutonomousMachineHandler
[ERROR]   location: class me.mrCookieSlime.Slimefun.listeners.AutonomousToolsListener
[ERROR] /home/pi/Desktop/Build Server/TheBusyBiscuit/Slimefun4/master/files/src/me/mrCookieSlime/Slimefun/Objects/SlimefunItem/machines/MagicWorkbench.java:[47,17] reference to register is ambiguous
[ERROR]   both method register(boolean,ItemHandler...) in me.mrCookieSlime.Slimefun.Objects.SlimefunItem.SlimefunItem and method register(ItemHandler...) in me.mrCookieSlime.Slimefun.Objects.SlimefunItem.SlimefunItem match
[ERROR] /home/pi/Desktop/Build Server/TheBusyBiscuit/Slimefun4/master/files/src/me/mrCookieSlime/Slimefun/Objects/SlimefunItem/machines/MagicWorkbench.java:[51,24] incompatible types: me.mrCookieSlime.Slimefun.Objects.SlimefunItem.handlers.MultiBlockInteractionHandler is not a functional interface
[ERROR] /home/pi/Desktop/Build Server/TheBusyBiscuit/Slimefun4/master/files/src/me/mrCookieSlime/Slimefun/listeners/BlockListener.java:[148,38] cannot find symbol
[ERROR]   symbol:   class ItemHandler
[ERROR]   location: class me.mrCookieSlime.Slimefun.listeners.BlockListener
[ERROR] /home/pi/Desktop/Build Server/TheBusyBiscuit/Slimefun4/master/files/src/me/mrCookieSlime/Slimefun/Setup/SlimefunSetup.java:[177,17] reference to register is ambiguous
[ERROR]   both method register(boolean,ItemHandler...) in me.mrCookieSlime.Slimefun.Objects.SlimefunItem.SlimefunItem and method register(ItemHandler...) in me.mrCookieSlime.Slimefun.Objects.SlimefunItem.SlimefunItem match
[ERROR] /home/pi/Desktop/Build Server/TheBusyBiscuit/Slimefun4/master/files/src/me/mrCookieSlime/Slimefun/Setup/SlimefunSetup.java:[202,17] reference to register is ambiguous
[ERROR]   both method register(boolean,ItemHandler...) in me.mrCookieSlime.Slimefun.Objects.SlimefunItem.SlimefunItem and method register(ItemHandler...) in me.mrCookieSlime.Slimefun.Objects.SlimefunItem.SlimefunItem match
[ERROR] /home/pi/Desktop/Build Server/TheBusyBiscuit/Slimefun4/master/files/src/me/mrCookieSlime/Slimefun/Setup/SlimefunSetup.java:[224,17] reference to register is ambiguous
[ERROR]   both method register(boolean,ItemHandler...) in me.mrCookieSlime.Slimefun.Objects.SlimefunItem.SlimefunItem and method register(ItemHandler...) in me.mrCookieSlime.Slimefun.Objects.SlimefunItem.SlimefunItem match
[ERROR] /home/pi/Desktop/Build Server/TheBusyBiscuit/Slimefun4/master/files/src/me/mrCookieSlime/Slimefun/Setup/SlimefunSetup.java:[267,17] reference to register is ambiguous
[ERROR]   both method register(boolean,ItemHandler...) in me.mrCookieSlime.Slimefun.Objects.SlimefunItem.SlimefunItem and method register(ItemHandler...) in me.mrCookieSlime.Slimefun.Objects.SlimefunItem.SlimefunItem match
[ERROR] /home/pi/Desktop/Build Server/TheBusyBiscuit/Slimefun4/master/files/src/me/mrCookieSlime/Slimefun/Setup/SlimefunSetup.java:[329,17] reference to register is ambiguous
[ERROR]   both method register(boolean,ItemHandler...) in me.mrCookieSlime.Slimefun.Objects.SlimefunItem.SlimefunItem and method register(ItemHandler...) in me.mrCookieSlime.Slimefun.Objects.SlimefunItem.SlimefunItem match
[ERROR] /home/pi/Desktop/Build Server/TheBusyBiscuit/Slimefun4/master/files/src/me/mrCookieSlime/Slimefun/Setup/SlimefunSetup.java:[372,17] reference to register is ambiguous
[ERROR]   both method register(boolean,ItemHandler...) in me.mrCookieSlime.Slimefun.Objects.SlimefunItem.SlimefunItem and method register(ItemHandler...) in me.mrCookieSlime.Slimefun.Objects.SlimefunItem.SlimefunItem match
[ERROR] /home/pi/Desktop/Build Server/TheBusyBiscuit/Slimefun4/master/files/src/me/mrCookieSlime/Slimefun/Setup/SlimefunSetup.java:[446,17] reference to register is ambiguous
[ERROR]   both method register(boolean,ItemHandler...) in me.mrCookieSlime.Slimefun.Objects.SlimefunItem.SlimefunItem and method register(ItemHandler...) in me.mrCookieSlime.Slimefun.Objects.SlimefunItem.SlimefunItem match
[ERROR] /home/pi/Desktop/Build Server/TheBusyBiscuit/Slimefun4/master/files/src/me/mrCookieSlime/Slimefun/Setup/SlimefunSetup.java:[478,17] reference to register is ambiguous
[ERROR]   both method register(boolean,ItemHandler...) in me.mrCookieSlime.Slimefun.Objects.SlimefunItem.SlimefunItem and method register(ItemHandler...) in me.mrCookieSlime.Slimefun.Objects.SlimefunItem.SlimefunItem match
[ERROR] /home/pi/Desktop/Build Server/TheBusyBiscuit/Slimefun4/master/files/src/me/mrCookieSlime/Slimefun/Setup/SlimefunSetup.java:[499,17] reference to register is ambiguous
[ERROR]   both method register(boolean,ItemHandler...) in me.mrCookieSlime.Slimefun.Objects.SlimefunItem.SlimefunItem and method register(ItemHandler...) in me.mrCookieSlime.Slimefun.Objects.SlimefunItem.SlimefunItem match
[ERROR] /home/pi/Desktop/Build Server/TheBusyBiscuit/Slimefun4/master/files/src/me/mrCookieSlime/Slimefun/Setup/SlimefunSetup.java:[555,17] reference to register is ambiguous
[ERROR]   both method register(boolean,ItemHandler...) in me.mrCookieSlime.Slimefun.Objects.SlimefunItem.SlimefunItem and method register(ItemHandler...) in me.mrCookieSlime.Slimefun.Objects.SlimefunItem.SlimefunItem match
[ERROR] /home/pi/Desktop/Build Server/TheBusyBiscuit/Slimefun4/master/files/src/me/mrCookieSlime/Slimefun/Setup/SlimefunSetup.java:[597,17] reference to register is ambiguous
[ERROR]   both method register(boolean,ItemHandler...) in me.mrCookieSlime.Slimefun.Objects.SlimefunItem.SlimefunItem and method register(ItemHandler...) in me.mrCookieSlime.Slimefun.Objects.SlimefunItem.SlimefunItem match
[ERROR] /home/pi/Desktop/Build Server/TheBusyBiscuit/Slimefun4/master/files/src/me/mrCookieSlime/Slimefun/Setup/SlimefunSetup.java:[883,17] reference to register is ambiguous
[ERROR]   both method register(boolean,ItemHandler...) in me.mrCookieSlime.Slimefun.Objects.SlimefunItem.SlimefunItem and method register(ItemHandler...) in me.mrCookieSlime.Slimefun.Objects.SlimefunItem.SlimefunItem match
[ERROR] /home/pi/Desktop/Build Server/TheBusyBiscuit/Slimefun4/master/files/src/me/mrCookieSlime/Slimefun/Setup/SlimefunSetup.java:[926,17] reference to register is ambiguous
[ERROR]   both method register(boolean,ItemHandler...) in me.mrCookieSlime.Slimefun.Objects.SlimefunItem.SlimefunItem and method register(ItemHandler...) in me.mrCookieSlime.Slimefun.Objects.SlimefunItem.SlimefunItem match
[ERROR] /home/pi/Desktop/Build Server/TheBusyBiscuit/Slimefun4/master/files/src/me/mrCookieSlime/Slimefun/Setup/SlimefunSetup.java:[953,17] reference to register is ambiguous
[ERROR]   both method register(boolean,ItemHandler...) in me.mrCookieSlime.Slimefun.Objects.SlimefunItem.SlimefunItem and method register(ItemHandler...) in me.mrCookieSlime.Slimefun.Objects.SlimefunItem.SlimefunItem match
[ERROR] /home/pi/Desktop/Build Server/TheBusyBiscuit/Slimefun4/master/files/src/me/mrCookieSlime/Slimefun/Setup/SlimefunSetup.java:[1005,17] reference to register is ambiguous
[ERROR]   both method register(boolean,ItemHandler...) in me.mrCookieSlime.Slimefun.Objects.SlimefunItem.SlimefunItem and method register(ItemHandler...) in me.mrCookieSlime.Slimefun.Objects.SlimefunItem.SlimefunItem match
[ERROR] /home/pi/Desktop/Build Server/TheBusyBiscuit/Slimefun4/master/files/src/me/mrCookieSlime/Slimefun/Setup/SlimefunSetup.java:[1164,17] reference to register is ambiguous
[ERROR]   both method register(boolean,ItemHandler...) in me.mrCookieSlime.Slimefun.Objects.SlimefunItem.SlimefunItem and method register(ItemHandler...) in me.mrCookieSlime.Slimefun.Objects.SlimefunItem.SlimefunItem match
[ERROR] /home/pi/Desktop/Build Server/TheBusyBiscuit/Slimefun4/master/files/src/me/mrCookieSlime/Slimefun/Setup/SlimefunSetup.java:[1279,17] reference to register is ambiguous
[ERROR]   both method register(boolean,ItemHandler...) in me.mrCookieSlime.Slimefun.Objects.SlimefunItem.SlimefunItem and method register(ItemHandler...) in me.mrCookieSlime.Slimefun.Objects.SlimefunItem.SlimefunItem match
[ERROR] /home/pi/Desktop/Build Server/TheBusyBiscuit/Slimefun4/master/files/src/me/mrCookieSlime/Slimefun/Setup/SlimefunSetup.java:[1377,17] reference to register is ambiguous
[ERROR]   both method register(boolean,ItemHandler...) in me.mrCookieSlime.Slimefun.Objects.SlimefunItem.SlimefunItem and method register(ItemHandler...) in me.mrCookieSlime.Slimefun.Objects.SlimefunItem.SlimefunItem match
[ERROR] /home/pi/Desktop/Build Server/TheBusyBiscuit/Slimefun4/master/files/src/me/mrCookieSlime/Slimefun/Setup/SlimefunSetup.java:[1395,17] reference to register is ambiguous
[ERROR]   both method register(boolean,ItemHandler...) in me.mrCookieSlime.Slimefun.Objects.SlimefunItem.SlimefunItem and method register(ItemHandler...) in me.mrCookieSlime.Slimefun.Objects.SlimefunItem.SlimefunItem match
[ERROR] /home/pi/Desktop/Build Server/TheBusyBiscuit/Slimefun4/master/files/src/me/mrCookieSlime/Slimefun/Setup/SlimefunSetup.java:[1413,17] reference to register is ambiguous
[ERROR]   both method register(boolean,ItemHandler...) in me.mrCookieSlime.Slimefun.Objects.SlimefunItem.SlimefunItem and method register(ItemHandler...) in me.mrCookieSlime.Slimefun.Objects.SlimefunItem.SlimefunItem match
[ERROR] /home/pi/Desktop/Build Server/TheBusyBiscuit/Slimefun4/master/files/src/me/mrCookieSlime/Slimefun/Setup/SlimefunSetup.java:[1433,17] reference to register is ambiguous
[ERROR]   both method register(boolean,ItemHandler...) in me.mrCookieSlime.Slimefun.Objects.SlimefunItem.SlimefunItem and method register(ItemHandler...) in me.mrCookieSlime.Slimefun.Objects.SlimefunItem.SlimefunItem match
[ERROR] /home/pi/Desktop/Build Server/TheBusyBiscuit/Slimefun4/master/files/src/me/mrCookieSlime/Slimefun/Setup/SlimefunSetup.java:[1467,17] reference to register is ambiguous
[ERROR]   both method register(boolean,ItemHandler...) in me.mrCookieSlime.Slimefun.Objects.SlimefunItem.SlimefunItem and method register(ItemHandler...) in me.mrCookieSlime.Slimefun.Objects.SlimefunItem.SlimefunItem match
[ERROR] /home/pi/Desktop/Build Server/TheBusyBiscuit/Slimefun4/master/files/src/me/mrCookieSlime/Slimefun/Setup/SlimefunSetup.java:[1505,17] reference to register is ambiguous
[ERROR]   both method register(boolean,ItemHandler...) in me.mrCookieSlime.Slimefun.Objects.SlimefunItem.SlimefunItem and method register(ItemHandler...) in me.mrCookieSlime.Slimefun.Objects.SlimefunItem.SlimefunItem match
[ERROR] /home/pi/Desktop/Build Server/TheBusyBiscuit/Slimefun4/master/files/src/me/mrCookieSlime/Slimefun/Setup/SlimefunSetup.java:[1526,17] reference to register is ambiguous
[ERROR]   both method register(boolean,ItemHandler...) in me.mrCookieSlime.Slimefun.Objects.SlimefunItem.SlimefunItem and method register(ItemHandler...) in me.mrCookieSlime.Slimefun.Objects.SlimefunItem.SlimefunItem match
[ERROR] /home/pi/Desktop/Build Server/TheBusyBiscuit/Slimefun4/master/files/src/me/mrCookieSlime/Slimefun/Setup/SlimefunSetup.java:[1567,17] reference to register is ambiguous
[ERROR]   both method register(boolean,ItemHandler...) in me.mrCookieSlime.Slimefun.Objects.SlimefunItem.SlimefunItem and method register(ItemHandler...) in me.mrCookieSlime.Slimefun.Objects.SlimefunItem.SlimefunItem match
[ERROR] /home/pi/Desktop/Build Server/TheBusyBiscuit/Slimefun4/master/files/src/me/mrCookieSlime/Slimefun/Setup/SlimefunSetup.java:[1616,17] reference to register is ambiguous
[ERROR]   both method register(boolean,ItemHandler...) in me.mrCookieSlime.Slimefun.Objects.SlimefunItem.SlimefunItem and method register(ItemHandler...) in me.mrCookieSlime.Slimefun.Objects.SlimefunItem.SlimefunItem match
[ERROR] /home/pi/Desktop/Build Server/TheBusyBiscuit/Slimefun4/master/files/src/me/mrCookieSlime/Slimefun/Setup/SlimefunSetup.java:[1674,17] reference to register is ambiguous
[ERROR]   both method register(boolean,ItemHandler...) in me.mrCookieSlime.Slimefun.Objects.SlimefunItem.SlimefunItem and method register(ItemHandler...) in me.mrCookieSlime.Slimefun.Objects.SlimefunItem.SlimefunItem match
[ERROR] /home/pi/Desktop/Build Server/TheBusyBiscuit/Slimefun4/master/files/src/me/mrCookieSlime/Slimefun/Setup/SlimefunSetup.java:[1765,19] reference to register is ambiguous
[ERROR]   both method register(boolean,ItemHandler...) in me.mrCookieSlime.Slimefun.Objects.SlimefunItem.SlimefunItem and method register(ItemHandler...) in me.mrCookieSlime.Slimefun.Objects.SlimefunItem.SlimefunItem match
[ERROR] /home/pi/Desktop/Build Server/TheBusyBiscuit/Slimefun4/master/files/src/me/mrCookieSlime/Slimefun/Setup/SlimefunSetup.java:[1818,17] reference to register is ambiguous
[ERROR]   both method register(boolean,ItemHandler...) in me.mrCookieSlime.Slimefun.Objects.SlimefunItem.SlimefunItem and method register(ItemHandler...) in me.mrCookieSlime.Slimefun.Objects.SlimefunItem.SlimefunItem match
[ERROR] /home/pi/Desktop/Build Server/TheBusyBiscuit/Slimefun4/master/files/src/me/mrCookieSlime/Slimefun/Setup/SlimefunSetup.java:[1876,17] reference to register is ambiguous
[ERROR]   both method register(boolean,ItemHandler...) in me.mrCookieSlime.Slimefun.Objects.SlimefunItem.SlimefunItem and method register(ItemHandler...) in me.mrCookieSlime.Slimefun.Objects.SlimefunItem.SlimefunItem match
[ERROR] /home/pi/Desktop/Build Server/TheBusyBiscuit/Slimefun4/master/files/src/me/mrCookieSlime/Slimefun/Setup/SlimefunSetup.java:[1919,17] reference to register is ambiguous
[ERROR]   both method register(boolean,ItemHandler...) in me.mrCookieSlime.Slimefun.Objects.SlimefunItem.SlimefunItem and method register(ItemHandler...) in me.mrCookieSlime.Slimefun.Objects.SlimefunItem.SlimefunItem match
[ERROR] /home/pi/Desktop/Build Server/TheBusyBiscuit/Slimefun4/master/files/src/me/mrCookieSlime/Slimefun/Setup/SlimefunSetup.java:[2008,17] reference to register is ambiguous
[ERROR]   both method register(boolean,ItemHandler...) in me.mrCookieSlime.Slimefun.Objects.SlimefunItem.SlimefunItem and method register(ItemHandler...) in me.mrCookieSlime.Slimefun.Objects.SlimefunItem.SlimefunItem match
[ERROR] /home/pi/Desktop/Build Server/TheBusyBiscuit/Slimefun4/master/files/src/me/mrCookieSlime/Slimefun/Setup/SlimefunSetup.java:[2131,17] reference to register is ambiguous
[ERROR]   both method register(boolean,ItemHandler...) in me.mrCookieSlime.Slimefun.Objects.SlimefunItem.SlimefunItem and method register(ItemHandler...) in me.mrCookieSlime.Slimefun.Objects.SlimefunItem.SlimefunItem match
[ERROR] /home/pi/Desktop/Build Server/TheBusyBiscuit/Slimefun4/master/files/src/me/mrCookieSlime/Slimefun/Setup/SlimefunSetup.java:[2191,17] reference to register is ambiguous
[ERROR]   both method register(boolean,ItemHandler...) in me.mrCookieSlime.Slimefun.Objects.SlimefunItem.SlimefunItem and method register(ItemHandler...) in me.mrCookieSlime.Slimefun.Objects.SlimefunItem.SlimefunItem match
[ERROR] /home/pi/Desktop/Build Server/TheBusyBiscuit/Slimefun4/master/files/src/me/mrCookieSlime/Slimefun/Setup/SlimefunSetup.java:[2262,17] reference to register is ambiguous
[ERROR]   both method register(boolean,ItemHandler...) in me.mrCookieSlime.Slimefun.Objects.SlimefunItem.SlimefunItem and method register(ItemHandler...) in me.mrCookieSlime.Slimefun.Objects.SlimefunItem.SlimefunItem match
[ERROR] /home/pi/Desktop/Build Server/TheBusyBiscuit/Slimefun4/master/files/src/me/mrCookieSlime/Slimefun/Setup/SlimefunSetup.java:[2327,17] reference to register is ambiguous
[ERROR]   both method register(boolean,ItemHandler...) in me.mrCookieSlime.Slimefun.Objects.SlimefunItem.SlimefunItem and method register(ItemHandler...) in me.mrCookieSlime.Slimefun.Objects.SlimefunItem.SlimefunItem match
[ERROR] /home/pi/Desktop/Build Server/TheBusyBiscuit/Slimefun4/master/files/src/me/mrCookieSlime/Slimefun/Setup/SlimefunSetup.java:[2424,37] cannot find symbol
[ERROR]   symbol:   class AutonomousMachineHandler
[ERROR]   location: class me.mrCookieSlime.Slimefun.Setup.SlimefunSetup
[ERROR] /home/pi/Desktop/Build Server/TheBusyBiscuit/Slimefun4/master/files/src/me/mrCookieSlime/Slimefun/Setup/SlimefunSetup.java:[2470,17] reference to register is ambiguous
[ERROR]   both method register(boolean,ItemHandler...) in me.mrCookieSlime.Slimefun.Objects.SlimefunItem.SlimefunItem and method register(ItemHandler...) in me.mrCookieSlime.Slimefun.Objects.SlimefunItem.SlimefunItem match
[ERROR] /home/pi/Desktop/Build Server/TheBusyBiscuit/Slimefun4/master/files/src/me/mrCookieSlime/Slimefun/Setup/SlimefunSetup.java:[2490,37] cannot find symbol
[ERROR]   symbol:   class BowShootHandler
[ERROR]   location: class me.mrCookieSlime.Slimefun.Setup.SlimefunSetup
[ERROR] /home/pi/Desktop/Build Server/TheBusyBiscuit/Slimefun4/master/files/src/me/mrCookieSlime/Slimefun/Setup/SlimefunSetup.java:[2508,37] cannot find symbol
[ERROR]   symbol:   class BowShootHandler
[ERROR]   location: class me.mrCookieSlime.Slimefun.Setup.SlimefunSetup
[ERROR] /home/pi/Desktop/Build Server/TheBusyBiscuit/Slimefun4/master/files/src/me/mrCookieSlime/Slimefun/Setup/SlimefunSetup.java:[2525,17] reference to register is ambiguous
[ERROR]   both method register(boolean,ItemHandler...) in me.mrCookieSlime.Slimefun.Objects.SlimefunItem.SlimefunItem and method register(ItemHandler...) in me.mrCookieSlime.Slimefun.Objects.SlimefunItem.SlimefunItem match
[ERROR] /home/pi/Desktop/Build Server/TheBusyBiscuit/Slimefun4/master/files/src/me/mrCookieSlime/Slimefun/Setup/SlimefunSetup.java:[2554,17] reference to register is ambiguous
[ERROR]   both method register(boolean,ItemHandler...) in me.mrCookieSlime.Slimefun.Objects.SlimefunItem.SlimefunItem and method register(ItemHandler...) in me.mrCookieSlime.Slimefun.Objects.SlimefunItem.SlimefunItem match
[ERROR] /home/pi/Desktop/Build Server/TheBusyBiscuit/Slimefun4/master/files/src/me/mrCookieSlime/Slimefun/Setup/SlimefunSetup.java:[2635,17] reference to register is ambiguous
[ERROR]   both method register(boolean,ItemHandler...) in me.mrCookieSlime.Slimefun.Objects.SlimefunItem.SlimefunItem and method register(ItemHandler...) in me.mrCookieSlime.Slimefun.Objects.SlimefunItem.SlimefunItem match
[ERROR] /home/pi/Desktop/Build Server/TheBusyBiscuit/Slimefun4/master/files/src/me/mrCookieSlime/Slimefun/Setup/SlimefunSetup.java:[2723,17] reference to register is ambiguous
[ERROR]   both method register(boolean,ItemHandler...) in me.mrCookieSlime.Slimefun.Objects.SlimefunItem.SlimefunItem and method register(ItemHandler...) in me.mrCookieSlime.Slimefun.Objects.SlimefunItem.SlimefunItem match
[ERROR] /home/pi/Desktop/Build Server/TheBusyBiscuit/Slimefun4/master/files/src/me/mrCookieSlime/Slimefun/Setup/SlimefunSetup.java:[2779,17] reference to register is ambiguous
[ERROR]   both method register(boolean,ItemHandler...) in me.mrCookieSlime.Slimefun.Objects.SlimefunItem.SlimefunItem and method register(ItemHandler...) in me.mrCookieSlime.Slimefun.Objects.SlimefunItem.SlimefunItem match
[ERROR] /home/pi/Desktop/Build Server/TheBusyBiscuit/Slimefun4/master/files/src/me/mrCookieSlime/Slimefun/Setup/SlimefunSetup.java:[2796,17] reference to register is ambiguous
[ERROR]   both method register(boolean,ItemHandler...) in me.mrCookieSlime.Slimefun.Objects.SlimefunItem.SlimefunItem and method register(ItemHandler...) in me.mrCookieSlime.Slimefun.Objects.SlimefunItem.SlimefunItem match
[ERROR] /home/pi/Desktop/Build Server/TheBusyBiscuit/Slimefun4/master/files/src/me/mrCookieSlime/Slimefun/Setup/SlimefunSetup.java:[2813,17] reference to register is ambiguous
[ERROR]   both method register(boolean,ItemHandler...) in me.mrCookieSlime.Slimefun.Objects.SlimefunItem.SlimefunItem and method register(ItemHandler...) in me.mrCookieSlime.Slimefun.Objects.SlimefunItem.SlimefunItem match
[ERROR] /home/pi/Desktop/Build Server/TheBusyBiscuit/Slimefun4/master/files/src/me/mrCookieSlime/Slimefun/Setup/SlimefunSetup.java:[2830,17] reference to register is ambiguous
[ERROR]   both method register(boolean,ItemHandler...) in me.mrCookieSlime.Slimefun.Objects.SlimefunItem.SlimefunItem and method register(ItemHandler...) in me.mrCookieSlime.Slimefun.Objects.SlimefunItem.SlimefunItem match
[ERROR] /home/pi/Desktop/Build Server/TheBusyBiscuit/Slimefun4/master/files/src/me/mrCookieSlime/Slimefun/Setup/SlimefunSetup.java:[3426,17] reference to register is ambiguous
[ERROR]   both method register(boolean,ItemHandler...) in me.mrCookieSlime.Slimefun.Objects.SlimefunItem.SlimefunItem and method register(ItemHandler...) in me.mrCookieSlime.Slimefun.Objects.SlimefunItem.SlimefunItem match
[ERROR] /home/pi/Desktop/Build Server/TheBusyBiscuit/Slimefun4/master/files/src/me/mrCookieSlime/Slimefun/Setup/SlimefunSetup.java:[3612,17] reference to register is ambiguous
[ERROR]   both method register(boolean,ItemHandler...) in me.mrCookieSlime.Slimefun.Objects.SlimefunItem.SlimefunItem and method register(ItemHandler...) in me.mrCookieSlime.Slimefun.Objects.SlimefunItem.SlimefunItem match
[ERROR] /home/pi/Desktop/Build Server/TheBusyBiscuit/Slimefun4/master/files/src/me/mrCookieSlime/Slimefun/Setup/SlimefunSetup.java:[3950,17] reference to register is ambiguous
[ERROR]   both method register(boolean,ItemHandler...) in me.mrCookieSlime.Slimefun.Objects.SlimefunItem.SlimefunItem and method register(ItemHandler...) in me.mrCookieSlime.Slimefun.Objects.SlimefunItem.SlimefunItem match
[ERROR] /home/pi/Desktop/Build Server/TheBusyBiscuit/Slimefun4/master/files/src/me/mrCookieSlime/Slimefun/Setup/SlimefunSetup.java:[3990,17] reference to register is ambiguous
[ERROR]   both method register(boolean,ItemHandler...) in me.mrCookieSlime.Slimefun.Objects.SlimefunItem.SlimefunItem and method register(ItemHandler...) in me.mrCookieSlime.Slimefun.Objects.SlimefunItem.SlimefunItem match
[ERROR] /home/pi/Desktop/Build Server/TheBusyBiscuit/Slimefun4/master/files/src/me/mrCookieSlime/Slimefun/Setup/SlimefunSetup.java:[3994,17] reference to register is ambiguous
[ERROR]   both method register(boolean,ItemHandler...) in me.mrCookieSlime.Slimefun.Objects.SlimefunItem.SlimefunItem and method register(ItemHandler...) in me.mrCookieSlime.Slimefun.Objects.SlimefunItem.SlimefunItem match
[ERROR] /home/pi/Desktop/Build Server/TheBusyBiscuit/Slimefun4/master/files/src/me/mrCookieSlime/Slimefun/Setup/SlimefunSetup.java:[3998,17] reference to register is ambiguous
[ERROR]   both method register(boolean,ItemHandler...) in me.mrCookieSlime.Slimefun.Objects.SlimefunItem.SlimefunItem and method register(ItemHandler...) in me.mrCookieSlime.Slimefun.Objects.SlimefunItem.SlimefunItem match
[ERROR] /home/pi/Desktop/Build Server/TheBusyBiscuit/Slimefun4/master/files/src/me/mrCookieSlime/Slimefun/Setup/SlimefunSetup.java:[4002,17] reference to register is ambiguous
[ERROR]   both method register(boolean,ItemHandler...) in me.mrCookieSlime.Slimefun.Objects.SlimefunItem.SlimefunItem and method register(ItemHandler...) in me.mrCookieSlime.Slimefun.Objects.SlimefunItem.SlimefunItem match
[ERROR] /home/pi/Desktop/Build Server/TheBusyBiscuit/Slimefun4/master/files/src/me/mrCookieSlime/Slimefun/Setup/SlimefunSetup.java:[4008,17] reference to register is ambiguous
[ERROR]   both method register(boolean,ItemHandler...) in me.mrCookieSlime.Slimefun.Objects.SlimefunItem.SlimefunItem and method register(ItemHandler...) in me.mrCookieSlime.Slimefun.Objects.SlimefunItem.SlimefunItem match
[ERROR] /home/pi/Desktop/Build Server/TheBusyBiscuit/Slimefun4/master/files/src/me/mrCookieSlime/Slimefun/Setup/SlimefunSetup.java:[4012,17] reference to register is ambiguous
[ERROR]   both method register(boolean,ItemHandler...) in me.mrCookieSlime.Slimefun.Objects.SlimefunItem.SlimefunItem and method register(ItemHandler...) in me.mrCookieSlime.Slimefun.Objects.SlimefunItem.SlimefunItem match
[ERROR] /home/pi/Desktop/Build Server/TheBusyBiscuit/Slimefun4/master/files/src/me/mrCookieSlime/Slimefun/Setup/SlimefunSetup.java:[4016,17] reference to register is ambiguous
[ERROR]   both method register(boolean,ItemHandler...) in me.mrCookieSlime.Slimefun.Objects.SlimefunItem.SlimefunItem and method register(ItemHandler...) in me.mrCookieSlime.Slimefun.Objects.SlimefunItem.SlimefunItem match
[ERROR] /home/pi/Desktop/Build Server/TheBusyBiscuit/Slimefun4/master/files/src/me/mrCookieSlime/Slimefun/Setup/SlimefunSetup.java:[4020,17] reference to register is ambiguous
[ERROR]   both method register(boolean,ItemHandler...) in me.mrCookieSlime.Slimefun.Objects.SlimefunItem.SlimefunItem and method register(ItemHandler...) in me.mrCookieSlime.Slimefun.Objects.SlimefunItem.SlimefunItem match
[ERROR] -> [Help 1]
[ERROR] 
[ERROR] To see the full stack trace of the errors, re-run Maven with the -e switch.
[ERROR] Re-run Maven using the -X switch to enable full debug logging.
[ERROR] 
[ERROR] For more information about the errors and possible solutions, please read the following articles:
[ERROR] [Help 1] http://cwiki.apache.org/confluence/display/MAVEN/MojoFailureException
