[INFO] Scanning for projects...
[WARNING] 
[WARNING] Some problems were encountered while building the effective model for me.mrCookieSlime:Slimefun:jar:DEV #54 (git d56c872b)
[WARNING] 'dependencies.dependency.systemPath' for me.minebuilders:clearlag-core:jar should not point at files within the project directory, ${project.basedir}/lib/Clearlag.jar will be unresolvable by dependent projects @ line 1, column 2027
[WARNING] 'dependencies.dependency.systemPath' for me.mrCookieSlime:EmeraldEnchants:jar should not point at files within the project directory, ${project.basedir}/lib/EmeraldEnchants v2.0.jar will be unresolvable by dependent projects @ line 1, column 2303
[WARNING] 'dependencies.dependency.systemPath' for me.mrCookieSlime:ExoticGarden:jar should not point at files within the project directory, ${project.basedir}/lib/ExoticGarden v1.2.0.jar will be unresolvable by dependent projects @ line 1, column 2493
[WARNING] 
[WARNING] It is highly recommended to fix these problems because they threaten the stability of your build.
[WARNING] 
[WARNING] For this reason, future Maven versions might no longer support building such malformed projects.
[WARNING] 
[INFO] 
[INFO] ------------------------------------------------------------------------
[INFO] Building Slimefun DEV #54 (git d56c872b)
[INFO] ------------------------------------------------------------------------
[INFO] Downloading from paper-repo: https://repo.destroystokyo.com/repository/maven-public/org/bukkit/bukkit/1.13.1-R0.1-SNAPSHOT/maven-metadata.xml
[INFO] Downloading from robomwm-repo: https://dl.bintray.com/robomwm/maven/org/bukkit/bukkit/1.13.1-R0.1-SNAPSHOT/maven-metadata.xml
[WARNING] Could not transfer metadata org.bukkit:bukkit:1.13.1-R0.1-SNAPSHOT/maven-metadata.xml from/to paper-repo (https://repo.destroystokyo.com/repository/maven-public/): sun.security.validator.ValidatorException: PKIX path building failed: sun.security.provider.certpath.SunCertPathBuilderException: unable to find valid certification path to requested target
[WARNING] Failure to transfer org.bukkit:bukkit:1.13.1-R0.1-SNAPSHOT/maven-metadata.xml from https://repo.destroystokyo.com/repository/maven-public/ was cached in the local repository, resolution will not be reattempted until the update interval of paper-repo has elapsed or updates are forced. Original error: Could not transfer metadata org.bukkit:bukkit:1.13.1-R0.1-SNAPSHOT/maven-metadata.xml from/to paper-repo (https://repo.destroystokyo.com/repository/maven-public/): sun.security.validator.ValidatorException: PKIX path building failed: sun.security.provider.certpath.SunCertPathBuilderException: unable to find valid certification path to requested target
[INFO] Downloading from paper-repo: https://repo.destroystokyo.com/repository/maven-public/com/sk89q/worldedit/worldedit-bukkit/6.1.1-SNAPSHOT/maven-metadata.xml
[INFO] Downloading from spigot-repo: https://hub.spigotmc.org/nexus/content/repositories/snapshots/com/sk89q/worldedit/worldedit-bukkit/6.1.1-SNAPSHOT/maven-metadata.xml
[INFO] Downloading from worldedit-worldguard-repo: http://maven.sk89q.com/repo/com/sk89q/worldedit/worldedit-bukkit/6.1.1-SNAPSHOT/maven-metadata.xml
[INFO] Downloading from jitpack.io: https://jitpack.io/com/sk89q/worldedit/worldedit-bukkit/6.1.1-SNAPSHOT/maven-metadata.xml
[INFO] Downloading from robomwm-repo: https://dl.bintray.com/robomwm/maven/com/sk89q/worldedit/worldedit-bukkit/6.1.1-SNAPSHOT/maven-metadata.xml
[INFO] Downloaded from worldedit-worldguard-repo: http://maven.sk89q.com/repo/com/sk89q/worldedit/worldedit-bukkit/6.1.1-SNAPSHOT/maven-metadata.xml (1.2 kB at 2.3 kB/s)
[WARNING] Could not transfer metadata com.sk89q.worldedit:worldedit-bukkit:6.1.1-SNAPSHOT/maven-metadata.xml from/to paper-repo (https://repo.destroystokyo.com/repository/maven-public/): sun.security.validator.ValidatorException: PKIX path building failed: sun.security.provider.certpath.SunCertPathBuilderException: unable to find valid certification path to requested target
[WARNING] Failure to transfer com.sk89q.worldedit:worldedit-bukkit:6.1.1-SNAPSHOT/maven-metadata.xml from https://repo.destroystokyo.com/repository/maven-public/ was cached in the local repository, resolution will not be reattempted until the update interval of paper-repo has elapsed or updates are forced. Original error: Could not transfer metadata com.sk89q.worldedit:worldedit-bukkit:6.1.1-SNAPSHOT/maven-metadata.xml from/to paper-repo (https://repo.destroystokyo.com/repository/maven-public/): sun.security.validator.ValidatorException: PKIX path building failed: sun.security.provider.certpath.SunCertPathBuilderException: unable to find valid certification path to requested target
[INFO] Downloading from paper-repo: https://repo.destroystokyo.com/repository/maven-public/com/sk89q/worldedit/worldedit-core/6.1.1-SNAPSHOT/maven-metadata.xml
[INFO] Downloading from worldedit-worldguard-repo: http://maven.sk89q.com/repo/com/sk89q/worldedit/worldedit-core/6.1.1-SNAPSHOT/maven-metadata.xml
[INFO] Downloading from jitpack.io: https://jitpack.io/com/sk89q/worldedit/worldedit-core/6.1.1-SNAPSHOT/maven-metadata.xml
[INFO] Downloading from spigot-repo: https://hub.spigotmc.org/nexus/content/repositories/snapshots/com/sk89q/worldedit/worldedit-core/6.1.1-SNAPSHOT/maven-metadata.xml
[INFO] Downloading from robomwm-repo: https://dl.bintray.com/robomwm/maven/com/sk89q/worldedit/worldedit-core/6.1.1-SNAPSHOT/maven-metadata.xml
[INFO] Downloaded from worldedit-worldguard-repo: http://maven.sk89q.com/repo/com/sk89q/worldedit/worldedit-core/6.1.1-SNAPSHOT/maven-metadata.xml (1.2 kB at 4.2 kB/s)
[WARNING] Could not transfer metadata com.sk89q.worldedit:worldedit-core:6.1.1-SNAPSHOT/maven-metadata.xml from/to paper-repo (https://repo.destroystokyo.com/repository/maven-public/): sun.security.validator.ValidatorException: PKIX path building failed: sun.security.provider.certpath.SunCertPathBuilderException: unable to find valid certification path to requested target
[WARNING] Failure to transfer com.sk89q.worldedit:worldedit-core:6.1.1-SNAPSHOT/maven-metadata.xml from https://repo.destroystokyo.com/repository/maven-public/ was cached in the local repository, resolution will not be reattempted until the update interval of paper-repo has elapsed or updates are forced. Original error: Could not transfer metadata com.sk89q.worldedit:worldedit-core:6.1.1-SNAPSHOT/maven-metadata.xml from/to paper-repo (https://repo.destroystokyo.com/repository/maven-public/): sun.security.validator.ValidatorException: PKIX path building failed: sun.security.provider.certpath.SunCertPathBuilderException: unable to find valid certification path to requested target
[INFO] Downloading from paper-repo: https://repo.destroystokyo.com/repository/maven-public/com/github/TheBusyBiscuit/CS-CoreLib/711fd46a0e/CS-CoreLib-711fd46a0e.pom
[INFO] Downloading from spigot-repo: https://hub.spigotmc.org/nexus/content/repositories/snapshots/com/github/TheBusyBiscuit/CS-CoreLib/711fd46a0e/CS-CoreLib-711fd46a0e.pom
[INFO] Downloading from worldedit-worldguard-repo: http://maven.sk89q.com/repo/com/github/TheBusyBiscuit/CS-CoreLib/711fd46a0e/CS-CoreLib-711fd46a0e.pom
[INFO] Downloading from jitpack.io: https://jitpack.io/com/github/TheBusyBiscuit/CS-CoreLib/711fd46a0e/CS-CoreLib-711fd46a0e.pom
[INFO] Downloaded from jitpack.io: https://jitpack.io/com/github/TheBusyBiscuit/CS-CoreLib/711fd46a0e/CS-CoreLib-711fd46a0e.pom (5.6 kB at 26 kB/s)
[INFO] Downloading from paper-repo: https://repo.destroystokyo.com/repository/maven-public/com/sk89q/worldguard/6.1.1-SNAPSHOT/maven-metadata.xml
[INFO] Downloading from robomwm-repo: https://dl.bintray.com/robomwm/maven/com/sk89q/worldguard/6.1.1-SNAPSHOT/maven-metadata.xml
[WARNING] Could not transfer metadata com.sk89q:worldguard:6.1.1-SNAPSHOT/maven-metadata.xml from/to paper-repo (https://repo.destroystokyo.com/repository/maven-public/): sun.security.validator.ValidatorException: PKIX path building failed: sun.security.provider.certpath.SunCertPathBuilderException: unable to find valid certification path to requested target
[WARNING] Failure to transfer com.sk89q:worldguard:6.1.1-SNAPSHOT/maven-metadata.xml from https://repo.destroystokyo.com/repository/maven-public/ was cached in the local repository, resolution will not be reattempted until the update interval of paper-repo has elapsed or updates are forced. Original error: Could not transfer metadata com.sk89q:worldguard:6.1.1-SNAPSHOT/maven-metadata.xml from/to paper-repo (https://repo.destroystokyo.com/repository/maven-public/): sun.security.validator.ValidatorException: PKIX path building failed: sun.security.provider.certpath.SunCertPathBuilderException: unable to find valid certification path to requested target
[INFO] Downloading from robomwm-repo: https://dl.bintray.com/robomwm/maven/com/sk89q/spigot/bukkit-classloader-check/1.8-R0.1-SNAPSHOT/maven-metadata.xml
[INFO] Downloading from paper-repo: https://repo.destroystokyo.com/repository/maven-public/com/sk89q/spigot/bukkit-classloader-check/1.8-R0.1-SNAPSHOT/maven-metadata.xml
[WARNING] Could not transfer metadata com.sk89q.spigot:bukkit-classloader-check:1.8-R0.1-SNAPSHOT/maven-metadata.xml from/to paper-repo (https://repo.destroystokyo.com/repository/maven-public/): sun.security.validator.ValidatorException: PKIX path building failed: sun.security.provider.certpath.SunCertPathBuilderException: unable to find valid certification path to requested target
[WARNING] Failure to transfer com.sk89q.spigot:bukkit-classloader-check:1.8-R0.1-SNAPSHOT/maven-metadata.xml from https://repo.destroystokyo.com/repository/maven-public/ was cached in the local repository, resolution will not be reattempted until the update interval of paper-repo has elapsed or updates are forced. Original error: Could not transfer metadata com.sk89q.spigot:bukkit-classloader-check:1.8-R0.1-SNAPSHOT/maven-metadata.xml from/to paper-repo (https://repo.destroystokyo.com/repository/maven-public/): sun.security.validator.ValidatorException: PKIX path building failed: sun.security.provider.certpath.SunCertPathBuilderException: unable to find valid certification path to requested target
[WARNING] The POM for com.wasteofplastic:askyblock:jar:3.0.8.2 is invalid, transitive dependencies (if any) will not be available, enable debug logging for more details
[WARNING] The POM for com.github.dmulloy2.LWC:lwc:jar:master-4.5.1-g2100b5e-18 is invalid, transitive dependencies (if any) will not be available, enable debug logging for more details
[INFO] Downloading from paper-repo: https://repo.destroystokyo.com/repository/maven-public/com/massivecraft/massivecore/MassiveCore/2.13.0/MassiveCore-2.13.0.pom
[INFO] Downloading from robomwm-repo: https://dl.bintray.com/robomwm/maven/com/massivecraft/massivecore/MassiveCore/2.13.0/MassiveCore-2.13.0.pom
[INFO] Downloading from paper-repo: https://repo.destroystokyo.com/repository/maven-public/com/massivecraft/factions/Factions/2.13.0/Factions-2.13.0.pom
[INFO] Downloading from robomwm-repo: https://dl.bintray.com/robomwm/maven/com/massivecraft/factions/Factions/2.13.0/Factions-2.13.0.pom
[INFO] Downloading from robomwm-repo: https://dl.bintray.com/robomwm/maven/mkremins/fanciful/0.4.0-SNAPSHOT/maven-metadata.xml
[INFO] Downloading from paper-repo: https://repo.destroystokyo.com/repository/maven-public/mkremins/fanciful/0.4.0-SNAPSHOT/maven-metadata.xml
[WARNING] Could not transfer metadata mkremins:fanciful:0.4.0-SNAPSHOT/maven-metadata.xml from/to paper-repo (https://repo.destroystokyo.com/repository/maven-public/): sun.security.validator.ValidatorException: PKIX path building failed: sun.security.provider.certpath.SunCertPathBuilderException: unable to find valid certification path to requested target
[WARNING] Failure to transfer mkremins:fanciful:0.4.0-SNAPSHOT/maven-metadata.xml from https://repo.destroystokyo.com/repository/maven-public/ was cached in the local repository, resolution will not be reattempted until the update interval of paper-repo has elapsed or updates are forced. Original error: Could not transfer metadata mkremins:fanciful:0.4.0-SNAPSHOT/maven-metadata.xml from/to paper-repo (https://repo.destroystokyo.com/repository/maven-public/): sun.security.validator.ValidatorException: PKIX path building failed: sun.security.provider.certpath.SunCertPathBuilderException: unable to find valid certification path to requested target
[INFO] Downloading from robomwm-repo: https://dl.bintray.com/robomwm/maven/com/darkblade12/particleeffect/1.8.0-SNAPSHOT/maven-metadata.xml
[INFO] Downloading from paper-repo: https://repo.destroystokyo.com/repository/maven-public/com/darkblade12/particleeffect/1.8.0-SNAPSHOT/maven-metadata.xml
[WARNING] Could not transfer metadata com.darkblade12:particleeffect:1.8.0-SNAPSHOT/maven-metadata.xml from/to paper-repo (https://repo.destroystokyo.com/repository/maven-public/): sun.security.validator.ValidatorException: PKIX path building failed: sun.security.provider.certpath.SunCertPathBuilderException: unable to find valid certification path to requested target
[WARNING] Failure to transfer com.darkblade12:particleeffect:1.8.0-SNAPSHOT/maven-metadata.xml from https://repo.destroystokyo.com/repository/maven-public/ was cached in the local repository, resolution will not be reattempted until the update interval of paper-repo has elapsed or updates are forced. Original error: Could not transfer metadata com.darkblade12:particleeffect:1.8.0-SNAPSHOT/maven-metadata.xml from/to paper-repo (https://repo.destroystokyo.com/repository/maven-public/): sun.security.validator.ValidatorException: PKIX path building failed: sun.security.provider.certpath.SunCertPathBuilderException: unable to find valid certification path to requested target
[INFO] Downloading from robomwm-repo: https://dl.bintray.com/robomwm/maven/com/sk89q/worldedit/worldedit-core/6.1.3-SNAPSHOT/maven-metadata.xml
[INFO] Downloading from paper-repo: https://repo.destroystokyo.com/repository/maven-public/com/sk89q/worldedit/worldedit-core/6.1.3-SNAPSHOT/maven-metadata.xml
[WARNING] Could not transfer metadata com.sk89q.worldedit:worldedit-core:6.1.3-SNAPSHOT/maven-metadata.xml from/to paper-repo (https://repo.destroystokyo.com/repository/maven-public/): sun.security.validator.ValidatorException: PKIX path building failed: sun.security.provider.certpath.SunCertPathBuilderException: unable to find valid certification path to requested target
[WARNING] Failure to transfer com.sk89q.worldedit:worldedit-core:6.1.3-SNAPSHOT/maven-metadata.xml from https://repo.destroystokyo.com/repository/maven-public/ was cached in the local repository, resolution will not be reattempted until the update interval of paper-repo has elapsed or updates are forced. Original error: Could not transfer metadata com.sk89q.worldedit:worldedit-core:6.1.3-SNAPSHOT/maven-metadata.xml from/to paper-repo (https://repo.destroystokyo.com/repository/maven-public/): sun.security.validator.ValidatorException: PKIX path building failed: sun.security.provider.certpath.SunCertPathBuilderException: unable to find valid certification path to requested target
[INFO] ------------------------------------------------------------------------
[INFO] BUILD FAILURE
[INFO] ------------------------------------------------------------------------
[INFO] Total time: 8.544 s
[INFO] Finished at: 2018-09-05T20:24:55+02:00
[INFO] Final Memory: 8M/19M
[INFO] ------------------------------------------------------------------------
[ERROR] Failed to execute goal on project Slimefun: Could not resolve dependencies for project me.mrCookieSlime:Slimefun:jar:DEV #54 (git d56c872b): Failed to collect dependencies at com.github.TheBusyBiscuit:CS-CoreLib:jar:711fd46a0e -> com.massivecraft.massivecore:MassiveCore:jar:2.13.0: Failed to read artifact descriptor for com.massivecraft.massivecore:MassiveCore:jar:2.13.0: Could not transfer artifact com.massivecraft.massivecore:MassiveCore:pom:2.13.0 from/to paper-repo (https://repo.destroystokyo.com/repository/maven-public/): sun.security.validator.ValidatorException: PKIX path building failed: sun.security.provider.certpath.SunCertPathBuilderException: unable to find valid certification path to requested target -> [Help 1]
[ERROR] 
[ERROR] To see the full stack trace of the errors, re-run Maven with the -e switch.
[ERROR] Re-run Maven using the -X switch to enable full debug logging.
[ERROR] 
[ERROR] For more information about the errors and possible solutions, please read the following articles:
[ERROR] [Help 1] http://cwiki.apache.org/confluence/display/MAVEN/DependencyResolutionException
