[INFO] Scanning for projects...
[INFO] 
[INFO] -----------------------< me.john000708:Barrels >------------------------
[INFO] Building Barrels DEV - 1 (git 74a46798)
[INFO] --------------------------------[ jar ]---------------------------------
[WARNING] The POM for com.github.TheBusyBiscuit:CS-CoreLib:jar:v1.6.1 is invalid, transitive dependencies (if any) will not be available, enable debug logging for more details
[WARNING] The POM for com.github.TheBusyBiscuit:Slimefun4:jar:3619c4bc9e is invalid, transitive dependencies (if any) will not be available, enable debug logging for more details
[INFO] 
[INFO] --- maven-resources-plugin:2.6:resources (default-resources) @ Barrels ---
[INFO] Using 'UTF-8' encoding to copy filtered resources.
[INFO] Copying 2 resources
[INFO] 
[INFO] --- maven-compiler-plugin:3.1:compile (default-compile) @ Barrels ---
[INFO] Changes detected - recompiling the module!
[INFO] Compiling 5 source files to /home/pi/Desktop/Build Server/John000708/Barrels/master/files/target/classes
[INFO] 
[INFO] --- maven-resources-plugin:2.6:testResources (default-testResources) @ Barrels ---
[INFO] Using 'UTF-8' encoding to copy filtered resources.
[INFO] skip non existing resourceDirectory /home/pi/Desktop/Build Server/John000708/Barrels/master/files/tests/resources
[INFO] 
[INFO] --- maven-compiler-plugin:3.1:testCompile (default-testCompile) @ Barrels ---
[INFO] No sources to compile
[INFO] 
[INFO] --- maven-surefire-plugin:2.12.4:test (default-test) @ Barrels ---
[INFO] No tests to run.
[INFO] 
[INFO] --- maven-jar-plugin:2.4:jar (default-jar) @ Barrels ---
[INFO] Building jar: /home/pi/Desktop/Build Server/John000708/Barrels/master/files/target/Barrels-1.jar
[INFO] ------------------------------------------------------------------------
[INFO] BUILD SUCCESS
[INFO] ------------------------------------------------------------------------
[INFO] Total time:  8.436 s
[INFO] Finished at: 2019-06-09T14:38:02+02:00
[INFO] ------------------------------------------------------------------------
