[INFO] Scanning for projects...
[INFO] 
[INFO] ------------< io.github.thebusybiscuit:SlimefunLuckyBlocks >------------
[INFO] Building SlimefunLuckyBlocks DEV - 9 (git ccac03dc)
[INFO] --------------------------------[ jar ]---------------------------------
[WARNING] The POM for com.github.thebusybiscuit:CS-CoreLib2:jar:0.4.1 is invalid, transitive dependencies (if any) will not be available, enable debug logging for more details
[WARNING] The POM for com.github.TheBusyBiscuit:Slimefun4:jar:580931d729 is invalid, transitive dependencies (if any) will not be available, enable debug logging for more details
[WARNING] The POM for com.github.thebusybiscuit:CS-CoreLib2:jar:0.5.1 is invalid, transitive dependencies (if any) will not be available, enable debug logging for more details
[INFO] 
[INFO] --- maven-clean-plugin:2.5:clean (default-clean) @ SlimefunLuckyBlocks ---
[INFO] 
[INFO] --- maven-resources-plugin:2.6:resources (default-resources) @ SlimefunLuckyBlocks ---
[INFO] Using 'UTF-8' encoding to copy filtered resources.
[INFO] Copying 2 resources
[INFO] 
[INFO] --- maven-compiler-plugin:3.1:compile (default-compile) @ SlimefunLuckyBlocks ---
[INFO] Changes detected - recompiling the module!
[INFO] Compiling 56 source files to /home/pi/Desktop/Build Server/TheBusyBiscuit/luckyblocks-sf/master/files/target/classes
[WARNING] /home/pi/Desktop/Build Server/TheBusyBiscuit/luckyblocks-sf/master/files/src/io/github/thebusybiscuit/slimefunluckyblocks/surprises/pandora/ReapersSurprise.java: Some input files use or override a deprecated API.
[WARNING] /home/pi/Desktop/Build Server/TheBusyBiscuit/luckyblocks-sf/master/files/src/io/github/thebusybiscuit/slimefunluckyblocks/surprises/pandora/ReapersSurprise.java: Recompile with -Xlint:deprecation for details.
[INFO] 
[INFO] --- maven-resources-plugin:2.6:testResources (default-testResources) @ SlimefunLuckyBlocks ---
[INFO] Using 'UTF-8' encoding to copy filtered resources.
[INFO] skip non existing resourceDirectory /home/pi/Desktop/Build Server/TheBusyBiscuit/luckyblocks-sf/master/files/tests/resources
[INFO] 
[INFO] --- maven-compiler-plugin:3.1:testCompile (default-testCompile) @ SlimefunLuckyBlocks ---
[INFO] No sources to compile
[INFO] 
[INFO] --- maven-surefire-plugin:2.12.4:test (default-test) @ SlimefunLuckyBlocks ---
[INFO] No tests to run.
[INFO] 
[INFO] --- maven-jar-plugin:2.4:jar (default-jar) @ SlimefunLuckyBlocks ---
[INFO] Building jar: /home/pi/Desktop/Build Server/TheBusyBiscuit/luckyblocks-sf/master/files/target/luckyblocks-sf-9.jar
[INFO] 
[INFO] --- maven-shade-plugin:3.2.1:shade (default) @ SlimefunLuckyBlocks ---
[INFO] Including com.github.thebusybiscuit:CS-CoreLib2:jar:0.5.1 in the shaded jar.
[INFO] Replacing original artifact with shaded artifact.
[INFO] Replacing /home/pi/Desktop/Build Server/TheBusyBiscuit/luckyblocks-sf/master/files/target/luckyblocks-sf-9.jar with /home/pi/Desktop/Build Server/TheBusyBiscuit/luckyblocks-sf/master/files/target/SlimefunLuckyBlocks-DEV - 9 (git ccac03dc)-shaded.jar
[INFO] Dependency-reduced POM written at: /home/pi/Desktop/Build Server/TheBusyBiscuit/luckyblocks-sf/master/files/dependency-reduced-pom.xml
[INFO] 
[INFO] ------------< io.github.thebusybiscuit:SlimefunLuckyBlocks >------------
[INFO] Building SlimefunLuckyBlocks DEV - 9 (git ccac03dc)
[INFO] --------------------------------[ jar ]---------------------------------
[INFO] 
[INFO] --- sonar-maven-plugin:3.6.0.1398:sonar (default-cli) @ SlimefunLuckyBlocks ---
[INFO] User cache: /home/pi/.sonar/cache
[INFO] SonarQube version: 8.0.0
[INFO] Default locale: "de_DE", source code encoding: "UTF-8"
[INFO] Load global settings
[INFO] Load global settings (done) | time=759ms
[INFO] Server id: 74E9293D-AWHW8ct9-T_TB3XqouNu
[INFO] User cache: /home/pi/.sonar/cache
[INFO] Load/download plugins
[INFO] Load plugins index
[INFO] Load plugins index (done) | time=291ms
[INFO] Load/download plugins (done) | time=903ms
[INFO] Loaded core extensions: developer-scanner
[INFO] Process project properties
[INFO] Execute project builders
[INFO] Execute project builders (done) | time=18ms
[INFO] Project key: TheBusyBiscuit_lubkyblocks-sf
[INFO] Base dir: /home/pi/Desktop/Build Server/TheBusyBiscuit/luckyblocks-sf/master/files
[INFO] Working dir: /home/pi/Desktop/Build Server/TheBusyBiscuit/luckyblocks-sf/master/files/target/sonar
[INFO] Load project settings for component key: 'TheBusyBiscuit_lubkyblocks-sf'
[INFO] Load project branches
[INFO] Load project branches (done) | time=53ms
[INFO] Load project pull requests
[INFO] Load project pull requests (done) | time=59ms
[INFO] Load branch configuration
[INFO] Load branch configuration (done) | time=7ms
[INFO] Load quality profiles
[INFO] Load quality profiles (done) | time=267ms
[INFO] Load active rules
[INFO] Load active rules (done) | time=4908ms
[INFO] Organization key: thebusybiscuit-github
[INFO] Indexing files...
[INFO] Project configuration:
[INFO] 59 files indexed
[INFO] 0 files ignored because of scm ignore settings
[INFO] Quality profile for java: Additional Checks
[INFO] Quality profile for xml: Sonar way
[INFO] ------------- Run sensors on module SlimefunLuckyBlocks
[INFO] Load metrics repository
[INFO] Load metrics repository (done) | time=105ms
[INFO] Sensor JavaSquidSensor [java]
[INFO] Configured Java source version (sonar.java.source): 8
[INFO] JavaClasspath initialization
[INFO] JavaClasspath initialization (done) | time=55ms
[INFO] JavaTestClasspath initialization
[INFO] JavaTestClasspath initialization (done) | time=2ms
[INFO] Java Main Files AST scan
[INFO] 56 source files to be analyzed
[INFO] Load project repositories
[INFO] Load project repositories (done) | time=58ms
[INFO] 11/56 files analyzed, current file: src/io/github/thebusybiscuit/slimefunluckyblocks/surprises/lucky/LuckyChestplateSurprise.java
[INFO] 36/56 files analyzed, current file: src/io/github/thebusybiscuit/slimefunluckyblocks/LuckyBlock.java
[INFO] 56/56 source files have been analyzed
[WARNING] Classes not found during the analysis : [com.google.common.collect.Multimap, com.google.gson.JsonObject, org.yaml.snakeyaml.Yaml]
[INFO] Java Main Files AST scan (done) | time=23435ms
[INFO] Java Test Files AST scan
[INFO] 0 source files to be analyzed
[INFO] Java Test Files AST scan (done) | time=5ms
[INFO] 0/0 source files have been analyzed
[INFO] Sensor JavaSquidSensor [java] (done) | time=26191ms
[INFO] Sensor SurefireSensor [java]
[INFO] parsing [/home/pi/Desktop/Build Server/TheBusyBiscuit/luckyblocks-sf/master/files/target/surefire-reports]
[INFO] Sensor SurefireSensor [java] (done) | time=9ms
[INFO] Sensor JaCoCoSensor [java]
[INFO] Sensor JaCoCoSensor [java] (done) | time=4ms
[INFO] Sensor JavaXmlSensor [java]
[INFO] 1 source files to be analyzed
[INFO] Sensor JavaXmlSensor [java] (done) | time=690ms
[INFO] 1/1 source files have been analyzed
[INFO] Sensor HTML [web]
[INFO] Sensor HTML [web] (done) | time=19ms
[INFO] Sensor XML Sensor [xml]
[INFO] 1 source files to be analyzed
[INFO] Sensor XML Sensor [xml] (done) | time=702ms
[INFO] 1/1 source files have been analyzed
[INFO] Sensor JaCoCo XML Report Importer [jacoco]
[INFO] Sensor JaCoCo XML Report Importer [jacoco] (done) | time=18ms
[INFO] Sensor JavaSecuritySensor [security]
[INFO] Reading type hierarchy from: /home/pi/Desktop/Build Server/TheBusyBiscuit/luckyblocks-sf/master/files/target/sonar/ucfg2/java
[INFO] Read 151 type definitions
[INFO] Reading UCFGs from: /home/pi/Desktop/Build Server/TheBusyBiscuit/luckyblocks-sf/master/files/target/sonar/ucfg2/java
[INFO] 15:27:14.759 Building Type propagation graph
[INFO] 15:27:14.861 Running Tarjan on 528 nodes
[INFO] 15:27:14.879 Tarjan found 528 components
[INFO] 15:27:14.905 Variable type analysis: done
[INFO] 15:27:14.912 Building Type propagation graph
[INFO] 15:27:14.966 Running Tarjan on 528 nodes
[INFO] 15:27:14.973 Tarjan found 528 components
[INFO] 15:27:14.985 Variable type analysis: done
[INFO] Analyzing 164 ucfgs to detect vulnerabilities.
[INFO] All rules entrypoints : 0 Retained UCFGs : 0
[INFO] rule: S5131, entrypoints: 0
[INFO] Visited 0 ucfgs in 0 ms, 0 steps
[INFO] rule: S5131 done
[INFO] rule: S3649, entrypoints: 0
[INFO] Visited 0 ucfgs in 0 ms, 0 steps
[INFO] rule: S3649 done
[INFO] rule: S2076, entrypoints: 0
[INFO] Visited 0 ucfgs in 0 ms, 0 steps
[INFO] rule: S2076 done
[INFO] rule: S2091, entrypoints: 0
[INFO] Visited 0 ucfgs in 0 ms, 0 steps
[INFO] rule: S2091 done
[INFO] rule: S2078, entrypoints: 0
[INFO] Visited 0 ucfgs in 0 ms, 0 steps
[INFO] rule: S2078 done
[INFO] rule: S2631, entrypoints: 0
[INFO] Visited 0 ucfgs in 0 ms, 0 steps
[INFO] rule: S2631 done
[INFO] rule: S5135, entrypoints: 0
[INFO] Visited 0 ucfgs in 0 ms, 0 steps
[INFO] rule: S5135 done
[INFO] rule: S2083, entrypoints: 0
[INFO] Visited 0 ucfgs in 0 ms, 0 steps
[INFO] rule: S2083 done
[INFO] rule: S5167, entrypoints: 0
[INFO] Visited 0 ucfgs in 0 ms, 0 steps
[INFO] rule: S5167 done
[INFO] rule: S5144, entrypoints: 0
[INFO] Visited 0 ucfgs in 0 ms, 0 steps
[INFO] rule: S5144 done
[INFO] rule: S5145, entrypoints: 0
[INFO] Visited 0 ucfgs in 0 ms, 0 steps
[INFO] rule: S5145 done
[INFO] rule: S5146, entrypoints: 0
[INFO] Visited 0 ucfgs in 0 ms, 0 steps
[INFO] rule: S5146 done
[INFO] rule: S5334, entrypoints: 0
[INFO] Visited 0 ucfgs in 0 ms, 0 steps
[INFO] rule: S5334 done
[INFO] Sensor JavaSecuritySensor [security] (done) | time=3762ms
[INFO] Sensor CSharpSecuritySensor [security]
[INFO] Reading type hierarchy from: /home/pi/Desktop/Build Server/TheBusyBiscuit/luckyblocks-sf/master/files/target/ucfg_cs2
[INFO] Read 0 type definitions
[INFO] Reading UCFGs from: /home/pi/Desktop/Build Server/TheBusyBiscuit/luckyblocks-sf/master/files/target/ucfg_cs2
[INFO] No UCFGs have been included for analysis.
[INFO] Sensor CSharpSecuritySensor [security] (done) | time=5ms
[INFO] Sensor PhpSecuritySensor [security]
[INFO] Reading type hierarchy from: /home/pi/Desktop/Build Server/TheBusyBiscuit/luckyblocks-sf/master/files/target/sonar/ucfg2/php
[INFO] Read 0 type definitions
[INFO] Reading UCFGs from: /home/pi/Desktop/Build Server/TheBusyBiscuit/luckyblocks-sf/master/files/target/sonar/ucfg2/php
[INFO] No UCFGs have been included for analysis.
[INFO] Sensor PhpSecuritySensor [security] (done) | time=4ms
[INFO] ------------- Run sensors on project
[INFO] Sensor Zero Coverage Sensor
[INFO] Sensor Zero Coverage Sensor (done) | time=81ms
[INFO] Sensor Java CPD Block Indexer
[INFO] Sensor Java CPD Block Indexer (done) | time=288ms
[INFO] SCM provider for this project is: git
[INFO] 57 files to be analyzed
[INFO] 56/57 files analyzed
[WARNING] Missing blame information for the following files:
[WARNING]   * dependency-reduced-pom.xml
[WARNING] This may lead to missing/broken features in SonarQube
[INFO] 2 files had no CPD blocks
[INFO] Calculating CPD for 54 files
[INFO] CPD calculation finished
[INFO] Analysis report generated in 393ms, dir size=301 KB
[INFO] Analysis report compressed in 521ms, zip size=157 KB
[INFO] Analysis report uploaded in 2544ms
[INFO] ANALYSIS SUCCESSFUL, you can browse https://sonarcloud.io/dashboard?id=TheBusyBiscuit_lubkyblocks-sf
[INFO] Note that you will be able to access the updated dashboard once the server has processed the submitted analysis report
[INFO] More about the report processing at https://sonarcloud.io/api/ce/task?id=AW0ggdVIsAr6WERzz8Ix
[INFO] Analysis total time: 58.572 s
[INFO] ------------------------------------------------------------------------
[INFO] BUILD SUCCESS
[INFO] ------------------------------------------------------------------------
[INFO] Total time:  01:16 min
[INFO] Finished at: 2019-09-11T15:27:22+02:00
[INFO] ------------------------------------------------------------------------
