[INFO] Scanning for projects...
[INFO] 
[INFO] ----------------< me.mrCookieSlime:SlimefunLuckyBlocks >----------------
[INFO] Building SlimefunLuckyBlocks DEV - 8 (git 1c6e1455)
[INFO] --------------------------------[ jar ]---------------------------------
[WARNING] The POM for com.github.TheBusyBiscuit:CS-CoreLib:jar:1.6.1 is invalid, transitive dependencies (if any) will not be available, enable debug logging for more details
[WARNING] The POM for com.github.TheBusyBiscuit:Slimefun4:jar:3619c4bc9e is invalid, transitive dependencies (if any) will not be available, enable debug logging for more details
[INFO] 
[INFO] --- maven-resources-plugin:2.6:resources (default-resources) @ SlimefunLuckyBlocks ---
[INFO] Using 'UTF-8' encoding to copy filtered resources.
[INFO] Copying 2 resources
[INFO] 
[INFO] --- maven-compiler-plugin:3.1:compile (default-compile) @ SlimefunLuckyBlocks ---
[INFO] Changes detected - recompiling the module!
[INFO] Compiling 4 source files to /home/pi/Desktop/Build Server/TheBusyBiscuit/luckyblocks-sf/master/files/target/classes
[WARNING] /home/pi/Desktop/Build Server/TheBusyBiscuit/luckyblocks-sf/master/files/src/me/mrCookieSlime/SlimefunLuckyBlocks/SlimefunLuckyBlocks.java: /home/pi/Desktop/Build Server/TheBusyBiscuit/luckyblocks-sf/master/files/src/me/mrCookieSlime/SlimefunLuckyBlocks/SlimefunLuckyBlocks.java uses or overrides a deprecated API.
[WARNING] /home/pi/Desktop/Build Server/TheBusyBiscuit/luckyblocks-sf/master/files/src/me/mrCookieSlime/SlimefunLuckyBlocks/SlimefunLuckyBlocks.java: Recompile with -Xlint:deprecation for details.
[INFO] 
[INFO] --- maven-resources-plugin:2.6:testResources (default-testResources) @ SlimefunLuckyBlocks ---
[INFO] Using 'UTF-8' encoding to copy filtered resources.
[INFO] skip non existing resourceDirectory /home/pi/Desktop/Build Server/TheBusyBiscuit/luckyblocks-sf/master/files/tests/resources
[INFO] 
[INFO] --- maven-compiler-plugin:3.1:testCompile (default-testCompile) @ SlimefunLuckyBlocks ---
[INFO] No sources to compile
[INFO] 
[INFO] --- maven-surefire-plugin:2.12.4:test (default-test) @ SlimefunLuckyBlocks ---
[INFO] No tests to run.
[INFO] 
[INFO] --- maven-jar-plugin:2.4:jar (default-jar) @ SlimefunLuckyBlocks ---
[INFO] Building jar: /home/pi/Desktop/Build Server/TheBusyBiscuit/luckyblocks-sf/master/files/target/luckyblocks-sf-8.jar
[INFO] ------------------------------------------------------------------------
[INFO] BUILD SUCCESS
[INFO] ------------------------------------------------------------------------
[INFO] Total time:  10.111 s
[INFO] Finished at: 2019-06-11T23:48:29+02:00
[INFO] ------------------------------------------------------------------------
