[INFO] Scanning for projects...
[INFO] 
[INFO] ------------< io.github.thebusybiscuit:SlimefunLuckyBlocks >------------
[INFO] Building SlimefunLuckyBlocks DEV - 14 (git e023ee57)
[INFO] --------------------------------[ jar ]---------------------------------
[INFO] Downloading from paper-repo: https://repo.destroystokyo.com/repository/maven-public/com/github/TheBusyBiscuit/CS-CoreLib/45909a0324/CS-CoreLib-45909a0324.pom
[INFO] Downloading from spigot-repo: https://hub.spigotmc.org/nexus/content/repositories/snapshots/com/github/TheBusyBiscuit/CS-CoreLib/45909a0324/CS-CoreLib-45909a0324.pom
[INFO] Downloading from jitpack.io: https://jitpack.io/com/github/TheBusyBiscuit/CS-CoreLib/45909a0324/CS-CoreLib-45909a0324.pom
[INFO] Downloaded from jitpack.io: https://jitpack.io/com/github/TheBusyBiscuit/CS-CoreLib/45909a0324/CS-CoreLib-45909a0324.pom (4.9 kB at 22 kB/s)
[INFO] Downloading from paper-repo: https://repo.destroystokyo.com/repository/maven-public/com/github/thebusybiscuit/CS-CoreLib2/0.4.1/CS-CoreLib2-0.4.1.pom
[INFO] Downloading from spigot-repo: https://hub.spigotmc.org/nexus/content/repositories/snapshots/com/github/thebusybiscuit/CS-CoreLib2/0.4.1/CS-CoreLib2-0.4.1.pom
[INFO] Downloading from jitpack.io: https://jitpack.io/com/github/thebusybiscuit/CS-CoreLib2/0.4.1/CS-CoreLib2-0.4.1.pom
[INFO] Downloaded from jitpack.io: https://jitpack.io/com/github/thebusybiscuit/CS-CoreLib2/0.4.1/CS-CoreLib2-0.4.1.pom (7.4 kB at 113 kB/s)
[WARNING] The POM for com.github.thebusybiscuit:CS-CoreLib2:jar:0.4.1 is invalid, transitive dependencies (if any) will not be available, enable debug logging for more details
[INFO] Downloading from paper-repo: https://repo.destroystokyo.com/repository/maven-public/com/github/TheBusyBiscuit/Slimefun4/dc12ac6e6f/Slimefun4-dc12ac6e6f.pom
[INFO] Downloading from spigot-repo: https://hub.spigotmc.org/nexus/content/repositories/snapshots/com/github/TheBusyBiscuit/Slimefun4/dc12ac6e6f/Slimefun4-dc12ac6e6f.pom
[INFO] Downloading from jitpack.io: https://jitpack.io/com/github/TheBusyBiscuit/Slimefun4/dc12ac6e6f/Slimefun4-dc12ac6e6f.pom
[INFO] Downloaded from jitpack.io: https://jitpack.io/com/github/TheBusyBiscuit/Slimefun4/dc12ac6e6f/Slimefun4-dc12ac6e6f.pom (7.8 kB at 116 kB/s)
[WARNING] The POM for com.github.TheBusyBiscuit:Slimefun4:jar:dc12ac6e6f is invalid, transitive dependencies (if any) will not be available, enable debug logging for more details
[INFO] Downloading from paper-repo: https://repo.destroystokyo.com/repository/maven-public/com/github/TheBusyBiscuit/CS-CoreLib/45909a0324/CS-CoreLib-45909a0324.jar
[INFO] Downloading from paper-repo: https://repo.destroystokyo.com/repository/maven-public/com/github/thebusybiscuit/CS-CoreLib2/0.4.1/CS-CoreLib2-0.4.1.jar
[INFO] Downloading from paper-repo: https://repo.destroystokyo.com/repository/maven-public/com/github/TheBusyBiscuit/Slimefun4/dc12ac6e6f/Slimefun4-dc12ac6e6f.jar
[INFO] Downloading from spigot-repo: https://hub.spigotmc.org/nexus/content/repositories/snapshots/com/github/TheBusyBiscuit/CS-CoreLib/45909a0324/CS-CoreLib-45909a0324.jar
[INFO] Downloading from spigot-repo: https://hub.spigotmc.org/nexus/content/repositories/snapshots/com/github/thebusybiscuit/CS-CoreLib2/0.4.1/CS-CoreLib2-0.4.1.jar
[INFO] Downloading from spigot-repo: https://hub.spigotmc.org/nexus/content/repositories/snapshots/com/github/TheBusyBiscuit/Slimefun4/dc12ac6e6f/Slimefun4-dc12ac6e6f.jar
[INFO] Downloading from jitpack.io: https://jitpack.io/com/github/TheBusyBiscuit/CS-CoreLib/45909a0324/CS-CoreLib-45909a0324.jar
[INFO] Downloading from jitpack.io: https://jitpack.io/com/github/thebusybiscuit/CS-CoreLib2/0.4.1/CS-CoreLib2-0.4.1.jar
[INFO] Downloading from jitpack.io: https://jitpack.io/com/github/TheBusyBiscuit/Slimefun4/dc12ac6e6f/Slimefun4-dc12ac6e6f.jar
[INFO] Downloaded from jitpack.io: https://jitpack.io/com/github/thebusybiscuit/CS-CoreLib2/0.4.1/CS-CoreLib2-0.4.1.jar (99 kB at 1.3 MB/s)
[INFO] Downloaded from jitpack.io: https://jitpack.io/com/github/TheBusyBiscuit/CS-CoreLib/45909a0324/CS-CoreLib-45909a0324.jar (201 kB at 1.5 MB/s)
[INFO] Downloaded from jitpack.io: https://jitpack.io/com/github/TheBusyBiscuit/Slimefun4/dc12ac6e6f/Slimefun4-dc12ac6e6f.jar (1.0 MB at 5.7 MB/s)
[INFO] 
[INFO] --- maven-clean-plugin:2.5:clean (default-clean) @ SlimefunLuckyBlocks ---
[INFO] 
[INFO] --- maven-resources-plugin:2.6:resources (default-resources) @ SlimefunLuckyBlocks ---
[INFO] Using 'UTF-8' encoding to copy filtered resources.
[INFO] Copying 2 resources
[INFO] 
[INFO] --- maven-compiler-plugin:3.1:compile (default-compile) @ SlimefunLuckyBlocks ---
[INFO] Changes detected - recompiling the module!
[INFO] Compiling 55 source files to /home/runner/work/builds/builds/TheBusyBiscuit/luckyblocks-sf/master/files/target/classes
[WARNING] /home/runner/work/builds/builds/TheBusyBiscuit/luckyblocks-sf/master/files/src/main/java/io/github/thebusybiscuit/slimefunluckyblocks/surprises/pandora/ReapersSurprise.java: Some input files use or override a deprecated API.
[WARNING] /home/runner/work/builds/builds/TheBusyBiscuit/luckyblocks-sf/master/files/src/main/java/io/github/thebusybiscuit/slimefunluckyblocks/surprises/pandora/ReapersSurprise.java: Recompile with -Xlint:deprecation for details.
[INFO] 
[INFO] --- maven-resources-plugin:2.6:testResources (default-testResources) @ SlimefunLuckyBlocks ---
[INFO] Using 'UTF-8' encoding to copy filtered resources.
[INFO] skip non existing resourceDirectory /home/runner/work/builds/builds/TheBusyBiscuit/luckyblocks-sf/master/files/src/test/resources
[INFO] 
[INFO] --- maven-compiler-plugin:3.1:testCompile (default-testCompile) @ SlimefunLuckyBlocks ---
[INFO] No sources to compile
[INFO] 
[INFO] --- maven-surefire-plugin:2.12.4:test (default-test) @ SlimefunLuckyBlocks ---
[INFO] No tests to run.
[INFO] 
[INFO] --- maven-jar-plugin:2.4:jar (default-jar) @ SlimefunLuckyBlocks ---
[INFO] Building jar: /home/runner/work/builds/builds/TheBusyBiscuit/luckyblocks-sf/master/files/target/luckyblocks-sf-14.jar
[INFO] 
[INFO] ------------< io.github.thebusybiscuit:SlimefunLuckyBlocks >------------
[INFO] Building SlimefunLuckyBlocks DEV - 14 (git e023ee57)
[INFO] --------------------------------[ jar ]---------------------------------
[INFO] 
[INFO] --- sonar-maven-plugin:3.7.0.1746:sonar (default-cli) @ SlimefunLuckyBlocks ---
[INFO] User cache: /home/runner/.sonar/cache
[INFO] SonarQube version: 8.0.0
[INFO] Default locale: "en", source code encoding: "UTF-8"
[INFO] Load global settings
[INFO] Load global settings (done) | time=625ms
[INFO] Server id: 74E9293D-AWHW8ct9-T_TB3XqouNu
[INFO] User cache: /home/runner/.sonar/cache
[INFO] Load/download plugins
[INFO] Load plugins index
[INFO] Load plugins index (done) | time=152ms
[INFO] Load/download plugins (done) | time=270ms
[INFO] Loaded core extensions: developer-scanner
[INFO] Process project properties
[INFO] Execute project builders
[INFO] Execute project builders (done) | time=11ms
[INFO] Project key: TheBusyBiscuit_lubkyblocks-sf
[INFO] Base dir: /home/runner/work/builds/builds/TheBusyBiscuit/luckyblocks-sf/master/files
[INFO] Working dir: /home/runner/work/builds/builds/TheBusyBiscuit/luckyblocks-sf/master/files/target/sonar
[INFO] Load project settings for component key: 'TheBusyBiscuit_lubkyblocks-sf'
[INFO] Load project settings for component key: 'TheBusyBiscuit_lubkyblocks-sf' (done) | time=146ms
hes
[INFO] Load project branc[INFO] Load project branches (done) | time=112ms
[INFO] Load projects for organization 'thebusybiscuit-github'
[INFO] Load projects for organization 'thebusybiscuit-github' (done) | time=846ms
[INFO] Load project pull requests
[INFO] Load project pull requests (done) | time=104ms
[INFO] Load branch configuration
[INFO] Github event: schedule
[INFO] Load branch configuration (done) | time=2ms
[INFO] Load quality profiles
[INFO] Load quality profiles (done) | time=221ms
[INFO] Detected Github Actions
[INFO] Load active rules
[INFO] Load active rules (done) | time=3384ms
[INFO] Organization key: thebusybiscuit-github
[INFO] Indexing files...
[INFO] Project configuration:
[INFO] 56 files indexed
[INFO] 0 files ignored because of scm ignore settings
[INFO] Quality profile for java: Additional Checks
[INFO] Quality profile for xml: Sonar way
[INFO] ------------- Run sensors on module SlimefunLuckyBlocks
[INFO] Load metrics repository
[INFO] Load metrics repository (done) | time=107ms
[INFO] Sensor JavaSquidSensor [java]
[INFO] Configured Java source version (sonar.java.source): 8
[INFO] JavaClasspath initialization
[INFO] JavaClasspath initialization (done) | time=18ms
[INFO] JavaTestClasspath initialization
[INFO] JavaTestClasspath initialization (done) | time=1ms
[INFO] Java Main Files AST scan
[INFO] 55 source files to be analyzed
[INFO] Load project repositories
[INFO] Load project repositories (done) | time=141ms
[INFO] 55/55 source files have been analyzed
[INFO] Java Main Files AST scan (done) | time=5270ms
[INFO] Java Test Files AST scan
[INFO] 0 source files to be analyzed
[INFO] Java Test Files AST scan (done) | time=3ms
[INFO] Sensor JavaSquidSensor [java] (done) | time=5999ms
[INFO] Sensor SurefireSensor [java]
[INFO] parsing [/home/runner/work/builds/builds/TheBusyBiscuit/luckyblocks-sf/master/files/target/surefire-reports]
[INFO] Sensor SurefireSensor [java] (done) | time=2ms
[INFO] Sensor JaCoCoSensor [java]
[INFO] Sensor JaCoCoSensor [java] (done) | time=1ms
[INFO] Sensor JavaXmlSensor [java]
[INFO] 0/0 source files have been analyzed
[INFO] 1 source files to be analyzed
[INFO] 1/1 source files have been analyzed
[INFO] Sensor JavaXmlSensor [java] (done) | time=261ms
[INFO] Sensor HTML [web]
[INFO] Sensor HTML [web] (done) | time=6ms
[INFO] Sensor XML Sensor [xml]
[INFO] 1 source files to be analyzed
[INFO] 1/1 source files have been analyzed
[INFO] Sensor XML Sensor [xml] (done) | time=143ms
[INFO] Sensor JaCoCo XML Report Importer [jacoco]
[INFO] Sensor JaCoCo XML Report Importer [jacoco] (done) | time=5ms
[INFO] Sensor JavaSecuritySensor [security]
[INFO] Reading type hierarchy from: /home/runner/work/builds/builds/TheBusyBiscuit/luckyblocks-sf/master/files/target/sonar/ucfg2/java
[INFO] Read 151 type definitions
[INFO] Reading UCFGs from: /home/runner/work/builds/builds/TheBusyBiscuit/luckyblocks-sf/master/files/target/sonar/ucfg2/java
[INFO] 05:52:08.559 Building Type propagation graph
[INFO] 05:52:08.606 Running Tarjan on 522 nodes
[INFO] 05:52:08.62 Tarjan found 522 components
[INFO] 05:52:08.636 Variable type analysis: done
[INFO] 05:52:08.65 Building Type propagation graph
[INFO] 05:52:08.671 Running Tarjan on 522 nodes
[INFO] 05:52:08.679 Tarjan found 522 components
[INFO] 05:52:08.68 Variable type analysis: done
[INFO] Analyzing 161 ucfgs to detect vulnerabilities.
[INFO] All rules entrypoints : 0 Retained UCFGs : 0
[INFO] rule: S5131, entrypoints: 0
[INFO] Visited 0 ucfgs in 0 ms, 0 steps
[INFO] rule: S5131 done
[INFO] rule: S3649, entrypoints: 0
[INFO] Visited 0 ucfgs in 0 ms, 0 steps
[INFO] rule: S3649 done
[INFO] rule: S2076, entrypoints: 0
[INFO] Visited 0 ucfgs in 0 ms, 0 steps
[INFO] rule: S2076 done
[INFO] rule: S2091, entrypoints: 0
[INFO] Visited 0 ucfgs in 0 ms, 0 steps
[INFO] rule: S2091 done
[INFO] rule: S2078, entrypoints: 0
[INFO] Visited 0 ucfgs in 0 ms, 0 steps
[INFO] rule: S2078 done
[INFO] rule: S2631, entrypoints: 0
[INFO] Visited 0 ucfgs in 0 ms, 0 steps
[INFO] rule: S2631 done
[INFO] rule: S5135, entrypoints: 0
[INFO] Visited 0 ucfgs in 0 ms, 0 steps
[INFO] rule: S5135 done
[INFO] rule: S2083, entrypoints: 0
[INFO] Visited 0 ucfgs in 0 ms, 0 steps
[INFO] rule: S2083 done
[INFO] rule: S5167, entrypoints: 0
[INFO] Visited 0 ucfgs in 0 ms, 0 steps
[INFO] rule: S5167 done
[INFO] rule: S5144, entrypoints: 0
[INFO] Visited 0 ucfgs in 0 ms, 0 steps
[INFO] rule: S5144 done
[INFO] rule: S5145, entrypoints: 0
[INFO] Visited 0 ucfgs in 0 ms, 0 steps
[INFO] rule: S5145 done
[INFO] rule: S5146, entrypoints: 0
[INFO] Visited 0 ucfgs in 0 ms, 0 steps
[INFO] rule: S5146 done
[INFO] rule: S5334, entrypoints: 0
[INFO] Visited 0 ucfgs in 0 ms, 0 steps
[INFO] rule: S5334 done
[INFO] Sensor JavaSecuritySensor [security] (done) | time=1177ms
[INFO] Sensor CSharpSecuritySensor [security]
[INFO] Reading type hierarchy from: /home/runner/work/builds/builds/TheBusyBiscuit/luckyblocks-sf/master/files/target/ucfg_cs2
[INFO] Read 0 type definitions
[INFO] Reading UCFGs from: /home/runner/work/builds/builds/TheBusyBiscuit/luckyblocks-sf/master/files/target/ucfg_cs2
[INFO] No UCFGs have been included for analysis.
[INFO] Sensor CSharpSecuritySensor [security] (done) | time=5ms
[INFO] Sensor PhpSecuritySensor [security]
[INFO] Reading type hierarchy from: /home/runner/work/builds/builds/TheBusyBiscuit/luckyblocks-sf/master/files/target/sonar/ucfg2/php
[INFO] Read 0 type definitions
[INFO] Reading UCFGs from: /home/runner/work/builds/builds/TheBusyBiscuit/luckyblocks-sf/master/files/target/sonar/ucfg2/php
[INFO] No UCFGs have been included for analysis.
[INFO] Sensor PhpSecuritySensor [security] (done) | time=5ms
[INFO] ------------- Run sensors on project
[INFO] Sensor Zero Coverage Sensor
[INFO] Sensor Zero Coverage Sensor (done) | time=35ms
[INFO] Sensor Java CPD Block Indexer
[INFO] Sensor Java CPD Block Indexer (done) | time=78ms
[INFO] SCM provider for this project is: git
[INFO] 2 files to be analyzed
[INFO] 1/2 files analyzed
[WARNING] Missing blame information for the following files:
[WARNING]   * pom.xml
[WARNING] This may lead to missing/broken features in SonarQube
[INFO] 2 files had no CPD blocks
[INFO] Calculating CPD for 53 files
[INFO] CPD calculation finished
[INFO] Analysis report generated in 115ms, dir size=292 KB
[INFO] Analysis report compressed in 159ms, zip size=150 KB
[INFO] Analysis report uploaded in 399ms
[INFO] ANALYSIS SUCCESSFUL, you can browse https://sonarcloud.io/dashboard?id=TheBusyBiscuit_lubkyblocks-sf
[INFO] Note that you will be able to access the updated dashboard once the server has processed the submitted analysis report
[INFO] More about the report processing at https://sonarcloud.io/api/ce/task?id=AW3dbF-ZNDuX5nqsnOoC
[INFO] Analysis total time: 17.619 s
[INFO] ------------------------------------------------------------------------
[INFO] BUILD SUCCESS
[INFO] ------------------------------------------------------------------------
[INFO] Total time:  27.939 s
[INFO] Finished at: 2019-10-18T05:52:10Z
[INFO] ------------------------------------------------------------------------
