[INFO] Scanning for projects...
[INFO] 
[INFO] Building SlimefunLuckyBlocks DEV - 2 (git f76ab6d1)
[INFO] ------------------------------------------------------------------------
[INFO] ------------------------------------------------------------------------
[INFO] Downloading from jitpack.io: https://jitpack.io/org/bukkit/bukkit/1.13.2-R0.1-SNAPSHOT/maven-metadata.xml
[INFO] Downloading from paper-repo: https://repo.destroystokyo.com/repository/maven-public/org/bukkit/bukkit/1.13.2-R0.1-SNAPSHOT/maven-metadata.xml
[INFO] Downloading from spigot-repo: https://hub.spigotmc.org/nexus/content/repositories/snapshots/org/bukkit/bukkit/1.13.2-R0.1-SNAPSHOT/maven-metadata.xml
[INFO] Downloaded from paper-repo: https://repo.destroystokyo.com/repository/maven-public/org/bukkit/bukkit/1.13.2-R0.1-SNAPSHOT/maven-metadata.xml (1.5 kB at 594 B/s)
[INFO] Downloaded from spigot-repo: https://hub.spigotmc.org/nexus/content/repositories/snapshots/org/bukkit/bukkit/1.13.2-R0.1-SNAPSHOT/maven-metadata.xml (1.5 kB at 237 B/s)
[INFO] Downloading from paper-repo: https://repo.destroystokyo.com/repository/maven-public/org/bukkit/bukkit/1.13.2-R0.1-SNAPSHOT/bukkit-1.13.2-R0.1-20190104.094809-105.pom
[INFO] Downloaded from paper-repo: https://repo.destroystokyo.com/repository/maven-public/org/bukkit/bukkit/1.13.2-R0.1-SNAPSHOT/bukkit-1.13.2-R0.1-20190104.094809-105.pom (6.6 kB at 13 kB/s)
[INFO] Downloading from jitpack.io: https://jitpack.io/com/sk89q/worldedit/worldedit-bukkit/7.0.0-SNAPSHOT/maven-metadata.xml
[INFO] Downloading from redprotect-repo: https://raw.github.com/FabioZumbi12/RedProtect/mvn-repo/com/sk89q/worldedit/worldedit-bukkit/7.0.0-SNAPSHOT/maven-metadata.xml
[INFO] Downloading from paper-repo: https://repo.destroystokyo.com/repository/maven-public/com/sk89q/worldedit/worldedit-bukkit/7.0.0-SNAPSHOT/maven-metadata.xml
[INFO] Downloading from spigot-repo: https://hub.spigotmc.org/nexus/content/repositories/snapshots/com/sk89q/worldedit/worldedit-bukkit/7.0.0-SNAPSHOT/maven-metadata.xml
[INFO] Downloading from worldedit-worldguard-repo: http://maven.sk89q.com/repo/com/sk89q/worldedit/worldedit-bukkit/7.0.0-SNAPSHOT/maven-metadata.xml
[INFO] Downloading from simpleclans-preciousstones-repo: http://104.236.246.108:8081/artifactory/remote-repos/com/sk89q/worldedit/worldedit-bukkit/7.0.0-SNAPSHOT/maven-metadata.xml
[INFO] Downloading from bintray-tastybento-maven-repo: http://dl.bintray.com/tastybento/maven-repo/com/sk89q/worldedit/worldedit-bukkit/7.0.0-SNAPSHOT/maven-metadata.xml
[INFO] Downloading from massivecore-factions-repo: http://repo.dustplanet.de/artifactory/ext-release-local/com/sk89q/worldedit/worldedit-bukkit/7.0.0-SNAPSHOT/maven-metadata.xml
[INFO] Downloaded from worldedit-worldguard-repo: http://maven.sk89q.com/repo/com/sk89q/worldedit/worldedit-bukkit/7.0.0-SNAPSHOT/maven-metadata.xml (1.2 kB at 2.8 kB/s)
[INFO] Downloading from plotsquared-repo: http://ci.athion.net/job/PlotSquared/ws/mvn/com/sk89q/worldedit/worldedit-bukkit/7.0.0-SNAPSHOT/maven-metadata.xml
[INFO] Downloading from FactionsUUID-repo: https://ci.ender.zone/job/FactionsUUID/122/maven-repository/repository/com/sk89q/worldedit/worldedit-bukkit/7.0.0-SNAPSHOT/maven-metadata.xml
[INFO] Downloading from jitpack.io: https://jitpack.io/com/sk89q/worldedit/worldedit-core/7.0.0-SNAPSHOT/maven-metadata.xml
[INFO] Downloading from paper-repo: https://repo.destroystokyo.com/repository/maven-public/com/sk89q/worldedit/worldedit-core/7.0.0-SNAPSHOT/maven-metadata.xml
[INFO] Downloading from spigot-repo: https://hub.spigotmc.org/nexus/content/repositories/snapshots/com/sk89q/worldedit/worldedit-core/7.0.0-SNAPSHOT/maven-metadata.xml
[INFO] Downloading from redprotect-repo: https://raw.github.com/FabioZumbi12/RedProtect/mvn-repo/com/sk89q/worldedit/worldedit-core/7.0.0-SNAPSHOT/maven-metadata.xml
[INFO] Downloading from worldedit-worldguard-repo: http://maven.sk89q.com/repo/com/sk89q/worldedit/worldedit-core/7.0.0-SNAPSHOT/maven-metadata.xml
[INFO] Downloading from simpleclans-preciousstones-repo: http://104.236.246.108:8081/artifactory/remote-repos/com/sk89q/worldedit/worldedit-core/7.0.0-SNAPSHOT/maven-metadata.xml
[INFO] Downloading from bintray-tastybento-maven-repo: http://dl.bintray.com/tastybento/maven-repo/com/sk89q/worldedit/worldedit-core/7.0.0-SNAPSHOT/maven-metadata.xml
[INFO] Downloading from massivecore-factions-repo: http://repo.dustplanet.de/artifactory/ext-release-local/com/sk89q/worldedit/worldedit-core/7.0.0-SNAPSHOT/maven-metadata.xml
[INFO] Downloading from plotsquared-repo: http://ci.athion.net/job/PlotSquared/ws/mvn/com/sk89q/worldedit/worldedit-core/7.0.0-SNAPSHOT/maven-metadata.xml
[INFO] Downloading from FactionsUUID-repo: https://ci.ender.zone/job/FactionsUUID/122/maven-repository/repository/com/sk89q/worldedit/worldedit-core/7.0.0-SNAPSHOT/maven-metadata.xml
[INFO] Downloaded from worldedit-worldguard-repo: http://maven.sk89q.com/repo/com/sk89q/worldedit/worldedit-core/7.0.0-SNAPSHOT/maven-metadata.xml (1.2 kB at 4.3 kB/s)
[INFO] Downloading from paper-repo: https://repo.destroystokyo.com/repository/maven-public/org/bukkit/bukkit/1.13-R0.1-SNAPSHOT/maven-metadata.xml
[INFO] Downloading from spigot-repo: https://hub.spigotmc.org/nexus/content/repositories/snapshots/org/bukkit/bukkit/1.13-R0.1-SNAPSHOT/maven-metadata.xml
[INFO] Downloading from redprotect-repo: https://raw.github.com/FabioZumbi12/RedProtect/mvn-repo/org/bukkit/bukkit/1.13-R0.1-SNAPSHOT/maven-metadata.xml
[INFO] Downloading from jitpack.io: https://jitpack.io/org/bukkit/bukkit/1.13-R0.1-SNAPSHOT/maven-metadata.xml
[INFO] Downloading from worldedit-worldguard-repo: http://maven.sk89q.com/repo/org/bukkit/bukkit/1.13-R0.1-SNAPSHOT/maven-metadata.xml
[INFO] Downloading from simpleclans-preciousstones-repo: http://104.236.246.108:8081/artifactory/remote-repos/org/bukkit/bukkit/1.13-R0.1-SNAPSHOT/maven-metadata.xml
[INFO] Downloading from bintray-tastybento-maven-repo: http://dl.bintray.com/tastybento/maven-repo/org/bukkit/bukkit/1.13-R0.1-SNAPSHOT/maven-metadata.xml
[INFO] Downloaded from spigot-repo: https://hub.spigotmc.org/nexus/content/repositories/snapshots/org/bukkit/bukkit/1.13-R0.1-SNAPSHOT/maven-metadata.xml (1.4 kB at 2.8 kB/s)
[INFO] Downloading from massivecore-factions-repo: http://repo.dustplanet.de/artifactory/ext-release-local/org/bukkit/bukkit/1.13-R0.1-SNAPSHOT/maven-metadata.xml
[INFO] Downloading from plotsquared-repo: http://ci.athion.net/job/PlotSquared/ws/mvn/org/bukkit/bukkit/1.13-R0.1-SNAPSHOT/maven-metadata.xml
[INFO] Downloaded from paper-repo: https://repo.destroystokyo.com/repository/maven-public/org/bukkit/bukkit/1.13-R0.1-SNAPSHOT/maven-metadata.xml (1.4 kB at 2.6 kB/s)
[INFO] Downloading from FactionsUUID-repo: https://ci.ender.zone/job/FactionsUUID/122/maven-repository/repository/org/bukkit/bukkit/1.13-R0.1-SNAPSHOT/maven-metadata.xml
[INFO] Downloaded from simpleclans-preciousstones-repo: http://104.236.246.108:8081/artifactory/remote-repos/org/bukkit/bukkit/1.13-R0.1-SNAPSHOT/maven-metadata.xml (1.4 kB at 4.0 kB/s)
[INFO] Downloading from jitpack.io: https://jitpack.io/com/sk89q/worldguard/worldguard-legacy/7.0.0-SNAPSHOT/maven-metadata.xml
[INFO] Downloading from paper-repo: https://repo.destroystokyo.com/repository/maven-public/com/sk89q/worldguard/worldguard-legacy/7.0.0-SNAPSHOT/maven-metadata.xml
[INFO] Downloading from redprotect-repo: https://raw.github.com/FabioZumbi12/RedProtect/mvn-repo/com/sk89q/worldguard/worldguard-legacy/7.0.0-SNAPSHOT/maven-metadata.xml
[INFO] Downloading from spigot-repo: https://hub.spigotmc.org/nexus/content/repositories/snapshots/com/sk89q/worldguard/worldguard-legacy/7.0.0-SNAPSHOT/maven-metadata.xml
[INFO] Downloading from worldedit-worldguard-repo: http://maven.sk89q.com/repo/com/sk89q/worldguard/worldguard-legacy/7.0.0-SNAPSHOT/maven-metadata.xml
[INFO] Downloading from simpleclans-preciousstones-repo: http://104.236.246.108:8081/artifactory/remote-repos/com/sk89q/worldguard/worldguard-legacy/7.0.0-SNAPSHOT/maven-metadata.xml
[INFO] Downloading from bintray-tastybento-maven-repo: http://dl.bintray.com/tastybento/maven-repo/com/sk89q/worldguard/worldguard-legacy/7.0.0-SNAPSHOT/maven-metadata.xml
[INFO] Downloading from massivecore-factions-repo: http://repo.dustplanet.de/artifactory/ext-release-local/com/sk89q/worldguard/worldguard-legacy/7.0.0-SNAPSHOT/maven-metadata.xml
[INFO] Downloading from plotsquared-repo: http://ci.athion.net/job/PlotSquared/ws/mvn/com/sk89q/worldguard/worldguard-legacy/7.0.0-SNAPSHOT/maven-metadata.xml
[INFO] Downloading from FactionsUUID-repo: https://ci.ender.zone/job/FactionsUUID/122/maven-repository/repository/com/sk89q/worldguard/worldguard-legacy/7.0.0-SNAPSHOT/maven-metadata.xml
[INFO] Downloaded from worldedit-worldguard-repo: http://maven.sk89q.com/repo/com/sk89q/worldguard/worldguard-legacy/7.0.0-SNAPSHOT/maven-metadata.xml (1.2 kB at 3.8 kB/s)
[INFO] Downloading from paper-repo: https://repo.destroystokyo.com/repository/maven-public/com/sk89q/worldguard/worldguard-core/7.0.0-SNAPSHOT/maven-metadata.xml
[INFO] Downloading from redprotect-repo: https://raw.github.com/FabioZumbi12/RedProtect/mvn-repo/com/sk89q/worldguard/worldguard-core/7.0.0-SNAPSHOT/maven-metadata.xml
[INFO] Downloading from spigot-repo: https://hub.spigotmc.org/nexus/content/repositories/snapshots/com/sk89q/worldguard/worldguard-core/7.0.0-SNAPSHOT/maven-metadata.xml
[INFO] Downloading from jitpack.io: https://jitpack.io/com/sk89q/worldguard/worldguard-core/7.0.0-SNAPSHOT/maven-metadata.xml
[INFO] Downloading from simpleclans-preciousstones-repo: http://104.236.246.108:8081/artifactory/remote-repos/com/sk89q/worldguard/worldguard-core/7.0.0-SNAPSHOT/maven-metadata.xml
[INFO] Downloading from bintray-tastybento-maven-repo: http://dl.bintray.com/tastybento/maven-repo/com/sk89q/worldguard/worldguard-core/7.0.0-SNAPSHOT/maven-metadata.xml
[INFO] Downloading from worldedit-worldguard-repo: http://maven.sk89q.com/repo/com/sk89q/worldguard/worldguard-core/7.0.0-SNAPSHOT/maven-metadata.xml
[INFO] Downloading from massivecore-factions-repo: http://repo.dustplanet.de/artifactory/ext-release-local/com/sk89q/worldguard/worldguard-core/7.0.0-SNAPSHOT/maven-metadata.xml
[INFO] Downloading from plotsquared-repo: http://ci.athion.net/job/PlotSquared/ws/mvn/com/sk89q/worldguard/worldguard-core/7.0.0-SNAPSHOT/maven-metadata.xml
[INFO] Downloading from FactionsUUID-repo: https://ci.ender.zone/job/FactionsUUID/122/maven-repository/repository/com/sk89q/worldguard/worldguard-core/7.0.0-SNAPSHOT/maven-metadata.xml
[INFO] Downloaded from worldedit-worldguard-repo: http://maven.sk89q.com/repo/com/sk89q/worldguard/worldguard-core/7.0.0-SNAPSHOT/maven-metadata.xml (1.2 kB at 3.9 kB/s)
[INFO] Downloading from paper-repo: https://repo.destroystokyo.com/repository/maven-public/com/sk89q/intake/intake/4.2-SNAPSHOT/maven-metadata.xml
[INFO] Downloading from jitpack.io: https://jitpack.io/com/sk89q/intake/intake/4.2-SNAPSHOT/maven-metadata.xml
[INFO] Downloading from spigot-repo: https://hub.spigotmc.org/nexus/content/repositories/snapshots/com/sk89q/intake/intake/4.2-SNAPSHOT/maven-metadata.xml
[INFO] Downloading from redprotect-repo: https://raw.github.com/FabioZumbi12/RedProtect/mvn-repo/com/sk89q/intake/intake/4.2-SNAPSHOT/maven-metadata.xml
[INFO] Downloading from worldedit-worldguard-repo: http://maven.sk89q.com/repo/com/sk89q/intake/intake/4.2-SNAPSHOT/maven-metadata.xml
[INFO] Downloading from simpleclans-preciousstones-repo: http://104.236.246.108:8081/artifactory/remote-repos/com/sk89q/intake/intake/4.2-SNAPSHOT/maven-metadata.xml
[INFO] Downloading from bintray-tastybento-maven-repo: http://dl.bintray.com/tastybento/maven-repo/com/sk89q/intake/intake/4.2-SNAPSHOT/maven-metadata.xml
[INFO] Downloading from massivecore-factions-repo: http://repo.dustplanet.de/artifactory/ext-release-local/com/sk89q/intake/intake/4.2-SNAPSHOT/maven-metadata.xml
[INFO] Downloading from plotsquared-repo: http://ci.athion.net/job/PlotSquared/ws/mvn/com/sk89q/intake/intake/4.2-SNAPSHOT/maven-metadata.xml
[INFO] Downloading from FactionsUUID-repo: https://ci.ender.zone/job/FactionsUUID/122/maven-repository/repository/com/sk89q/intake/intake/4.2-SNAPSHOT/maven-metadata.xml
[INFO] Downloaded from worldedit-worldguard-repo: http://maven.sk89q.com/repo/com/sk89q/intake/intake/4.2-SNAPSHOT/maven-metadata.xml (1.2 kB at 3.9 kB/s)
[INFO] Downloading from paper-repo: https://repo.destroystokyo.com/repository/maven-public/org/bukkit/bukkit/1.6.2-R0.1-SNAPSHOT/maven-metadata.xml
[INFO] Downloading from jitpack.io: https://jitpack.io/org/bukkit/bukkit/1.6.2-R0.1-SNAPSHOT/maven-metadata.xml
[INFO] Downloading from redprotect-repo: https://raw.github.com/FabioZumbi12/RedProtect/mvn-repo/org/bukkit/bukkit/1.6.2-R0.1-SNAPSHOT/maven-metadata.xml
[INFO] Downloading from spigot-repo: https://hub.spigotmc.org/nexus/content/repositories/snapshots/org/bukkit/bukkit/1.6.2-R0.1-SNAPSHOT/maven-metadata.xml
[INFO] Downloading from worldedit-worldguard-repo: http://maven.sk89q.com/repo/org/bukkit/bukkit/1.6.2-R0.1-SNAPSHOT/maven-metadata.xml
[INFO] Downloading from simpleclans-preciousstones-repo: http://104.236.246.108:8081/artifactory/remote-repos/org/bukkit/bukkit/1.6.2-R0.1-SNAPSHOT/maven-metadata.xml
[INFO] Downloading from bintray-tastybento-maven-repo: http://dl.bintray.com/tastybento/maven-repo/org/bukkit/bukkit/1.6.2-R0.1-SNAPSHOT/maven-metadata.xml
[INFO] Downloading from massivecore-factions-repo: http://repo.dustplanet.de/artifactory/ext-release-local/org/bukkit/bukkit/1.6.2-R0.1-SNAPSHOT/maven-metadata.xml
[INFO] Downloading from plotsquared-repo: http://ci.athion.net/job/PlotSquared/ws/mvn/org/bukkit/bukkit/1.6.2-R0.1-SNAPSHOT/maven-metadata.xml
[INFO] Downloading from FactionsUUID-repo: https://ci.ender.zone/job/FactionsUUID/122/maven-repository/repository/org/bukkit/bukkit/1.6.2-R0.1-SNAPSHOT/maven-metadata.xml
[INFO] Downloading from sk89q-repo: http://maven.sk89q.com/repo/org/bukkit/bukkit/1.6.2-R0.1-SNAPSHOT/maven-metadata.xml
[INFO] Downloading from bukkit-repo: http://repo.bukkit.org/content/groups/public/org/bukkit/bukkit/1.6.2-R0.1-SNAPSHOT/maven-metadata.xml
[WARNING] Could not transfer metadata org.bukkit:bukkit:1.6.2-R0.1-SNAPSHOT/maven-metadata.xml from/to bukkit-repo (http://repo.bukkit.org/content/groups/public/): repo.bukkit.org: unknown error
[WARNING] Failure to transfer org.bukkit:bukkit:1.6.2-R0.1-SNAPSHOT/maven-metadata.xml from http://repo.bukkit.org/content/groups/public/ was cached in the local repository, resolution will not be reattempted until the update interval of bukkit-repo has elapsed or updates are forced. Original error: Could not transfer metadata org.bukkit:bukkit:1.6.2-R0.1-SNAPSHOT/maven-metadata.xml from/to bukkit-repo (http://repo.bukkit.org/content/groups/public/): repo.bukkit.org: unknown error
[WARNING] The POM for com.wasteofplastic:askyblock:jar:3.0.8.2 is invalid, transitive dependencies (if any) will not be available, enable debug logging for more details
[WARNING] The POM for com.github.dmulloy2.LWC:lwc:jar:master-4.5.1-g2100b5e-18 is invalid, transitive dependencies (if any) will not be available, enable debug logging for more details
[INFO] Downloading from paper-repo: https://repo.destroystokyo.com/repository/maven-public/com/massivecraft/massivecore/MassiveCore/2.13.0/MassiveCore-2.13.0.pom
[INFO] Downloading from spigot-repo: https://hub.spigotmc.org/nexus/content/repositories/snapshots/com/massivecraft/massivecore/MassiveCore/2.13.0/MassiveCore-2.13.0.pom
[INFO] Downloading from jitpack.io: https://jitpack.io/com/massivecraft/massivecore/MassiveCore/2.13.0/MassiveCore-2.13.0.pom
[INFO] Downloading from central: https://repo.maven.apache.org/maven2/com/massivecraft/massivecore/MassiveCore/2.13.0/MassiveCore-2.13.0.pom
[INFO] Downloading from redprotect-repo: https://raw.github.com/FabioZumbi12/RedProtect/mvn-repo/com/massivecraft/massivecore/MassiveCore/2.13.0/MassiveCore-2.13.0.pom
[INFO] Downloading from worldedit-worldguard-repo: http://maven.sk89q.com/repo/com/massivecraft/massivecore/MassiveCore/2.13.0/MassiveCore-2.13.0.pom
[INFO] Downloading from simpleclans-preciousstones-repo: http://104.236.246.108:8081/artifactory/remote-repos/com/massivecraft/massivecore/MassiveCore/2.13.0/MassiveCore-2.13.0.pom
[INFO] Downloading from bintray-tastybento-maven-repo: http://dl.bintray.com/tastybento/maven-repo/com/massivecraft/massivecore/MassiveCore/2.13.0/MassiveCore-2.13.0.pom
[INFO] Downloading from massivecore-factions-repo: http://repo.dustplanet.de/artifactory/ext-release-local/com/massivecraft/massivecore/MassiveCore/2.13.0/MassiveCore-2.13.0.pom
[INFO] Downloading from plotsquared-repo: http://ci.athion.net/job/PlotSquared/ws/mvn/com/massivecraft/massivecore/MassiveCore/2.13.0/MassiveCore-2.13.0.pom
[INFO] Downloading from FactionsUUID-repo: https://ci.ender.zone/job/FactionsUUID/122/maven-repository/repository/com/massivecraft/massivecore/MassiveCore/2.13.0/MassiveCore-2.13.0.pom
[WARNING] The POM for com.massivecraft.massivecore:MassiveCore:jar:2.13.0 is missing, no dependency information available
[INFO] Downloading from paper-repo: https://repo.destroystokyo.com/repository/maven-public/com/massivecraft/factions/Factions/2.13.0/Factions-2.13.0.pom
[INFO] Downloading from spigot-repo: https://hub.spigotmc.org/nexus/content/repositories/snapshots/com/massivecraft/factions/Factions/2.13.0/Factions-2.13.0.pom
[INFO] Downloading from jitpack.io: https://jitpack.io/com/massivecraft/factions/Factions/2.13.0/Factions-2.13.0.pom
[INFO] Downloading from central: https://repo.maven.apache.org/maven2/com/massivecraft/factions/Factions/2.13.0/Factions-2.13.0.pom
[INFO] Downloading from redprotect-repo: https://raw.github.com/FabioZumbi12/RedProtect/mvn-repo/com/massivecraft/factions/Factions/2.13.0/Factions-2.13.0.pom
[INFO] Downloading from worldedit-worldguard-repo: http://maven.sk89q.com/repo/com/massivecraft/factions/Factions/2.13.0/Factions-2.13.0.pom
[INFO] Downloading from simpleclans-preciousstones-repo: http://104.236.246.108:8081/artifactory/remote-repos/com/massivecraft/factions/Factions/2.13.0/Factions-2.13.0.pom
[INFO] Downloading from bintray-tastybento-maven-repo: http://dl.bintray.com/tastybento/maven-repo/com/massivecraft/factions/Factions/2.13.0/Factions-2.13.0.pom
[INFO] Downloading from massivecore-factions-repo: http://repo.dustplanet.de/artifactory/ext-release-local/com/massivecraft/factions/Factions/2.13.0/Factions-2.13.0.pom
[INFO] Downloading from plotsquared-repo: http://ci.athion.net/job/PlotSquared/ws/mvn/com/massivecraft/factions/Factions/2.13.0/Factions-2.13.0.pom
[INFO] Downloading from FactionsUUID-repo: https://ci.ender.zone/job/FactionsUUID/122/maven-repository/repository/com/massivecraft/factions/Factions/2.13.0/Factions-2.13.0.pom
[WARNING] The POM for com.massivecraft.factions:Factions:jar:2.13.0 is missing, no dependency information available
[INFO] Downloading from spigot-repo: https://hub.spigotmc.org/nexus/content/repositories/snapshots/mkremins/fanciful/0.4.0-SNAPSHOT/maven-metadata.xml
[INFO] Downloading from paper-repo: https://repo.destroystokyo.com/repository/maven-public/mkremins/fanciful/0.4.0-SNAPSHOT/maven-metadata.xml
[INFO] Downloading from jitpack.io: https://jitpack.io/mkremins/fanciful/0.4.0-SNAPSHOT/maven-metadata.xml
[INFO] Downloading from redprotect-repo: https://raw.github.com/FabioZumbi12/RedProtect/mvn-repo/mkremins/fanciful/0.4.0-SNAPSHOT/maven-metadata.xml
[INFO] Downloading from worldedit-worldguard-repo: http://maven.sk89q.com/repo/mkremins/fanciful/0.4.0-SNAPSHOT/maven-metadata.xml
[INFO] Downloading from simpleclans-preciousstones-repo: http://104.236.246.108:8081/artifactory/remote-repos/mkremins/fanciful/0.4.0-SNAPSHOT/maven-metadata.xml
[INFO] Downloading from bintray-tastybento-maven-repo: http://dl.bintray.com/tastybento/maven-repo/mkremins/fanciful/0.4.0-SNAPSHOT/maven-metadata.xml
[INFO] Downloading from massivecore-factions-repo: http://repo.dustplanet.de/artifactory/ext-release-local/mkremins/fanciful/0.4.0-SNAPSHOT/maven-metadata.xml
[INFO] Downloading from plotsquared-repo: http://ci.athion.net/job/PlotSquared/ws/mvn/mkremins/fanciful/0.4.0-SNAPSHOT/maven-metadata.xml
[INFO] Downloading from FactionsUUID-repo: https://ci.ender.zone/job/FactionsUUID/122/maven-repository/repository/mkremins/fanciful/0.4.0-SNAPSHOT/maven-metadata.xml
[INFO] Downloading from vault-repo: http://nexus.hc.to/content/repositories/pub_releases/mkremins/fanciful/0.4.0-SNAPSHOT/maven-metadata.xml
[INFO] Downloading from ess-repo: http://ci.ender.zone/plugin/repository/everything/mkremins/fanciful/0.4.0-SNAPSHOT/maven-metadata.xml
[INFO] Downloading from maven.sk89q.com: http://maven.sk89q.com/repo/mkremins/fanciful/0.4.0-SNAPSHOT/maven-metadata.xml
[INFO] Downloading from repo.mikeprimm.com: http://repo.mikeprimm.com/mkremins/fanciful/0.4.0-SNAPSHOT/maven-metadata.xml
[INFO] Downloading from placeholderapi: http://repo.extendedclip.com/content/repositories/placeholderapi/mkremins/fanciful/0.4.0-SNAPSHOT/maven-metadata.xml
[INFO] Downloading from mvdw-software: http://repo.mvdw-software.be/content/groups/public/mkremins/fanciful/0.4.0-SNAPSHOT/maven-metadata.xml
[INFO] Downloaded from ess-repo: http://ci.ender.zone/plugin/repository/everything/mkremins/fanciful/0.4.0-SNAPSHOT/maven-metadata.xml (609 B at 541 B/s)
[INFO] Downloading from spigot-repo: https://hub.spigotmc.org/nexus/content/repositories/snapshots/com/darkblade12/particleeffect/1.8.0-SNAPSHOT/maven-metadata.xml
[INFO] Downloading from jitpack.io: https://jitpack.io/com/darkblade12/particleeffect/1.8.0-SNAPSHOT/maven-metadata.xml
[INFO] Downloading from paper-repo: https://repo.destroystokyo.com/repository/maven-public/com/darkblade12/particleeffect/1.8.0-SNAPSHOT/maven-metadata.xml
[INFO] Downloading from redprotect-repo: https://raw.github.com/FabioZumbi12/RedProtect/mvn-repo/com/darkblade12/particleeffect/1.8.0-SNAPSHOT/maven-metadata.xml
[INFO] Downloading from worldedit-worldguard-repo: http://maven.sk89q.com/repo/com/darkblade12/particleeffect/1.8.0-SNAPSHOT/maven-metadata.xml
[INFO] Downloading from simpleclans-preciousstones-repo: http://104.236.246.108:8081/artifactory/remote-repos/com/darkblade12/particleeffect/1.8.0-SNAPSHOT/maven-metadata.xml
[INFO] Downloading from bintray-tastybento-maven-repo: http://dl.bintray.com/tastybento/maven-repo/com/darkblade12/particleeffect/1.8.0-SNAPSHOT/maven-metadata.xml
[INFO] Downloading from massivecore-factions-repo: http://repo.dustplanet.de/artifactory/ext-release-local/com/darkblade12/particleeffect/1.8.0-SNAPSHOT/maven-metadata.xml
[INFO] Downloading from plotsquared-repo: http://ci.athion.net/job/PlotSquared/ws/mvn/com/darkblade12/particleeffect/1.8.0-SNAPSHOT/maven-metadata.xml
[INFO] Downloading from FactionsUUID-repo: https://ci.ender.zone/job/FactionsUUID/122/maven-repository/repository/com/darkblade12/particleeffect/1.8.0-SNAPSHOT/maven-metadata.xml
[INFO] Downloading from vault-repo: http://nexus.hc.to/content/repositories/pub_releases/com/darkblade12/particleeffect/1.8.0-SNAPSHOT/maven-metadata.xml
[INFO] Downloading from ess-repo: http://ci.ender.zone/plugin/repository/everything/com/darkblade12/particleeffect/1.8.0-SNAPSHOT/maven-metadata.xml
[INFO] Downloading from maven.sk89q.com: http://maven.sk89q.com/repo/com/darkblade12/particleeffect/1.8.0-SNAPSHOT/maven-metadata.xml
[INFO] Downloading from repo.mikeprimm.com: http://repo.mikeprimm.com/com/darkblade12/particleeffect/1.8.0-SNAPSHOT/maven-metadata.xml
[INFO] Downloading from placeholderapi: http://repo.extendedclip.com/content/repositories/placeholderapi/com/darkblade12/particleeffect/1.8.0-SNAPSHOT/maven-metadata.xml
[INFO] Downloading from mvdw-software: http://repo.mvdw-software.be/content/groups/public/com/darkblade12/particleeffect/1.8.0-SNAPSHOT/maven-metadata.xml
[INFO] Downloaded from ess-repo: http://ci.ender.zone/plugin/repository/everything/com/darkblade12/particleeffect/1.8.0-SNAPSHOT/maven-metadata.xml (622 B at 574 B/s)
[INFO] Downloading from paper-repo: https://repo.destroystokyo.com/repository/maven-public/org/bukkit/bukkit/maven-metadata.xml
[INFO] Downloading from spigot-repo: https://hub.spigotmc.org/nexus/content/repositories/snapshots/org/bukkit/bukkit/maven-metadata.xml
[INFO] Downloading from jitpack.io: https://jitpack.io/org/bukkit/bukkit/maven-metadata.xml
[INFO] Downloading from central: https://repo.maven.apache.org/maven2/org/bukkit/bukkit/maven-metadata.xml
[INFO] Downloading from redprotect-repo: https://raw.github.com/FabioZumbi12/RedProtect/mvn-repo/org/bukkit/bukkit/maven-metadata.xml
[INFO] Downloading from worldedit-worldguard-repo: http://maven.sk89q.com/repo/org/bukkit/bukkit/maven-metadata.xml
[INFO] Downloaded from spigot-repo: https://hub.spigotmc.org/nexus/content/repositories/snapshots/org/bukkit/bukkit/maven-metadata.xml (1.4 kB at 2.8 kB/s)
[INFO] Downloading from simpleclans-preciousstones-repo: http://104.236.246.108:8081/artifactory/remote-repos/org/bukkit/bukkit/maven-metadata.xml
[INFO] Downloading from bintray-tastybento-maven-repo: http://dl.bintray.com/tastybento/maven-repo/org/bukkit/bukkit/maven-metadata.xml
[INFO] Downloaded from paper-repo: https://repo.destroystokyo.com/repository/maven-public/org/bukkit/bukkit/maven-metadata.xml (1.4 kB at 2.1 kB/s)
[INFO] Downloading from massivecore-factions-repo: http://repo.dustplanet.de/artifactory/ext-release-local/org/bukkit/bukkit/maven-metadata.xml
[INFO] Downloaded from worldedit-worldguard-repo: http://maven.sk89q.com/repo/org/bukkit/bukkit/maven-metadata.xml (421 B at 862 B/s)
[INFO] Downloading from plotsquared-repo: http://ci.athion.net/job/PlotSquared/ws/mvn/org/bukkit/bukkit/maven-metadata.xml
[INFO] Downloading from FactionsUUID-repo: https://ci.ender.zone/job/FactionsUUID/122/maven-repository/repository/org/bukkit/bukkit/maven-metadata.xml
[INFO] Downloading from maven-codearts-jp: http://maven.codearts.jp/org/bukkit/bukkit/maven-metadata.xml
[INFO] Downloaded from simpleclans-preciousstones-repo: http://104.236.246.108:8081/artifactory/remote-repos/org/bukkit/bukkit/maven-metadata.xml (1.5 kB at 3.8 kB/s)
[WARNING] Could not transfer metadata org.bukkit:bukkit/maven-metadata.xml from/to maven-codearts-jp (http://maven.codearts.jp/): maven.codearts.jp: unknown error
[WARNING] Failure to transfer org.bukkit:bukkit/maven-metadata.xml from http://maven.codearts.jp/ was cached in the local repository, resolution will not be reattempted until the update interval of maven-codearts-jp has elapsed or updates are forced. Original error: Could not transfer metadata org.bukkit:bukkit/maven-metadata.xml from/to maven-codearts-jp (http://maven.codearts.jp/): maven.codearts.jp: unknown error
[INFO] Downloading from spigot-repo: https://hub.spigotmc.org/nexus/content/repositories/snapshots/com/sk89q/worldedit/worldedit-core/6.1.3-SNAPSHOT/maven-metadata.xml
[INFO] Downloading from paper-repo: https://repo.destroystokyo.com/repository/maven-public/com/sk89q/worldedit/worldedit-core/6.1.3-SNAPSHOT/maven-metadata.xml
[INFO] Downloading from jitpack.io: https://jitpack.io/com/sk89q/worldedit/worldedit-core/6.1.3-SNAPSHOT/maven-metadata.xml
[INFO] Downloading from redprotect-repo: https://raw.github.com/FabioZumbi12/RedProtect/mvn-repo/com/sk89q/worldedit/worldedit-core/6.1.3-SNAPSHOT/maven-metadata.xml
[INFO] Downloading from worldedit-worldguard-repo: http://maven.sk89q.com/repo/com/sk89q/worldedit/worldedit-core/6.1.3-SNAPSHOT/maven-metadata.xml
[INFO] Downloading from simpleclans-preciousstones-repo: http://104.236.246.108:8081/artifactory/remote-repos/com/sk89q/worldedit/worldedit-core/6.1.3-SNAPSHOT/maven-metadata.xml
[INFO] Downloading from bintray-tastybento-maven-repo: http://dl.bintray.com/tastybento/maven-repo/com/sk89q/worldedit/worldedit-core/6.1.3-SNAPSHOT/maven-metadata.xml
[INFO] Downloading from massivecore-factions-repo: http://repo.dustplanet.de/artifactory/ext-release-local/com/sk89q/worldedit/worldedit-core/6.1.3-SNAPSHOT/maven-metadata.xml
[INFO] Downloading from plotsquared-repo: http://ci.athion.net/job/PlotSquared/ws/mvn/com/sk89q/worldedit/worldedit-core/6.1.3-SNAPSHOT/maven-metadata.xml
[INFO] Downloading from FactionsUUID-repo: https://ci.ender.zone/job/FactionsUUID/122/maven-repository/repository/com/sk89q/worldedit/worldedit-core/6.1.3-SNAPSHOT/maven-metadata.xml
[INFO] Downloaded from worldedit-worldguard-repo: http://maven.sk89q.com/repo/com/sk89q/worldedit/worldedit-core/6.1.3-SNAPSHOT/maven-metadata.xml (1.4 kB at 4.2 kB/s)
[WARNING] The POM for com.github.TheBusyBiscuit:Slimefun4:jar:v4.1.15 is invalid, transitive dependencies (if any) will not be available, enable debug logging for more details
[INFO] Downloading from spigot-repo: https://hub.spigotmc.org/nexus/content/repositories/snapshots/org/bukkit/bukkit/1.13.2-R0.1-SNAPSHOT/bukkit-1.13.2-R0.1-20190104.094809-105.jar
[INFO] Downloaded from spigot-repo: https://hub.spigotmc.org/nexus/content/repositories/snapshots/org/bukkit/bukkit/1.13.2-R0.1-SNAPSHOT/bukkit-1.13.2-R0.1-20190104.094809-105.jar (1.1 MB at 312 kB/s)
[INFO] 
[INFO] --- maven-resources-plugin:2.6:resources (default-resources) @ SlimefunLuckyBlocks ---
[INFO] Using 'UTF-8' encoding to copy filtered resources.
[INFO] Copying 1 resource
[INFO] 
[INFO] --- maven-compiler-plugin:3.1:compile (default-compile) @ SlimefunLuckyBlocks ---
[INFO] Changes detected - recompiling the module!
[INFO] Compiling 5 source files to /home/pi/builds/TheBusyBiscuit/luckyblocks-sf/master/files/target/classes
[WARNING] /home/pi/builds/TheBusyBiscuit/luckyblocks-sf/master/files/src/me/mrCookieSlime/SlimefunLuckyBlocks/SlimefunLuckyBlocks.java: /home/pi/builds/TheBusyBiscuit/luckyblocks-sf/master/files/src/me/mrCookieSlime/SlimefunLuckyBlocks/SlimefunLuckyBlocks.java uses or overrides a deprecated API.
[WARNING] /home/pi/builds/TheBusyBiscuit/luckyblocks-sf/master/files/src/me/mrCookieSlime/SlimefunLuckyBlocks/SlimefunLuckyBlocks.java: Recompile with -Xlint:deprecation for details.
[INFO] 
[INFO] --- maven-resources-plugin:2.6:testResources (default-testResources) @ SlimefunLuckyBlocks ---
[INFO] Using 'UTF-8' encoding to copy filtered resources.
[INFO] skip non existing resourceDirectory /home/pi/builds/TheBusyBiscuit/luckyblocks-sf/master/files/tests/resources
[INFO] 
[INFO] --- maven-compiler-plugin:3.1:testCompile (default-testCompile) @ SlimefunLuckyBlocks ---
[INFO] No sources to compile
[INFO] 
[INFO] --- maven-surefire-plugin:2.12.4:test (default-test) @ SlimefunLuckyBlocks ---
[INFO] No tests to run.
[INFO] 
[INFO] --- maven-jar-plugin:2.4:jar (default-jar) @ SlimefunLuckyBlocks ---
[INFO] Building jar: /home/pi/builds/TheBusyBiscuit/luckyblocks-sf/master/files/target/luckyblocks-sf-2.jar
[INFO] ------------------------------------------------------------------------
[INFO] BUILD SUCCESS
[INFO] ------------------------------------------------------------------------
[INFO] Total time: 46.973 s
[INFO] Finished at: 2019-01-04T16:28:42+01:00
[INFO] Final Memory: 15M/39M
[INFO] ------------------------------------------------------------------------
