[INFO] Scanning for projects...
[INFO] 
[INFO] ---------------< io.github.thebusybiscuit:ChestTerminal >---------------
[INFO] Building ChestTerminal DEV - 24 (git 07906cfa)
[INFO] --------------------------------[ jar ]---------------------------------
[INFO] Downloading from paper-repo: https://repo.destroystokyo.com/repository/maven-public/com/github/TheBusyBiscuit/CS-CoreLib/6e17183656/CS-CoreLib-6e17183656.pom
[INFO] Downloading from spigot-repo: https://hub.spigotmc.org/nexus/content/repositories/snapshots/com/github/TheBusyBiscuit/CS-CoreLib/6e17183656/CS-CoreLib-6e17183656.pom
[INFO] Downloading from jitpack.io: https://jitpack.io/com/github/TheBusyBiscuit/CS-CoreLib/6e17183656/CS-CoreLib-6e17183656.pom
[INFO] Downloaded from jitpack.io: https://jitpack.io/com/github/TheBusyBiscuit/CS-CoreLib/6e17183656/CS-CoreLib-6e17183656.pom (4.6 kB at 35 kB/s)
[INFO] Downloading from paper-repo: https://repo.destroystokyo.com/repository/maven-public/com/github/TheBusyBiscuit/Slimefun4/cb2e12946f/Slimefun4-cb2e12946f.pom
[INFO] Downloading from spigot-repo: https://hub.spigotmc.org/nexus/content/repositories/snapshots/com/github/TheBusyBiscuit/Slimefun4/cb2e12946f/Slimefun4-cb2e12946f.pom
[INFO] Downloading from jitpack.io: https://jitpack.io/com/github/TheBusyBiscuit/Slimefun4/cb2e12946f/Slimefun4-cb2e12946f.pom
[INFO] Downloaded from jitpack.io: https://jitpack.io/com/github/TheBusyBiscuit/Slimefun4/cb2e12946f/Slimefun4-cb2e12946f.pom (5.7 kB at 86 kB/s)
[WARNING] The POM for com.github.TheBusyBiscuit:Slimefun4:jar:cb2e12946f is invalid, transitive dependencies (if any) will not be available, enable debug logging for more details
[INFO] Downloading from paper-repo: https://repo.destroystokyo.com/repository/maven-public/com/github/TheBusyBiscuit/CS-CoreLib/6e17183656/CS-CoreLib-6e17183656.jar
[INFO] Downloading from paper-repo: https://repo.destroystokyo.com/repository/maven-public/com/github/TheBusyBiscuit/Slimefun4/cb2e12946f/Slimefun4-cb2e12946f.jar
[INFO] Downloading from spigot-repo: https://hub.spigotmc.org/nexus/content/repositories/snapshots/com/github/TheBusyBiscuit/CS-CoreLib/6e17183656/CS-CoreLib-6e17183656.jar
[INFO] Downloading from spigot-repo: https://hub.spigotmc.org/nexus/content/repositories/snapshots/com/github/TheBusyBiscuit/Slimefun4/cb2e12946f/Slimefun4-cb2e12946f.jar
[INFO] Downloading from jitpack.io: https://jitpack.io/com/github/TheBusyBiscuit/CS-CoreLib/6e17183656/CS-CoreLib-6e17183656.jar
[INFO] Downloading from jitpack.io: https://jitpack.io/com/github/TheBusyBiscuit/Slimefun4/cb2e12946f/Slimefun4-cb2e12946f.jar
[INFO] Downloaded from jitpack.io: https://jitpack.io/com/github/TheBusyBiscuit/CS-CoreLib/6e17183656/CS-CoreLib-6e17183656.jar (308 kB at 2.3 MB/s)
[INFO] Downloaded from )
jitpack.io: https://jitpack.io/com/github/TheBusyBiscuit/Slimefun4/cb2e12946f/Slimefun4-cb2e12946f.jar (1.4 MB at 6.5 MB/s[INFO] 
[INFO] --- maven-clean-plugin:2.5:clean (default-clean) @ ChestTerminal ---
[INFO] 
[INFO] --- maven-resources-plugin:2.6:resources (default-resources) @ ChestTerminal ---
[INFO] Using 'UTF-8' encoding to copy filtered resources.
[INFO] Copying 2 resources
[INFO] 
[INFO] --- maven-compiler-plugin:3.1:compile (default-compile) @ ChestTerminal ---
[INFO] Changes detected - recompiling the module!
[INFO] Compiling 6 source files to /home/runner/work/builds/builds/TheBusyBiscuit/ChestTerminal/master/files/target/classes
[WARNING] /home/runner/work/builds/builds/TheBusyBiscuit/ChestTerminal/master/files/src/main/java/io/github/thebusybiscuit/chestterminal/AccessTerminal.java: /home/runner/work/builds/builds/TheBusyBiscuit/ChestTerminal/master/files/src/main/java/io/github/thebusybiscuit/chestterminal/AccessTerminal.java uses or overrides a deprecated API.
[WARNING] /home/runner/work/builds/builds/TheBusyBiscuit/ChestTerminal/master/files/src/main/java/io/github/thebusybiscuit/chestterminal/AccessTerminal.java: Recompile with -Xlint:deprecation for details.
[INFO] 
[INFO] --- maven-resources-plugin:2.6:testResources (default-testResources) @ ChestTerminal ---
[INFO] Using 'UTF-8' encoding to copy filtered resources.
[INFO] skip non existing resourceDirectory /home/runner/work/builds/builds/TheBusyBiscuit/ChestTerminal/master/files/src/test/resources
[INFO] 
[INFO] --- maven-compiler-plugin:3.1:testCompile (default-testCompile) @ ChestTerminal ---
[INFO] No sources to compile
[INFO] 
[INFO] --- maven-surefire-plugin:2.12.4:test (default-test) @ ChestTerminal ---
[INFO] No tests to run.
[INFO] 
[INFO] --- maven-jar-plugin:2.4:jar (default-jar) @ ChestTerminal ---
[INFO] Building jar: /home/runner/work/builds/builds/TheBusyBiscuit/ChestTerminal/master/files/target/ChestTerminal-24.jar
[INFO] 
[INFO] ---------------< io.github.thebusybiscuit:ChestTerminal >---------------
[INFO] Building ChestTerminal DEV - 24 (git 07906cfa)
[INFO] --------------------------------[ jar ]---------------------------------
[INFO] 
[INFO] --- sonar-maven-plugin:3.7.0.1746:sonar (default-cli) @ ChestTerminal ---
[INFO] User cache: /home/runner/.sonar/cache
[INFO] SonarQube version: 8.0.0
[INFO] Default locale: "en", source code encoding: "UTF-8"
[INFO] Load global settings
[INFO] Load global settings (done) | time=631ms
[INFO] Server id: 1BD809FA-AWHW8ct9-T_TB3XqouNu
[INFO] User cache: /home/runner/.sonar/cache
[INFO] Load/download plugins
[INFO] Load plugins index
[INFO] Load plugins index (done) | time=139ms
[INFO] Load/download plugins (done) | time=225ms
[INFO] Loaded core extensions: developer-scanner
[INFO] Process project properties
[INFO] Execute project builders
[INFO] Execute project builders (done) | time=7ms
[INFO] Project key: TheBusyBiscuit_ChestTerminal
[INFO] Base dir: /home/runner/work/builds/builds/TheBusyBiscuit/ChestTerminal/master/files
[INFO] Working dir: /home/runner/work/builds/builds/TheBusyBiscuit/ChestTerminal/master/files/target/sonar
[INFO] Load project settings for component key: 'TheBusyBiscuit_ChestTerminal'
[INFO] Load project settings for component key: 'TheBusyBiscuit_ChestTerminal' (done) | time=172ms
[INFO] Found an active CI vendor: 'Github Actions'
[INFO] Load project branches
[INFO] Load project branches (done) | time=134ms
[INFO] Load projects for organization 'thebusybiscuit-github'
[INFO] Load projects for organization 'thebusybiscuit-github' (done) | time=1120ms
[INFO] Load project pull requests
[INFO] Load project pull requests (done) | time=110ms
[INFO] Load branch configuration
[INFO] Github event: schedule
[INFO] Load branch configuration (done) | time=2ms
[INFO] Load quality profiles
[INFO] Load quality profiles (done) | time=168ms
[INFO] Load active rules
[INFO] Load active rules (done) | time=3490ms
[INFO] Organization key: thebusybiscuit-github
[INFO] Indexing files...
[INFO] Project configuration:
[INFO] 7 files indexed
[INFO] 0 files ignored because of scm ignore settings
[INFO] Quality profile for java: Additional Checks
[INFO] Quality profile for xml: Sonar way
[INFO] ------------- Run sensors on module ChestTerminal
[INFO] Load metrics repository
[INFO] Load metrics repository (done) | time=109ms
[INFO] Sensor JavaSquidSensor [java]
[INFO] Configured Java source version (sonar.java.source): 8
[INFO] JavaClasspath initialization
[INFO] JavaClasspath initialization (done) | time=11ms
[INFO] JavaTestClasspath initialization
[INFO] JavaTestClasspath initialization (done) | time=0ms
[INFO] Java Main Files AST scan
[INFO] 6 source files to be analyzed
[INFO] Load project repositories
[INFO] Load project repositories (done) | time=131ms
Status ERROR: org.eclipse.jdt.core code=4 Could not retrieve declared methods java.lang.NullPointerException
Status ERROR: org.eclipse.jdt.core code=4 Could not retrieve declared methods java.lang.NullPointerException
Status ERROR: org.eclipse.jdt.core code=4 Could not retrieve declared methods java.lang.NullPointerException
[INFO] 6/6 source files have been analyzed
[INFO] Java Main Files AST scan (done) | time=3759ms
[INFO] Java Test Files AST scan
[INFO] 0 source files to be analyzed
[INFO] Java Test Files AST scan (done) | time=4ms
[INFO] Sensor JavaSquidSensor [java] (done) | time=3917ms
[INFO] Sensor SonarCSS Rules [cssfamily]
[INFO] No CSS, PHP, HTML or VueJS files are found in the project. CSS analysis is skipped.
[INFO] Sensor SonarCSS Rules [cssfamily] (done) | time=0ms
[INFO] Sensor SurefireSensor [java]
[INFO] parsing [/home/runner/work/builds/builds/TheBusyBiscuit/ChestTerminal/master/files/target/surefire-reports]
[INFO] Sensor SurefireSensor [java] (done) | time=2ms
[INFO] Sensor JavaXmlSensor [java]
[INFO] 0/0 source files have been analyzed
[INFO] 1 source files to be analyzed
[INFO] 1/1 source files have been analyzed
[INFO] Sensor JavaXmlSensor [java] (done) | time=144ms
[INFO] Sensor HTML [web]
[INFO] Sensor HTML [web] (done) | time=4ms
[INFO] Sensor XML Sensor [xml]
[INFO] 1 source files to be analyzed
[INFO] 1/1 source files have been analyzed
[INFO] Sensor XML Sensor [xml] (done) | time=105ms
[INFO] Sensor JaCoCo XML Report Importer [jacoco]
[INFO] Sensor JaCoCo XML Report Importer [jacoco] (done) | time=3ms
[INFO] Sensor JavaSecuritySensor [security]
[INFO] Reading type hierarchy from: /home/runner/work/builds/builds/TheBusyBiscuit/ChestTerminal/master/files/target/sonar/ucfg2/java
[INFO] Read 84 type definitions
[INFO] Reading UCFGs from: /home/runner/work/builds/builds/TheBusyBiscuit/ChestTerminal/master/files/target/sonar/ucfg2/java
[INFO] 21:36:54.382 Building Type propagation graph
[INFO] 21:36:54.398 Running Tarjan on 138 nodes
[INFO] 21:36:54.404 Tarjan found 138 components
[INFO] 21:36:54.41 Variable type analysis: done
[INFO] 21:36:54.415 Building Type propagation graph
[INFO] 21:36:54.419 Running Tarjan on 138 nodes
[INFO] 21:36:54.42 Tarjan found 138 components
[INFO] 21:36:54.421 Variable type analysis: done
[INFO] Analyzing 43 ucfgs to detect vulnerabilities.
[INFO] All rules entrypoints : 0 Retained UCFGs : 0
[INFO] rule: S5131, entrypoints: 0
[INFO] rule: S5131 done
[INFO] rule: S3649, entrypoints: 0
[INFO] rule: S3649 done
[INFO] rule: S2076, entrypoints: 0
[INFO] rule: S2076 done
[INFO] rule: S2091, entrypoints: 0
[INFO] rule: S2091 done
[INFO] rule: S2078, entrypoints: 0
[INFO] rule: S2078 done
[INFO] rule: S2631, entrypoints: 0
[INFO] rule: S2631 done
[INFO] rule: S5135, entrypoints: 0
[INFO] rule: S5135 done
[INFO] rule: S2083, entrypoints: 0
[INFO] rule: S2083 done
[INFO] rule: S5167, entrypoints: 0
[INFO] rule: S5167 done
[INFO] rule: S5144, entrypoints: 0
[INFO] rule: S5144 done
[INFO] rule: S5145, entrypoints: 0
[INFO] rule: S5145 done
[INFO] rule: S5146, entrypoints: 0
[INFO] rule: S5146 done
[INFO] rule: S5334, entrypoints: 0
[INFO] rule: S5334 done
[INFO] Sensor JavaSecuritySensor [security] (done) | time=385ms
[INFO] Sensor CSharpSecuritySensor [security]
[INFO] Reading type hierarchy from: /home/runner/work/builds/builds/TheBusyBiscuit/ChestTerminal/master/files/target/ucfg_cs2
[INFO] Read 0 type definitions
[INFO] Reading UCFGs from: /home/runner/work/builds/builds/TheBusyBiscuit/ChestTerminal/master/files/target/ucfg_cs2
[INFO] No UCFGs have been included for analysis.
[INFO] Sensor CSharpSecuritySensor [security] (done) | time=2ms
[INFO] Sensor PhpSecuritySensor [security]
[INFO] Reading type hierarchy from: /home/runner/work/builds/builds/TheBusyBiscuit/ChestTerminal/master/files/target/sonar/ucfg2/php
[INFO] Read 0 type definitions
[INFO] Reading UCFGs from: /home/runner/work/builds/builds/TheBusyBiscuit/ChestTerminal/master/files/target/sonar/ucfg2/php
[INFO] No UCFGs have been included for analysis.
[INFO] Sensor PhpSecuritySensor [security] (done) | time=3ms
[INFO] Sensor PythonSecuritySensor [security]
[INFO] Reading type hierarchy from: /home/runner/work/builds/builds/TheBusyBiscuit/ChestTerminal/master/files/target/sonar/ucfg2/python
[INFO] Read 0 type definitions
[INFO] Reading UCFGs from: /home/runner/work/builds/builds/TheBusyBiscuit/ChestTerminal/master/files/target/sonar/ucfg2/python
[INFO] No UCFGs have been included for analysis.
[INFO] Sensor PythonSecuritySensor [security] (done) | time=2ms
[INFO] ------------- Run sensors on project
[INFO] Sensor Zero Coverage Sensor
[INFO] Sensor Zero Coverage Sensor (done) | time=12ms
[INFO] Sensor Java CPD Block Indexer
[INFO] Sensor Java CPD Block Indexer (done) | time=35ms
[INFO] SCM provider for this project is: git
[INFO] 2 files to be analyzed
[INFO] 1/2 files analyzed
[WARNING] Missing blame information for the following files:
[WARNING]   * pom.xml
[WARNING] This may lead to missing/broken features in SonarCloud
[INFO] Calculating CPD for 6 files
[INFO] CPD calculation finished
[INFO] Analysis report generated in 82ms, dir size=208 KB
[INFO] Analysis report compressed in 30ms, zip size=55 KB
[INFO] Analysis report uploaded in 301ms
[INFO] ANALYSIS SUCCESSFUL, you can browse https://sonarcloud.io/dashboard?id=TheBusyBiscuit_ChestTerminal
[INFO] Note that you will be able to access the updated dashboard once the server has processed the submitted analysis report
[INFO] More about the report processing at https://sonarcloud.io/api/ce/task?id=AXA2LwIIMJwNYmz1wUK0
[INFO] Analysis total time: 14.165 s
[INFO] ------------------------------------------------------------------------
[INFO] BUILD SUCCESS
[INFO] ------------------------------------------------------------------------
[INFO] Total time:  33.205 s
[INFO] Finished at: 2020-02-11T21:36:55Z
[INFO] ------------------------------------------------------------------------
