[INFO] Scanning for projects...

[INFO] ------------------------------------------------------------------------
[INFO] Building ChestTerminal 1.0
[INFO] ------------------------------------------------------------------------

[INFO] 

[WARNING] The POM for com.wasteofplastic:askyblock:jar:3.0.6.9 is invalid, transitive dependencies (if any) will not be available, enable debug logging for more details

[WARNING] The POM for com.github.dmulloy2.LWC:lwc:jar:master-4.5.1-g2100b5e-18 is invalid, transitive dependencies (if any) will not be available, enable debug logging for more details

[WARNING] The POM for com.massivecraft.massivecore:MassiveCore:jar:2.13.0 is missing, no dependency information available

[WARNING] The POM for com.massivecraft.factions:Factions:jar:2.13.0 is missing, no dependency information available

Downloading from worldedit-worldguard-repo: http://maven.sk89q.com/repo/org/bukkit/bukkit/maven-metadata.xml

asonPhrase:Internal Server Error.

[WARNING] Could not transfer metadata org.bukkit:bukkit/maven-metadata.xml from/to worldedit-worldguard-repo (http://maven.sk89q.com/repo/): Failed to transfer file: http://maven.sk89q.com/repo/org/bukkit/bukkit/maven-metadata.xml. Return code is: 500 , Re
[WARNING] Failure to transfer org.bukkit:bukkit/maven-metadata.xml from http://maven.sk89q.com/repo/ was cached in the local repository, resolution will not be reattempted until the update interval of worldedit-worldguard-repo has elapsed or updates are fo
rced. Original error: Could not transfer metadata org.bukkit:bukkit/maven-metadata.xml from/to worldedit-worldguard-repo (http://maven.sk89q.com/repo/): Failed to transfer file: http://maven.sk89q.com/repo/org/bukkit/bukkit/maven-metadata.xml. Return code is: 500 , ReasonPhrase:Internal Server Error.

[WARNING] The POM for com.github.TheBusyBiscuit:Slimefun4:jar:v4.1.12 is invalid, transitive dependencies (if any) will not be available, enable debug logging for more details

[INFO] 

[INFO] --- maven-resources-plugin:2.6:resources (default-resources) @ ChestTerminal ---

[INFO] Using 'UTF-8' encoding to copy filtered resources.

[INFO] Copying 1 resource

[INFO] 

[INFO] --- maven-compiler-plugin:3.1:compile (default-compile) @ ChestTerminal ---

[INFO] Changes detected - recompiling the module!

[INFO] Compiling 5 source files to E:\Projects\GitHub\builds\TheBusyBiscuit\ChestTerminal\master\files\target\classes

[WARNING] /E:/Projects/GitHub/builds/TheBusyBiscuit/ChestTerminal/master/files/src/me/mrCookieSlime/ChestTerminal/ImportBus.java
:[29,44] unmappable character for encoding UTF-8
[WARNING] /E:/Projects/GitHub/builds/TheBusyBiscuit/ChestTerminal/master/files/src/me/mrCookieSlime/ChestTerminal/ImportBus.java:[41,127] unmappable character for encoding UTF-8
[WARNING] /E:/Projects/GitHub/builds/TheBusyBiscuit/ChestTerminal/master/files/src/me/mrCookieSlime/ChestTerminal/ImportBus.java:[41,135] unmappable character for encoding UTF-8
[WARNING] /E:/Projects/GitHub/builds/TheBusyBiscuit/ChestTerminal/master/files/src/me/mrCookieSlime/ChestTerminal/ImportBus.java:[41,154] unmappable character for encoding UTF-8
[WARNING] /E:/Projects/GitHub/builds/TheBusyBiscuit/ChestTerminal/master/files/src/me/mrCookieSlime/ChestTerminal/ImportBus.java:[53,138] unmappable character for encoding UTF-8
[WARNING] /E:/Projects/GitHub/builds/TheBusyBiscuit/ChestTerminal/master/files/src/me/mrCookieSlime/ChestTerminal/ImportBus.java
:[53,146] unmappable character for encoding UTF-8
[WARNING] /E:/Projects/GitHub/builds/TheBusyBiscuit/ChestTerminal/master/files/src/me/mrCookieSlime/ChestTerminal/ImportBus.java:[53,165] unmappable character for encoding UTF-8
[WARNING] /E:/Projects/GitHub/builds/TheBusyBiscuit/ChestTerminal/master/files/src/me/mrCookieSlime/ChestTerminal/ImportBus.java:[66,145] unmappable character for encoding UTF-8
[WARNING] /E:/Projects/GitHub/builds/TheBusyBiscuit/ChestTerminal/master/files/src/me/mrCookieSlime/ChestTerminal/ImportBus.java:[66,175] unmappable character for encoding UTF-8

:[78,174] unmappable character for encoding UTF-8
[WARNING] /E:/Projects/GitHub/builds/TheBusyBiscuit/ChestTerminal/master/files/src/me/mrCookieSlime/ChestTerminal/ImportBus.java:[78,190] unmappable character for encoding UTF-8
[WARNING] /E:/Projects/GitHub/builds/TheBusyBiscuit/ChestTerminal/master/files/src/me/mrCookieSlime/ChestTerminal/ImportBus.java
[WARNING] /E:/Projects/GitHub/builds/TheBusyBiscuit/ChestTerminal/master/files/src/me/mrCookieSlime/ChestTerminal/ImportBus.java:[66,191] unmappable character for encoding UTF-8
[WARNING] /E:/Projects/GitHub/builds/TheBusyBiscuit/ChestTerminal/master/files/src/me/mrCookieSlime/ChestTerminal/ImportBus.java:[78,144] unmappable character for encoding UTF-8
[WARNING] /E:/Projects/GitHub/builds/TheBusyBiscuit/ChestTerminal/master/files/src/me/mrCookieSlime/ChestTerminal/ImportBus.java
:[91,132] unmappable character for encoding UTF-8
[WARNING] /E:/Projects/GitHub/builds/TheBusyBiscuit/ChestTerminal/master/files/src/me/mrCookieSlime/ChestTerminal/ImportBus.java:[91,148] unmappable character for encoding UTF-8
[WARNING] /E:/Projects/GitHub/builds/TheBusyBiscuit/ChestTerminal/master/files/src/me/mrCookieSlime/ChestTerminal/ImportBus.java
:[91,164] unmappable character for encoding UTF-8
[WARNING] /E:/Projects/GitHub/builds/TheBusyBiscuit/ChestTerminal/master/files/src/me/mrCookieSlime/ChestTerminal/ImportBus.java:[103,132] unmappable character for encoding UTF-8
[WARNING] /E:/Projects/GitHub/builds/TheBusyBiscuit/ChestTerminal/master/files/src/me/mrCookieSlime/ChestTerminal/ImportBus.java:[103,148] unmappable character for encoding UTF-8

[WARNING] /E:/Projects/GitHub/builds/TheBusyBiscuit/ChestTerminal/master/files/src/me/mrCookieSlime/ChestTerminal/ImportBus.java
:[103,164] unmappable character for encoding UTF-8
[WARNING] /E:/Projects/GitHub/builds/TheBusyBiscuit/ChestTerminal/master/files/src/me/mrCookieSlime/ChestTerminal/ImportBus.java:[216,85] unmappable character for encoding UTF-8
[WARNING] /E:/Projects/GitHub/builds/TheBusyBiscuit/ChestTerminal/master/files/src/me/mrCookieSlime/ChestTerminal/ImportBus.java:[216,100] unmappable character for encoding UTF-8
[WARNING] /E:/Projects/GitHub/builds/TheBusyBiscuit/ChestTerminal/master/files/src/me/mrCookieSlime/ChestTerminal/ImportBus.java:[216,134] unmappable character for encoding UTF-8
[WARNING] /E:/Projects/GitHub/builds/TheBusyBiscuit/ChestTerminal/master/files/src/me/mrCookieSlime/ChestTerminal/AccessTerminal.java:[31,44] unmappable character for encoding UTF-8
[WARNING] /E:/Projects/GitHub/builds/TheBusyBiscuit/ChestTerminal/master/files/src/me/mrCookieSlime/ChestTerminal/AccessTerminal.java:[41,291] unmappable character for encoding UTF-8
[WARNING] /E:/Projects/GitHub/builds/TheBusyBiscuit/ChestTerminal/master/files/src/me/mrCookieSlime/ChestTerminal/AccessTerminal.java:[41,321] unmappable character for encoding UTF-8
[WARNING] /E:/Projects/GitHub/builds/TheBusyBiscuit/ChestTerminal/master/files/src/me/mrCookieSlime/ChestTerminal/AccessTerminal.java:[55,291] unmappable character for encoding UTF-8
[WARNING] /E:/Projects/GitHub/builds/TheBusyBiscuit/ChestTerminal/master/files/src/me/mrCookieSlime/ChestTerminal/AccessTerminal.java:[55,317] unmappable character for encoding UTF-8
[WARNING] /E:/Projects/GitHub/builds/TheBusyBiscuit/ChestTerminal/master/files/src/me/mrCookieSlime/ChestTerminal/AccessTerminal.java:[243,100] unmappable character for encoding UTF-8
[WARNING] /E:/Projects/GitHub/builds/TheBusyBiscuit/ChestTerminal/master/files/src/me/mrCookieSlime/ChestTerminal/QuartzDrill.java:[133,25] unmappable character for encoding UTF-8
[WARNING] /E:/Projects/GitHub/builds/TheBusyBiscuit/ChestTerminal/master/files/src/me/mrCookieSlime/ChestTerminal/ChestTerminal.java:[34,96] unmappable character for encoding UTF-8
[WARNING] /E:/Projects/GitHub/builds/TheBusyBiscuit/ChestTerminal/master/files/src/me/mrCookieSlime/ChestTerminal/ChestTerminal.java:[38,96] unmappable character for encoding UTF-8
[WARNING] /E:/Projects/GitHub/builds/TheBusyBiscuit/ChestTerminal/master/files/src/me/mrCookieSlime/ChestTerminal/ChestTerminal.java:[38,120] unmappable character for encoding UTF-8

[WARNING] /E:/Projects/GitHub/builds/TheBusyBiscuit/ChestTerminal/master/files/src/me/mrCookieSlime/ChestTerminal/ChestTerminal.java:[40,107] unmappable character for encoding UTF-8
[WARNING] /E:/Projects/GitHub/builds/TheBusyBiscuit/ChestTerminal/master/files/src/me/mrCookieSlime/ChestTerminal/ChestTerminal.java:[40,137] unmappable character for encoding UTF-8
[WARNING] /E:/Projects/GitHub/builds/TheBusyBiscuit/ChestTerminal/master/files/src/me/mrCookieSlime/ChestTerminal/ChestTerminal.java:[40,147] unmappable character for encoding UTF-8
[WARNING] /E:/Projects/GitHub/builds/TheBusyBiscuit/ChestTerminal/master/files/src/me/mrCookieSlime/ChestTerminal/ChestTerminal.java:[40,156] unmappable character for encoding UTF-8
[WARNING] /E:/Projects/GitHub/builds/TheBusyBiscuit/ChestTerminal/master/files/src/me/mrCookieSlime/ChestTerminal/ChestTerminal.java:[40,169] unmappable character for encoding UTF-8
[WARNING] /E:/Projects/GitHub/builds/TheBusyBiscuit/ChestTerminal/master/files/src/me/mrCookieSlime/ChestTerminal/ChestTerminal.java:[40,182] unmappable character for encoding UTF-8
[WARNING] /E:/Projects/GitHub/builds/TheBusyBiscuit/ChestTerminal/master/files/src/me/mrCookieSlime/ChestTerminal/ChestTerminal.java:[40,191] unmappable character for encoding UTF-8
[WARNING] /E:/Projects/GitHub/builds/TheBusyBiscuit/ChestTerminal/master/files/src/me/mrCookieSlime/ChestTerminal/ChestTerminal.java:[40,200] unmappable character for encoding UTF-8
[WARNING] /E:/Projects/GitHub/builds/TheBusyBiscuit/ChestTerminal/master/files/src/me/mrCookieSlime/ChestTerminal/ChestTerminal.java:[40,215] unmappable character for encoding UTF-8
[WARNING] /E:/Projects/GitHub/builds/TheBusyBiscuit/ChestTerminal/master/files/src/me/mrCookieSlime/ChestTerminal/ChestTerminal.java:[40,217] unmappable character for encoding UTF-8
[WARNING] /E:/Projects/GitHub/builds/TheBusyBiscuit/ChestTerminal/master/files/src/me/mrCookieSlime/ChestTerminal/ChestTerminal.java:[40,219] unmappable character for encoding UTF-8
[WARNING] /E:/Projects/GitHub/builds/TheBusyBiscuit/ChestTerminal/master/files/src/me/mrCookieSlime/ChestTerminal/ChestTerminal.java:[40,228] unmappable character for encoding UTF-8
[WARNING] /E:/Projects/GitHub/builds/TheBusyBiscuit/ChestTerminal/master/files/src/me/mrCookieSlime/ChestTerminal/ChestTerminal.java:[40,237] unmappable character for encoding UTF-8
[WARNING] /E:/Projects/GitHub/builds/TheBusyBiscuit/ChestTerminal/master/files/src/me/mrCookieSlime/ChestTerminal/ChestTerminal.java:[40,255] unmappable character for encoding UTF-8
[WARNING] /E:/Projects/GitHub/builds/TheBusyBiscuit/ChestTerminal/master/files/src/me/mrCookieSlime/ChestTerminal/ChestTerminal.java:[40,306] unmappable character for encoding UTF-8
[WARNING] /E:/Projects/GitHub/builds/TheBusyBiscuit/ChestTerminal/master/files/src/me/mrCookieSlime/ChestTerminal/ChestTerminal.java:[40,402] unmappable character for encoding UTF-8
[WARNING] /E:/Projects/GitHub/builds/TheBusyBiscuit/ChestTerminal/master/files/src/me/mrCookieSlime/ChestTerminal/ChestTerminal.java:[41,107] unmappable character for encoding UTF-8
[WARNING] /E:/Projects/GitHub/builds/TheBusyBiscuit/ChestTerminal/master/files/src/me/mrCookieSlime/ChestTerminal/ChestTerminal.java:[41,137] unmappable character for encoding UTF-8
[WARNING] /E:/Projects/GitHub/builds/TheBusyBiscuit/ChestTerminal/master/files/src/me/mrCookieSlime/ChestTerminal/ChestTerminal.java:[41,147] unmappable character for encoding UTF-8
[WARNING] /E:/Projects/GitHub/builds/TheBusyBiscuit/ChestTerminal/master/files/src/me/mrCookieSlime/ChestTerminal/ChestTerminal.java:[41,156] unmappable character for encoding UTF-8
[WARNING] /E:/Projects/GitHub/builds/TheBusyBiscuit/ChestTerminal/master/files/src/me/mrCookieSlime/ChestTerminal/ChestTerminal.java:[41,169] unmappable character for encoding UTF-8
[WARNING] /E:/Projects/GitHub/builds/TheBusyBiscuit/ChestTerminal/master/files/src/me/mrCookieSlime/ChestTerminal/ChestTerminal.java:[41,182] unmappable character for encoding UTF-8

[WARNING] /E:/Projects/GitHub/builds/TheBusyBiscuit/ChestTerminal/master/files/src/me/mrCookieSlime/ChestTerminal/ChestTerminal.java:[41,191] unmappable character for encoding UTF-8
[WARNING] /E:/Projects/GitHub/builds/TheBusyBiscuit/ChestTerminal/master/files/src/me/mrCookieSlime/ChestTerminal/ChestTerminal.java:[41,200] unmappable character for encoding UTF-8

[WARNING] /E:/Projects/GitHub/builds/TheBusyBiscuit/ChestTerminal/master/files/src/me/mrCookieSlime/ChestTerminal/ChestTerminal.java:[41,215] unmappable character for encoding UTF-8
[WARNING] /E:/Projects/GitHub/builds/TheBusyBiscuit/ChestTerminal/master/files/src/me/mrCookieSlime/ChestTerminal/ChestTerminal.java:[41,217] unmappable character for encoding UTF-8
[WARNING] /E:/Projects/GitHub/builds/TheBusyBiscuit/ChestTerminal/master/files/src/me/mrCookieSlime/ChestTerminal/ChestTerminal.java:[41,219] unmappable character for encoding UTF-8
[WARNING] /E:/Projects/GitHub/builds/TheBusyBiscuit/ChestTerminal/master/files/src/me/mrCookieSlime/ChestTerminal/ChestTerminal.java:[41,228] unmappable character for encoding UTF-8
[WARNING] /E:/Projects/GitHub/builds/TheBusyBiscuit/ChestTerminal/master/files/src/me/mrCookieSlime/ChestTerminal/ChestTerminal.java:[41,237] unmappable character for encoding UTF-8
[WARNING] /E:/Projects/GitHub/builds/TheBusyBiscuit/ChestTerminal/master/files/src/me/mrCookieSlime/ChestTerminal/ChestTerminal.java:[41,255] unmappable character for encoding UTF-8
[WARNING] /E:/Projects/GitHub/builds/TheBusyBiscuit/ChestTerminal/master/files/src/me/mrCookieSlime/ChestTerminal/ChestTerminal.java:[41,306] unmappable character for encoding UTF-8
[WARNING] /E:/Projects/GitHub/builds/TheBusyBiscuit/ChestTerminal/master/files/src/me/mrCookieSlime/ChestTerminal/ChestTerminal.java:[41,402] unmappable character for encoding UTF-8
[WARNING] /E:/Projects/GitHub/builds/TheBusyBiscuit/ChestTerminal/master/files/src/me/mrCookieSlime/ChestTerminal/ChestTerminal.java:[42,108] unmappable character for encoding UTF-8
[WARNING] /E:/Projects/GitHub/builds/TheBusyBiscuit/ChestTerminal/master/files/src/me/mrCookieSlime/ChestTerminal/ChestTerminal.java:[42,138] unmappable character for encoding UTF-8
[WARNING] /E:/Projects/GitHub/builds/TheBusyBiscuit/ChestTerminal/master/files/src/me/mrCookieSlime/ChestTerminal/ChestTerminal.java:[42,149] unmappable character for encoding UTF-8
[WARNING] /E:/Projects/GitHub/builds/TheBusyBiscuit/ChestTerminal/master/files/src/me/mrCookieSlime/ChestTerminal/ChestTerminal.java:[42,158] unmappable character for encoding UTF-8
[WARNING] /E:/Projects/GitHub/builds/TheBusyBiscuit/ChestTerminal/master/files/src/me/mrCookieSlime/ChestTerminal/ChestTerminal.java:[42,171] unmappable character for encoding UTF-8
[WARNING] /E:/Projects/GitHub/builds/TheBusyBiscuit/ChestTerminal/master/files/src/me/mrCookieSlime/ChestTerminal/ChestTerminal.java:[42,184] unmappable character for encoding UTF-8
[WARNING] /E:/Projects/GitHub/builds/TheBusyBiscuit/ChestTerminal/master/files/src/me/mrCookieSlime/ChestTerminal/ChestTerminal.java:[42,193] unmappable character for encoding UTF-8
[WARNING] /E:/Projects/GitHub/builds/TheBusyBiscuit/ChestTerminal/master/files/src/me/mrCookieSlime/ChestTerminal/ChestTerminal.java:[42,202] unmappable character for encoding UTF-8
[WARNING] /E:/Projects/GitHub/builds/TheBusyBiscuit/ChestTerminal/master/files/src/me/mrCookieSlime/ChestTerminal/ChestTerminal.java:[42,218] unmappable character for encoding UTF-8
[WARNING] /E:/Projects/GitHub/builds/TheBusyBiscuit/ChestTerminal/master/files/src/me/mrCookieSlime/ChestTerminal/ChestTerminal.java:[42,220] unmappable character for encoding UTF-8
[WARNING] /E:/Projects/GitHub/builds/TheBusyBiscuit/ChestTerminal/master/files/src/me/mrCookieSlime/ChestTerminal/ChestTerminal.java:[42,222] unmappable character for encoding UTF-8
[WARNING] /E:/Projects/GitHub/builds/TheBusyBiscuit/ChestTerminal/master/files/src/me/mrCookieSlime/ChestTerminal/ChestTerminal.java:[42,231] unmappable character for encoding UTF-8

[WARNING] /E:/Projects/GitHub/builds/TheBusyBiscuit/ChestTerminal/master/files/src/me/mrCookieSlime/ChestTerminal/ChestTerminal.java:[42,240] unmappable character for encoding UTF-8
[WARNING] /E:/Projects/GitHub/builds/TheBusyBiscuit/ChestTerminal/master/files/src/me/mrCookieSlime/ChestTerminal/ChestTerminal.java:[42,258] unmappable character for encoding UTF-8
[WARNING] /E:/Projects/GitHub/builds/TheBusyBiscuit/ChestTerminal/master/files/src/me/mrCookieSlime/ChestTerminal/ChestTerminal.java:[42,309] unmappable character for encoding UTF-8
[WARNING] /E:/Projects/GitHub/builds/TheBusyBiscuit/ChestTerminal/master/files/src/me/mrCookieSlime/ChestTerminal/ChestTerminal.java:[42,405] unmappable character for encoding UTF-8
[WARNING] /E:/Projects/GitHub/builds/TheBusyBiscuit/ChestTerminal/master/files/src/me/mrCookieSlime/ChestTerminal/ChestTerminal.java:[43,106] unmappable character for encoding UTF-8
[WARNING] /E:/Projects/GitHub/builds/TheBusyBiscuit/ChestTerminal/master/files/src/me/mrCookieSlime/ChestTerminal/ChestTerminal.java:[43,136] unmappable character for encoding UTF-8
[WARNING] /E:/Projects/GitHub/builds/TheBusyBiscuit/ChestTerminal/master/files/src/me/mrCookieSlime/ChestTerminal/ChestTerminal.java:[43,160] unmappable character for encoding UTF-8
[WARNING] /E:/Projects/GitHub/builds/TheBusyBiscuit/ChestTerminal/master/files/src/me/mrCookieSlime/ChestTerminal/ChestTerminal.java:[43,169] unmappable character for encoding UTF-8
[WARNING] /E:/Projects/GitHub/builds/TheBusyBiscuit/ChestTerminal/master/files/src/me/mrCookieSlime/ChestTerminal/ChestTerminal.java:[43,182] unmappable character for encoding UTF-8
[WARNING] /E:/Projects/GitHub/builds/TheBusyBiscuit/ChestTerminal/master/files/src/me/mrCookieSlime/ChestTerminal/ChestTerminal.java:[43,195] unmappable character for encoding UTF-8

[WARNING] /E:/Projects/GitHub/builds/TheBusyBiscuit/ChestTerminal/master/files/src/me/mrCookieSlime/ChestTerminal/ChestTerminal.java:[43,204] unmappable character for encoding UTF-8

[WARNING] /E:/Projects/GitHub/builds/TheBusyBiscuit/ChestTerminal/master/files/src/me/mrCookieSlime/ChestTerminal/ChestTerminal.java:[43,213] unmappable character for encoding UTF-8
[WARNING] /E:/Projects/GitHub/builds/TheBusyBiscuit/ChestTerminal/master/files/src/me/mrCookieSlime/ChestTerminal/ChestTerminal.java:[43,228] unmappable character for encoding UTF-8
[WARNING] /E:/Projects/GitHub/builds/TheBusyBiscuit/ChestTerminal/master/files/src/me/mrCookieSlime/ChestTerminal/ChestTerminal.java:[43,230] unmappable character for encoding UTF-8
[WARNING] /E:/Projects/GitHub/builds/TheBusyBiscuit/ChestTerminal/master/files/src/me/mrCookieSlime/ChestTerminal/ChestTerminal.java:[43,232] unmappable character for encoding UTF-8
[WARNING] /E:/Projects/GitHub/builds/TheBusyBiscuit/ChestTerminal/master/files/src/me/mrCookieSlime/ChestTerminal/ChestTerminal.java:[43,241] unmappable character for encoding UTF-8
[WARNING] /E:/Projects/GitHub/builds/TheBusyBiscuit/ChestTerminal/master/files/src/me/mrCookieSlime/ChestTerminal/ChestTerminal.java:[43,250] unmappable character for encoding UTF-8
[WARNING] /E:/Projects/GitHub/builds/TheBusyBiscuit/ChestTerminal/master/files/src/me/mrCookieSlime/ChestTerminal/ChestTerminal.java:[43,268] unmappable character for encoding UTF-8
[WARNING] /E:/Projects/GitHub/builds/TheBusyBiscuit/ChestTerminal/master/files/src/me/mrCookieSlime/ChestTerminal/ChestTerminal.java:[43,319] unmappable character for encoding UTF-8
[WARNING] /E:/Projects/GitHub/builds/TheBusyBiscuit/ChestTerminal/master/files/src/me/mrCookieSlime/ChestTerminal/ChestTerminal.java:[43,415] unmappable character for encoding UTF-8
[WARNING] /E:/Projects/GitHub/builds/TheBusyBiscuit/ChestTerminal/master/files/src/me/mrCookieSlime/ChestTerminal/ChestTerminal.java:[44,93] unmappable character for encoding UTF-8
[WARNING] /E:/Projects/GitHub/builds/TheBusyBiscuit/ChestTerminal/master/files/src/me/mrCookieSlime/ChestTerminal/ChestTerminal.java:[44,111] unmappable character for encoding UTF-8
[WARNING] /E:/Projects/GitHub/builds/TheBusyBiscuit/ChestTerminal/master/files/src/me/mrCookieSlime/ChestTerminal/ChestTerminal.java:[44,142] unmappable character for encoding UTF-8
[WARNING] /E:/Projects/GitHub/builds/TheBusyBiscuit/ChestTerminal/master/files/src/me/mrCookieSlime/ChestTerminal/ChestTerminal.java:[44,144] unmappable character for encoding UTF-8
[INFO] 
[INFO] --- maven-resources-plugin:2.6:testResources (default-testResources) @ ChestTerminal ---

[INFO] Using 'UTF-8' encoding to copy filtered resources.

[INFO] skip non existing resourceDirectory E:\Projects\GitHub\builds\TheBusyBiscuit\ChestTerminal\master\files\tests\resources
[INFO] 
[INFO] --- maven-compiler-plugin:3.1:testCompile (default-testCompile) @ ChestTerminal ---

[INFO] No sources to compile

[INFO] 
[INFO] --- maven-surefire-plugin:2.12.4:test (default-test) @ ChestTerminal ---

[INFO] No tests to run.

[INFO] 

[INFO] --- maven-jar-plugin:2.4:jar (default-jar) @ ChestTerminal ---

[INFO] Building jar: E:\Projects\GitHub\builds\TheBusyBiscuit\ChestTerminal\master\files\target\ChestTerminal-1.jar

[INFO] ------------------------------------------------------------------------

[INFO] BUILD SUCCESS
[INFO] ------------------------------------------------------------------------
[INFO] Total time: 3.376 s
[INFO] Finished at: 2017-12-17T19:38:44+01:00

[INFO] Final Memory: 23M/309M

[INFO] ------------------------------------------------------------------------

