[INFO] Scanning for projects...
[INFO] 
[INFO] -------------------< me.mrCookieSlime:ChestTerminal >-------------------
[INFO] Building ChestTerminal DEV - 7 (git d220cda4)
[INFO] --------------------------------[ jar ]---------------------------------
[WARNING] The POM for com.github.TheBusyBiscuit:CS-CoreLib:jar:v1.6 is invalid, transitive dependencies (if any) will not be available, enable debug logging for more details
[WARNING] The POM for com.github.TheBusyBiscuit:Slimefun4:jar:98cbec3840 is invalid, transitive dependencies (if any) will not be available, enable debug logging for more details
[INFO] 
[INFO] --- maven-resources-plugin:2.6:resources (default-resources) @ ChestTerminal ---
[INFO] Using 'UTF-8' encoding to copy filtered resources.
[INFO] Copying 1 resource
[INFO] 
[INFO] --- maven-compiler-plugin:3.1:compile (default-compile) @ ChestTerminal ---
[INFO] Changes detected - recompiling the module!
[INFO] Compiling 5 source files to /home/pi/Desktop/Build Server/TheBusyBiscuit/ChestTerminal/master/files/target/classes
[WARNING] /home/pi/Desktop/Build Server/TheBusyBiscuit/ChestTerminal/master/files/src/me/mrCookieSlime/ChestTerminal/AccessTerminal.java: /home/pi/Desktop/Build Server/TheBusyBiscuit/ChestTerminal/master/files/src/me/mrCookieSlime/ChestTerminal/AccessTerminal.java uses or overrides a deprecated API.
[WARNING] /home/pi/Desktop/Build Server/TheBusyBiscuit/ChestTerminal/master/files/src/me/mrCookieSlime/ChestTerminal/AccessTerminal.java: Recompile with -Xlint:deprecation for details.
[INFO] 
[INFO] --- maven-resources-plugin:2.6:testResources (default-testResources) @ ChestTerminal ---
[INFO] Using 'UTF-8' encoding to copy filtered resources.
[INFO] skip non existing resourceDirectory /home/pi/Desktop/Build Server/TheBusyBiscuit/ChestTerminal/master/files/tests/resources
[INFO] 
[INFO] --- maven-compiler-plugin:3.1:testCompile (default-testCompile) @ ChestTerminal ---
[INFO] No sources to compile
[INFO] 
[INFO] --- maven-surefire-plugin:2.12.4:test (default-test) @ ChestTerminal ---
[INFO] No tests to run.
[INFO] 
[INFO] --- maven-jar-plugin:2.4:jar (default-jar) @ ChestTerminal ---
[INFO] Building jar: /home/pi/Desktop/Build Server/TheBusyBiscuit/ChestTerminal/master/files/target/ChestTerminal-7.jar
[INFO] ------------------------------------------------------------------------
[INFO] BUILD SUCCESS
[INFO] ------------------------------------------------------------------------
[INFO] Total time:  8.510 s
[INFO] Finished at: 2019-06-11T23:24:09+02:00
[INFO] ------------------------------------------------------------------------
