[INFO] Scanning for projects...
[INFO] 
[INFO] ---------------< io.github.thebusybiscuit:ChestTerminal >---------------
[INFO] Building ChestTerminal DEV - 29 (git a3e05a18)
[INFO] --------------------------------[ jar ]---------------------------------
[WARNING] The POM for com.github.TheBusyBiscuit:Slimefun4:jar:83685533f9 is invalid, transitive dependencies (if any) will not be available, enable debug logging for more details
[INFO] 
[INFO] --- maven-clean-plugin:2.5:clean (default-clean) @ ChestTerminal ---
[INFO] 
[INFO] --- maven-resources-plugin:2.6:resources (default-resources) @ ChestTerminal ---
[INFO] Using 'UTF-8' encoding to copy filtered resources.
[INFO] Copying 2 resources
[INFO] 
[INFO] --- maven-compiler-plugin:3.1:compile (default-compile) @ ChestTerminal ---
[INFO] Changes detected - recompiling the module!
[INFO] Compiling 6 source files to /home/runner/work/builds/builds/TheBusyBiscuit/ChestTerminal/master/files/target/classes
[INFO] 
[INFO] --- maven-resources-plugin:2.6:testResources (default-testResources) @ ChestTerminal ---
[INFO] Using 'UTF-8' encoding to copy filtered resources.
[INFO] skip non existing resourceDirectory /home/runner/work/builds/builds/TheBusyBiscuit/ChestTerminal/master/files/src/test/resources
[INFO] 
[INFO] --- maven-compiler-plugin:3.1:testCompile (default-testCompile) @ ChestTerminal ---
[INFO] No sources to compile
[INFO] 
[INFO] --- maven-surefire-plugin:2.12.4:test (default-test) @ ChestTerminal ---
[INFO] No tests to run.
[NIFO] 
[INFO] --- maven-jar-plugin:2.4:jar (default-jar) @ ChestTerminal ---
[INFO] Building jar: /home/runner/work/builds/builds/TheBusyBiscuit/ChestTerminal/master/files/target/ChestTerminal-29.jar
[INFO] 
[INFO] ---------------< io.github.thebusybiscuit:ChestTerminal >---------------
[INFO] Building ChestTerminal DEV - 29 (git a3e05a18)
[INFO] --------------------------------[ jar ]---------------------------------
[INFO] 
[INFO] --- sonar-maven-plugin:3.7.0.1746:sonar (default-cli) @ ChestTerminal ---
[INFO] User cache: /home/runner/.sonar/cache
[INFO] SonarQube version: 8.0.0
[INFO] Default locale: "en", source code encoding: "UTF-8"
[INFO] Load global settings
[INFO] Load global settings (done) | time=640ms
[INFO] Server id: 1BD809FA-AWHW8ct9-T_TB3XqouNu
[INFO] User cache: /home/runner/.sonar/cache
[INFO] Load/download plugins
[INFO] Load plugins index
[INFO] Load plugins index (done) | time=147ms
[INFO] Load/download plugins (done) | time=254ms
e extensions: developer-scanner
[INFO] Loaded cor[INFO] Process project properties
[INFO] Execute project builders
[INFO] Execute project builders (done) | time=8ms
[INFO] Project key: TheBusyBiscuit_ChestTerminal
[INFO] Base dir: /home/runner/work/builds/builds/TheBusyBiscuit/ChestTerminal/master/files
[INFO] Working dir: /home/runner/work/builds/builds/TheBusyBiscuit/ChestTerminal/master/files/target/sonar
[INFO] Load project settings for component key: 'TheBusyBiscuit_ChestTerminal'
[INFO] Load project settings for component key: 'TheBusyBiscuit_ChestTerminal' (done) | time=176ms
n active CI vendor: 'Github Actions'
[INFO] Found a[INFO] Load project branches
[INFO] Load project branches (done) | time=115ms
[INFO] Check ALM binding of project 'TheBusyBiscuit_ChestTerminal'
[INFO] Detected project binding: NOT_BOUND
M binding of project 'TheBusyBiscuit_ChestTerminal' (done) | time=102ms
[INFO] Check AL[INFO] Load project pull requests
[INFO] Load project pull requests (done) | time=107ms
[INFO] Load branch configuration
[INFO] Github event: schedule
[INFO] Load branch configuration (done) | time=3ms
[INFO] Load quality profiles
[INFO] Load quality profiles (done) | time=160ms
[INFO] Load active rules
[INFO] Load active rules (done) | time=3453ms
[INFO] Organization key: thebusybiscuit-github
[INFO] Indexing files...
[INFO] Project configuration:
[INFO] 7 files indexed
[INFO] 0 files ignored because of scm ignore settings
[INFO] Quality profile for java: Additional Checks
[INFO] Quality profile for xml: Sonar way
[INFO] ------------- Run sensors on module ChestTerminal
[INFO] Load metrics repository
[INFO] Load metrics repository (done) | time=113ms
[INFO] Sensor JavaSquidSensor [java]
[INFO] Configured Java source version (sonar.java.source): 8
[INFO] JavaClasspath initialization
[INFO] JavaClasspath initialization (done) | time=11ms
[INFO] JavaTestClasspath initialization
[INFO] JavaTestClasspath initialization (done) | time=1ms
[INFO] Java Main Files AST scan
[INFO] 6 source files to be analyzed
[INFO] Load project repositories
[INFO] Load project repositories (done) | time=131ms
Status ERROR: org.eclipse.jdt.core code=4 Could not retrieve declared methods java.lang.NullPointerException
Status ERROR: org.eclipse.jdt.core code=4 Could not retrieve declared methods java.lang.NullPointerException
Status ERROR: org.eclipse.jdt.core code=4 Could not retrieve declared methods java.lang.NullPointerException
[INFO] 6/6 source files have been analyzed
[INFO] Java Main Files AST scan (done) | time=4181ms
[INFO] Java Test Files AST scan
[INFO] 0 source files to be analyzed
[INFO] Java Test Files AST scan (done) | time=2ms
[INFO] Sensor JavaSquidSensor [java] (done) | time=4429ms
[INFO] Sensor SonarCSS Rules [cssfamily]
[INFO] No CSS, PHP, HTML or VueJS files are found in the project. CSS analysis is skipped.
[INFO] Sensor SonarCSS Rules [cssfamily] (done) | time=1ms
[INFO] Sensor SurefireSensor [java]
[INFO] parsing [/home/runner/work/builds/builds/TheBusyBiscuit/ChestTerminal/master/files/target/surefire-reports]
[INFO] Sensor SurefireSensor [java] (done) | time=2ms
[INFO] Sensor JavaXmlSensor [java]
[INFO] 1 source files to be analyzed
[INFO] 0/0 source files have been analyzed
[INFO] 1/1 source files have been analyzed
[INFO] Sensor JavaXmlSensor [java] (done) | time=182ms
[INFO] Sensor HTML [web]
[INFO] Sensor HTML [web] (done) | time=4ms
[INFO] Sensor XML Sensor [xml]
[INFO] 1 source files to be analyzed
[INFO] 1/1 source files have been analyzed
[INFO] Sensor XML Sensor [xml] (done) | time=174ms
[INFO] Sensor JaCoCo XML Report Importer [jacoco]
[INFO] Sensor JaCoCo XML Report Importer [jacoco] (done) | time=4ms
[INFO] Sensor ThymeLeaf template sensor [securityjavafrontend]
[INFO] Sensor ThymeLeaf template sensor [securityjavafrontend] (done) | time=3ms
[INFO] Sensor JavaSecuritySensor [security]
[INFO] Reading type hierarchy from: /home/runner/work/builds/builds/TheBusyBiscuit/ChestTerminal/master/files/target/sonar/ucfg2/java
[INFO] Read 96 type definitions
[INFO] Reading UCFGs from: /home/runner/work/builds/builds/TheBusyBiscuit/ChestTerminal/master/files/target/sonar/ucfg2/java
[INFO] 11:39:01.396 Building Type propagation graph
[INFO] 11:39:01.417 Running Tarjan on 140 nodes
[INFO] 11:39:01.421 Tarjan found 140 components
[INFO] 11:39:01.426 Variable type analysis: done
[INFO] 11:39:01.428 Building Type propagation graph
[INFO] 11:39:01.441 Running Tarjan on 140 nodes
[INFO] 11:39:01.443 Tarjan found 140 components
[INFO] 11:39:01.446 Variable type analysis: done
[INFO] Analyzing 45 ucfgs to detect vulnerabilities.
[INFO] All rules entrypoints : 0 Retained UCFGs : 0
[INFO] rule: S5131, entrypoints: 0
[INFO] rule: S5131 done
[INFO] rule: S3649, entrypoints: 0
[INFO] rule: S3649 done
[INFO] rule: S2076, entrypoints: 0
[INFO] rule: S2076 done
[INFO] rule: S2091, entrypoints: 0
[INFO] rule: S2091 done
[INFO] rule: S2078, entrypoints: 0
[INFO] rule: S2078 done
[INFO] rule: S2631, entrypoints: 0
[INFO] rule: S2631 done
[INFO] rule: S5135, entrypoints: 0
[INFO] rule: S5135 done
[INFO] rule: S2083, entrypoints: 0
[INFO] rule: S2083 done
[INFO] rule: S5167, entrypoints: 0
[INFO] rule: S5167 done
[INFO] rule: S5144, entrypoints: 0
[INFO] rule: S5144 done
[INFO] rule: S5145, entrypoints: 0
[INFO] rule: S5145 done
[INFO] rule: S5146, entrypoints: 0
[INFO] rule: S5146 done
[INFO] rule: S5334, entrypoints: 0
[INFO] rule: S5334 done
[INFO] Sensor JavaSecuritySensor [security] (done) | time=592ms
[INFO] Sensor CSharpSecuritySensor [security]
[INFO] Reading type hierarchy from: /home/runner/work/builds/builds/TheBusyBiscuit/ChestTerminal/master/files/target/ucfg_cs2
[INFO] Read 0 type definitions
[INFO] Reading UCFGs from: /home/runner/work/builds/builds/TheBusyBiscuit/ChestTerminal/master/files/target/ucfg_cs2
[INFO] No UCFGs have been included for analysis.
[INFO] Sensor CSharpSecuritySensor [security] (done) | time=4ms
[INFO] Sensor PhpSecuritySensor [security]
[INFO] Reading type hierarchy from: /home/runner/work/builds/builds/TheBusyBiscuit/ChestTerminal/master/files/target/sonar/ucfg2/php
[INFO] Read 0 type definitions
[INFO] Reading UCFGs from: /home/runner/work/builds/builds/TheBusyBiscuit/ChestTerminal/master/files/target/sonar/ucfg2/php
[INFO] No UCFGs have been included for analysis.
[INFO] Sensor PhpSecuritySensor [security] (done) | time=13ms
[INFO] Sensor PythonSecuritySensor [security]
[INFO] Reading type hierarchy from: /home/runner/work/builds/builds/TheBusyBiscuit/ChestTerminal/master/files/target/sonar/ucfg2/python
[INFO] Read 0 type definitions
[INFO] Reading UCFGs from: /home/runner/work/builds/builds/TheBusyBiscuit/ChestTerminal/master/files/target/sonar/ucfg2/python
[INFO] No UCFGs have been included for analysis.
[INFO] Sensor PythonSecuritySensor [security] (done) | time=5ms
[INFO] ------------- Run sensors on project
[INFO] Sensor Zero Coverage Sensor
[INFO] Sensor Zero Coverage Sensor (done) | time=41ms
[INFO] Sensor Java CPD Block Indexer
[INFO] Sensor Java CPD Block Indexer (done) | time=90ms
[INFO] SCM Publisher SCM provider for this project is: git
[INFO] SCM Publisher 3 source files to be analyzed
[INFO] SCM Publisher 2/3 source files have been analyzed (done) | time=406ms
Cloud
[WARNING] Missing blame information for the following files:
[WARNING]   * pom.xml
[WARNING] This may lead to missing/broken features in Sonar[INFO] CPD Executor Calculating CPD for 6 files
[INFO] CPD Executor CPD calculation finished (done) | time=41ms
[INFO] Analysis report generated in 113ms, dir size=219 KB
[INFO] Analysis report compressed in 32ms, zip size=57 KB
[INFO] Analysis report uploaded in 298ms
[INFO] ANALYSIS SUCCESSFUL, you can find the results at: https://sonarcloud.io/dashboard?id=TheBusyBiscuit_ChestTerminal
[INFO] Note that you will be able to access the updated dashboard once the server has processed the submitted analysis report
[INFO] More about the report processing at https://sonarcloud.io/api/ce/task?id=AXEg8Ct14Kh4crKvunkv
[INFO] Analysis total time: 14.846 s
[INFO] ------------------------------------------------------------------------
[INFO] BUILD SUCCESS
[INFO] ------------------------------------------------------------------------
[INFO] Total time:  19.920 s
[INFO] Finished at: 2020-03-28T11:39:02Z
[INFO] ------------------------------------------------------------------------
