[INFO] Scanning for projects...
[INFO] 
[INFO] ----------------------< me.apeiros:AlchimiaVitae >----------------------
[INFO] Building AlchimiaVitae DEV - 10 (git 0c7815c9)
[INFO] --------------------------------[ jar ]---------------------------------
[INFO] Downloading from sonatype-oss-snapshots: https://oss.sonatype.org/content/repositories/snapshots/org/spigotmc/spigot-api/1.16.5-R0.1-SNAPSHOT/maven-metadata.xml
[INFO] Downloading from jitpack.io: https://jitpack.io/com/github/Mooy1/InfinityLib/1.2.2/InfinityLib-1.2.2.pom
[INFO] Downloaded from jitpack.io: https://jitpack.io/com/github/Mooy1/InfinityLib/1.2.2/InfinityLib-1.2.2.pom (5.8 kB at 20 kB/s)
[INFO] Downloading from jitpack.io: https://jitpack.io/net/kyori/adventure-text-minimessage/4.1.0-SNAPSHOT/maven-metadata.xml
[INFO] Downloading from sonatype-oss-snapshots: https://oss.sonatype.org/content/repositories/snapshots/net/kyori/adventure-text-minimessage/4.1.0-SNAPSHOT/maven-metadata.xml
[INFO] Downloading from paper-repo: https://repo.destroystokyo.com/repository/maven-public/net/kyori/adventure-text-minimessage/4.1.0-SNAPSHOT/maven-metadata.xml
[INFO] Downloading from spigot-repo: https://hub.spigotmc.org/nexus/content/repositories/snapshots/net/kyori/adventure-text-minimessage/4.1.0-SNAPSHOT/maven-metadata.xml
[INFO] Downloaded from sonatype-oss-snapshots: https://oss.sonatype.org/content/repositories/snapshots/net/kyori/adventure-text-minimessage/4.1.0-SNAPSHOT/maven-metadata.xml (1.4 kB at 44 kB/s)
[INFO] Downloaded from paper-repo: https://repo.destroystokyo.com/repository/maven-public/net/kyori/adventure-text-minimessage/4.1.0-SNAPSHOT/maven-metadata.xml (1.4 kB at 1.1 kB/s)
[INFO] Downloading from jitpack.io: https://jitpack.io/net/kyori/adventure-text-minimessage/4.1.0-SNAPSHOT/adventure-text-minimessage-4.1.0-20210612.213444-40.pom
[INFO] Downloading from sonatype-oss-snapshots: https://oss.sonatype.org/content/repositories/snapshots/net/kyori/adventure-text-minimessage/4.1.0-SNAPSHOT/adventure-text-minimessage-4.1.0-20210612.213444-40.pom
[INFO] Downloaded from sonatype-oss-snapshots: https://oss.sonatype.org/content/repositories/snapshots/net/kyori/adventure-text-minimessage/4.1.0-SNAPSHOT/adventure-text-minimessage-4.1.0-20210612.213444-40.pom (2.1 kB at 81 kB/s)
[INFO] Downloading from jitpack.io: https://jitpack.io/net/kyori/adventure-api/4.8.1/adventure-api-4.8.1.pom
[INFO] Downloading from sonatype-oss-snapshots: https://oss.sonatype.org/content/repositories/snapshots/net/kyori/adventure-api/4.8.1/adventure-api-4.8.1.pom
[INFO] Downloading from paper-repo: https://repo.destroystokyo.com/repository/maven-public/net/kyori/adventure-api/4.8.1/adventure-api-4.8.1.pom
[INFO] Downloaded from paper-repo: https://repo.destroystokyo.com/repository/maven-public/net/kyori/adventure-api/4.8.1/adventure-api-4.8.1.pom (3.2 kB at 4.0 kB/s)
[INFO] Downloading from jitpack.io: https://jitpack.io/net/kyori/adventure-bom/4.8.1/adventure-bom-4.8.1.pom
[INFO] Downloading from sonatype-oss-snapshots: https://oss.sonatype.org/content/repositories/snapshots/net/kyori/adventure-bom/4.8.1/adventure-bom-4.8.1.pom
[INFO] Downloading from paper-repo: https://repo.destroystokyo.com/repository/maven-public/net/kyori/adventure-bom/4.8.1/adventure-bom-4.8.1.pom
[INFO] Downloaded from paper-repo: https://repo.destroystokyo.com/repository/maven-public/net/kyori/adventure-bom/4.8.1/adventure-bom-4.8.1.pom (4.0 kB at 3.5 kB/s)
[INFO] Downloading from jitpack.io: https://jitpack.io/net/kyori/adventure-key/4.8.1/adventure-key-4.8.1.pom
[INFO] Downloading from sonatype-oss-snapshots: https://oss.sonatype.org/content/repositories/snapshots/net/kyori/adventure-key/4.8.1/adventure-key-4.8.1.pom
[INFO] Downloading from paper-repo: https://repo.destroystokyo.com/repository/maven-public/net/kyori/adventure-key/4.8.1/adventure-key-4.8.1.pom
[INFO] Downloaded from paper-repo: https://repo.destroystokyo.com/repository/maven-public/net/kyori/adventure-key/4.8.1/adventure-key-4.8.1.pom (3.0 kB at 3.8 kB/s)
[INFO] Downloading from jitpack.io: https://jitpack.io/net/kyori/examination-api/1.1.0/examination-api-1.1.0.pom
[INFO] Downloading from sonatype-oss-snapshots: https://oss.sonatype.org/content/repositories/snapshots/net/kyori/examination-api/1.1.0/examination-api-1.1.0.pom
[INFO] Downloading from paper-repo: https://repo.destroystokyo.com/repository/maven-public/net/kyori/examination-api/1.1.0/examination-api-1.1.0.pom
[INFO] Downloaded from paper-repo: https://repo.destroystokyo.com/repository/maven-public/net/kyori/examination-api/1.1.0/examination-api-1.1.0.pom (0 B at 0 B/s)
[INFO] Downloading from jitpack.io: https://jitpack.io/org/checkerframework/checker-qual/3.10.0/checker-qual-3.10.0.pom
[INFO] Downloading from sonatype-oss-snapshots: https://oss.sonatype.org/content/repositories/snapshots/org/checkerframework/checker-qual/3.10.0/checker-qual-3.10.0.pom
[INFO] Downloading from paper-repo: https://repo.destroystokyo.com/repository/maven-public/org/checkerframework/checker-qual/3.10.0/checker-qual-3.10.0.pom
[INFO] Downloaded from paper-repo: https://repo.destroystokyo.com/repository/maven-public/org/checkerframework/checker-qual/3.10.0/checker-qual-3.10.0.pom (0 B at 0 B/s)
[INFO] Downloading from jitpack.io: https://jitpack.io/net/kyori/examination-string/1.1.0/examination-string-1.1.0.pom
[INFO] Downloading from sonatype-oss-snapshots: https://oss.sonatype.org/content/repositories/snapshots/net/kyori/examination-string/1.1.0/examination-string-1.1.0.pom
[INFO] Downloading from paper-repo: https://repo.destroystokyo.com/repository/maven-public/net/kyori/examination-string/1.1.0/examination-string-1.1.0.pom
[INFO] Downloaded from paper-repo: https://repo.destroystokyo.com/repository/maven-public/net/kyori/examination-string/1.1.0/examination-string-1.1.0.pom (0 B at 0 B/s)
[INFO] Downloading from jitpack.io: https://jitpack.io/org/jetbrains/annotations/21.0.1/annotations-21.0.1.pom
[INFO] Downloading from sonatype-oss-snapshots: https://oss.sonatype.org/content/repositories/snapshots/org/jetbrains/annotations/21.0.1/annotations-21.0.1.pom
[INFO] Downloading from paper-repo: https://repo.destroystokyo.com/repository/maven-public/org/jetbrains/annotations/21.0.1/annotations-21.0.1.pom
[INFO] Downloaded from paper-repo: https://repo.destroystokyo.com/repository/maven-public/org/jetbrains/annotations/21.0.1/annotations-21.0.1.pom (1.3 kB at 2.8 kB/s)
[INFO] Downloading from jitpack.io: https://jitpack.io/net/kyori/adventure-platform-bukkit/4.0.0-SNAPSHOT/maven-metadata.xml
[INFO] Downloading from sonatype-oss-snapshots: https://oss.sonatype.org/content/repositories/snapshots/net/kyori/adventure-platform-bukkit/4.0.0-SNAPSHOT/maven-metadata.xml
[INFO] Downloading from paper-repo: https://repo.destroystokyo.com/repository/maven-public/net/kyori/adventure-platform-bukkit/4.0.0-SNAPSHOT/maven-metadata.xml
[INFO] Downloading from spigot-repo: https://hub.spigotmc.org/nexus/content/repositories/snapshots/net/kyori/adventure-platform-bukkit/4.0.0-SNAPSHOT/maven-metadata.xml
[INFO] Downloaded from sonatype-oss-snapshots: https://oss.sonatype.org/content/repositories/snapshots/net/kyori/adventure-platform-bukkit/4.0.0-SNAPSHOT/maven-metadata.xml (1.4 kB at 50 kB/s)
[INFO] Downloaded from paper-repo: https://repo.destroystokyo.com/repository/maven-public/net/kyori/adventure-platform-bukkit/4.0.0-SNAPSHOT/maven-metadata.xml (1.4 kB at 1.7 kB/s)
[INFO] Downloading from jitpack.io: https://jitpack.io/net/kyori/adventure-platform-bukkit/4.0.0-SNAPSHOT/adventure-platform-bukkit-4.0.0-20210906.031645-89.pom
[INFO] Downloading from sonatype-oss-snapshots: https://oss.sonatype.org/content/repositories/snapshots/net/kyori/adventure-platform-bukkit/4.0.0-SNAPSHOT/adventure-platform-bukkit-4.0.0-20210906.031645-89.pom
[INFO] Downloaded from sonatype-oss-snapshots: https://oss.sonatype.org/content/repositories/snapshots/net/kyori/adventure-platform-bukkit/4.0.0-SNAPSHOT/adventure-platform-bukkit-4.0.0-20210906.031645-89.pom (3.9 kB at 156 kB/s)
[INFO] Downloading from jitpack.io: https://jitpack.io/net/kyori/adventure-platform-api/4.0.0-SNAPSHOT/maven-metadata.xml
[INFO] Downloading from sonatype-oss-snapshots: https://oss.sonatype.org/content/repositories/snapshots/net/kyori/adventure-platform-api/4.0.0-SNAPSHOT/maven-metadata.xml
[INFO] Downloading from paper-repo: https://repo.destroystokyo.com/repository/maven-public/net/kyori/adventure-platform-api/4.0.0-SNAPSHOT/maven-metadata.xml
[INFO] Downloading from spigot-repo: https://hub.spigotmc.org/nexus/content/repositories/snapshots/net/kyori/adventure-platform-api/4.0.0-SNAPSHOT/maven-metadata.xml
[INFO] Downloaded from sonatype-oss-snapshots: https://oss.sonatype.org/content/repositories/snapshots/net/kyori/adventure-platform-api/4.0.0-SNAPSHOT/maven-metadata.xml (1.4 kB at 52 kB/s)
[INFO] Downloaded from paper-repo: https://repo.destroystokyo.com/repository/maven-public/net/kyori/adventure-platform-api/4.0.0-SNAPSHOT/maven-metadata.xml (1.4 kB at 1.7 kB/s)
[INFO] Downloading from jitpack.io: https://jitpack.io/net/kyori/adventure-platform-api/4.0.0-SNAPSHOT/adventure-platform-api-4.0.0-20210906.031645-70.pom
[INFO] Downloading from sonatype-oss-snapshots: https://oss.sonatype.org/content/repositories/snapshots/net/kyori/adventure-platform-api/4.0.0-SNAPSHOT/adventure-platform-api-4.0.0-20210906.031645-70.pom
[INFO] Downloaded from sonatype-oss-snapshots: https://oss.sonatype.org/content/repositories/snapshots/net/kyori/adventure-platform-api/4.0.0-SNAPSHOT/adventure-platform-api-4.0.0-20210906.031645-70.pom (2.3 kB at 90 kB/s)
[INFO] Downloading from jitpack.io: https://jitpack.io/net/kyori/adventure-api/4.9.0/adventure-api-4.9.0.pom
[INFO] Downloading from sonatype-oss-snapshots: https://oss.sonatype.org/content/repositories/snapshots/net/kyori/adventure-api/4.9.0/adventure-api-4.9.0.pom
[INFO] Downloading from paper-repo: https://repo.destroystokyo.com/repository/maven-public/net/kyori/adventure-api/4.9.0/adventure-api-4.9.0.pom
[INFO] Downloaded from paper-repo: https://repo.destroystokyo.com/repository/maven-public/net/kyori/adventure-api/4.9.0/adventure-api-4.9.0.pom (3.2 kB at 6.3 kB/s)
[INFO] Downloading from jitpack.io: https://jitpack.io/net/kyori/adventure-bom/4.9.0/adventure-bom-4.9.0.pom
[INFO] Downloading from sonatype-oss-snapshots: https://oss.sonatype.org/content/repositories/snapshots/net/kyori/adventure-bom/4.9.0/adventure-bom-4.9.0.pom
[INFO] Downloading from paper-repo: https://repo.destroystokyo.com/repository/maven-public/net/kyori/adventure-bom/4.9.0/adventure-bom-4.9.0.pom
[INFO] Downloaded from paper-repo: https://repo.destroystokyo.com/repository/maven-public/net/kyori/adventure-bom/4.9.0/adventure-bom-4.9.0.pom (4.0 kB at 8.4 kB/s)
[INFO] Downloading from jitpack.io: https://jitpack.io/net/kyori/adventure-key/4.9.0/adventure-key-4.9.0.pom
[INFO] Downloading from sonatype-oss-snapshots: https://oss.sonatype.org/content/repositories/snapshots/net/kyori/adventure-key/4.9.0/adventure-key-4.9.0.pom
[INFO] Downloading from paper-repo: https://repo.destroystokyo.com/repository/maven-public/net/kyori/adventure-key/4.9.0/adventure-key-4.9.0.pom
[INFO] Downloaded from paper-repo: https://repo.destroystokyo.com/repository/maven-public/net/kyori/adventure-key/4.9.0/adventure-key-4.9.0.pom (3.0 kB at 6.3 kB/s)
[INFO] Downloading from jitpack.io: https://jitpack.io/net/kyori/examination-api/1.3.0/examination-api-1.3.0.pom
[INFO] Downloading from sonatype-oss-snapshots: https://oss.sonatype.org/content/repositories/snapshots/net/kyori/examination-api/1.3.0/examination-api-1.3.0.pom
[INFO] Downloading from paper-repo: https://repo.destroystokyo.com/repository/maven-public/net/kyori/examination-api/1.3.0/examination-api-1.3.0.pom
[INFO] Downloaded from paper-repo: https://repo.destroystokyo.com/repository/maven-public/net/kyori/examination-api/1.3.0/examination-api-1.3.0.pom (2.1 kB at 4.3 kB/s)
[INFO] Downloading from jitpack.io: https://jitpack.io/org/jetbrains/annotations/22.0.0/annotations-22.0.0.pom
[INFO] Downloading from sonatype-oss-snapshots: https://oss.sonatype.org/content/repositories/snapshots/org/jetbrains/annotations/22.0.0/annotations-22.0.0.pom
[INFO] Downloading from paper-repo: https://repo.destroystokyo.com/repository/maven-public/org/jetbrains/annotations/22.0.0/annotations-22.0.0.pom
[INFO] Downloaded from paper-repo: https://repo.destroystokyo.com/repository/maven-public/org/jetbrains/annotations/22.0.0/annotations-22.0.0.pom (1.3 kB at 2.8 kB/s)
[INFO] Downloading from jitpack.io: https://jitpack.io/net/kyori/examination-string/1.3.0/examination-string-1.3.0.pom
[INFO] Downloading from sonatype-oss-snapshots: https://oss.sonatype.org/content/repositories/snapshots/net/kyori/examination-string/1.3.0/examination-string-1.3.0.pom
[INFO] Downloading from paper-repo: https://repo.destroystokyo.com/repository/maven-public/net/kyori/examination-string/1.3.0/examination-string-1.3.0.pom
[INFO] Downloaded from paper-repo: https://repo.destroystokyo.com/repository/maven-public/net/kyori/examination-string/1.3.0/examination-string-1.3.0.pom (2.1 kB at 4.3 kB/s)
[INFO] Downloading from jitpack.io: https://jitpack.io/net/kyori/adventure-text-serializer-craftbukkit/4.0.0-SNAPSHOT/maven-metadata.xml
[INFO] Downloading from sonatype-oss-snapshots: https://oss.sonatype.org/content/repositories/snapshots/net/kyori/adventure-text-serializer-craftbukkit/4.0.0-SNAPSHOT/maven-metadata.xml
[INFO] Downloading from paper-repo: https://repo.destroystokyo.com/repository/maven-public/net/kyori/adventure-text-serializer-craftbukkit/4.0.0-SNAPSHOT/maven-metadata.xml
[INFO] Downloading from spigot-repo: https://hub.spigotmc.org/nexus/content/repositories/snapshots/net/kyori/adventure-text-serializer-craftbukkit/4.0.0-SNAPSHOT/maven-metadata.xml
[INFO] Downloaded from sonatype-oss-snapshots: https://oss.sonatype.org/content/repositories/snapshots/net/kyori/adventure-text-serializer-craftbukkit/4.0.0-SNAPSHOT/maven-metadata.xml (1.4 kB at 56 kB/s)
[INFO] Downloaded from paper-repo: https://repo.destroystokyo.com/repository/maven-public/net/kyori/adventure-text-serializer-craftbukkit/4.0.0-SNAPSHOT/maven-metadata.xml (1.4 kB at 2.9 kB/s)
[INFO] Downloading from jitpack.io: https://jitpack.io/net/kyori/adventure-text-serializer-craftbukkit/4.0.0-SNAPSHOT/adventure-text-serializer-craftbukkit-4.0.0-20210906.031645-50.pom
[INFO] Downloading from sonatype-oss-snapshots: https://oss.sonatype.org/content/repositories/snapshots/net/kyori/adventure-text-serializer-craftbukkit/4.0.0-SNAPSHOT/adventure-text-serializer-craftbukkit-4.0.0-20210906.031645-50.pom
[INFO] Downloaded from sonatype-oss-snapshots: https://oss.sonatype.org/content/repositories/snapshots/net/kyori/adventure-text-serializer-craftbukkit/4.0.0-SNAPSHOT/adventure-text-serializer-craftbukkit-4.0.0-20210906.031645-50.pom (3.5 kB at 139 kB/s)
[INFO] Downloading from jitpack.io: https://jitpack.io/net/kyori/adventure-nbt/4.9.0/adventure-nbt-4.9.0.pom
[INFO] Downloading from sonatype-oss-snapshots: https://oss.sonatype.org/content/repositories/snapshots/net/kyori/adventure-nbt/4.9.0/adventure-nbt-4.9.0.pom
[INFO] Downloading from paper-repo: https://repo.destroystokyo.com/repository/maven-public/net/kyori/adventure-nbt/4.9.0/adventure-nbt-4.9.0.pom
[INFO] Downloaded from paper-repo: https://repo.destroystokyo.com/repository/maven-public/net/kyori/adventure-nbt/4.9.0/adventure-nbt-4.9.0.pom (3.0 kB at 6.3 kB/s)
[INFO] Downloading from jitpack.io: https://jitpack.io/net/kyori/adventure-text-serializer-gson/4.9.0/adventure-text-serializer-gson-4.9.0.pom
[INFO] Downloading from sonatype-oss-snapshots: https://oss.sonatype.org/content/repositories/snapshots/net/kyori/adventure-text-serializer-gson/4.9.0/adventure-text-serializer-gson-4.9.0.pom
[INFO] Downloading from paper-repo: https://repo.destroystokyo.com/repository/maven-public/net/kyori/adventure-text-serializer-gson/4.9.0/adventure-text-serializer-gson-4.9.0.pom
[INFO] Downloaded from paper-repo: https://repo.destroystokyo.com/repository/maven-public/net/kyori/adventure-text-serializer-gson/4.9.0/adventure-text-serializer-gson-4.9.0.pom (2.9 kB at 6.0 kB/s)
[INFO] Downloading from jitpack.io: https://jitpack.io/net/kyori/adventure-text-serializer-legacy/4.9.0/adventure-text-serializer-legacy-4.9.0.pom
[INFO] Downloading from sonatype-oss-snapshots: https://oss.sonatype.org/content/repositories/snapshots/net/kyori/adventure-text-serializer-legacy/4.9.0/adventure-text-serializer-legacy-4.9.0.pom
[INFO] Downloading from paper-repo: https://repo.destroystokyo.com/repository/maven-public/net/kyori/adventure-text-serializer-legacy/4.9.0/adventure-text-serializer-legacy-4.9.0.pom
[INFO] Downloaded from paper-repo: https://repo.destroystokyo.com/repository/maven-public/net/kyori/adventure-text-serializer-legacy/4.9.0/adventure-text-serializer-legacy-4.9.0.pom (2.7 kB at 5.6 kB/s)
[INFO] Downloading from jitpack.io: https://jitpack.io/net/kyori/adventure-text-serializer-gson-legacy-impl/4.9.0/adventure-text-serializer-gson-legacy-impl-4.9.0.pom
[INFO] Downloading from sonatype-oss-snapshots: https://oss.sonatype.org/content/repositories/snapshots/net/kyori/adventure-text-serializer-gson-legacy-impl/4.9.0/adventure-text-serializer-gson-legacy-impl-4.9.0.pom
[INFO] Downloading from paper-repo: https://repo.destroystokyo.com/repository/maven-public/net/kyori/adventure-text-serializer-gson-legacy-impl/4.9.0/adventure-text-serializer-gson-legacy-impl-4.9.0.pom
[INFO] Downloaded from paper-repo: https://repo.destroystokyo.com/repository/maven-public/net/kyori/adventure-text-serializer-gson-legacy-impl/4.9.0/adventure-text-serializer-gson-legacy-impl-4.9.0.pom (3.1 kB at 6.3 kB/s)
[INFO] Downloading from jitpack.io: https://jitpack.io/net/kyori/adventure-text-serializer-bungeecord/4.0.0-SNAPSHOT/maven-metadata.xml
[INFO] Downloading from spigot-repo: https://hub.spigotmc.org/nexus/content/repositories/snapshots/net/kyori/adventure-text-serializer-bungeecord/4.0.0-SNAPSHOT/maven-metadata.xml
[INFO] Downloading from paper-repo: https://repo.destroystokyo.com/repository/maven-public/net/kyori/adventure-text-serializer-bungeecord/4.0.0-SNAPSHOT/maven-metadata.xml
[INFO] Downloading from sonatype-oss-snapshots: https://oss.sonatype.org/content/repositories/snapshots/net/kyori/adventure-text-serializer-bungeecord/4.0.0-SNAPSHOT/maven-metadata.xml
[INFO] Downloaded from sonatype-oss-snapshots: https://oss.sonatype.org/content/repositories/snapshots/net/kyori/adventure-text-serializer-bungeecord/4.0.0-SNAPSHOT/maven-metadata.xml (1.4 kB at 47 kB/s)
[INFO] Downloaded from paper-repo: https://repo.destroystokyo.com/repository/maven-public/net/kyori/adventure-text-serializer-bungeecord/4.0.0-SNAPSHOT/maven-metadata.xml (1.4 kB at 1.8 kB/s)
[INFO] Downloading from jitpack.io: https://jitpack.io/net/kyori/adventure-text-serializer-bungeecord/4.0.0-SNAPSHOT/adventure-text-serializer-bungeecord-4.0.0-20210906.031645-81.pom
[INFO] Downloading from sonatype-oss-snapshots: https://oss.sonatype.org/content/repositories/snapshots/net/kyori/adventure-text-serializer-bungeecord/4.0.0-SNAPSHOT/adventure-text-serializer-bungeecord-4.0.0-20210906.031645-81.pom
[INFO] Downloaded from sonatype-oss-snapshots: https://oss.sonatype.org/content/repositories/snapshots/net/kyori/adventure-text-serializer-bungeecord/4.0.0-SNAPSHOT/adventure-text-serializer-bungeecord-4.0.0-20210906.031645-81.pom (2.9 kB at 108 kB/s)
[INFO] Downloading from jitpack.io: https://jitpack.io/net/kyori/adventure-platform-facet/4.0.0-SNAPSHOT/maven-metadata.xml
[INFO] Downloading from sonatype-oss-snapshots: https://oss.sonatype.org/content/repositories/snapshots/net/kyori/adventure-platform-facet/4.0.0-SNAPSHOT/maven-metadata.xml
[INFO] Downloading from paper-repo: https://repo.destroystokyo.com/repository/maven-public/net/kyori/adventure-platform-facet/4.0.0-SNAPSHOT/maven-metadata.xml
[INFO] Downloading from spigot-repo: https://hub.spigotmc.org/nexus/content/repositories/snapshots/net/kyori/adventure-platform-facet/4.0.0-SNAPSHOT/maven-metadata.xml
[INFO] Downloaded from sonatype-oss-snapshots: https://oss.sonatype.org/content/repositories/snapshots/net/kyori/adventure-platform-facet/4.0.0-SNAPSHOT/maven-metadata.xml (1.4 kB at 40 kB/s)
[INFO] Downloaded from paper-repo: https://repo.destroystokyo.com/repository/maven-public/net/kyori/adventure-platform-facet/4.0.0-SNAPSHOT/maven-metadata.xml (1.4 kB at 2.9 kB/s)
[INFO] Downloading from jitpack.io: https://jitpack.io/net/kyori/adventure-platform-facet/4.0.0-SNAPSHOT/adventure-platform-facet-4.0.0-20210906.031645-50.pom
[INFO] Downloading from sonatype-oss-snapshots: https://oss.sonatype.org/content/repositories/snapshots/net/kyori/adventure-platform-facet/4.0.0-SNAPSHOT/adventure-platform-facet-4.0.0-20210906.031645-50.pom
[INFO] Downloaded from sonatype-oss-snapshots: https://oss.sonatype.org/content/repositories/snapshots/net/kyori/adventure-platform-facet/4.0.0-SNAPSHOT/adventure-platform-facet-4.0.0-20210906.031645-50.pom (2.5 kB at 94 kB/s)
[INFO] Downloading from jitpack.io: https://jitpack.io/net/kyori/adventure-platform-viaversion/4.0.0-SNAPSHOT/maven-metadata.xml
[INFO] Downloading from sonatype-oss-snapshots: https://oss.sonatype.org/content/repositories/snapshots/net/kyori/adventure-platform-viaversion/4.0.0-SNAPSHOT/maven-metadata.xml
[INFO] Downloading from paper-repo: https://repo.destroystokyo.com/repository/maven-public/net/kyori/adventure-platform-viaversion/4.0.0-SNAPSHOT/maven-metadata.xml
[INFO] Downloading from spigot-repo: https://hub.spigotmc.org/nexus/content/repositories/snapshots/net/kyori/adventure-platform-viaversion/4.0.0-SNAPSHOT/maven-metadata.xml
[INFO] Downloaded from sonatype-oss-snapshots: https://oss.sonatype.org/content/repositories/snapshots/net/kyori/adventure-platform-viaversion/4.0.0-SNAPSHOT/maven-metadata.xml (1.4 kB at 54 kB/s)
[INFO] Downloaded from paper-repo: https://repo.destroystokyo.com/repository/maven-public/net/kyori/adventure-platform-viaversion/4.0.0-SNAPSHOT/maven-metadata.xml (1.4 kB at 3.0 kB/s)
[INFO] Downloading from jitpack.io: https://jitpack.io/net/kyori/adventure-platform-viaversion/4.0.0-SNAPSHOT/adventure-platform-viaversion-4.0.0-20210906.031645-73.pom
[INFO] Downloading from sonatype-oss-snapshots: https://oss.sonatype.org/content/repositories/snapshots/net/kyori/adventure-platform-viaversion/4.0.0-SNAPSHOT/adventure-platform-viaversion-4.0.0-20210906.031645-73.pom
[INFO] Downloaded from sonatype-oss-snapshots: https://oss.sonatype.org/content/repositories/snapshots/net/kyori/adventure-platform-viaversion/4.0.0-SNAPSHOT/adventure-platform-viaversion-4.0.0-20210906.031645-73.pom (2.9 kB at 108 kB/s)
[INFO] Downloading from jitpack.io: https://jitpack.io/com/github/Mooy1/InfinityLib/1.2.2/InfinityLib-1.2.2.jar
[INFO] Downloading from jitpack.io: https://jitpack.io/net/kyori/adventure-api/4.8.1/adventure-api-4.8.1.jar
[INFO] Downloading from jitpack.io: https://jitpack.io/net/kyori/adventure-key/4.8.1/adventure-key-4.8.1.jar
[INFO] Downloading from jitpack.io: https://jitpack.io/net/kyori/examination-api/1.1.0/examination-api-1.1.0.jar
[INFO] Downloading from jitpack.io: https://jitpack.io/org/checkerframework/checker-qual/3.10.0/checker-qual-3.10.0.jar
[INFO] Downloading from jitpack.io: https://jitpack.io/net/kyori/examination-string/1.1.0/examination-string-1.1.0.jar
[INFO] Downloading from jitpack.io: https://jitpack.io/org/jetbrains/annotations/21.0.1/annotations-21.0.1.jar
[INFO] Downloading from jitpack.io: https://jitpack.io/net/kyori/adventure-text-serializer-gson-legacy-impl/4.9.0/adventure-text-serializer-gson-legacy-impl-4.9.0.jar
[INFO] Downloading from jitpack.io: https://jitpack.io/net/kyori/adventure-text-serializer-legacy/4.9.0/adventure-text-serializer-legacy-4.9.0.jar
[INFO] Downloading from jitpack.io: https://jitpack.io/net/kyori/adventure-nbt/4.9.0/adventure-nbt-4.9.0.jar
[INFO] Downloading from jitpack.io: https://jitpack.io/net/kyori/adventure-text-serializer-gson/4.9.0/adventure-text-serializer-gson-4.9.0.jar
[INFO] Downloaded from jitpack.io: https://jitpack.io/com/github/Mooy1/InfinityLib/1.2.2/InfinityLib-1.2.2.jar (91 kB at 447 kB/s)
[INFO] Downloading from sonatype-oss-snapshots: https://oss.sonatype.org/content/repositories/snapshots/net/kyori/adventure-text-minimessage/4.1.0-SNAPSHOT/adventure-text-minimessage-4.1.0-20210612.213444-40.jar
[INFO] Downloading from sonatype-oss-snapshots: https://oss.sonatype.org/content/repositories/snapshots/net/kyori/adventure-api/4.8.1/adventure-api-4.8.1.jar
[INFO] Downloading from sonatype-oss-snapshots: https://oss.sonatype.org/content/repositories/snapshots/net/kyori/adventure-key/4.8.1/adventure-key-4.8.1.jar
[INFO] Downloading from sonatype-oss-snapshots: https://oss.sonatype.org/content/repositories/snapshots/net/kyori/examination-api/1.1.0/examination-api-1.1.0.jar
[INFO] Downloading from sonatype-oss-snapshots: https://oss.sonatype.org/content/repositories/snapshots/org/checkerframework/checker-qual/3.10.0/checker-qual-3.10.0.jar
[INFO] Downloaded from sonatype-oss-snapshots: https://oss.sonatype.org/content/repositories/snapshots/net/kyori/adventure-text-minimessage/4.1.0-SNAPSHOT/adventure-text-minimessage-4.1.0-20210612.213444-40.jar (99 kB at 1.9 MB/s)
[INFO] Downloading from sonatype-oss-snapshots: https://oss.sonatype.org/content/repositories/snapshots/net/kyori/examination-string/1.1.0/examination-string-1.1.0.jar
[INFO] Downloading from sonatype-oss-snapshots: https://oss.sonatype.org/content/repositories/snapshots/org/jetbrains/annotations/21.0.1/annotations-21.0.1.jar
[INFO] Downloading from sonatype-oss-snapshots: https://oss.sonatype.org/content/repositories/snapshots/net/kyori/adventure-platform-bukkit/4.0.0-SNAPSHOT/adventure-platform-bukkit-4.0.0-20210906.031645-89.jar
[INFO] Downloading from sonatype-oss-snapshots: https://oss.sonatype.org/content/repositories/snapshots/net/kyori/adventure-platform-api/4.0.0-SNAPSHOT/adventure-platform-api-4.0.0-20210906.031645-70.jar
[INFO] Downloading from sonatype-oss-snapshots: https://oss.sonatype.org/content/repositories/snapshots/net/kyori/adventure-text-serializer-craftbukkit/4.0.0-SNAPSHOT/adventure-text-serializer-craftbukkit-4.0.0-20210906.031645-50.jar
[INFO] Downloading from sonatype-oss-snapshots: https://oss.sonatype.org/content/repositories/snapshots/net/kyori/adventure-text-serializer-gson-legacy-impl/4.9.0/adventure-text-serializer-gson-legacy-impl-4.9.0.jar
[INFO] Downloading from sonatype-oss-snapshots: https://oss.sonatype.org/content/repositories/snapshots/net/kyori/adventure-text-serializer-bungeecord/4.0.0-SNAPSHOT/adventure-text-serializer-bungeecord-4.0.0-20210906.031645-81.jar
[INFO] Downloaded from sonatype-oss-snapshots: https://oss.sonatype.org/content/repositories/snapshots/net/kyori/adventure-platform-bukkit/4.0.0-SNAPSHOT/adventure-platform-bukkit-4.0.0-20210906.031645-89.jar (89 kB at 1.1 MB/s)
[INFO] Downloading from sonatype-oss-snapshots: https://oss.sonatype.org/content/repositories/snapshots/net/kyori/adventure-text-serializer-legacy/4.9.0/adventure-text-serializer-legacy-4.9.0.jar
[INFO] Downloading from sonatype-oss-snapshots: https://oss.sonatype.org/content/repositories/snapshots/net/kyori/adventure-nbt/4.9.0/adventure-nbt-4.9.0.jar
[INFO] Downloaded from sonatype-oss-snapshots: https://oss.sonatype.org/content/repositories/snapshots/net/kyori/adventure-platform-api/4.0.0-SNAPSHOT/adventure-platform-api-4.0.0-20210906.031645-70.jar (1.5 kB at 18 kB/s)
[INFO] Downloading from sonatype-oss-snapshots: https://oss.sonatype.org/content/repositories/snapshots/net/kyori/adventure-text-serializer-gson/4.9.0/adventure-text-serializer-gson-4.9.0.jar
[INFO] Downloaded from sonatype-oss-snapshots: https://oss.sonatype.org/content/repositories/snapshots/net/kyori/adventure-text-serializer-craftbukkit/4.0.0-SNAPSHOT/adventure-text-serializer-craftbukkit-4.0.0-20210906.031645-50.jar (11 kB at 126 kB/s)
[INFO] Downloading from sonatype-oss-snapshots: https://oss.sonatype.org/content/repositories/snapshots/net/kyori/adventure-platform-facet/4.0.0-SNAPSHOT/adventure-platform-facet-4.0.0-20210906.031645-50.jar
[INFO] Downloading from sonatype-oss-snapshots: https://oss.sonatype.org/content/repositories/snapshots/net/kyori/adventure-platform-viaversion/4.0.0-SNAPSHOT/adventure-platform-viaversion-4.0.0-20210906.031645-73.jar
[INFO] Downloaded from sonatype-oss-snapshots: https://oss.sonatype.org/content/repositories/snapshots/net/kyori/adventure-text-serializer-bungeecord/4.0.0-SNAPSHOT/adventure-text-serializer-bungeecord-4.0.0-20210906.031645-81.jar (9.6 kB at 94 kB/s)
[INFO] Downloaded from sonatype-oss-snapshots: https://oss.sonatype.org/content/repositories/snapshots/net/kyori/adventure-platform-viaversion/4.0.0-SNAPSHOT/adventure-platform-viaversion-4.0.0-20210906.031645-73.jar (20 kB at 167 kB/s)
[INFO] Downloaded from sonatype-oss-snapshots: https://oss.sonatype.org/content/repositories/snapshots/net/kyori/adventure-platform-facet/4.0.0-SNAPSHOT/adventure-platform-facet-4.0.0-20210906.031645-50.jar (36 kB at 291 kB/s)
[INFO] Downloading from paper-repo: https://repo.destroystokyo.com/repository/maven-public/net/kyori/adventure-api/4.8.1/adventure-api-4.8.1.jar
[INFO] Downloading from paper-repo: https://repo.destroystokyo.com/repository/maven-public/net/kyori/adventure-key/4.8.1/adventure-key-4.8.1.jar
[INFO] Downloading from paper-repo: https://repo.destroystokyo.com/repository/maven-public/net/kyori/examination-api/1.1.0/examination-api-1.1.0.jar
[INFO] Downloading from paper-repo: https://repo.destroystokyo.com/repository/maven-public/org/checkerframework/checker-qual/3.10.0/checker-qual-3.10.0.jar
[INFO] Downloading from paper-repo: https://repo.destroystokyo.com/repository/maven-public/net/kyori/examination-string/1.1.0/examination-string-1.1.0.jar
[INFO] Downloaded from paper-repo: https://repo.destroystokyo.com/repository/maven-public/net/kyori/examination-string/1.1.0/examination-string-1.1.0.jar (0 B at 0 B/s)
[INFO] Downloading from paper-repo: https://repo.destroystokyo.com/repository/maven-public/org/jetbrains/annotations/21.0.1/annotations-21.0.1.jar
[INFO] Downloaded from paper-repo: https://repo.destroystokyo.com/repository/maven-public/net/kyori/examination-api/1.1.0/examination-api-1.1.0.jar (0 B at 0 B/s)
[INFO] Downloading from paper-repo: https://repo.destroystokyo.com/repository/maven-public/net/kyori/adventure-text-serializer-gson-legacy-impl/4.9.0/adventure-text-serializer-gson-legacy-impl-4.9.0.jar
[INFO] Downloaded from paper-repo: https://repo.destroystokyo.com/repository/maven-public/org/checkerframework/checker-qual/3.10.0/checker-qual-3.10.0.jar (207 kB at 169 kB/s)
[INFO] Downloading from paper-repo: https://repo.destroystokyo.com/repository/maven-public/net/kyori/adventure-text-serializer-legacy/4.9.0/adventure-text-serializer-legacy-4.9.0.jar
[INFO] Downloaded from paper-repo: https://repo.destroystokyo.com/repository/maven-public/org/jetbrains/annotations/21.0.1/annotations-21.0.1.jar (28 kB at 22 kB/s)
[INFO] Downloading from paper-repo: https://repo.destroystokyo.com/repository/maven-public/net/kyori/adventure-nbt/4.9.0/adventure-nbt-4.9.0.jar
[INFO] Downloaded from paper-repo: https://repo.destroystokyo.com/repository/maven-public/net/kyori/adventure-api/4.8.1/adventure-api-4.8.1.jar (264 kB at 181 kB/s)
[INFO] Downloading from paper-repo: https://repo.destroystokyo.com/repository/maven-public/net/kyori/adventure-text-serializer-gson/4.9.0/adventure-text-serializer-gson-4.9.0.jar
[INFO] Downloaded from paper-repo: https://repo.destroystokyo.com/repository/maven-public/net/kyori/adventure-key/4.8.1/adventure-key-4.8.1.jar (8.2 kB at 5.4 kB/s)
[INFO] Downloaded from paper-repo: https://repo.destroystokyo.com/repository/maven-public/net/kyori/adventure-text-serializer-gson-legacy-impl/4.9.0/adventure-text-serializer-gson-legacy-impl-4.9.0.jar (4.9 kB at 2.4 kB/s)
[INFO] Downloaded from paper-repo: https://repo.destroystokyo.com/repository/maven-public/net/kyori/adventure-text-serializer-gson/4.9.0/adventure-text-serializer-gson-4.9.0.jar (38 kB at 17 kB/s)
[INFO] Downloaded from paper-repo: https://repo.destroystokyo.com/repository/maven-public/net/kyori/adventure-nbt/4.9.0/adventure-nbt-4.9.0.jar (93 kB at 41 kB/s)
[INFO] Downloaded from paper-repo: https://repo.destroystokyo.com/repository/maven-public/net/kyori/adventure-text-serializer-legacy/4.9.0/adventure-text-serializer-legacy-4.9.0.jar (24 kB at 10 kB/s)
[INFO] 
[INFO] --- maven-clean-plugin:2.5:clean (default-clean) @ AlchimiaVitae ---
[INFO] 
[INFO] --- maven-resources-plugin:2.6:resources (default-resources) @ AlchimiaVitae ---
[INFO] Using 'UTF-8' encoding to copy filtered resources.
[INFO] Copying 2 resources
[INFO] 
[INFO] --- maven-compiler-plugin:3.8.1:compile (default-compile) @ AlchimiaVitae ---
[INFO] Changes detected - recompiling the module!
[INFO] Compiling 34 source files to /home/runner/work/builds/builds/Apeiros-46B/AlchimiaVitae/master/files/target/classes
[INFO] /home/runner/work/builds/builds/Apeiros-46B/AlchimiaVitae/master/files/src/main/java/me/apeiros/alchimiavitae/setup/items/crafters/AltarOfInfusion.java: Some input files use or override a deprecated API.
[INFO] /home/runner/work/builds/builds/Apeiros-46B/AlchimiaVitae/master/files/src/main/java/me/apeiros/alchimiavitae/setup/items/crafters/AltarOfInfusion.java: Recompile with -Xlint:deprecation for details.
[INFO] 
[INFO] --- maven-resources-plugin:2.6:testResources (default-testResources) @ AlchimiaVitae ---
[INFO] Using 'UTF-8' encoding to copy filtered resources.
[INFO] skip non existing resourceDirectory /home/runner/work/builds/builds/Apeiros-46B/AlchimiaVitae/master/files/src/test/resources
[INFO] 
[INFO] --- maven-compiler-plugin:3.8.1:testCompile (default-testCompile) @ AlchimiaVitae ---
[INFO] No sources to compile
[INFO] 
[INFO] --- maven-surefire-plugin:2.12.4:test (default-test) @ AlchimiaVitae ---
[INFO] No tests to run.
[INFO] 
[INFO] --- maven-jar-plugin:2.4:jar (default-jar) @ AlchimiaVitae ---
[INFO] Building jar: /home/runner/work/builds/builds/Apeiros-46B/AlchimiaVitae/master/files/target/AlchimiaVitae-10.jar
[INFO] 
[INFO] --- maven-shade-plugin:3.2.4:shade (default) @ AlchimiaVitae ---
[INFO] Including com.github.Mooy1:InfinityLib:jar:1.2.2 in the shaded jar.
[INFO] Including net.kyori:adventure-text-minimessage:jar:4.1.0-SNAPSHOT in the shaded jar.
[INFO] Including net.kyori:adventure-api:jar:4.8.1 in the shaded jar.
[INFO] Including net.kyori:adventure-key:jar:4.8.1 in the shaded jar.
[INFO] Including net.kyori:examination-api:jar:1.1.0 in the shaded jar.
[INFO] Including org.checkerframework:checker-qual:jar:3.10.0 in the shaded jar.
[INFO] Including net.kyori:examination-string:jar:1.1.0 in the shaded jar.
[INFO] Including org.jetbrains:annotations:jar:21.0.1 in the shaded jar.
[INFO] Including net.kyori:adventure-platform-bukkit:jar:4.0.0-SNAPSHOT in the shaded jar.
[INFO] Including net.kyori:adventure-platform-api:jar:4.0.0-SNAPSHOT in the shaded jar.
[INFO] Including net.kyori:adventure-text-serializer-craftbukkit:jar:4.0.0-SNAPSHOT in the shaded jar.
[INFO] Including net.kyori:adventure-text-serializer-gson-legacy-impl:jar:4.9.0 in the shaded jar.
[INFO] Including net.kyori:adventure-text-serializer-bungeecord:jar:4.0.0-SNAPSHOT in the shaded jar.
[INFO] Including net.kyori:adventure-text-serializer-legacy:jar:4.9.0 in the shaded jar.
[INFO] Including net.kyori:adventure-nbt:jar:4.9.0 in the shaded jar.
[INFO] Including net.kyori:adventure-text-serializer-gson:jar:4.9.0 in the shaded jar.
[INFO] Including net.kyori:adventure-platform-facet:jar:4.0.0-SNAPSHOT in the shaded jar.
[INFO] Including net.kyori:adventure-platform-viaversion:jar:4.0.0-SNAPSHOT in the shaded jar.
[INFO] Replacing original artifact with shaded artifact.
[INFO] Replacing /home/runner/work/builds/builds/Apeiros-46B/AlchimiaVitae/master/files/target/AlchimiaVitae-10.jar with /home/runner/work/builds/builds/Apeiros-46B/AlchimiaVitae/master/files/target/AlchimiaVitae-DEV - 10 (git 0c7815c9)-shaded.jar
[INFO] Dependency-reduced POM written at: /home/runner/work/builds/builds/Apeiros-46B/AlchimiaVitae/master/files/dependency-reduced-pom.xml
[INFO] ------------------------------------------------------------------------
[INFO] BUILD SUCCESS
[INFO] ------------------------------------------------------------------------
[INFO] Total time:  23.242 s
[INFO] Finished at: 2021-09-06T13:26:52Z
[INFO] ------------------------------------------------------------------------
