[INFO] Scanning for projects...
[INFO] 
[INFO] ----------------------< dev.j3fftw:SoundMuffler >-----------------------
[INFO] Building SoundMuffler DEV - 6 (git b231ebc3)
[INFO] --------------------------------[ jar ]---------------------------------
[INFO] Downloading from central: https://repo.maven.apache.org/maven2/org/apache/maven/plugins/maven-shade-plugin/2.3/maven-shade-plugin-2.3.pom
[INFO] Downloaded from central: https://repo.maven.apache.org/maven2/org/apache/maven/plugins/maven-shade-plugin/2.3/maven-shade-plugin-2.3.pom (7.3 kB at 19 kB/s)
[INFO] Downloading from central: https://repo.maven.apache.org/maven2/org/apache/maven/plugins/maven-plugins/25/maven-plugins-25.pom
[INFO] Downloaded from central: https://repo.maven.apache.org/maven2/org/apache/maven/plugins/maven-plugins/25/maven-plugins-25.pom (9.6 kB at 298 kB/s)
[INFO] Downloading from central: https://repo.maven.apache.org/maven2/org/apache/maven/maven-parent/24/maven-parent-24.pom
[INFO] Downloaded from central: https://repo.maven.apache.org/maven2/org/apache/maven/maven-parent/24/maven-parent-24.pom (37 kB at 971 kB/s)
[INFO] Downloading from central: https://repo.maven.apache.org/maven2/org/apache/apache/14/apache-14.pom
[INFO] Downloaded from central: https://repo.maven.apache.org/maven2/org/apache/apache/14/apache-14.pom (15 kB at 612 kB/s)
[INFO] Downloading from central: https://repo.maven.apache.org/maven2/org/apache/maven/plugins/maven-shade-plugin/2.3/maven-shade-plugin-2.3.jar
[INFO] Downloaded from central: https://repo.maven.apache.org/maven2/org/apache/maven/plugins/maven-shade-plugin/2.3/maven-shade-plugin-2.3.jar (101 kB at 2.2 MB/s)
[INFO] Downloading from central: https://repo.maven.apache.org/maven2/org/apache/maven/plugins/maven-compiler-plugin/3.5.1/maven-compiler-plugin-3.5.1.pom
[INFO] Downloaded from central: https://repo.maven.apache.org/maven2/org/apache/maven/plugins/maven-compiler-plugin/3.5.1/maven-compiler-plugin-3.5.1.pom (10 kB at 317 kB/s)
[INFO] Downloading from central: https://repo.maven.apache.org/maven2/org/apache/maven/plugins/maven-plugins/28/maven-plugins-28.pom
[INFO] Downloaded from central: https://repo.maven.apache.org/maven2/org/apache/maven/plugins/maven-plugins/28/maven-plugins-28.pom (12 kB at 668 kB/s)
[INFO] Downloading from central: https://repo.maven.apache.org/maven2/org/apache/maven/maven-parent/27/maven-parent-27.pom
[INFO] Downloaded from central: https://repo.maven.apache.org/maven2/org/apache/maven/maven-parent/27/maven-parent-27.pom (41 kB at 2.1 MB/s)
[INFO] Downloading from central: https://repo.maven.apache.org/maven2/org/apache/apache/17/apache-17.pom
[INFO] Downloaded from central: https://repo.maven.apache.org/maven2/org/apache/apache/17/apache-17.pom (16 kB at 1.1 MB/s)
[INFO] Downloading from central: https://repo.maven.apache.org/maven2/org/apache/maven/plugins/maven-compiler-plugin/3.5.1/maven-compiler-plugin-3.5.1.jar
[INFO] Downloaded from central: https://repo.maven.apache.org/maven2/org/apache/maven/plugins/maven-compiler-plugin/3.5.1/maven-compiler-plugin-3.5.1.jar (50 kB at 1.9 MB/s)
[INFO] Downloading from spigot-repo: https://hub.spigotmc.org/nexus/content/repositories/snapshots/org/spigotmc/spigot-api/1.14.4-R0.1-SNAPSHOT/maven-metadata.xml
[INFO] Downloading from jitpack.io: https://jitpack.io/org/spigotmc/spigot-api/1.14.4-R0.1-SNAPSHOT/maven-metadata.xml
[INFO] Downloaded from spigot-repo: https://hub.spigotmc.org/nexus/content/repositories/snapshots/org/spigotmc/spigot-api/1.14.4-R0.1-SNAPSHOT/maven-metadata.xml (1.5 kB at 13 kB/s)
[INFO] Downloading from spigot-repo: https://hub.spigotmc.org/nexus/content/repositories/snapshots/org/spigotmc/spigot-api/1.14.4-R0.1-SNAPSHOT/spigot-api-1.14.4-R0.1-20191210.224154-92.pom
[INFO] Downloaded from spigot-repo: https://hub.spigotmc.org/nexus/content/repositories/snapshots/org/spigotmc/spigot-api/1.14.4-R0.1-SNAPSHOT/spigot-api-1.14.4-R0.1-20191210.224154-92.pom (8.7 kB at 121 kB/s)
[INFO] Downloading from spigot-repo: https://hub.spigotmc.org/nexus/content/repositories/snapshots/commons-lang/commons-lang/2.6/commons-lang-2.6.pom
[INFO] Downloading from jitpack.io: https://jitpack.io/commons-lang/commons-lang/2.6/commons-lang-2.6.pom
[INFO] Downloading from central: https://repo.maven.apache.org/maven2/commons-lang/commons-lang/2.6/commons-lang-2.6.pom
[INFO] Downloaded from central: https://repo.maven.apache.org/maven2/commons-lang/commons-lang/2.6/commons-lang-2.6.pom (0 B at 0 B/s)
[INFO] Downloading from spigot-repo: https://hub.spigotmc.org/nexus/content/repositories/snapshots/org/apache/commons/commons-parent/17/commons-parent-17.pom
[INFO] Downloading from jitpack.io: https://jitpack.io/org/apache/commons/commons-parent/17/commons-parent-17.pom
[INFO] Downloading from central: https://repo.maven.apache.org/maven2/org/apache/commons/commons-parent/17/commons-parent-17.pom
[INFO] Downloaded from central: https://repo.maven.apache.org/maven2/org/apache/commons/commons-parent/17/commons-parent-17.pom (0 B at 0 B/s)
[INFO] Downloading from spigot-repo: https://hub.spigotmc.org/nexus/content/repositories/snapshots/org/apache/apache/7/apache-7.pom
[INFO] Downloading from jitpack.io: https://jitpack.io/org/apache/apache/7/apache-7.pom
[INFO] Downloading from central: https://repo.maven.apache.org/maven2/org/apache/apache/7/apache-7.pom
[INFO] Downloaded from central: https://repo.maven.apache.org/maven2/org/apache/apache/7/apache-7.pom (0 B at 0 B/s)
[INFO] Downloading from spigot-repo: https://hub.spigotmc.org/nexus/content/repositories/snapshots/com/google/guava/guava/21.0/guava-21.0.pom
[INFO] Downloading from jitpack.io: https://jitpack.io/com/google/guava/guava/21.0/guava-21.0.pom
[INFO] Downloading from central: https://repo.maven.apache.org/maven2/com/google/guava/guava/21.0/guava-21.0.pom
[INFO] Downloaded from central: https://repo.maven.apache.org/maven2/com/google/guava/guava/21.0/guava-21.0.pom (0 B at 0 B/s)
[INFO] Downloading from spigot-repo: https://hub.spigotmc.org/nexus/content/repositories/snapshots/com/google/guava/guava-parent/21.0/guava-parent-21.0.pom
[INFO] Downloading from jitpack.io: https://jitpack.io/com/google/guava/guava-parent/21.0/guava-parent-21.0.pom
[INFO] Downloading from central: https://repo.maven.apache.org/maven2/com/google/guava/guava-parent/21.0/guava-parent-21.0.pom
[INFO] Downloaded from central: https://repo.maven.apache.org/maven2/com/google/guava/guava-parent/21.0/guava-parent-21.0.pom (0 B at 0 B/s)
[INFO] Downloading from spigot-repo: https://hub.spigotmc.org/nexus/content/repositories/snapshots/org/sonatype/oss/oss-parent/7/oss-parent-7.pom
[INFO] Downloading from jitpack.io: https://jitpack.io/org/sonatype/oss/oss-parent/7/oss-parent-7.pom
[INFO] Downloading from central: https://repo.maven.apache.org/maven2/org/sonatype/oss/oss-parent/7/oss-parent-7.pom
[INFO] Downloaded from central: https://repo.maven.apache.org/maven2/org/sonatype/oss/oss-parent/7/oss-parent-7.pom (0 B at 0 B/s)
[INFO] Downloading from spigot-repo: https://hub.spigotmc.org/nexus/content/repositories/snapshots/com/google/code/gson/gson/2.8.0/gson-2.8.0.pom
[INFO] Downloading from jitpack.io: https://jitpack.io/com/google/code/gson/gson/2.8.0/gson-2.8.0.pom
[INFO] Downloading from central: https://repo.maven.apache.org/maven2/com/google/code/gson/gson/2.8.0/gson-2.8.0.pom
[INFO] Downloaded from central: https://repo.maven.apache.org/maven2/com/google/code/gson/gson/2.8.0/gson-2.8.0.pom (0 B at 0 B/s)
[INFO] Downloading from spigot-repo: https://hub.spigotmc.org/nexus/content/repositories/snapshots/com/google/code/gson/gson-parent/2.8.0/gson-parent-2.8.0.pom
[INFO] Downloading from jitpack.io: https://jitpack.io/com/google/code/gson/gson-parent/2.8.0/gson-parent-2.8.0.pom
[INFO] Downloading from central: https://repo.maven.apache.org/maven2/com/google/code/gson/gson-parent/2.8.0/gson-parent-2.8.0.pom
[INFO] Downloaded from central: https://repo.maven.apache.org/maven2/com/google/code/gson/gson-parent/2.8.0/gson-parent-2.8.0.pom (0 B at 0 B/s)
[INFO] Downloading from spigot-repo: https://hub.spigotmc.org/nexus/content/repositor/1.13-SNAPSHOT/maven-metadata.xml
ies/snapshots/net/md-5/bungeecord-chat[INFO] Downloading from spigotmc-public: https://hub.spigotmc.org/nexus/content/groups/public/net/md-5/bungeecord-chat/1.13-SNAPSHOT/maven-metadata.xml
[INFO] Downloading from jitpack.io: https://jitpack.io/net/md-5/bungeecord-chat/1.13-SNAPSHOT/maven-metadata.xml
[INFO] Downloaded from spigotmc-public: https://hub.spigotmc.org/nexus/content/groups/public/net/md-5/bungeecord-chat/1.13-SNAPSHOT/maven-metadata.xml (1.2 kB at 13 kB/s)
[INFO] Downloading from spigot-repo: https://hub.spigotmc.org/nexus/content/repositories/snapshots/net/md-5/bungeecord-chat/1.13-SNAPSHOT/bungeecord-chat-1.13-20190406.085523-69.pom
[INFO] Downloading from jitpack.io: https://jitpack.io/net/md-5/bungeecord-chat/1.13-SNAPSHOT/bungeecord-chat-1.13-20190406.085523-69.pom
[INFO] Downloading from spigotmc-public: https://hub.spigotmc.org/nexus/content/groups/public/net/md-5/bungeecord-chat/1.13-SNAPSHOT/bungeecord-chat-1.13-20190406.085523-69.pom
[INFO] Downloaded from spigotmc-public: https://hub.spigotmc.org/nexus/content/groups/public/net/md-5/bungeecord-chat/1.13-SNAPSHOT/bungeecord-chat-1.13-20190406.085523-69.pom (986 B at 11 kB/s)
[INFO] Downloading from spigot-repo: https://hub.spigotmc.org/nexus/content/repositories/snapshots/net/md-5/bungeecord-parent/1.13-SNAPSHOT/maven-metadata.xml
[INFO] Downloading from jitpack.io: https://jitpack.io/net/md-5/bungeecord-parent/1.13-SNAPSHOT/maven-metadata.xml
[INFO] Downloading from spigotmc-public: https://hub.spigotmc.org/nexus/content/groups/public/net/md-5/bungeecord-parent/1.13-SNAPSHOT/maven-metadata.xml
[INFO] Downloaded from spigotmc-public: https://hub.spigotmc.org/nexus/content/groups/public/net/md-5/bungeecord-parent/1.13-SNAPSHOT/maven-metadata.xml (602 B at 5.8 kB/s)
[INFO] Downloading from spigotmc-public: https://hub.spigotmc.org/nexus/content/groups/public/net/md-5/bungeecord-parent/1.13-SNAPSHOT/bungeecord-parent-1.13-20190406.085510-73.pom
[INFO] Downloaded from spigotmc-public: https://hub.spigotmc.org/nexus/content/groups/public/net/md-5/bungeecord-parent/1.13-SNAPSHOT/bungeecord-parent-1.13-20190406.085510-73.pom (6.5 kB at 107 kB/s)
[INFO] Downloading from spigot-repo: https://hub.spigotmc.org/nexus/content/repositories/snapshots/com/google/guava/guava/20.0/guava-20.0.pom
[INFO] Downloading from jitpack.io: https://jitpack.io/com/google/guava/guava/20.0/guava-20.0.pom
[INFO] Downloading from central: https://repo.maven.apache.org/maven2/com/google/guava/guava/20.0/guava-20.0.pom
[INFO] Downloaded from central: https://repo.maven.apache.org/maven2/com/google/guava/guava/20.0/guava-20.0.pom (6.8 kB at 456 kB/s)
[INFO] Downloading from spigot-repo: https://hub.spigotmc.org/nexus/content/repositories/snapshots/com/google/guava/guava-parent/20.0/guava-parent-20.0.pom
[INFO] Downloading from jitpack.io: https://jitpack.io/com/google/guava/guava-parent/20.0/guava-parent-20.0.pom
[INFO] Downloading from central: https://repo.maven.apache.org/maven2/com/google/guava/guava-parent/20.0/guava-parent-20.0.pom
[INFO] Downloaded from central: https://repo.maven.apache.org/maven2/com/google/guava/guava-parent/20.0/guava-parent-20.0.pom (9.9 kB at 660 kB/s)
[INFO] Downloading from spigot-repo: https://hub.spigotmc.org/nexus/content/repositories/snapshots/org/yaml/snakeyaml/1.23/snakeyaml-1.23.pom
[INFO] Downloading from jitpack.io: https://jitpack.io/org/yaml/snakeyaml/1.23/snakeyaml-1.23.pom
[INFO] Downloading from central: https://repo.maven.apache.org/maven2/org/yaml/snakeyaml/1.23/snakeyaml-1.23.pom
[INFO] Downloaded from central: https://repo.maven.apache.org/maven2/org/yaml/snakeyaml/1.23/snakeyaml-1.23.pom (0 B at 0 B/s)
[WARNING] The POM for com.github.TheBusyBiscuit:Slimefun4:jar:dfcb06180d is invalid, transitive dependencies (if any) will not be available, enable debug logging for more details
[INFO] Downloading from spigot-repo: https://hub.spigotmc.org/nexus/content/repositories/snapshots/com/github/TheBusyBiscuit/CS-CoreLib/e3242c600b/CS-CoreLib-e3242c600b.pom
[INFO] Downloading from jitpack.io: https://jitpack.io/com/github/TheBusyBiscuit/CS-CoreLib/e3242c600b/CS-CoreLib-e3242c600b.pom
[INFO] Downloaded from jitpack.io: https://jitpack.io/com/github/TheBusyBiscuit/CS-CoreLib/e3242c600b/CS-CoreLib-e3242c600b.pom (4.6 kB at 62 kB/s)
[INFO] Downloading from spigot-repo: https://hub.spigotmc.org/nexus/content/repositories/snapshots/com/github/dmulloy2/ProtocolLib/4.5.0/ProtocolLib-4.5.0.pom
[INFO] Downloading from jitpack.io: https://jitpack.io/com/github/dmulloy2/ProtocolLib/4.5.0/ProtocolLib-4.5.0.pom
[INFO] Downloaded from jitpack.io: https://jitpack.io/com/github/dmulloy2/ProtocolLib/4.5.0/ProtocolLib-4.5.0.pom (9.3 kB at 79 kB/s)
[INFO] Downloading from spigot-repo: https://hub.spigotmc.org/nexus/content/repositories/snapshots/cglib/cglib-nodep/3.2.5/cglib-nodep-3.2.5.pom
[INFO] Downloading from jitpack.io: https://jitpack.io/cglib/cglib-nodep/3.2.5/cglib-nodep-3.2.5.pom
[INFO] Downloading from central: https://repo.maven.apache.org/maven2/cglib/cglib-nodep/3.2.5/cglib-nodep-3.2.5.pom
[INFO] Downloaded from central: https://repo.maven.apache.org/maven2/cglib/cglib-nodep/3.2.5/cglib-nodep-3.2.5.pom (3.9 kB at 243 kB/s)
[INFO] Downloading from spigot-repo: https://hub.spigotmc.org/nexus/content/repositories/snapshots/cglib/cglib-parent/3.2.5/cglib-parent-3.2.5.pom
[INFO] Downloading from jitpack.io: https://jitpack.io/cglib/cglib-parent/3.2.5/cglib-parent-3.2.5.pom
[INFO] Downloading from central: https://repo.maven.apache.org/maven2/cglib/cglib-parent/3.2.5/cglib-parent-3.2.5.pom
[INFO] Downloaded from central: https://repo.maven.apache.org/maven2/cglib/cglib-parent/3.2.5/cglib-parent-3.2.5.pom (9.8 kB at 613 kB/s)
[INFO] Downloading from spigot-repo: https://hub.spigotmc.org/nexus/content/repositories/snapshots/com/comphenix/executors/BukkitExecutors/1.1-SNAPSHOT/maven-metadata.xml
[INFO] Downloading from dmulloy2-repo: https://repo.dmulloy2.net/nexus/repository/public/com/comphenix/executors/BukkitExecutors/1.1-SNAPSHOT/maven-metadata.xml
[INFO] Downloading from jitpack.io: https://jitpack.io/com/comphenix/executors/BukkitExecutors/1.1-SNAPSHOT/maven-metadata.xml
[WARNING] Could not transfer metadata com.comphenix.executors:BukkitExecutors:1.1-SNAPSHOT/maven-metadata.xml from/to dmulloy2-repo (https://repo.dmulloy2.net/nexus/repository/public/): Transfer failed for https://repo.dmulloy2.net/nexus/repository/public/com/comphenix/executors/BukkitExecutors/1.1-SNAPSHOT/maven-metadata.xml
[WARNING] Failure to transfer com.comphenix.executors:BukkitExecutors:1.1-SNAPSHOT/maven-metadata.xml from https://repo.dmulloy2.net/nexus/repository/public/ was cached in the local repository, resolution will not be reattempted until the update interval of dmulloy2-repo has elapsed or updates are forced. Original error: Could not transfer metadata com.comphenix.executors:BukkitExecutors:1.1-SNAPSHOT/maven-metadata.xml from/to dmulloy2-repo (https://repo.dmulloy2.net/nexus/repository/public/): Transfer failed for https://repo.dmulloy2.net/nexus/repository/public/com/comphenix/executors/BukkitExecutors/1.1-SNAPSHOT/maven-metadata.xml
[INFO] Downloading from spigot-repo: https://hub.spigotmc.org/nexus/content/repositories/snapshots/com/comphenix/executors/BukkitExecutors/1.1-SNAPSHOT/BukkitExecutors-1.1-SNAPSHOT.pom
[INFO] Downloading from jitpack.io: https://jitpack.io/com/comphenix/executors/BukkitExecutors/1.1-SNAPSHOT/BukkitExecutors-1.1-SNAPSHOT.pom
[INFO] Downloading from dmulloy2-repo: https://repo.dmulloy2.net/nexus/repository/public/com/comphenix/executors/BukkitExecutors/1.1-SNAPSHOT/BukkitExecutors-1.1-SNAPSHOT.pom
[INFO] ------------------------------------------------------------------------
[INFO] BUILD FAILURE
[INFO] ------------------------------------------------------------------------
[INFO] Total time:  4.274 s
[INFO] Finished at: 2020-02-23T16:05:51Z
[INFO] ------------------------------------------------------------------------
[ERROR] Failed to execute goal on project SoundMuffler: Could not resolve dependencies for project dev.j3fftw:SoundMuffler:jar:DEV - 6 (git b231ebc3): Failed to collect dependencies at com.github.dmulloy2:ProtocolLib:jar:4.5.0 -> com.comphenix.executors:BukkitExecutors:jar:1.1-SNAPSHOT: Failed to read artifact descriptor for com.comphenix.executors:BukkitExecutors:jar:1.1-SNAPSHOT: Could not transfer artifact com.comphenix.executors:BukkitExecutors:pom:1.1-SNAPSHOT from/to dmulloy2-repo (https://repo.dmulloy2.net/nexus/repository/public/): Transfer failed for https://repo.dmulloy2.net/nexus/repository/public/com/comphenix/executors/BukkitExecutors/1.1-SNAPSHOT/BukkitExecutors-1.1-SNAPSHOT.pom: sun.security.validator.ValidatorException: PKIX path building failed: sun.security.provider.certpath.SunCertPathBuilderException: unable to find valid certification path to requested target -> [Help 1]
[ERROR] 
[ERROR] To see the full stack trace of the errors, re-run Maven with the -e switch.
[ERROR] Re-run Maven using the -X switch to enable full debug logging.
[ERROR] 
[ERROR] For more information about the errors and possible solutions, please read the following articles:
[ERROR] [Help 1] http://cwiki.apache.org/confluence/display/MAVEN/DependencyResolutionException
