[INFO] Scanning for projects...
[INFO] 
[INFO] ---------------------< io.github.seggan.emc2:EMC2 >---------------------
[INFO] Building EMC2 DEV - 3 (git e0f22cd2)
[INFO] --------------------------------[ jar ]---------------------------------
[INFO] Downloading from central: https://repo.maven.apache.org/maven2/org/apache/maven/plugins/maven-surefire-plugin/3.0.0-M5/maven-surefire-plugin-3.0.0-M5.pom
[INFO] Downloaded from central: https://repo.maven.apache.org/maven2/org/apache/maven/plugins/maven-surefire-plugin/3.0.0-M5/maven-surefire-plugin-3.0.0-M5.pom (8.0 kB at 25 kB/s)
[INFO] Downloading from central: https://repo.maven.apache.org/maven2/org/apache/maven/surefire/surefire/3.0.0-M5/surefire-3.0.0-M5.pom
[INFO] Downloaded from central: https://repo.maven.apache.org/maven2/org/apache/maven/surefire/surefire/3.0.0-M5/surefire-3.0.0-M5.pom (27 kB at 517 kB/s)
[INFO] Downloading from central: https://repo.maven.apache.org/maven2/org/apache/maven/plugins/maven-surefire-plugin/3.0.0-M5/maven-surefire-plugin-3.0.0-M5.jar
[INFO] Downloaded from central: https://repo.maven.apache.org/maven2/org/apache/maven/plugins/maven-surefire-plugin/3.0.0-M5/maven-surefire-plugin-3.0.0-M5.jar (43 kB at 897 kB/s)
[INFO] Downloading from jitpack.io: https://jitpack.io/org/spigotmc/spigot-api/1.16.5-R0.1-SNAPSHOT/maven-metadata.xml
[INFO] Downloading from spigot-repo: https://hub.spigotmc.org/nexus/content/repositories/snapshots/com/github/TheBusyBiscuit/Slimefun4/RC-23/Slimefun4-RC-23.pom
[INFO] Downloading from jitpack.io: https://jitpack.io/com/github/TheBusyBiscuit/Slimefun4/RC-23/Slimefun4-RC-23.pom
[INFO] Downloaded from jitpack.io: https://jitpack.io/com/github/TheBusyBiscuit/Slimefun4/RC-23/Slimefun4-RC-23.pom (13 kB at 44 kB/s)
[INFO] Downloading from spigot-repo: https://hub.spigotmc.org/nexus/content/repositories/snapshots/io/github/mooy1/InfinityLib/71cff3336d/InfinityLib-71cff3336d.pom
[INFO] Downloading from jitpack.io: https://jitpack.io/io/github/mooy1/InfinityLib/71cff3336d/InfinityLib-71cff3336d.pom
[INFO] Downloaded from jitpack.io: https://jitpack.io/io/github/mooy1/InfinityLib/71cff3336d/InfinityLib-71cff3336d.pom (0 B at 0 B/s)
[INFO] Downloading from spigot-repo: https://hub.spigotmc.org/nexus/content/repositories/snapshots/org/junit/jupiter/junit-jupiter-api/5.7.2/junit-jupiter-api-5.7.2.pom
[INFO] Downloading from jitpack.io: https://jitpack.io/org/junit/jupiter/junit-jupiter-api/5.7.2/junit-jupiter-api-5.7.2.pom
[INFO] Downloading from CodeMC: https://repo.codemc.org/repository/maven-public/org/junit/jupiter/junit-jupiter-api/5.7.2/junit-jupiter-api-5.7.2.pom
[INFO] Downloading from central: https://repo.maven.apache.org/maven2/org/junit/jupiter/junit-jupiter-api/5.7.2/junit-jupiter-api-5.7.2.pom
[INFO] Downloaded from central: https://repo.maven.apache.org/maven2/org/junit/jupiter/junit-jupiter-api/5.7.2/junit-jupiter-api-5.7.2.pom (3.2 kB at 106 kB/s)
[INFO] Downloading from spigot-repo: https://hub.spigotmc.org/nexus/content/repositories/snapshots/org/junit/junit-bom/5.7.2/junit-bom-5.7.2.pom
[INFO] Downloading from jitpack.io: https://jitpack.io/org/junit/junit-bom/5.7.2/junit-bom-5.7.2.pom
[INFO] Downloading from CodeMC: https://repo.codemc.org/repository/maven-public/org/junit/junit-bom/5.7.2/junit-bom-5.7.2.pom
[INFO] Downloading from central: https://repo.maven.apache.org/maven2/org/junit/junit-bom/5.7.2/junit-bom-5.7.2.pom
[INFO] Downloaded from central: https://repo.maven.apache.org/maven2/org/junit/junit-bom/5.7.2/junit-bom-5.7.2.pom (5.1 kB at 176 kB/s)
[INFO] Downloading from spigot-repo: https://hub.spigotmc.org/nexus/content/repositories/snapshots/org/apiguardian/apiguardian-api/1.1.0/apiguardian-api-1.1.0.pom
[INFO] Downloading from jitpack.io: https://jitpack.io/org/apiguardian/apiguardian-api/1.1.0/apiguardian-api-1.1.0.pom
[INFO] Downloading from CodeMC: https://repo.codemc.org/repository/maven-public/org/apiguardian/apiguardian-api/1.1.0/apiguardian-api-1.1.0.pom
[INFO] Downloading from central: https://repo.maven.apache.org/maven2/org/apiguardian/apiguardian-api/1.1.0/apiguardian-api-1.1.0.pom
[INFO] Downloaded from central: https://repo.maven.apache.org/maven2/org/apiguardian/apiguardian-api/1.1.0/apiguardian-api-1.1.0.pom (1.2 kB at 43 kB/s)
[INFO] Downloading from spigot-repo: https://hub.spigotmc.org/nexus/content/repositories/snapshots/org/opentest4j/opentest4j/1.2.0/opentest4j-1.2.0.pom
[INFO] Downloading from jitpack.io: https://jitpack.io/org/opentest4j/opentest4j/1.2.0/opentest4j-1.2.0.pom
[INFO] Downloading from CodeMC: https://repo.codemc.org/repository/maven-public/org/opentest4j/opentest4j/1.2.0/opentest4j-1.2.0.pom
[INFO] Downloading from central: https://repo.maven.apache.org/maven2/org/opentest4j/opentest4j/1.2.0/opentest4j-1.2.0.pom
[INFO] Downloaded from central: https://repo.maven.apache.org/maven2/org/opentest4j/opentest4j/1.2.0/opentest4j-1.2.0.pom (1.7 kB at 62 kB/s)
[INFO] Downloading from spigot-repo: https://hub.spigotmc.org/nexus/content/repositories/snapshots/org/junit/platform/junit-platform-commons/1.7.2/junit-platform-commons-1.7.2.pom
[INFO] Downloading from jitpack.io: https://jitpack.io/org/junit/platform/junit-platform-commons/1.7.2/junit-platform-commons-1.7.2.pom
[INFO] Downloading from CodeMC: https://repo.codemc.org/repository/maven-public/org/junit/platform/junit-platform-commons/1.7.2/junit-platform-commons-1.7.2.pom
[INFO] Downloading from central: https://repo.maven.apache.org/maven2/org/junit/platform/junit-platform-commons/1.7.2/junit-platform-commons-1.7.2.pom
[INFO] Downloaded from central: https://repo.maven.apache.org/maven2/org/junit/platform/junit-platform-commons/1.7.2/junit-platform-commons-1.7.2.pom (2.8 kB at 98 kB/s)
[INFO] Downloading from spigot-repo: https://hub.spigotmc.org/nexus/content/repositories/snapshots/com/github/seeseemelk/MockBukkit-v1.16/1.0.0/MockBukkit-v1.16-1.0.0.pom
[INFO] Downloading from jitpack.io: https://jitpack.io/com/github/seeseemelk/MockBukkit-v1.16/1.0.0/MockBukkit-v1.16-1.0.0.pom
[INFO] Downloading from CodeMC: https://repo.codemc.org/repository/maven-public/com/github/seeseemelk/MockBukkit-v1.16/1.0.0/MockBukkit-v1.16-1.0.0.pom
[INFO] Downloading from central: https://repo.maven.apache.org/maven2/com/github/seeseemelk/MockBukkit-v1.16/1.0.0/MockBukkit-v1.16-1.0.0.pom
[INFO] Downloaded from central: https://repo.maven.apache.org/maven2/com/github/seeseemelk/MockBukkit-v1.16/1.0.0/MockBukkit-v1.16-1.0.0.pom (2.5 kB at 87 kB/s)
[INFO] Downloading from spigot-repo: https://hub.spigotmc.org/nexus/content/repositories/snapshots/org/junit/jupiter/junit-jupiter/5.7.1/junit-jupiter-5.7.1.pom
[INFO] Downloading from jitpack.io: https://jitpack.io/org/junit/jupiter/junit-jupiter/5.7.1/junit-jupiter-5.7.1.pom
[INFO] Downloading from CodeMC: https://repo.codemc.org/repository/maven-public/org/junit/jupiter/junit-jupiter/5.7.1/junit-jupiter-5.7.1.pom
[INFO] Downloading from central: https://repo.maven.apache.org/maven2/org/junit/jupiter/junit-jupiter/5.7.1/junit-jupiter-5.7.1.pom
[INFO] Downloaded from central: https://repo.maven.apache.org/maven2/org/junit/jupiter/junit-jupiter/5.7.1/junit-jupiter-5.7.1.pom (3.2 kB at 118 kB/s)
[INFO] Downloading from spigot-repo: https://hub.spigotmc.org/nexus/content/repositories/snapshots/org/junit/junit-bom/5.7.1/junit-bom-5.7.1.pom
[INFO] Downloading from jitpack.io: https://jitpack.io/org/junit/junit-bom/5.7.1/junit-bom-5.7.1.pom
[INFO] Downloading from CodeMC: https://repo.codemc.org/repository/maven-public/org/junit/junit-bom/5.7.1/junit-bom-5.7.1.pom
[INFO] Downloading from central: https://repo.maven.apache.org/maven2/org/junit/junit-bom/5.7.1/junit-bom-5.7.1.pom
[INFO] Downloaded from central: https://repo.maven.apache.org/maven2/org/junit/junit-bom/5.7.1/junit-bom-5.7.1.pom (5.1 kB at 196 kB/s)
[INFO] Downloading from spigot-repo: https://hub.spigotmc.org/nexus/content/repositories/snapshots/org/junit/jupiter/junit-jupiter-api/5.7.1/junit-jupiter-api-5.7.1.pom
[INFO] Downloading from jitpack.io: https://jitpack.io/org/junit/jupiter/junit-jupiter-api/5.7.1/junit-jupiter-api-5.7.1.pom
[INFO] Downloading from CodeMC: https://repo.codemc.org/repository/maven-public/org/junit/jupiter/junit-jupiter-api/5.7.1/junit-jupiter-api-5.7.1.pom
[INFO] Downloading from central: https://repo.maven.apache.org/maven2/org/junit/jupiter/junit-jupiter-api/5.7.1/junit-jupiter-api-5.7.1.pom
[INFO] Downloaded from central: https://repo.maven.apache.org/maven2/org/junit/jupiter/junit-jupiter-api/5.7.1/junit-jupiter-api-5.7.1.pom (3.2 kB at 114 kB/s)
[INFO] Downloading from spigot-repo: https://hub.spigotmc.org/nexus/content/repositories/snapshots/org/junit/platform/junit-platform-commons/1.7.1/junit-platform-commons-1.7.1.pom
[INFO] Downloading from jitpack.io: https://jitpack.io/org/junit/platform/junit-platform-commons/1.7.1/junit-platform-commons-1.7.1.pom
[INFO] Downloading from CodeMC: https://repo.codemc.org/repository/maven-public/org/junit/platform/junit-platform-commons/1.7.1/junit-platform-commons-1.7.1.pom
[INFO] Downloading from central: https://repo.maven.apache.org/maven2/org/junit/platform/junit-platform-commons/1.7.1/junit-platform-commons-1.7.1.pom
[INFO] Downloaded from central: https://repo.maven.apache.org/maven2/org/junit/platform/junit-platform-commons/1.7.1/junit-platform-commons-1.7.1.pom (2.8 kB at 109 kB/s)
[INFO] Downloading from spigot-repo: https://hub.spigotmc.org/nexus/content/repositories/snapshots/org/junit/jupiter/junit-jupiter-params/5.7.1/junit-jupiter-params-5.7.1.pom
[INFO] Downloading from jitpack.io: https://jitpack.io/org/junit/jupiter/junit-jupiter-params/5.7.1/junit-jupiter-params-5.7.1.pom
[INFO] Downloading from CodeMC: https://repo.codemc.org/repository/maven-public/org/junit/jupiter/junit-jupiter-params/5.7.1/junit-jupiter-params-5.7.1.pom
[INFO] Downloading from central: https://repo.maven.apache.org/maven2/org/junit/jupiter/junit-jupiter-params/5.7.1/junit-jupiter-params-5.7.1.pom
[INFO] Downloaded from central: https://repo.maven.apache.org/maven2/org/junit/jupiter/junit-jupiter-params/5.7.1/junit-jupiter-params-5.7.1.pom (3.0 kB at 116 kB/s)
[INFO] Downloading from spigot-repo: https://hub.spigotmc.org/nexus/content/repositories/snapshots/org/junit/jupiter/junit-jupiter-engine/5.7.1/junit-jupiter-engine-5.7.1.pom
[INFO] Downloading from jitpack.io: https://jitpack.io/org/junit/jupiter/junit-jupiter-engine/5.7.1/junit-jupiter-engine-5.7.1.pom
[INFO] Downloading from CodeMC: https://repo.codemc.org/repository/maven-public/org/junit/jupiter/junit-jupiter-engine/5.7.1/junit-jupiter-engine-5.7.1.pom
[INFO] Downloading from central: https://repo.maven.apache.org/maven2/org/junit/jupiter/junit-jupiter-engine/5.7.1/junit-jupiter-engine-5.7.1.pom
[INFO] Downloaded from central: https://repo.maven.apache.org/maven2/org/junit/jupiter/junit-jupiter-engine/5.7.1/junit-jupiter-engine-5.7.1.pom (3.2 kB at 118 kB/s)
[INFO] Downloading from spigot-repo: https://hub.spigotmc.org/nexus/content/repositories/snapshots/org/junit/platform/junit-platform-engine/1.7.1/junit-platform-engine-1.7.1.pom
[INFO] Downloading from jitpack.io: https://jitpack.io/org/junit/platform/junit-platform-engine/1.7.1/junit-platform-engine-1.7.1.pom
[INFO] Downloading from CodeMC: https://repo.codemc.org/repository/maven-public/org/junit/platform/junit-platform-engine/1.7.1/junit-platform-engine-1.7.1.pom
[INFO] Downloading from central: https://repo.maven.apache.org/maven2/org/junit/platform/junit-platform-engine/1.7.1/junit-platform-engine-1.7.1.pom
[INFO] Downloaded from central: https://repo.maven.apache.org/maven2/org/junit/platform/junit-platform-engine/1.7.1/junit-platform-engine-1.7.1.pom (3.2 kB at 110 kB/s)
[INFO] Downloading from spigot-repo: https://hub.spigotmc.org/nexus/content/repositories/snapshots/org/hamcrest/hamcrest-library/1.3/hamcrest-library-1.3.pom
[INFO] Downloading from jitpack.io: https://jitpack.io/org/hamcrest/hamcrest-library/1.3/hamcrest-library-1.3.pom
[INFO] Downloading from CodeMC: https://repo.codemc.org/repository/maven-public/org/hamcrest/hamcrest-library/1.3/hamcrest-library-1.3.pom
[INFO] Downloading from central: https://repo.maven.apache.org/maven2/org/hamcrest/hamcrest-library/1.3/hamcrest-library-1.3.pom
[INFO] Downloaded from central: https://repo.maven.apache.org/maven2/org/hamcrest/hamcrest-library/1.3/hamcrest-library-1.3.pom (820 B at 32 kB/s)
[INFO] Downloading from spigot-repo: https://hub.spigotmc.org/nexus/content/repositories/snapshots/org/hamcrest/hamcrest-parent/1.3/hamcrest-parent-1.3.pom
[INFO] Downloading from jitpack.io: https://jitpack.io/org/hamcrest/hamcrest-parent/1.3/hamcrest-parent-1.3.pom
[INFO] Downloading from CodeMC: https://repo.codemc.org/repository/maven-public/org/hamcrest/hamcrest-parent/1.3/hamcrest-parent-1.3.pom
[INFO] Downloading from central: https://repo.maven.apache.org/maven2/org/hamcrest/hamcrest-parent/1.3/hamcrest-parent-1.3.pom
[INFO] Downloaded from central: https://repo.maven.apache.org/maven2/org/hamcrest/hamcrest-parent/1.3/hamcrest-parent-1.3.pom (2.0 kB at 68 kB/s)
[INFO] Downloading from spigot-repo: https://hub.spigotmc.org/nexus/content/repositories/snapshots/org/hamcrest/hamcrest-core/1.3/hamcrest-core-1.3.pom
[INFO] Downloading from jitpack.io: https://jitpack.io/org/hamcrest/hamcrest-core/1.3/hamcrest-core-1.3.pom
[INFO] Downloading from CodeMC: https://repo.codemc.org/repository/maven-public/org/hamcrest/hamcrest-core/1.3/hamcrest-core-1.3.pom
[INFO] Downloading from central: https://repo.maven.apache.org/maven2/org/hamcrest/hamcrest-core/1.3/hamcrest-core-1.3.pom
[INFO] Downloaded from central: https://repo.maven.apache.org/maven2/org/hamcrest/hamcrest-core/1.3/hamcrest-core-1.3.pom (766 B at 25 kB/s)
[INFO] Downloading from spigot-repo: https://hub.spigotmc.org/nexus/content/repositories/snapshots/org/apache/commons/commons-io/1.3.2/commons-io-1.3.2.pom
[INFO] Downloading from jitpack.io: https://jitpack.io/org/apache/commons/commons-io/1.3.2/commons-io-1.3.2.pom
[INFO] Downloading from CodeMC: https://repo.codemc.org/repository/maven-public/org/apache/commons/commons-io/1.3.2/commons-io-1.3.2.pom
[INFO] Downloading from central: https://repo.maven.apache.org/maven2/org/apache/commons/commons-io/1.3.2/commons-io-1.3.2.pom
[INFO] Downloaded from central: https://repo.maven.apache.org/maven2/org/apache/commons/commons-io/1.3.2/commons-io-1.3.2.pom (640 B at 25 kB/s)
[INFO] Downloading from spigot-repo: https://hub.spigotmc.org/nexus/content/repositories/snapshots/commons-io/commons-io/1.3.2/commons-io-1.3.2.pom
[INFO] Downloading from jitpack.io: https://jitpack.io/commons-io/commons-io/1.3.2/commons-io-1.3.2.pom
[INFO] Downloading from CodeMC: https://repo.codemc.org/repository/maven-public/commons-io/commons-io/1.3.2/commons-io-1.3.2.pom
[INFO] Downloading from central: https://repo.maven.apache.org/maven2/commons-io/commons-io/1.3.2/commons-io-1.3.2.pom
[INFO] Downloaded from central: https://repo.maven.apache.org/maven2/commons-io/commons-io/1.3.2/commons-io-1.3.2.pom (9.7 kB at 360 kB/s)
[INFO] Downloading from spigot-repo: https://hub.spigotmc.org/nexus/content/repositories/snapshots/org/apache/commons/commons-parent/3/commons-parent-3.pom
[INFO] Downloading from jitpack.io: https://jitpack.io/org/apache/commons/commons-parent/3/commons-parent-3.pom
[INFO] Downloading from CodeMC: https://repo.codemc.org/repository/maven-public/org/apache/commons/commons-parent/3/commons-parent-3.pom
[INFO] Downloading from central: https://repo.maven.apache.org/maven2/org/apache/commons/commons-parent/3/commons-parent-3.pom
[INFO] Downloaded from central: https://repo.maven.apache.org/maven2/org/apache/commons/commons-parent/3/commons-parent-3.pom (12 kB at 262 kB/s)
[INFO] Downloading from spigot-repo: https://hub.spigotmc.org/nexus/content/repositories/snapshots/org/jetbrains/annotations/19.0.0/annotations-19.0.0.pom
[INFO] Downloading from jitpack.io: https://jitpack.io/org/jetbrains/annotations/19.0.0/annotations-19.0.0.pom
[INFO] Downloading from CodeMC: https://repo.codemc.org/repository/maven-public/org/jetbrains/annotations/19.0.0/annotations-19.0.0.pom
[INFO] Downloading from central: https://repo.maven.apache.org/maven2/org/jetbrains/annotations/19.0.0/annotations-19.0.0.pom
[INFO] Downloaded from central: https://repo.maven.apache.org/maven2/org/jetbrains/annotations/19.0.0/annotations-19.0.0.pom (1.4 kB at 48 kB/s)
[INFO] Downloading from spigot-repo: https://hub.spigotmc.org/nexus/content/repositories/snapshots/org/mockito/mockito-inline/3.10.0/mockito-inline-3.10.0.pom
[INFO] Downloading from jitpack.io: https://jitpack.io/org/mockito/mockito-inline/3.10.0/mockito-inline-3.10.0.pom
[INFO] Downloading from CodeMC: https://repo.codemc.org/repository/maven-public/org/mockito/mockito-inline/3.10.0/mockito-inline-3.10.0.pom
[INFO] Downloading from central: https://repo.maven.apache.org/maven2/org/mockito/mockito-inline/3.10.0/mockito-inline-3.10.0.pom
[INFO] Downloaded from central: https://repo.maven.apache.org/maven2/org/mockito/mockito-inline/3.10.0/mockito-inline-3.10.0.pom (2.2 kB at 82 kB/s)
[INFO] Downloading from spigot-repo: https://hub.spigotmc.org/nexus/content/repositories/snapshots/org/mockito/mockito-core/3.10.0/mockito-core-3.10.0.pom
[INFO] Downloading from jitpack.io: https://jitpack.io/org/mockito/mockito-core/3.10.0/mockito-core-3.10.0.pom
[INFO] Downloading from CodeMC: https://repo.codemc.org/repository/maven-public/org/mockito/mockito-core/3.10.0/mockito-core-3.10.0.pom
[INFO] Downloading from central: https://repo.maven.apache.org/maven2/org/mockito/mockito-core/3.10.0/mockito-core-3.10.0.pom
[INFO] Downloaded from central: https://repo.maven.apache.org/maven2/org/mockito/mockito-core/3.10.0/mockito-core-3.10.0.pom (2.5 kB at 93 kB/s)
[INFO] Downloading from spigot-repo: https://hub.spigotmc.org/nexus/content/repositories/snapshots/net/bytebuddy/byte-buddy/1.11.0/byte-buddy-1.11.0.pom
[INFO] Downloading from jitpack.io: https://jitpack.io/net/bytebuddy/byte-buddy/1.11.0/byte-buddy-1.11.0.pom
[INFO] Downloading from CodeMC: https://repo.codemc.org/repository/maven-public/net/bytebuddy/byte-buddy/1.11.0/byte-buddy-1.11.0.pom
[INFO] Downloading from central: https://repo.maven.apache.org/maven2/net/bytebuddy/byte-buddy/1.11.0/byte-buddy-1.11.0.pom
[INFO] Downloaded from central: https://repo.maven.apache.org/maven2/net/bytebuddy/byte-buddy/1.11.0/byte-buddy-1.11.0.pom (11 kB at 409 kB/s)
[INFO] Downloading from spigot-repo: https://hub.spigotmc.org/nexus/content/repositories/snapshots/net/bytebuddy/byte-buddy-parent/1.11.0/byte-buddy-parent-1.11.0.pom
[INFO] Downloading from jitpack.io: https://jitpack.io/net/bytebuddy/byte-buddy-parent/1.11.0/byte-buddy-parent-1.11.0.pom
[INFO] Downloading from CodeMC: https://repo.codemc.org/repository/maven-public/net/bytebuddy/byte-buddy-parent/1.11.0/byte-buddy-parent-1.11.0.pom
[INFO] Downloading from central: https://repo.maven.apache.org/maven2/net/bytebuddy/byte-buddy-parent/1.11.0/byte-buddy-parent-1.11.0.pom
[INFO] Downloaded from central: https://repo.maven.apache.org/maven2/net/bytebuddy/byte-buddy-parent/1.11.0/byte-buddy-parent-1.11.0.pom (42 kB at 1.1 MB/s)
[INFO] Downloading from spigot-repo: https://hub.spigotmc.org/nexus/content/repositories/snapshots/net/bytebuddy/byte-buddy-agent/1.11.0/byte-buddy-agent-1.11.0.pom
[INFO] Downloading from jitpack.io: https://jitpack.io/net/bytebuddy/byte-buddy-agent/1.11.0/byte-buddy-agent-1.11.0.pom
[INFO] Downloading from CodeMC: https://repo.codemc.org/repository/maven-public/net/bytebuddy/byte-buddy-agent/1.11.0/byte-buddy-agent-1.11.0.pom
[INFO] Downloading from central: https://repo.maven.apache.org/maven2/net/bytebuddy/byte-buddy-agent/1.11.0/byte-buddy-agent-1.11.0.pom
[INFO] Downloaded from central: https://repo.maven.apache.org/maven2/net/bytebuddy/byte-buddy-agent/1.11.0/byte-buddy-agent-1.11.0.pom (9.6 kB at 354 kB/s)
[INFO] Downloading from spigot-repo: https://hub.spigotmc.org/nexus/content/repositories/snapshots/org/objenesis/objenesis/3.2/objenesis-3.2.pom
[INFO] Downloading from jitpack.io: https://jitpack.io/org/objenesis/objenesis/3.2/objenesis-3.2.pom
[INFO] Downloading from CodeMC: https://repo.codemc.org/repository/maven-public/org/objenesis/objenesis/3.2/objenesis-3.2.pom
[INFO] Downloading from central: https://repo.maven.apache.org/maven2/org/objenesis/objenesis/3.2/objenesis-3.2.pom
[INFO] Downloaded from central: https://repo.maven.apache.org/maven2/org/objenesis/objenesis/3.2/objenesis-3.2.pom (3.0 kB at 116 kB/s)
[INFO] Downloading from spigot-repo: https://hub.spigotmc.org/nexus/content/repositories/snapshots/org/objenesis/objenesis-parent/3.2/objenesis-parent-3.2.pom
[INFO] Downloading from jitpack.io: https://jitpack.io/org/objenesis/objenesis-parent/3.2/objenesis-parent-3.2.pom
[INFO] Downloading from CodeMC: https://repo.codemc.org/repository/maven-public/org/objenesis/objenesis-parent/3.2/objenesis-parent-3.2.pom
[INFO] Downloading from central: https://repo.maven.apache.org/maven2/org/objenesis/objenesis-parent/3.2/objenesis-parent-3.2.pom
[INFO] Downloaded from central: https://repo.maven.apache.org/maven2/org/objenesis/objenesis-parent/3.2/objenesis-parent-3.2.pom (18 kB at 651 kB/s)
[INFO] Downloading from spigot-repo: https://hub.spigotmc.org/nexus/content/repositories/snapshots/com/github/TheBusyBiscuit/Slimefun4/RC-23/Slimefun4-RC-23.jar
[INFO] Downloading from spigot-repo: https://hub.spigotmc.org/nexus/content/repositories/snapshots/io/github/mooy1/InfinityLib/71cff3336d/InfinityLib-71cff3336d.jar
[INFO] Downloading from spigot-repo: https://hub.spigotmc.org/nexus/content/repositories/snapshots/org/junit/jupiter/junit-jupiter-api/5.7.2/junit-jupiter-api-5.7.2.jar
[INFO] Downloading from spigot-repo: https://hub.spigotmc.org/nexus/content/repositories/snapshots/org/apiguardian/apiguardian-api/1.1.0/apiguardian-api-1.1.0.jar
[INFO] Downloading from spigot-repo: https://hub.spigotmc.org/nexus/content/repositories/snapshots/org/opentest4j/opentest4j/1.2.0/opentest4j-1.2.0.jar
[INFO] Downloading from spigot-repo: https://hub.spigotmc.org/nexus/content/repositories/snapshots/org/junit/platform/junit-platform-commons/1.7.2/junit-platform-commons-1.7.2.jar
[INFO] Downloading from spigot-repo: https://hub.spigotmc.org/nexus/content/repositories/snapshots/com/github/seeseemelk/MockBukkit-v1.16/1.0.0/MockBukkit-v1.16-1.0.0.jar
[INFO] Downloading from spigot-repo: https://hub.spigotmc.org/nexus/content/repositories/snapshots/org/junit/jupiter/junit-jupiter/5.7.1/junit-jupiter-5.7.1.jar
[INFO] Downloading from spigot-repo: https://hub.spigotmc.org/nexus/content/repositories/snapshots/org/junit/jupiter/junit-jupiter-params/5.7.1/junit-jupiter-params-5.7.1.jar
[INFO] Downloading from spigot-repo: https://hub.spigotmc.org/nexus/content/repositories/snapshots/org/junit/jupiter/junit-jupiter-engine/5.7.1/junit-jupiter-engine-5.7.1.jar
[INFO] Downloading from spigot-repo: https://hub.spigotmc.org/nexus/content/repositories/snapshots/org/junit/platform/junit-platform-engine/1.7.1/junit-platform-engine-1.7.1.jar
[INFO] Downloading from spigot-repo: https://hub.spigotmc.org/nexus/content/repositories/snapshots/org/hamcrest/hamcrest-library/1.3/hamcrest-library-1.3.jar
[INFO] Downloading from spigot-repo: https://hub.spigotmc.org/nexus/content/repositories/snapshots/org/hamcrest/hamcrest-core/1.3/hamcrest-core-1.3.jar
[INFO] Downloading from spigot-repo: https://hub.spigotmc.org/nexus/content/repositories/snapshots/commons-io/commons-io/1.3.2/commons-io-1.3.2.jar
[INFO] Downloading from spigot-repo: https://hub.spigotmc.org/nexus/content/repositories/snapshots/org/jetbrains/annotations/19.0.0/annotations-19.0.0.jar
[INFO] Downloading from spigot-repo: https://hub.spigotmc.org/nexus/content/repositories/snapshots/org/mockito/mockito-inline/3.10.0/mockito-inline-3.10.0.jar
[INFO] Downloading from spigot-repo: https://hub.spigotmc.org/nexus/content/repositories/snapshots/org/mockito/mockito-core/3.10.0/mockito-core-3.10.0.jar
[INFO] Downloading from spigot-repo: https://hub.spigotmc.org/nexus/content/repositories/snapshots/net/bytebuddy/byte-buddy/1.11.0/byte-buddy-1.11.0.jar
[INFO] Downloading from spigot-repo: https://hub.spigotmc.org/nexus/content/repositories/snapshots/net/bytebuddy/byte-buddy-agent/1.11.0/byte-buddy-agent-1.11.0.jar
[INFO] Downloading from spigot-repo: https://hub.spigotmc.org/nexus/content/repositories/snapshots/org/objenesis/objenesis/3.2/objenesis-3.2.jar
[INFO] Downloading from jitpack.io: https://jitpack.io/com/github/TheBusyBiscuit/Slimefun4/RC-23/Slimefun4-RC-23.jar
[INFO] Downloading from jitpack.io: https://jitpack.io/io/github/mooy1/InfinityLib/71cff3336d/InfinityLib-71cff3336d.jar
[INFO] Downloading from jitpack.io: https://jitpack.io/org/junit/jupiter/junit-jupiter-api/5.7.2/junit-jupiter-api-5.7.2.jar
[INFO] Downloading from jitpack.io: https://jitpack.io/org/apiguardian/apiguardian-api/1.1.0/apiguardian-api-1.1.0.jar
[INFO] Downloading from jitpack.io: https://jitpack.io/org/opentest4j/opentest4j/1.2.0/opentest4j-1.2.0.jar
[INFO] Downloaded from jitpack.io: https://jitpack.io/io/github/mooy1/InfinityLib/71cff3336d/InfinityLib-71cff3336d.jar (0 B at 0 B/s)
[INFO] Downloading from jitpack.io: https://jitpack.io/org/junit/platform/junit-platform-commons/1.7.2/junit-platform-commons-1.7.2.jar
[INFO] Downloading from jitpack.io: https://jitpack.io/com/github/seeseemelk/MockBukkit-v1.16/1.0.0/MockBukkit-v1.16-1.0.0.jar
[INFO] Downloading from jitpack.io: https://jitpack.io/org/junit/jupiter/junit-jupiter/5.7.1/junit-jupiter-5.7.1.jar
[INFO] Downloading from jitpack.io: https://jitpack.io/org/junit/jupiter/junit-jupiter-params/5.7.1/junit-jupiter-params-5.7.1.jar
[INFO] Downloading from jitpack.io: https://jitpack.io/org/junit/jupiter/junit-jupiter-engine/5.7.1/junit-jupiter-engine-5.7.1.jar
[INFO] Downloading from jitpack.io: https://jitpack.io/org/junit/platform/junit-platform-engine/1.7.1/junit-platform-engine-1.7.1.jar
[INFO] Downloading from jitpack.io: https://jitpack.io/org/hamcrest/hamcrest-library/1.3/hamcrest-library-1.3.jar
[INFO] Downloading from jitpack.io: https://jitpack.io/org/hamcrest/hamcrest-core/1.3/hamcrest-core-1.3.jar
[INFO] Downloading from jitpack.io: https://jitpack.io/commons-io/commons-io/1.3.2/commons-io-1.3.2.jar
[INFO] Downloading from jitpack.io: https://jitpack.io/org/jetbrains/annotations/19.0.0/annotations-19.0.0.jar
[INFO] Downloading from jitpack.io: https://jitpack.io/org/mockito/mockito-inline/3.10.0/mockito-inline-3.10.0.jar
[INFO] Downloading from jitpack.io: https://jitpack.io/org/mockito/mockito-core/3.10.0/mockito-core-3.10.0.jar
[INFO] Downloading from jitpack.io: https://jitpack.io/net/bytebuddy/byte-buddy/1.11.0/byte-buddy-1.11.0.jar
[INFO] Downloading from jitpack.io: https://jitpack.io/net/bytebuddy/byte-buddy-agent/1.11.0/byte-buddy-agent-1.11.0.jar
[INFO] Downloading from jitpack.io: https://jitpack.io/org/objenesis/objenesis/3.2/objenesis-3.2.jar
[INFO] Downloaded from jitpack.io: https://jitpack.io/com/github/TheBusyBiscuit/Slimefun4/RC-23/Slimefun4-RC-23.jar (4.3 MB at 9.6 MB/s)
[INFO] Downloading from CodeMC: https://repo.codemc.org/repository/maven-public/org/junit/jupiter/junit-jupiter-api/5.7.2/junit-jupiter-api-5.7.2.jar
[INFO] Downloading from CodeMC: https://repo.codemc.org/repository/maven-public/org/apiguardian/apiguardian-api/1.1.0/apiguardian-api-1.1.0.jar
[INFO] Downloading from CodeMC: https://repo.codemc.org/repository/maven-public/org/opentest4j/opentest4j/1.2.0/opentest4j-1.2.0.jar
[INFO] Downloading from CodeMC: https://repo.codemc.org/repository/maven-public/com/github/seeseemelk/MockBukkit-v1.16/1.0.0/MockBukkit-v1.16-1.0.0.jar
[INFO] Downloading from CodeMC: https://repo.codemc.org/repository/maven-public/org/junit/platform/junit-platform-commons/1.7.2/junit-platform-commons-1.7.2.jar
[INFO] Downloading from CodeMC: https://repo.codemc.org/repository/maven-public/org/junit/jupiter/junit-jupiter/5.7.1/junit-jupiter-5.7.1.jar
[INFO] Downloading from CodeMC: https://repo.codemc.org/repository/maven-public/org/junit/jupiter/junit-jupiter-params/5.7.1/junit-jupiter-params-5.7.1.jar
[INFO] Downloading from CodeMC: https://repo.codemc.org/repository/maven-public/org/junit/jupiter/junit-jupiter-engine/5.7.1/junit-jupiter-engine-5.7.1.jar
[INFO] Downloading from CodeMC: https://repo.codemc.org/repository/maven-public/org/junit/platform/junit-platform-engine/1.7.1/junit-platform-engine-1.7.1.jar
[INFO] Downloading from CodeMC: https://repo.codemc.org/repository/maven-public/org/hamcrest/hamcrest-library/1.3/hamcrest-library-1.3.jar
[INFO] Downloading from CodeMC: https://repo.codemc.org/repository/maven-public/org/hamcrest/hamcrest-core/1.3/hamcrest-core-1.3.jar
[INFO] Downloading from CodeMC: https://repo.codemc.org/repository/maven-public/commons-io/commons-io/1.3.2/commons-io-1.3.2.jar
[INFO] Downloading from CodeMC: https://repo.codemc.org/repository/maven-public/org/jetbrains/annotations/19.0.0/annotations-19.0.0.jar
[INFO] Downloading from CodeMC: https://repo.codemc.org/repository/maven-public/org/mockito/mockito-inline/3.10.0/mockito-inline-3.10.0.jar
[INFO] Downloading from CodeMC: https://repo.codemc.org/repository/maven-public/org/mockito/mockito-core/3.10.0/mockito-core-3.10.0.jar
[INFO] Downloading from CodeMC: https://repo.codemc.org/repository/maven-public/net/bytebuddy/byte-buddy/1.11.0/byte-buddy-1.11.0.jar
[INFO] Downloading from CodeMC: https://repo.codemc.org/repository/maven-public/net/bytebuddy/byte-buddy-agent/1.11.0/byte-buddy-agent-1.11.0.jar
[INFO] Downloading from CodeMC: https://repo.codemc.org/repository/maven-public/org/objenesis/objenesis/3.2/objenesis-3.2.jar
[INFO] Downloading from central: https://repo.maven.apache.org/maven2/org/junit/jupiter/junit-jupiter-api/5.7.2/junit-jupiter-api-5.7.2.jar
[INFO] Doest4j/1.2.0/opentest4j-1.2.0.jar
wnloading from central: https://repo.maven.apache.org/maven2/org/opentest4j/opent[INFO] Downloading from central: https://repo.maven.apache.org/maven2/org/apiguardian/apiguardian-api/1.1.0/apiguardian-api-1.1.0.jar
[INFO] Downloading from central: https://repo.maven.apache.org/maven2/org/junit/platform/junit-platform-commons/1.7.2/junit-platform-commons-1.7.2.jar
[INFO] Downloading from central: https://repo.maven.apache.org/maven2/com/github/seeseemelk/MockBukkit-v1.16/1.0.0/MockBukkit-v1.16-1.0.0.jar
[INFO] Downloaded from central: https://repo.maven.apache.org/maven2/org/opentest4j/opentest4j/1.2.0/opentest4j-1.2.0.jar (7.7 kB at 137 kB/s)
[INFO] Downloading from central: https://repo.maven.apache.org/maven2/org/junit/jupiter/junit-jupiter/5.7.1/junit-jupiter-5.7.1.jar
[INFO] Downloaded from central: https://repo.maven.apache.org/maven2/org/junit/jupiter/junit-jupiter-api/5.7.2/junit-jupiter-api-5.7.2.jar (176 kB at 2.7 MB/s)
[INFO] Downloading from central: https://repo.maven.apache.org/maven2/org/junit/jupiter/junit-jupiter-params/5.7.1/junit-jupiter-params-5.7.1.jar
[INFO] Downloaded from central: https://repo.maven.apache.org/maven2/org/apiguardian/apiguardian-api/1.1.0/apiguardian-api-1.1.0.jar (2.4 kB at 30 kB/s)
[INFO] Downloading from central: https://repo.maven.apache.org/maven2/org/junit/jupiter/junit-jupiter-engine/5.7.1/junit-jupiter-engine-5.7.1.jar
[INFO] Downloaded from central: https://repo.maven.apache.org/maven2/org/junit/platform/junit-platform-commons/1.7.2/junit-platform-commons-1.7.2.jar (100 kB at 1.2 MB/s)
[INFO] Downloading from central: https://repo.maven.apache.org/maven2/org/junit/platform/junit-platform-engine/1.7.1/junit-platform-engine-1.7.1.jar
[INFO] Downloaded from central: https://repo.maven.apache.org/maven2/org/junit/jupiter/junit-jupiter/5.7.1/junit-jupiter-5.7.1.jar (6.4 kB at 81 kB/s)
[INFO] Downloading from central: https://repo.maven.apache.org/maven2/org/hamcrest/hamcrest-library/1.3/hamcrest-library-1.3.jar
[INFO] Downloaded from central: https://repo.maven.apache.org/maven2/org/hamcrest/hamcrest-library/1.3/hamcrest-library-1.3.jar (53 kB at 450 kB/s)
[INFO] Downloading from central: https://repo.maven.apache.org/maven2/org/hamcrest/hamcrest-core/1.3/hamcrest-core-1.3.jar
[INFO] Downloaded from central: https://repo.maven.apache.org/maven2/com/github/seeseemelk/MockBukkit-v1.16/1.0.0/MockBukkit-v1.16-1.0.0.jar (265 kB at 1.9 MB/s)
[INFO] Downloading from central: https://repo.maven.apache.org/maven2/commons-io/commons-io/1.3.2/commons-io-1.3.2.jar
[INFO] Downloaded from central: https://repo.maven.apache.org/maven2/org/junit/platform/junit-platform-engine/1.7.1/junit-platform-engine-1.7.1.jar (181 kB at 1.3 MB/s)
[INFO] Downloading from central: https://repo.maven.apache.org/maven2/org/jetbrains/annotations/19.0.0/annotations-19.0.0.jar
[INFO] Downloaded from central: https://repo.maven.apache.org/maven2/org/junit/jupiter/junit-jupiter-engine/5.7.1/junit-jupiter-engine-5.7.1.jar (213 kB at 1.5 MB/s)
[INFO] Downloading from central: https://repo.maven.apache.org/maven2/org/mockito/mockito-inline/3.10.0/mockito-inline-3.10.0.jar
[INFO] Downloaded from central: https://repo.maven.apache.org/maven2/org/hamcrest/hamcrest-core/1.3/hamcrest-core-1.3.jar (45 kB at 296 kB/s)
[INFO] Downloading from central: https://repo.maven.apache.org/maven2/org/mockito/mockito-core/3.10.0/mockito-core-3.10.0.jar
[INFO] Downloaded from central: https://repo.maven.apache.org/maven2/org/junit/jupiter/junit-jupiter-params/5.7.1/junit-jupiter-params-5.7.1.jar (567 kB at 3.4 MB/s)
[INFO] Downloading from central: https://repo.maven.apache.org/maven2/net/bytebuddy/byte-buddy/1.11.0/byte-buddy-1.11.0.jar
[INFO] Downloaded from central: https://repo.maven.apache.org/maven2/org/jetbrains/annotations/19.0.0/annotations-19.0.0.jar (25 kB at 147 kB/s)
[INFO] Downloading from central: https://repo.maven.apache.org/maven2/net/bytebuddy/byte-buddy-agent/1.11.0/byte-buddy-agent-1.11.0.jar
[INFO] Downloaded from central: https://repo.maven.apache.org/maven2/commons-io/commons-io/1.3.2/commons-io-1.3.2.jar (88 kB at 474 kB/s)
[INFO] Downloading from central: https://repo.maven.apache.org/maven2/org/objenesis/objenesis/3.2/objenesis-3.2.jar
[INFO] Downloaded from central: https://repo.maven.apache.org/maven2/net/bytebuddy/byte-buddy-agent/1.11.0/byte-buddy-agent-1.11.0.jar (251 kB at 1.2 MB/s)
[INFO] Downloaded from central: https://repo.maven.apache.org/maven2/org/mockito/mockito-inline/3.10.0/mockito-inline-3.10.0.jar (1.5 kB at 7.1 kB/s)
[INFO] Downloaded from central: https://repo.maven.apache.org/maven2/org/objenesis/objenesis/3.2/objenesis-3.2.jar (49 kB at 230 kB/s)
[INFO] Downloaded from central: https://repo.maven.apache.org/maven2/org/mockito/mockito-core/3.10.0/mockito-core-3.10.0.jar (671 kB at 2.6 MB/s)
[INFO] Downloaded from central: https://repo.maven.apache.org/maven2/net/bytebuddy/byte-buddy/1.11.0/byte-buddy-1.11.0.jar (3.5 MB at 7.0 MB/s)
[INFO] 
[INFO] --- maven-clean-plugin:2.5:clean (default-clean) @ EMC2 ---
[INFO] 
[INFO] --- maven-resources-plugin:2.6:resources (default-resources) @ EMC2 ---
[INFO] Using 'UTF-8' encoding to copy filtered resources.
[INFO] Copying 2 resources
[INFO] Copying 1 resource
[INFO] 
[INFO] --- maven-compiler-plugin:3.1:compile (default-compile) @ EMC2 ---
[INFO] Changes detected - recompiling the module!
[INFO] Compiling 10 source files to /home/runner/work/builds/builds/Seggan/EMC2/master/files/target/classes
[INFO] 
[INFO] --- maven-resources-plugin:2.6:testResources (default-testResources) @ EMC2 ---
[INFO] Using 'UTF-8' encoding to copy filtered resources.
[INFO] skip non existing resourceDirectory /home/runner/work/builds/builds/Seggan/EMC2/master/files/src/test/resources
[INFO] 
[INFO] --- maven-compiler-plugin:3.1:testCompile (default-testCompile) @ EMC2 ---
[INFO] Changes detected - recompiling the module!
[INFO] Compiling 2 source files to /home/runner/work/builds/builds/Seggan/EMC2/master/files/target/test-classes
[INFO] 
[INFO] --- maven-surefire-plugin:3.0.0-M5:test (default-test) @ EMC2 ---
[INFO] Downloading from central: https://repo.maven.apache.org/maven2/org/apache/maven/surefire/maven-surefire-common/3.0.0-M5/maven-surefire-common-3.0.0-M5.pom
[INFO] Downloaded from central: https://repo.maven.apache.org/maven2/org/apache/maven/surefire/maven-surefire-common/3.0.0-M5/maven-surefire-common-3.0.0-M5.pom (9.6 kB at 357 kB/s)
[INFO] Downloading from central: https://repo.maven.apache.org/maven2/org/apache/maven/surefire/surefire-api/3.0.0-M5/surefire-api-3.0.0-M5.pom
[INFO] Downloaded from central: https://repo.maven.apache.org/maven2/org/apache/maven/surefire/surefire-api/3.0.0-M5/surefire-api-3.0.0-M5.pom (3.2 kB at 134 kB/s)
[INFO] Downloading from central: https://repo.maven.apache.org/maven2/org/apache/maven/surefire/surefire-logger-api/3.0.0-M5/surefire-logger-api-3.0.0-M5.pom
[INFO] Downloaded from central: https://repo.maven.apache.org/maven2/org/apache/maven/surefire/surefire-logger-api/3.0.0-M5/surefire-logger-api-3.0.0-M5.pom (3.7 kB at 127 kB/s)
[INFO] Downloading from central: https://repo.maven.apache.org/maven2/org/apache/maven/surefire/surefire-shared-utils/3.0.0-M4/surefire-shared-utils-3.0.0-M4.pom
[INFO] Downloaded from central: https://repo.maven.apache.org/maven2/org/apache/maven/surefire/surefire-shared-utils/3.0.0-M4/surefire-shared-utils-3.0.0-M4.pom (3.9 kB at 95 kB/s)
[INFO] Downloading from central: https://repo.maven.apache.org/maven2/org/apache/maven/surefire/surefire/3.0.0-M4/surefire-3.0.0-M4.pom
[INFO] Downloaded from central: https://repo.maven.apache.org/maven2/org/apache/maven/surefire/surefire/3.0.0-M4/surefire-3.0.0-M4.pom (27 kB at 867 kB/s)
[INFO] Downloading from central: https://repo.maven.apache.org/maven2/org/apache/maven/surefire/surefire-extensions-api/3.0.0-M5/surefire-extensions-api-3.0.0-M5.pom
[INFO] Downloaded from central: https://repo.maven.apache.org/maven2/org/apache/maven/surefire/surefire-extensions-api/3.0.0-M5/surefire-extensions-api-3.0.0-M5.pom (4.0 kB at 119 kB/s)
[INFO] Downloading from central: https://repo.maven.apache.org/maven2/org/apache/maven/surefire/surefire-booter/3.0.0-M5/surefire-booter-3.0.0-M5.pom
[INFO] Downloaded from central: https://repo.maven.apache.org/maven2/org/apache/maven/surefire/surefire-booter/3.0.0-M5/surefire-booter-3.0.0-M5.pom (4.8 kB at 142 kB/s)
[INFO] Downloading from central: https://repo.maven.apache.org/maven2/org/apache/maven/surefire/surefire-extensions-spi/3.0.0-M5/surefire-extensions-spi-3.0.0-M5.pom
[INFO] Downloaded from central: https://repo.maven.apache.org/maven2/org/apache/maven/surefire/surefire-extensions-spi/3.0.0-M5/surefire-extensions-spi-3.0.0-M5.pom (1.6 kB at 62 kB/s)
[INFO] Downloading from central: https://repo.maven.apache.org/maven2/org/apache/maven/maven-toolchain/3.0-alpha-2/maven-toolchain-3.0-alpha-2.pom
[INFO] Downloaded from central: https://repo.maven.apache.org/maven2/org/apache/maven/maven-toolchain/3.0-alpha-2/maven-toolchain-3.0-alpha-2.pom (2.2 kB at 86 kB/s)
[INFO] Downloading from central: https://repo.maven.apache.org/maven2/org/apache/maven/maven/3.0-alpha-2/maven-3.0-alpha-2.pom
[INFO] Downloaded from central: https://repo.maven.apache.org/maven2/org/apache/maven/maven/3.0-alpha-2/maven-3.0-alpha-2.pom (21 kB at 792 kB/s)
[INFO] Downloading from central: https://repo.maven.apache.org/maven2/org/apache/maven/maven-parent/10/maven-parent-10.pom
[INFO] Downloaded from central: https://repo.maven.apache.org/maven2/org/apache/maven/maven-parent/10/maven-parent-10.pom (32 kB at 1.2 MB/s)
[INFO] Downloading from central: https://repo.maven.apache.org/maven2/org/apache/maven/shared/maven-artifact-transfer/0.11.0/maven-artifact-transfer-0.11.0.pom
[INFO] Downloaded from central: https://repo.maven.apache.org/maven2/org/apache/maven/shared/maven-artifact-transfer/0.11.0/maven-artifact-transfer-0.11.0.pom (11 kB at 358 kB/s)
[INFO] Downloading from central: https://repo.maven.apache.org/maven2/org/apache/maven/shared/maven-common-artifact-filters/3.1.0/maven-common-artifact-filters-3.1.0.pom
[INFO] Downloaded from central: https://repo.maven.apache.org/maven2/org/apache/maven/shared/maven-common-artifact-filters/3.1.0/maven-common-artifact-filters-3.1.0.pom (5.3 kB at 189 kB/s)
[INFO] Downloading from central: https://repo.maven.apache.org/maven2/org/codehaus/plexus/plexus-java/1.0.5/plexus-java-1.0.5.pom
[INFO] Downloaded from central: https://repo.maven.apache.org/maven2/org/codehaus/plexus/plexus-java/1.0.5/plexus-java-1.0.5.pom (4.6 kB at 107 kB/s)
[INFO] Downloading from central: https://repo.maven.apache.org/maven2/org/codehaus/plexus/plexus-languages/1.0.5/plexus-languages-1.0.5.pom
[INFO] Downloaded from central: https://repo.maven.apache.org/maven2/org/codehaus/plexus/plexus-languages/1.0.5/plexus-languages-1.0.5.pom (3.9 kB at 140 kB/s)
[INFO] Downloading from central: https://repo.maven.apache.org/maven2/org/codehaus/plexus/plexus/6.2/plexus-6.2.pom
[INFO] Downloaded from central: https://repo.maven.apache.org/maven2/org/codehaus/plexus/plexus/6.2/plexus-6.2.pom (24 kB at 934 kB/s)
[INFO] Downloading from central: https://repo.maven.apache.org/maven2/org/ow2/asm/asm/7.2/asm-7.2.pom
[INFO] Downloaded from central: https://repo.maven.apache.org/maven2/org/ow2/asm/asm/7.2/asm-7.2.pom (2.9 kB at 113 kB/s)
[INFO] Downloading from central: https://repo.maven.apache.org/maven2/com/thoughtworks/qdox/qdox/2.0-M9/qdox-2.0-M9.pom
[INFO] Downloaded from central: https://repo.maven.apache.org/maven2/com/thoughtworks/qdox/qdox/2.0-M9/qdox-2.0-M9.pom (16 kB at 587 kB/s)
[INFO] Downloading from central: https://repo.maven.apache.org/maven2/org/apache/maven/surefire/maven-surefire-common/3.0.0-M5/maven-surefire-common-3.0.0-M5.jar
[INFO] Downloading from central: https://repo.maven.apache.org/maven2/org/apache/maven/surefire/surefire-api/3.0.0-M5/surefire-api-3.0.0-M5.jar
[INFO] Downloading from central: https://repo.maven.apache.org/maven2/org/apache/maven/surefire/surefire-logger-api/3.0.0-M5/surefire-logger-api-3.0.0-M5.jar
[INFO] Downloading from central: https://repo.maven.apache.org/maven2/org/apache/maven/surefire/surefire-extensions-api/3.0.0-M5/surefire-extensions-api-3.0.0-M5.jar
[INFO] Downloading from central: https://repo.maven.apache.org/maven2/org/apache/maven/surefire/surefire-booter/3.0.0-M5/surefire-booter-3.0.0-M5.jar
[INFO] Downloaded from central: https://repo.maven.apache.org/maven2/org/apache/maven/surefire/surefire-logger-api/3.0.0-M5/surefire-logger-api-3.0.0-M5.jar (14 kB at 290 kB/s)
[INFO] Downloading from central: https://repo.maven.apache.org/maven2/org/apache/maven/surefire/surefire-extensions-spi/3.0.0-M5/surefire-extensions-spi-3.0.0-M5.jar
[INFO] Downloaded from central: https://repo.maven.apache.org/maven2/org/apache/maven/surefire/maven-surefire-common/3.0.0-M5/maven-surefire-common-3.0.0-M5.jar (311 kB at 6.2 MB/s)
[INFO] Downloading from central: https://repo.maven.apache.org/maven2/org/apache/maven/maven-toolchain/3.0-alpha-2/maven-toolchain-3.0-alpha-2.jar
[INFO] Downloaded from central: https://repo.maven.apache.org/maven2/org/apache/maven/surefire/surefire-extensions-api/3.0.0-M5/surefire-extensions-api-3.0.0-M5.jar (24 kB at 444 kB/s)
[INFO] Downloading from central: https://repo.maven.apache.org/maven2/org/apache/maven/shared/maven-artifact-transfer/0.11.0/maven-artifact-transfer-0.11.0.jar
[INFO] Downloaded from central: https://repo.maven.apache.org/maven2/org/apache/maven/surefire/surefire-api/3.0.0-M5/surefire-api-3.0.0-M5.jar (144 kB at 2.2 MB/s)
[INFO] Downloading from central: https://repo.maven.apache.org/maven2/org/apache/maven/shared/maven-common-artifact-filters/3.1.0/maven-common-artifact-filters-3.1.0.jar
[INFO] Downloaded from central: https://repo.maven.apache.org/maven2/org/apache/maven/surefire/surefire-extensions-spi/3.0.0-M5/surefire-extensions-spi-3.0.0-M5.jar (7.9 kB at 126 kB/s)
[INFO] Downloading from central: https://repo.maven.apache.org/maven2/org/codehaus/plexus/plexus-java/1.0.5/plexus-java-1.0.5.jar
[INFO] Downloaded from central: https://repo.maven.apache.org/maven2/org/apache/maven/maven-toolchain/3.0-alpha-2/maven-toolchain-3.0-alpha-2.jar (36 kB at 556 kB/s)
[INFO] Downloading from central: https://repo.maven.apache.org/maven2/org/ow2/asm/asm/7.2/asm-7.2.jar
[INFO] Downloaded from central: https://repo.maven.apache.org/maven2/org/apache/maven/surefire/surefire-booter/3.0.0-M5/surefire-booter-3.0.0-M5.jar (106 kB at 1.5 MB/s)
[INFO] Downloading from central: https://repo.maven.apache.org/maven2/com/thoughtworks/qdox/qdox/2.0-M9/qdox-2.0-M9.jar
[INFO] Downloaded from central: https://repo.maven.apache.org/maven2/org/apache/maven/shared/maven-common-artifact-filters/3.1.0/maven-common-artifact-filters-3.1.0.jar (61 kB at 766 kB/s)
[INFO] Downloading from central: https://repo.maven.apache.org/maven2/org/apache/maven/surefire/surefire-shared-utils/3.0.0-M4/surefire-shared-utils-3.0.0-M4.jar
[INFO] Downloaded from central: https://repo.maven.apache.org/maven2/org/apache/maven/shared/maven-artifact-transfer/0.11.0/maven-artifact-transfer-0.11.0.jar (128 kB at 1.5 MB/s)
[INFO] Downloading from central: https://repo.maven.apache.org/maven2/org/codehaus/plexus/plexus-utils/1.1/plexus-utils-1.1.jar
[INFO] Downloaded from central: https://repo.maven.apache.org/maven2/org/codehaus/plexus/plexus-java/1.0.5/plexus-java-1.0.5.jar (52 kB at 579 kB/s)
[INFO] Downloaded from central: https://repo.maven.apache.org/maven2/org/ow2/asm/asm/7.2/asm-7.2.jar (115 kB at 1.0 MB/s)
[INFO] Downloaded from central: https://repo.maven.apache.org/maven2/org/codehaus/plexus/plexus-utils/1.1/plexus-utils-1.1.jar (169 kB at 1.4 MB/s)
[INFO] Downloaded from central: https://repo.maven.apache.org/maven2/com/thoughtworks/qdox/qdox/2.0-M9/qdox-2.0-M9.jar (317 kB at 2.3 MB/s)
[INFO] Downloaded from central: https://repo.maven.apache.org/maven2/org/apache/maven/surefire/surefire-shared-utils/3.0.0-M4/surefire-shared-utils-3.0.0-M4.jar (1.9 MB at 10.0 MB/s)
[INFO] Downloading from central: https://repo.maven.apache.org/maven2/org/apache/maven/surefire/surefire-junit-platform/3.0.0-M5/surefire-junit-platform-3.0.0-M5.jar
[INFO] Downloaded from central: https://repo.maven.apache.org/maven2/org/apache/maven/surefire/surefire-junit-platform/3.0.0-M5/surefire-junit-platform-3.0.0-M5.jar (23 kB at 862 kB/s)
[INFO] Downloading from central: https://repo.maven.apache.org/maven2/org/apache/maven/surefire/surefire-junit-platform/3.0.0-M5/surefire-junit-platform-3.0.0-M5.pom
[INFO] Downloaded from central: https://repo.maven.apache.org/maven2/org/apache/maven/surefire/surefire-junit-platform/3.0.0-M5/surefire-junit-platform-3.0.0-M5.pom (6.7 kB at 258 kB/s)
[INFO] Downloading from central: https://repo.maven.apache.org/maven2/org/apache/maven/surefire/surefire-providers/3.0.0-M5/surefire-providers-3.0.0-M5.pom
[INFO] Downloaded from central: https://repo.maven.apache.org/maven2/org/apache/maven/surefire/surefire-providers/3.0.0-M5/surefire-providers-3.0.0-M5.pom (2.5 kB at 77 kB/s)
[INFO] Downloading from central: https://repo.maven.apache.org/maven2/org/apache/maven/surefire/common-java5/3.0.0-M5/common-java5-3.0.0-M5.pom
[INFO] Downloaded from central: https://repo.maven.apache.org/maven2/org/apache/maven/surefire/common-java5/3.0.0-M5/common-java5-3.0.0-M5.pom (2.6 kB at 75 kB/s)
[INFO] Downloading from central: https://repo.maven.apache.org/maven2/org/junit/platform/junit-platform-launcher/1.3.2/junit-platform-launcher-1.3.2.pom
[INFO] Downloaded from central: https://repo.maven.apache.org/maven2/org/junit/platform/junit-platform-launcher/1.3.2/junit-platform-launcher-1.3.2.pom (2.2 kB at 67 kB/s)
[INFO] Downloading from central: https://repo.maven.apache.org/maven2/org/apiguardian/apiguardian-api/1.0.0/apiguardian-api-1.0.0.pom
[INFO] Downloaded from central: https://repo.maven.apache.org/maven2/org/apiguardian/apiguardian-api/1.0.0/apiguardian-api-1.0.0.pom (1.2 kB at 42 kB/s)
[INFO] Downloading from central: https://repo.maven.apache.org/maven2/org/junit/platform/junit-platform-engine/1.3.2/junit-platform-engine-1.3.2.pom
[INFO] Downloaded from central: https://repo.maven.apache.org/maven2/org/junit/platform/junit-platform-engine/1.3.2/junit-platform-engine-1.3.2.pom (2.4 kB at 92 kB/s)
[INFO] Downloading from central: https://repo.maven.apache.org/maven2/org/junit/platform/junit-platform-commons/1.3.2/junit-platform-commons-1.3.2.pom
[INFO] Downloaded from central: https://repo.maven.apache.org/maven2/org/junit/platform/junit-platform-commons/1.3.2/junit-platform-commons-1.3.2.pom (2.0 kB at 81 kB/s)
[INFO] Downloading from central: https://repo.maven.apache.org/maven2/org/opentest4j/opentest4j/1.1.1/opentest4j-1.1.1.pom
[INFO] Downloaded from central: https://repo.maven.apache.org/maven2/org/opentest4j/opentest4j/1.1.1/opentest4j-1.1.1.pom (1.7 kB at 70 kB/s)
[INFO] Downloading from central: https://repo.maven.apache.org/maven2/org/junit/jupiter/junit-jupiter-engine/5.3.2/junit-jupiter-engine-5.3.2.pom
[INFO] Downloaded from central: https://repo.maven.apache.org/maven2/org/junit/jupiter/junit-jupiter-engine/5.3.2/junit-jupiter-engine-5.3.2.pom (2.4 kB at 89 kB/s)
[INFO] Downloading from central: https://repo.maven.apache.org/maven2/org/junit/jupiter/junit-jupiter-api/5.3.2/junit-jupiter-api-5.3.2.pom
[INFO] Downloaded from central: https://repo.maven.apache.org/maven2/org/junit/jupiter/junit-jupiter-api/5.3.2/junit-jupiter-api-5.3.2.pom (2.4 kB at 77 kB/s)
[INFO] Downloading from central: https://repo.maven.apache.org/maven2/org/junit/jupiter/junit-jupiter-params/5.3.2/junit-jupiter-params-5.3.2.pom
[INFO] Downloaded from central: https://repo.maven.apache.org/maven2/org/junit/jupiter/junit-jupiter-params/5.3.2/junit-jupiter-params-5.3.2.pom (2.2 kB at 82 kB/s)
[INFO] Downloading from central: https://repo.maven.apache.org/maven2/org/mockito/mockito-core/2.28.2/mockito-core-2.28.2.pom
[INFO] Downloaded from central: https://repo.maven.apache.org/maven2/org/mockito/mockito-core/2.28.2/mockito-core-2.28.2.pom (20 kB at 773 kB/s)
[INFO] Downloading from central: https://repo.maven.apache.org/maven2/net/bytebuddy/byte-buddy/1.9.10/byte-buddy-1.9.10.pom
[INFO] Downloaded from central: https://repo.maven.apache.org/maven2/net/bytebuddy/byte-buddy/1.9.10/byte-buddy-1.9.10.pom (10 kB at 287 kB/s)
[INFO] Downloading from central: https://repo.maven.apache.org/maven2/net/bytebuddy/byte-buddy-parent/1.9.10/byte-buddy-parent-1.9.10.pom
[INFO] Downloaded from central: https://repo.maven.apache.org/maven2/net/bytebuddy/byte-buddy-parent/1.9.10/byte-buddy-parent-1.9.10.pom (36 kB at 1.4 MB/s)
[INFO] Downloading from central: https://repo.maven.apache.org/maven2/net/bytebuddy/byte-buddy-agent/1.9.10/byte-buddy-agent-1.9.10.pom
[INFO] Downloaded from central: https://repo.maven.apache.org/maven2/net/bytebuddy/byte-buddy-agent/1.9.10/byte-buddy-agent-1.9.10.pom (6.0 kB at 188 kB/s)
[INFO] Downloading from central: https://repo.maven.apache.org/maven2/org/objenesis/objenesis/2.6/objenesis-2.6.pom
[INFO] Downloaded from central: https://repo.maven.apache.org/maven2/org/objenesis/objenesis/2.6/objenesis-2.6.pom (2.8 kB at 93 kB/s)
[INFO] Downloading from central: https://repo.maven.apache.org/maven2/org/objenesis/objenesis-parent/2.6/objenesis-parent-2.6.pom
[INFO] Downloaded from central: https://repo.maven.apache.org/maven2/org/objenesis/objenesis-parent/2.6/objenesis-parent-2.6.pom (17 kB at 661 kB/s)
[INFO] Downloading from central: https://repo.maven.apache.org/maven2/org/powermock/powermock-reflect/2.0.5/powermock-reflect-2.0.5.pom
[INFO] Downloaded from central: https://repo.maven.apache.org/maven2/org/powermock/powermock-reflect/2.0.5/powermock-reflect-2.0.5.pom (7.2 kB at 224 kB/s)
[INFO] Downloading from central: https://repo.maven.apache.org/maven2/org/assertj/assertj-core/3.9.1/assertj-core-3.9.1.pom
[INFO] Downloaded from central: https://repo.maven.apache.org/maven2/org/assertj/assertj-core/3.9.1/assertj-core-3.9.1.pom (10 kB at 310 kB/s)
[INFO] Downloading from central: https://repo.maven.apache.org/maven2/org/assertj/assertj-parent-pom/2.1.9/assertj-parent-pom-2.1.9.pom
[INFO] Downloaded from central: https://repo.maven.apache.org/maven2/org/assertj/assertj-parent-pom/2.1.9/assertj-parent-pom-2.1.9.pom (15 kB at 596 kB/s)
[INFO] Downloading from central: https://repo.maven.apache.org/maven2/junit/junit/4.13/junit-4.13.pom
[INFO] Downloaded from central: https://repo.maven.apache.org/maven2/junit/junit/4.13/junit-4.13.pom (25 kB at 1.0 MB/s)
[INFO] Downloading from central: https://repo.maven.apache.org/maven2/org/easytesting/fest-assert/1.4/fest-assert-1.4.pom
[INFO] Downloaded from central: https://repo.maven.apache.org/maven2/org/easytesting/fest-assert/1.4/fest-assert-1.4.pom (2.4 kB at 95 kB/s)
[INFO] Downloading from central: https://repo.maven.apache.org/maven2/org/easytesting/fest/1.0.8/fest-1.0.8.pom
[INFO] Downloaded from central: https://repo.maven.apache.org/maven2/org/easytesting/fest/1.0.8/fest-1.0.8.pom (12 kB at 448 kB/s)
[INFO] Downloading from central: https://repo.maven.apache.org/maven2/org/easytesting/fest-util/1.1.6/fest-util-1.1.6.pom
[INFO] Downloaded from central: https://repo.maven.apache.org/maven2/org/easytesting/fest-util/1.1.6/fest-util-1.1.6.pom (1.6 kB at 58 kB/s)
[INFO] Downloading from central: https://repo.maven.apache.org/maven2/org/junit/platform/junit-platform-launcher/1.3.2/junit-platform-launcher-1.3.2.jar
[INFO] Downloading from central: https://repo.maven.apache.org/maven2/org/apache/maven/surefire/common-java5/3.0.0-M5/common-java5-3.0.0-M5.jar
[INFO] Downloading from central: https://repo.maven.apache.org/maven2/org/junit/platform/junit-platform-commons/1.3.2/junit-platform-commons-1.3.2.jar
[INFO] Downloading from central: https://repo.maven.apache.org/maven2/org/apiguardian/apiguardian-api/1.0.0/apiguardian-api-1.0.0.jar
[INFO] Downloading from central: https://repo.maven.apache.org/maven2/org/junit/platform/junit-platform-engine/1.3.2/junit-platform-engine-1.3.2.jar
[INFO] Downloaded from central: https://repo.maven.apache.org/maven2/org/apache/maven/surefire/common-java5/3.0.0-M5/common-java5-3.0.0-M5.jar (16 kB at 605 kB/s)
[INFO] Downloaded from central: https://repo.maven.apache.org/maven2/org/apiguardian/apiguardian-api/1.0.0/apiguardian-api-1.0.0.jar (2.2 kB at 90 kB/s)
[INFO] Downloading from central: https://repo.maven.apache.org/maven2/org/opentest4j/opentest4j/1.1.1/opentest4j-1.1.1.jar
[INFO] Downloaded from central: https://repo.maven.apache.org/maven2/org/junit/platform/junit-platform-launcher/1.3.2/junit-platform-launcher-1.3.2.jar (95 kB at 3.1 MB/s)
[INFO] Downloaded from central: https://repo.maven.apache.org/maven2/org/junit/platform/junit-platform-commons/1.3.2/junit-platform-commons-1.3.2.jar (78 kB at 2.3 MB/s)
[INFO] Downloaded from central: https://repo.maven.apache.org/maven2/org/junit/platform/junit-platform-engine/1.3.2/junit-platform-engine-1.3.2.jar (138 kB at 3.1 MB/s)
[INFO] Downloaded from central: https://repo.maven.apache.org/maven2/org/opentest4j/opentest4j/1.1.1/opentest4j-1.1.1.jar (7.1 kB at 297 kB/s)
[INFO] Downloading from spigot-repo: https://hub.spigotmc.org/nexus/content/repositories/snapshots/org/junit/platform/junit-platform-launcher/1.7.2/junit-platform-launcher-1.7.2.jar
[INFO] Downloading from jitpack.io: https://jitpack.io/org/junit/platform/junit-platform-launcher/1.7.2/junit-platform-launcher-1.7.2.jar
[INFO] Downloading from CodeMC: https://repo.codemc.org/repository/maven-public/org/junit/platform/junit-platform-launcher/1.7.2/junit-platform-launcher-1.7.2.jar
[INFO] Downloading from central: https://repo.maven.apache.org/maven2/org/junit/platform/junit-platform-launcher/1.7.2/junit-platform-launcher-1.7.2.jar
[INFO] Downloaded from central: https://repo.maven.apache.org/maven2/org/junit/platform/junit-platform-launcher/1.7.2/junit-platform-launcher-1.7.2.jar (137 kB at 2.9 MB/s)
[INFO] Downloading from spigot-repo: https://hub.spigotmc.org/nexus/content/repositories/snapshots/org/junit/platform/junit-platform-launcher/1.7.2/junit-platform-launcher-1.7.2.pom
[INFO] Downloading from jitpack.io: https://jitpack.io/org/junit/platform/junit-platform-launcher/1.7.2/junit-platform-launcher-1.7.2.pom
[INFO] Downloading from CodeMC: https://repo.codemc.org/repository/maven-public/org/junit/platform/junit-platform-launcher/1.7.2/junit-platform-launcher-1.7.2.pom
[INFO] Downloading from central: https://repo.maven.apache.org/maven2/org/junit/platform/junit-platform-launcher/1.7.2/junit-platform-launcher-1.7.2.pom
[INFO] Downloaded from central: https://repo.maven.apache.org/maven2/org/junit/platform/junit-platform-launcher/1.7.2/junit-platform-launcher-1.7.2.pom (3.0 kB at 116 kB/s)
[INFO] Downloading from spigot-repo: https://hub.spigotmc.org/nexus/content/repositories/snapshots/org/junit/platform/junit-platform-engine/1.7.2/junit-platform-engine-1.7.2.pom
[INFO] Downloading from jitpack.io: https://jitpack.io/org/junit/platform/junit-platform-engine/1.7.2/junit-platform-engine-1.7.2.pom
[INFO] Downloading from CodeMC: https://repo.codemc.org/repository/maven-public/org/junit/platform/junit-platform-engine/1.7.2/junit-platform-engine-1.7.2.pom
[INFO] Downloading from central: https://repo.maven.apache.org/maven2/org/junit/platform/junit-platform-engine/1.7.2/junit-platform-engine-1.7.2.pom
[INFO] Downloaded from central: https://repo.maven.apache.org/maven2/org/junit/platform/junit-platform-engine/1.7.2/junit-platform-engine-1.7.2.pom (3.2 kB at 123 kB/s)
[INFO] Downloading from spigot-repo: https://hub.spigotmc.org/nexus/content/repositories/snapshots/org/junit/platform/junit-platform-engine/1.7.2/junit-platform-engine-1.7.2.jar
[INFO] Downloading from jitpack.io: https://jitpack.io/org/junit/platform/junit-platform-engine/1.7.2/junit-platform-engine-1.7.2.jar
[INFO] Downloading from CodeMC: https://repo.codemc.org/repository/maven-public/org/junit/platform/junit-platform-engine/1.7.2/junit-platform-engine-1.7.2.jar
[INFO] Downloading from central: https://repo.maven.apache.org/maven2/org/junit/platform/junit-platform-engine/1.7.2/junit-platform-engine-1.7.2.jar
[INFO] Downloaded from central: https://repo.maven.apache.org/maven2/org/junit/platform/junit-platform-engine/1.7.2/junit-platform-engine-1.7.2.jar (181 kB at 3.8 MB/s)
[INFO] 
[INFO] -------------------------------------------------------
[INFO]  T E S T S
[INFO] -------------------------------------------------------
[INFO] Running io.github.seggan.emc2.TestMaterials
Jun 01, 2021 7:32:28 PM org.bukkit.plugin.java.JavaPluginLoader <init>
WARNING: Could not initialize LibraryLoader (missing dependencies?)
[19:32:29 INFO]: [Slimefun] Parent "slimefun:electricity" for Category "emc2:emc2_category" was not found, probably just disabled.
[INFO] Tests run: 1, Failures: 0, Errors: 0, Skipped: 0, Time elapsed: 0.951 s - in io.github.seggan.emc2.TestMaterials
[INFO] Running io.github.seggan.emc2.TestCaps
[19:32:29 WARNING]: Could not initialize LibraryLoader (missing dependencies?)
[19:32:29 INFO]: [Slimefun] Parent "slimefun:electricity" for Category "emc2:emc2_category" was not found, probably just disabled.
[INFO] Tests run: 1, Failures: 0, Errors: 0, Skipped: 0, Time elapsed: 1.062 s - in io.github.seggan.emc2.TestCaps
[INFO] 
[INFO] Results:
[INFO] 
[INFO] Tests run: 2, Failures: 0, Errors: 0, Skipped: 0
[INFO] 
[INFO] 
[INFO] --- maven-jar-plugin:2.4:jar (default-jar) @ EMC2 ---
[INFO] Building jar: /home/runner/work/builds/builds/Seggan/EMC2/master/files/target/EMC2-3.jar
[INFO] 
[INFO] --- maven-shade-plugin:3.2.4:shade (default) @ EMC2 ---
[INFO] Including io.github.mooy1:InfinityLib:jar:71cff3336d in the shaded jar.
[INFO] Replacing original artifact with shaded artifact.
[INFO] Replacing /home/runner/work/builds/builds/Seggan/EMC2/master/files/target/EMC2-3.jar with /home/runner/work/builds/builds/Seggan/EMC2/master/files/target/EMC2-DEV - 3 (git e0f22cd2)-shaded.jar
[INFO] Dependency-reduced POM written at: /home/runner/work/builds/builds/Seggan/EMC2/master/files/dependency-reduced-pom.xml
[INFO] ------------------------------------------------------------------------
[INFO] BUILD SUCCESS
[INFO] ------------------------------------------------------------------------
[INFO] Total time:  21.752 s
[INFO] Finished at: 2021-06-01T19:32:31Z
[INFO] ------------------------------------------------------------------------
