[Ir projects...
NFO] Scanning fo[INFO] 
[INFO] -------------------< me.mrCookieSlime:ExoticGarden >--------------------
[INFO] Building ExoticGarden DEV - 9 (git 770918cf)
[INFO] --------------------------------[ jar ]---------------------------------
[INFO] Downloading from paper-repo: https://repo.destroystokyo.com/repository/maven-public/org/bukkit/bukkit/1.13-R0.1-SNAPSHOT/maven-metadata.xml
[INFO] Downloaded from paper-repo: https://repo.destroystokyo.com/repository/maven-public/org/bukkit/bukkit/1.13-R0.1-SNAPSHOT/maven-metadata.xml (1.4 kB at 392 B/s)
[WARNING] The POM for com.wasteofplastic:askyblock:jar:3.0.8.2 is invalid, transitive dependencies (if any) will not be available, enable debug logging for more details
[WARNING] The POM for com.github.dmulloy2.LWC:lwc:jar:master-4.5.1-g2100b5e-18 is invalid, transitive dependencies (if any) will not be available, enable debug logging for more details
[INFO] Downloading from paper-repo: https://repo.destroystokyo.com/repository/maven-public/com/massivecraft/massivecore/MassiveCore/2.13.0/MassiveCore-2.13.0.pom
[INFO] Downloading from spigot-repo: https://hub.spigotmc.org/nexus/content/repositories/snapshots/com/massivecraft/massivecore/MassiveCore/2.13.0/MassiveCore-2.13.0.pom
[INFO] Downloading from jitpack.io: https://jitpack.io/com/massivecraft/massivecore/MassiveCore/2.13.0/MassiveCore-2.13.0.pom
[INFO] Downloading from central: https://repo.maven.apache.org/maven2/com/massivecraft/massivecore/MassiveCore/2.13.0/MassiveCore-2.13.0.pom
[INFO] Downloading from redprotect-repo: https://raw.github.com/FabioZumbi12/RedProtect/mvn-repo/com/massivecraft/massivecore/MassiveCore/2.13.0/MassiveCore-2.13.0.pom
[INFO] Downloading from worldedit-worldguard-repo: http://maven.sk89q.com/repo/com/massivecraft/massivecore/MassiveCore/2.13.0/MassiveCore-2.13.0.pom
[INFO] Downloading from bintray-tastybento-maven-repo: http://dl.bintray.com/tastybento/maven-repo/com/massivecraft/massivecore/MassiveCore/2.13.0/MassiveCore-2.13.0.pom
[INFO] Downloading from massivecore-factions-repo: http://repo.dustplanet.de/artifactory/ext-release-local/com/massivecraft/massivecore/MassiveCore/2.13.0/MassiveCore-2.13.0.pom
[INFO] Downloading from incendo-plotsquared-repo: https://incendo.org/mvn/com/massivecraft/massivecore/MassiveCore/2.13.0/MassiveCore-2.13.0.pom
[INFO] Downloading from FactionsUUID-repo: https://ci.ender.zone/job/FactionsUUID/122/maven-repository/repository/com/massivecraft/massivecore/MassiveCore/2.13.0/MassiveCore-2.13.0.pom
[INFO] Downloading from paper-repo: https://repo.destroystokyo.com/repository/maven-public/com/massivecraft/factions/Factions/2.13.0/Factions-2.13.0.pom
[INFO] Downloading from spigot-repo: https://hub.spigotmc.org/nexus/content/repositories/snapshots/com/massivecraft/factions/Factions/2.13.0/Factions-2.13.0.pom
[INFO] Downloading from jitpack.io: https://jitpack.io/com/massivecraft/factions/Factions/2.13.0/Factions-2.13.0.pom
[INFO] Downloading from central: https://repo.maven.apache.org/maven2/com/massivecraft/factions/Factions/2.13.0/Factions-2.13.0.pom
[INFO] Downloading from redprotect-repo: https://raw.github.com/FabioZumbi12/RedProtect/mvn-repo/com/massivecraft/factions/Factions/2.13.0/Factions-2.13.0.pom
[INFO] Downloading from worldedit-worldguard-repo: http://maven.sk89q.com/repo/com/massivecraft/factions/Factions/2.13.0/Factions-2.13.0.pom
[INFO] Downloading from bintray-tastybento-maven-repo: http://dl.bintray.com/tastybento/maven-repo/com/massivecraft/factions/Factions/2.13.0/Factions-2.13.0.pom
[INFO] Downloading from massivecore-factions-repo: http://repo.dustplanet.de/artifactory/ext-release-local/com/massivecraft/factions/Factions/2.13.0/Factions-2.13.0.pom
[INFO] Downloading from incendo-plotsquared-repo: https://incendo.org/mvn/com/massivecraft/factions/Factions/2.13.0/Factions-2.13.0.pom
[INFO] Downloading from FactionsUUID-repo: https://ci.ender.zone/job/FactionsUUID/122/maven-repository/repository/com/massivecraft/factions/Factions/2.13.0/Factions-2.13.0.pom
[INFO] Downloading from massivecore-factions-repo: http://repo.dustplanet.de/artifactory/ext-release-local/mkremins/fanciful/0.4.0-SNAPSHOT/maven-metadata.xml
[INFO] Downloading from paper-repo: https://repo.destroystokyo.com/repository/maven-public/mkremins/fanciful/0.4.0-SNAPSHOT/maven-metadata.xml
[INFO] Downloading from incendo-plotsquared-repo: https://incendo.org/mvn/mkremins/fanciful/0.4.0-SNAPSHOT/maven-metadata.xml
[WARNING] Could not transfer metadata mkremins:fanciful:0.4.0-SNAPSHOT/maven-metadata.xml from/to massivecore-factions-repo (http://repo.dustplanet.de/artifactory/ext-release-local/): Failed to transfer file http://repo.dustplanet.de/artifactory/ext-release-local/mkremins/fanciful/0.4.0-SNAPSHOT/maven-metadata.xml with status code 503
[WARNING] Could not transfer metadata mkremins:fanciful:0.4.0-SNAPSHOT/maven-metadata.xml from/to incendo-plotsquared-repo (https://incendo.org/mvn/): Connect to incendo.org:443 [incendo.org/72.52.179.175] failed: Verbindungsaufbau abgelehnt
[WARNING] Failure to transfer mkremins:fanciful:0.4.0-SNAPSHOT/maven-metadata.xml from http://repo.dustplanet.de/artifactory/ext-release-local/ was cached in the local repository, resolution will not be reattempted until the update interval of massivecore-factions-repo has elapsed or updates are forced. Original error: Could not transfer metadata mkremins:fanciful:0.4.0-SNAPSHOT/maven-metadata.xml from/to massivecore-factions-repo (http://repo.dustplanet.de/artifactory/ext-release-local/): Failed to transfer file http://repo.dustplanet.de/artifactory/ext-release-local/mkremins/fanciful/0.4.0-SNAPSHOT/maven-metadata.xml with status code 503
[WARNING] Failure to transfer mkremins:fanciful:0.4.0-SNAPSHOT/maven-metadata.xml from https://incendo.org/mvn/ was cached in the local repository, resolution will not be reattempted until the update interval of incendo-plotsquared-repo has elapsed or updates are forced. Original error: Could not transfer metadata mkremins:fanciful:0.4.0-SNAPSHOT/maven-metadata.xml from/to incendo-plotsquared-repo (https://incendo.org/mvn/): Connect to incendo.org:443 [incendo.org/72.52.179.175] failed: Verbindungsaufbau abgelehnt
[INFO] Downloading from paper-repo: https://repo.destroystokyo.com/repository/maven-public/com/darkblade12/particleeffect/1.8.0-SNAPSHOT/maven-metadata.xml
[INFO] Downloading from incendo-plotsquared-repo: https://incendo.org/mvn/com/darkblade12/particleeffect/1.8.0-SNAPSHOT/maven-metadata.xml
[INFO] Downloading from massivecore-factions-repo: http://repo.dustplanet.de/artifactory/ext-release-local/com/darkblade12/particleeffect/1.8.0-SNAPSHOT/maven-metadata.xml
[WARNING] Could not transfer metadata com.darkblade12:particleeffect:1.8.0-SNAPSHOT/maven-metadata.xml from/to massivecore-factions-repo (http://repo.dustplanet.de/artifactory/ext-release-local/): Failed to transfer file http://repo.dustplanet.de/artifactory/ext-release-local/com/darkblade12/particleeffect/1.8.0-SNAPSHOT/maven-metadata.xml with status code 503
[WARNING] Could not transfer metadata com.darkblade12:particleeffect:1.8.0-SNAPSHOT/maven-metadata.xml from/to incendo-plotsquared-repo (https://incendo.org/mvn/): Connect to incendo.org:443 [incendo.org/72.52.179.175] failed: Verbindungsaufbau abgelehnt
[WARNING] Failure to transfer com.darkblade12:particleeffect:1.8.0-SNAPSHOT/maven-metadata.xml from http://repo.dustplanet.de/artifactory/ext-release-local/ was cached in the local repository, resolution will not be reattempted until the update interval of massivecore-factions-repo has elapsed or updates are forced. Original error: Could not transfer metadata com.darkblade12:particleeffect:1.8.0-SNAPSHOT/maven-metadata.xml from/to massivecore-factions-repo (http://repo.dustplanet.de/artifactory/ext-release-local/): Failed to transfer file http://repo.dustplanet.de/artifactory/ext-release-local/com/darkblade12/particleeffect/1.8.0-SNAPSHOT/maven-metadata.xml with status code 503
[WARNING] Failure to transfer com.darkblade12:particleeffect:1.8.0-SNAPSHOT/maven-metadata.xml from https://incendo.org/mvn/ was cached in the local repository, resolution will not be reattempted until the update interval of incendo-plotsquared-repo has elapsed or updates are forced. Original error: Could not transfer metadata com.darkblade12:particleeffect:1.8.0-SNAPSHOT/maven-metadata.xml from/to incendo-plotsquared-repo (https://incendo.org/mvn/): Connect to incendo.org:443 [incendo.org/72.52.179.175] failed: Verbindungsaufbau abgelehnt
[INFO] Downloading from massivecore-factions-repo: http://repo.dustplanet.de/artifactory/ext-release-local/org/bukkit/bukkit/maven-metadata.xml
[INFO] Downloading from incendo-plotsquared-repo: https://incendo.org/mvn/org/bukkit/bukkit/maven-metadata.xml
[INFO] Downloading from maven-codearts-jp: http://maven.codearts.jp/org/bukkit/bukkit/maven-metadata.xml
[INFO] Downloading from paper-repo: https://repo.destroystokyo.com/repository/maven-public/org/bukkit/bukkit/maven-metadata.xml
[INFO] Downloaded from paper-repo: https://repo.destroystokyo.com/repository/maven-public/org/bukkit/bukkit/maven-metadata.xml (1.6 kB at 3.1 kB/s)
[WARNING] Could not transfer metadata org.bukkit:bukkit/maven-metadata.xml from/to massivecore-factions-repo (http://repo.dustplanet.de/artifactory/ext-release-local/): Failed to transfer file http://repo.dustplanet.de/artifactory/ext-release-local/org/bukkit/bukkit/maven-metadata.xml with status code 503
[WARNING] Could not transfer metadata org.bukkit:bukkit/maven-metadata.xml from/to incendo-plotsquared-repo (https://incendo.org/mvn/): Connect to incendo.org:443 [incendo.org/72.52.179.175] failed: Verbindungsaufbau abgelehnt
[WARNING] Could not transfer metadata org.bukkit:bukkit/maven-metadata.xml from/to maven-codearts-jp (http://maven.codearts.jp/): maven.codearts.jp: unknown error
[WARNING] Failure to transfer org.bukkit:bukkit/maven-metadata.xml from http://repo.dustplanet.de/artifactory/ext-release-local/ was cached in the local repository, resolution will not be reattempted until the update interval of massivecore-factions-repo has elapsed or updates are forced. Original error: Could not transfer metadata org.bukkit:bukkit/maven-metadata.xml from/to massivecore-factions-repo (http://repo.dustplanet.de/artifactory/ext-release-local/): Failed to transfer file http://repo.dustplanet.de/artifactory/ext-release-local/org/bukkit/bukkit/maven-metadata.xml with status code 503
[WARNING] Failure to transfer org.bukkit:bukkit/maven-metadata.xml from https://incendo.org/mvn/ was cached in the local repository, resolution will not be reattempted until the update interval of incendo-plotsquared-repo has elapsed or updates are forced. Original error: Could not transfer metadata org.bukkit:bukkit/maven-metadata.xml from/to incendo-plotsquared-repo (https://incendo.org/mvn/): Connect to incendo.org:443 [incendo.org/72.52.179.175] failed: Verbindungsaufbau abgelehnt
[WARNING] Failure to transfer org.bukkit:bukkit/maven-metadata.xml from http://maven.codearts.jp/ was cached in the local repository, resolution will not be reattempted until the update interval of maven-codearts-jp has elapsed or updates are forced. Original error: Could not transfer metadata org.bukkit:bukkit/maven-metadata.xml from/to maven-codearts-jp (http://maven.codearts.jp/): maven.codearts.jp: unknown error
[INFO] Downloading from incendo-plotsquared-repo: https://incendo.org/mvn/com/sk89q/worldedit/worldedit-core/7.0.0-SNAPSHOT/maven-metadata.xml
[INFO] Downloading from massivecore-factions-repo: http://repo.dustplanet.de/artifactory/ext-release-local/com/sk89q/worldedit/worldedit-core/7.0.0-SNAPSHOT/maven-metadata.xml
[WARNING] Could not transfer metadata com.sk89q.worldedit:worldedit-core:7.0.0-SNAPSHOT/maven-metadata.xml from/to massivecore-factions-repo (http://repo.dustplanet.de/artifactory/ext-release-local/): Failed to transfer file http://repo.dustplanet.de/artifactory/ext-release-local/com/sk89q/worldedit/worldedit-core/7.0.0-SNAPSHOT/maven-metadata.xml with status code 503
[WARNING] Could not transfer metadata com.sk89q.worldedit:worldedit-core:7.0.0-SNAPSHOT/maven-metadata.xml from/to incendo-plotsquared-repo (https://incendo.org/mvn/): Connect to incendo.org:443 [incendo.org/72.52.179.175] failed: Verbindungsaufbau abgelehnt
[WARNING] Failure to transfer com.sk89q.worldedit:worldedit-core:7.0.0-SNAPSHOT/maven-metadata.xml from http://repo.dustplanet.de/artifactory/ext-release-local/ was cached in the local repository, resolution will not be reattempted until the update interval of massivecore-factions-repo has elapsed or updates are forced. Original error: Could not transfer metadata com.sk89q.worldedit:worldedit-core:7.0.0-SNAPSHOT/maven-metadata.xml from/to massivecore-factions-repo (http://repo.dustplanet.de/artifactory/ext-release-local/): Failed to transfer file http://repo.dustplanet.de/artifactory/ext-release-local/com/sk89q/worldedit/worldedit-core/7.0.0-SNAPSHOT/maven-metadata.xml with status code 503
[WARNING] Failure to transfer com.sk89q.worldedit:worldedit-core:7.0.0-SNAPSHOT/maven-metadata.xml from https://incendo.org/mvn/ was cached in the local repository, resolution will not be reattempted until the update interval of incendo-plotsquared-repo has elapsed or updates are forced. Original error: Could not transfer metadata com.sk89q.worldedit:worldedit-core:7.0.0-SNAPSHOT/maven-metadata.xml from/to incendo-plotsquared-repo (https://incendo.org/mvn/): Connect to incendo.org:443 [incendo.org/72.52.179.175] failed: Verbindungsaufbau abgelehnt
[INFO] Downloading from incendo-plotsquared-repo: https://incendo.org/mvn/com/sk89q/worldedit/worldedit-libs/core/7.0.0-SNAPSHOT/maven-metadata.xml
[INFO] Downloading from massivecore-factions-repo: http://repo.dustplanet.de/artifactory/ext-release-local/com/sk89q/worldedit/worldedit-libs/core/7.0.0-SNAPSHOT/maven-metadata.xml
[WARNING] Could not transfer metadata com.sk89q.worldedit.worldedit-libs:core:7.0.0-SNAPSHOT/maven-metadata.xml from/to massivecore-factions-repo (http://repo.dustplanet.de/artifactory/ext-release-local/): Failed to transfer file http://repo.dustplanet.de/artifactory/ext-release-local/com/sk89q/worldedit/worldedit-libs/core/7.0.0-SNAPSHOT/maven-metadata.xml with status code 503
[WARNING] Could not transfer metadata com.sk89q.worldedit.worldedit-libs:core:7.0.0-SNAPSHOT/maven-metadata.xml from/to incendo-plotsquared-repo (https://incendo.org/mvn/): Connect to incendo.org:443 [incendo.org/72.52.179.175] failed: Verbindungsaufbau abgelehnt
[WARNING] Failure to transfer com.sk89q.worldedit.worldedit-libs:core:7.0.0-SNAPSHOT/maven-metadata.xml from http://repo.dustplanet.de/artifactory/ext-release-local/ was cached in the local repository, resolution will not be reattempted until the update interval of massivecore-factions-repo has elapsed or updates are forced. Original error: Could not transfer metadata com.sk89q.worldedit.worldedit-libs:core:7.0.0-SNAPSHOT/maven-metadata.xml from/to massivecore-factions-repo (http://repo.dustplanet.de/artifactory/ext-release-local/): Failed to transfer file http://repo.dustplanet.de/artifactory/ext-release-local/com/sk89q/worldedit/worldedit-libs/core/7.0.0-SNAPSHOT/maven-metadata.xml with status code 503
[WARNING] Failure to transfer com.sk89q.worldedit.worldedit-libs:core:7.0.0-SNAPSHOT/maven-metadata.xml from https://incendo.org/mvn/ was cached in the local repository, resolution will not be reattempted until the update interval of incendo-plotsquared-repo has elapsed or updates are forced. Original error: Could not transfer metadata com.sk89q.worldedit.worldedit-libs:core:7.0.0-SNAPSHOT/maven-metadata.xml from/to incendo-plotsquared-repo (https://incendo.org/mvn/): Connect to incendo.org:443 [incendo.org/72.52.179.175] failed: Verbindungsaufbau abgelehnt
[WARNING] The POM for com.github.TheBusyBiscuit:Slimefun4:jar:3619c4bc9e is invalid, transitive dependencies (if any) will not be available, enable debug logging for more details
[INFO] ------------------------------------------------------------------------
[INFO] BUILD FAILURE
[INFO] ------------------------------------------------------------------------
[INFO] Total time:  23.480 s
[INFO] Finished at: 2019-06-11T23:48:03+02:00
[INFO] ------------------------------------------------------------------------
[ERROR] Failed to execute goal on project ExoticGarden: Could not resolve dependencies for project me.mrCookieSlime:ExoticGarden:jar:DEV - 9 (git 770918cf): Failed to collect dependencies at com.github.TheBusyBiscuit:CS-CoreLib:jar:2e140f829f -> com.massivecraft.massivecore:MassiveCore:jar:2.13.0: Failed to read artifact descriptor for com.massivecraft.massivecore:MassiveCore:jar:2.13.0: Could not transfer artifact com.massivecraft.massivecore:MassiveCore:pom:2.13.0 from/to massivecore-factions-repo (http://repo.dustplanet.de/artifactory/ext-release-local/): Failed to transfer file http://repo.dustplanet.de/artifactory/ext-release-local/com/massivecraft/massivecore/MassiveCore/2.13.0/MassiveCore-2.13.0.pom with status code 503 -> [Help 1]
[ERROR] 
[ERROR] To see the full stack trace of the errors, re-run Maven with the -e switch.
[ERROR] Re-run Maven using the -X switch to enable full debug logging.
[ERROR] 
[ERROR] For more information about the errors and possible solutions, please read the following articles:
[ERROR] [Help 1] http://cwiki.apache.org/confluence/display/MAVEN/DependencyResolutionException
