[INFO] Scanning for projects...
[INFO] 
[INFO] ------------------------------------------------------------------------
[INFO] Building ExoticGarden DEV #1 (git b1af0496)
[INFO] ------------------------------------------------------------------------
[WARNING] The POM for com.wasteofplastic:askyblock:jar:3.0.6.9 is invalid, transitive dependencies (if any) will not be available, enable debug logging for more details
[WARNING] The POM for com.github.dmulloy2.LWC:lwc:jar:master-4.5.1-g2100b5e-18 is invalid, transitive dependencies (if any) will not be available, enable debug logging for more details
[WARNING] The POM for com.massivecraft.massivecore:MassiveCore:jar:2.13.0 is missing, no dependency information available
[WARNING] The POM for com.massivecraft.factions:Factions:jar:2.13.0 is missing, no dependency information available
Downloading from worldedit-worldguard-repo: http://maven.sk89q.com/repo/org/bukkit/bukkit/maven-metadata.xml
Downloading from maven-codearts-jp: http://maven.codearts.jp/org/bukkit/bukkit/maven-metadata.xml
[WARNING] Could not transfer metadata org.bukkit:bukkit/maven-metadata.xml from/to worldedit-worldguard-repo (http://maven.sk89q.com/repo/): Failed to transfer file: http://maven.sk89q.com/repo/org/bukkit/bukkit/maven-metadata.xml. Return code is: 500 , ReasonPhrase:Internal Server Error.
[WARNING] Could not transfer metadata org.bukkit:bukkit/maven-metadata.xml from/to maven-codearts-jp (http://maven.codearts.jp/): maven.codearts.jp: unknown error
[WARNING] Failure to transfer org.bukkit:bukkit/maven-metadata.xml from http://maven.sk89q.com/repo/ was cached in the local repository, resolution will not be reattempted until the update interval of worldedit-worldguard-repo has elapsed or updates are forced. Original error: Could not transfer metadata org.bukkit:bukkit/maven-metadata.xml from/to worldedit-worldguard-repo (http://maven.sk89q.com/repo/): Failed to transfer file: http://maven.sk89q.com/repo/org/bukkit/bukkit/maven-metadata.xml. Return code is: 500 , ReasonPhrase:Internal Server Error.
[WARNING] Failure to transfer org.bukkit:bukkit/maven-metadata.xml from http://maven.codearts.jp/ was cached in the local repository, resolution will not be reattempted until the update interval of maven-codearts-jp has elapsed or updates are forced. Original error: Could not transfer metadata org.bukkit:bukkit/maven-metadata.xml from/to maven-codearts-jp (http://maven.codearts.jp/): maven.codearts.jp: unknown error
[WARNING] The POM for com.github.TheBusyBiscuit:Slimefun4:jar:v4.1.12 is invalid, transitive dependencies (if any) will not be available, enable debug logging for more details
[INFO] 
[INFO] --- maven-resources-plugin:2.6:resources (default-resources) @ ExoticGarden ---
[INFO] Using 'UTF-8' encoding to copy filtered resources.
[INFO] Copying 1 resource
[INFO] 
[INFO] --- maven-compiler-plugin:3.1:compile (default-compile) @ ExoticGarden ---
[INFO] Changes detected - recompiling the module!
[INFO] Compiling 27 source files to /home/pi/builds/TheBusyBiscuit/ExoticGarden/master/files/target/classes
[WARNING] /home/pi/builds/TheBusyBiscuit/ExoticGarden/master/files/src/me/mrCookieSlime/ExoticGarden/ExoticGarden.java:[216,105] unmappable character for encoding UTF-8
[WARNING] /home/pi/builds/TheBusyBiscuit/ExoticGarden/master/files/src/me/mrCookieSlime/ExoticGarden/ExoticGarden.java:[216,107] unmappable character for encoding UTF-8
[WARNING] /home/pi/builds/TheBusyBiscuit/ExoticGarden/master/files/src/me/mrCookieSlime/ExoticGarden/ExoticGarden.java:[216,118] unmappable character for encoding UTF-8
[WARNING] /home/pi/builds/TheBusyBiscuit/ExoticGarden/master/files/src/me/mrCookieSlime/ExoticGarden/ExoticGarden.java:[216,120] unmappable character for encoding UTF-8
[WARNING] /home/pi/builds/TheBusyBiscuit/ExoticGarden/master/files/src/me/mrCookieSlime/ExoticGarden/ExoticGarden.java:[216,136] unmappable character for encoding UTF-8
[WARNING] /home/pi/builds/TheBusyBiscuit/ExoticGarden/master/files/src/me/mrCookieSlime/ExoticGarden/ExoticGarden.java:[216,138] unmappable character for encoding UTF-8
[WARNING] /home/pi/builds/TheBusyBiscuit/ExoticGarden/master/files/src/me/mrCookieSlime/ExoticGarden/ExoticGarden.java:[220,104] unmappable character for encoding UTF-8
[WARNING] /home/pi/builds/TheBusyBiscuit/ExoticGarden/master/files/src/me/mrCookieSlime/ExoticGarden/ExoticGarden.java:[220,106] unmappable character for encoding UTF-8
[WARNING] /home/pi/builds/TheBusyBiscuit/ExoticGarden/master/files/src/me/mrCookieSlime/ExoticGarden/ExoticGarden.java:[220,117] unmappable character for encoding UTF-8
[WARNING] /home/pi/builds/TheBusyBiscuit/ExoticGarden/master/files/src/me/mrCookieSlime/ExoticGarden/ExoticGarden.java:[220,119] unmappable character for encoding UTF-8
[WARNING] /home/pi/builds/TheBusyBiscuit/ExoticGarden/master/files/src/me/mrCookieSlime/ExoticGarden/ExoticGarden.java:[220,135] unmappable character for encoding UTF-8
[WARNING] /home/pi/builds/TheBusyBiscuit/ExoticGarden/master/files/src/me/mrCookieSlime/ExoticGarden/ExoticGarden.java:[220,137] unmappable character for encoding UTF-8
[WARNING] /home/pi/builds/TheBusyBiscuit/ExoticGarden/master/files/src/me/mrCookieSlime/ExoticGarden/ExoticGarden.java:[224,96] unmappable character for encoding UTF-8
[WARNING] /home/pi/builds/TheBusyBiscuit/ExoticGarden/master/files/src/me/mrCookieSlime/ExoticGarden/ExoticGarden.java:[224,98] unmappable character for encoding UTF-8
[WARNING] /home/pi/builds/TheBusyBiscuit/ExoticGarden/master/files/src/me/mrCookieSlime/ExoticGarden/ExoticGarden.java:[224,109] unmappable character for encoding UTF-8
[WARNING] /home/pi/builds/TheBusyBiscuit/ExoticGarden/master/files/src/me/mrCookieSlime/ExoticGarden/ExoticGarden.java:[224,111] unmappable character for encoding UTF-8
[WARNING] /home/pi/builds/TheBusyBiscuit/ExoticGarden/master/files/src/me/mrCookieSlime/ExoticGarden/ExoticGarden.java:[224,127] unmappable character for encoding UTF-8
[WARNING] /home/pi/builds/TheBusyBiscuit/ExoticGarden/master/files/src/me/mrCookieSlime/ExoticGarden/ExoticGarden.java:[224,129] unmappable character for encoding UTF-8
[WARNING] /home/pi/builds/TheBusyBiscuit/ExoticGarden/master/files/src/me/mrCookieSlime/ExoticGarden/ExoticGarden.java:[228,106] unmappable character for encoding UTF-8
[WARNING] /home/pi/builds/TheBusyBiscuit/ExoticGarden/master/files/src/me/mrCookieSlime/ExoticGarden/ExoticGarden.java:[228,108] unmappable character for encoding UTF-8
[WARNING] /home/pi/builds/TheBusyBiscuit/ExoticGarden/master/files/src/me/mrCookieSlime/ExoticGarden/ExoticGarden.java:[228,119] unmappable character for encoding UTF-8
[WARNING] /home/pi/builds/TheBusyBiscuit/ExoticGarden/master/files/src/me/mrCookieSlime/ExoticGarden/ExoticGarden.java:[228,121] unmappable character for encoding UTF-8
[WARNING] /home/pi/builds/TheBusyBiscuit/ExoticGarden/master/files/src/me/mrCookieSlime/ExoticGarden/ExoticGarden.java:[228,137] unmappable character for encoding UTF-8
[WARNING] /home/pi/builds/TheBusyBiscuit/ExoticGarden/master/files/src/me/mrCookieSlime/ExoticGarden/ExoticGarden.java:[228,139] unmappable character for encoding UTF-8
[WARNING] /home/pi/builds/TheBusyBiscuit/ExoticGarden/master/files/src/me/mrCookieSlime/ExoticGarden/ExoticGarden.java:[232,110] unmappable character for encoding UTF-8
[WARNING] /home/pi/builds/TheBusyBiscuit/ExoticGarden/master/files/src/me/mrCookieSlime/ExoticGarden/ExoticGarden.java:[232,112] unmappable character for encoding UTF-8
[WARNING] /home/pi/builds/TheBusyBiscuit/ExoticGarden/master/files/src/me/mrCookieSlime/ExoticGarden/ExoticGarden.java:[232,123] unmappable character for encoding UTF-8
[WARNING] /home/pi/builds/TheBusyBiscuit/ExoticGarden/master/files/src/me/mrCookieSlime/ExoticGarden/ExoticGarden.java:[232,125] unmappable character for encoding UTF-8
[WARNING] /home/pi/builds/TheBusyBiscuit/ExoticGarden/master/files/src/me/mrCookieSlime/ExoticGarden/ExoticGarden.java:[232,141] unmappable character for encoding UTF-8
[WARNING] /home/pi/builds/TheBusyBiscuit/ExoticGarden/master/files/src/me/mrCookieSlime/ExoticGarden/ExoticGarden.java:[232,143] unmappable character for encoding UTF-8
[WARNING] /home/pi/builds/TheBusyBiscuit/ExoticGarden/master/files/src/me/mrCookieSlime/ExoticGarden/ExoticGarden.java:[236,106] unmappable character for encoding UTF-8
[WARNING] /home/pi/builds/TheBusyBiscuit/ExoticGarden/master/files/src/me/mrCookieSlime/ExoticGarden/ExoticGarden.java:[236,108] unmappable character for encoding UTF-8
[WARNING] /home/pi/builds/TheBusyBiscuit/ExoticGarden/master/files/src/me/mrCookieSlime/ExoticGarden/ExoticGarden.java:[236,119] unmappable character for encoding UTF-8
[WARNING] /home/pi/builds/TheBusyBiscuit/ExoticGarden/master/files/src/me/mrCookieSlime/ExoticGarden/ExoticGarden.java:[236,121] unmappable character for encoding UTF-8
[WARNING] /home/pi/builds/TheBusyBiscuit/ExoticGarden/master/files/src/me/mrCookieSlime/ExoticGarden/ExoticGarden.java:[236,137] unmappable character for encoding UTF-8
[WARNING] /home/pi/builds/TheBusyBiscuit/ExoticGarden/master/files/src/me/mrCookieSlime/ExoticGarden/ExoticGarden.java:[236,139] unmappable character for encoding UTF-8
[WARNING] /home/pi/builds/TheBusyBiscuit/ExoticGarden/master/files/src/me/mrCookieSlime/ExoticGarden/ExoticGarden.java:[240,111] unmappable character for encoding UTF-8
[WARNING] /home/pi/builds/TheBusyBiscuit/ExoticGarden/master/files/src/me/mrCookieSlime/ExoticGarden/ExoticGarden.java:[240,113] unmappable character for encoding UTF-8
[WARNING] /home/pi/builds/TheBusyBiscuit/ExoticGarden/master/files/src/me/mrCookieSlime/ExoticGarden/ExoticGarden.java:[240,124] unmappable character for encoding UTF-8
[WARNING] /home/pi/builds/TheBusyBiscuit/ExoticGarden/master/files/src/me/mrCookieSlime/ExoticGarden/ExoticGarden.java:[240,126] unmappable character for encoding UTF-8
[WARNING] /home/pi/builds/TheBusyBiscuit/ExoticGarden/master/files/src/me/mrCookieSlime/ExoticGarden/ExoticGarden.java:[240,142] unmappable character for encoding UTF-8
[WARNING] /home/pi/builds/TheBusyBiscuit/ExoticGarden/master/files/src/me/mrCookieSlime/ExoticGarden/ExoticGarden.java:[240,144] unmappable character for encoding UTF-8
[WARNING] /home/pi/builds/TheBusyBiscuit/ExoticGarden/master/files/src/me/mrCookieSlime/ExoticGarden/ExoticGarden.java:[244,107] unmappable character for encoding UTF-8
[WARNING] /home/pi/builds/TheBusyBiscuit/ExoticGarden/master/files/src/me/mrCookieSlime/ExoticGarden/ExoticGarden.java:[244,109] unmappable character for encoding UTF-8
[WARNING] /home/pi/builds/TheBusyBiscuit/ExoticGarden/master/files/src/me/mrCookieSlime/ExoticGarden/ExoticGarden.java:[244,120] unmappable character for encoding UTF-8
[WARNING] /home/pi/builds/TheBusyBiscuit/ExoticGarden/master/files/src/me/mrCookieSlime/ExoticGarden/ExoticGarden.java:[244,122] unmappable character for encoding UTF-8
[WARNING] /home/pi/builds/TheBusyBiscuit/ExoticGarden/master/files/src/me/mrCookieSlime/ExoticGarden/ExoticGarden.java:[244,138] unmappable character for encoding UTF-8
[WARNING] /home/pi/builds/TheBusyBiscuit/ExoticGarden/master/files/src/me/mrCookieSlime/ExoticGarden/ExoticGarden.java:[244,140] unmappable character for encoding UTF-8
[WARNING] /home/pi/builds/TheBusyBiscuit/ExoticGarden/master/files/src/me/mrCookieSlime/ExoticGarden/ExoticGarden.java:[248,100] unmappable character for encoding UTF-8
[WARNING] /home/pi/builds/TheBusyBiscuit/ExoticGarden/master/files/src/me/mrCookieSlime/ExoticGarden/ExoticGarden.java:[248,102] unmappable character for encoding UTF-8
[WARNING] /home/pi/builds/TheBusyBiscuit/ExoticGarden/master/files/src/me/mrCookieSlime/ExoticGarden/ExoticGarden.java:[248,113] unmappable character for encoding UTF-8
[WARNING] /home/pi/builds/TheBusyBiscuit/ExoticGarden/master/files/src/me/mrCookieSlime/ExoticGarden/ExoticGarden.java:[248,115] unmappable character for encoding UTF-8
[WARNING] /home/pi/builds/TheBusyBiscuit/ExoticGarden/master/files/src/me/mrCookieSlime/ExoticGarden/ExoticGarden.java:[248,131] unmappable character for encoding UTF-8
[WARNING] /home/pi/builds/TheBusyBiscuit/ExoticGarden/master/files/src/me/mrCookieSlime/ExoticGarden/ExoticGarden.java:[248,133] unmappable character for encoding UTF-8
[WARNING] /home/pi/builds/TheBusyBiscuit/ExoticGarden/master/files/src/me/mrCookieSlime/ExoticGarden/ExoticGarden.java:[252,292] unmappable character for encoding UTF-8
[WARNING] /home/pi/builds/TheBusyBiscuit/ExoticGarden/master/files/src/me/mrCookieSlime/ExoticGarden/ExoticGarden.java:[252,294] unmappable character for encoding UTF-8
[WARNING] /home/pi/builds/TheBusyBiscuit/ExoticGarden/master/files/src/me/mrCookieSlime/ExoticGarden/ExoticGarden.java:[252,305] unmappable character for encoding UTF-8
[WARNING] /home/pi/builds/TheBusyBiscuit/ExoticGarden/master/files/src/me/mrCookieSlime/ExoticGarden/ExoticGarden.java:[252,307] unmappable character for encoding UTF-8
[WARNING] /home/pi/builds/TheBusyBiscuit/ExoticGarden/master/files/src/me/mrCookieSlime/ExoticGarden/ExoticGarden.java:[252,323] unmappable character for encoding UTF-8
[WARNING] /home/pi/builds/TheBusyBiscuit/ExoticGarden/master/files/src/me/mrCookieSlime/ExoticGarden/ExoticGarden.java:[252,325] unmappable character for encoding UTF-8
[WARNING] /home/pi/builds/TheBusyBiscuit/ExoticGarden/master/files/src/me/mrCookieSlime/ExoticGarden/ExoticGarden.java:[273,327] unmappable character for encoding UTF-8
[WARNING] /home/pi/builds/TheBusyBiscuit/ExoticGarden/master/files/src/me/mrCookieSlime/ExoticGarden/ExoticGarden.java:[273,329] unmappable character for encoding UTF-8
[WARNING] /home/pi/builds/TheBusyBiscuit/ExoticGarden/master/files/src/me/mrCookieSlime/ExoticGarden/ExoticGarden.java:[273,340] unmappable character for encoding UTF-8
[WARNING] /home/pi/builds/TheBusyBiscuit/ExoticGarden/master/files/src/me/mrCookieSlime/ExoticGarden/ExoticGarden.java:[273,342] unmappable character for encoding UTF-8
[WARNING] /home/pi/builds/TheBusyBiscuit/ExoticGarden/master/files/src/me/mrCookieSlime/ExoticGarden/ExoticGarden.java:[273,358] unmappable character for encoding UTF-8
[WARNING] /home/pi/builds/TheBusyBiscuit/ExoticGarden/master/files/src/me/mrCookieSlime/ExoticGarden/ExoticGarden.java:[273,360] unmappable character for encoding UTF-8
[WARNING] /home/pi/builds/TheBusyBiscuit/ExoticGarden/master/files/src/me/mrCookieSlime/ExoticGarden/ExoticGarden.java:[278,126] unmappable character for encoding UTF-8
[WARNING] /home/pi/builds/TheBusyBiscuit/ExoticGarden/master/files/src/me/mrCookieSlime/ExoticGarden/ExoticGarden.java:[278,128] unmappable character for encoding UTF-8
[WARNING] /home/pi/builds/TheBusyBiscuit/ExoticGarden/master/files/src/me/mrCookieSlime/ExoticGarden/ExoticGarden.java:[278,139] unmappable character for encoding UTF-8
[WARNING] /home/pi/builds/TheBusyBiscuit/ExoticGarden/master/files/src/me/mrCookieSlime/ExoticGarden/ExoticGarden.java:[278,141] unmappable character for encoding UTF-8
[WARNING] /home/pi/builds/TheBusyBiscuit/ExoticGarden/master/files/src/me/mrCookieSlime/ExoticGarden/ExoticGarden.java:[278,157] unmappable character for encoding UTF-8
[WARNING] /home/pi/builds/TheBusyBiscuit/ExoticGarden/master/files/src/me/mrCookieSlime/ExoticGarden/ExoticGarden.java:[278,159] unmappable character for encoding UTF-8
[WARNING] /home/pi/builds/TheBusyBiscuit/ExoticGarden/master/files/src/me/mrCookieSlime/ExoticGarden/ExoticGarden.java:[283,295] unmappable character for encoding UTF-8
[WARNING] /home/pi/builds/TheBusyBiscuit/ExoticGarden/master/files/src/me/mrCookieSlime/ExoticGarden/ExoticGarden.java:[283,297] unmappable character for encoding UTF-8
[WARNING] /home/pi/builds/TheBusyBiscuit/ExoticGarden/master/files/src/me/mrCookieSlime/ExoticGarden/ExoticGarden.java:[283,308] unmappable character for encoding UTF-8
[WARNING] /home/pi/builds/TheBusyBiscuit/ExoticGarden/master/files/src/me/mrCookieSlime/ExoticGarden/ExoticGarden.java:[283,310] unmappable character for encoding UTF-8
[WARNING] /home/pi/builds/TheBusyBiscuit/ExoticGarden/master/files/src/me/mrCookieSlime/ExoticGarden/ExoticGarden.java:[283,326] unmappable character for encoding UTF-8
[WARNING] /home/pi/builds/TheBusyBiscuit/ExoticGarden/master/files/src/me/mrCookieSlime/ExoticGarden/ExoticGarden.java:[283,328] unmappable character for encoding UTF-8
[WARNING] /home/pi/builds/TheBusyBiscuit/ExoticGarden/master/files/src/me/mrCookieSlime/ExoticGarden/ExoticGarden.java:[288,292] unmappable character for encoding UTF-8
[WARNING] /home/pi/builds/TheBusyBiscuit/ExoticGarden/master/files/src/me/mrCookieSlime/ExoticGarden/ExoticGarden.java:[288,294] unmappable character for encoding UTF-8
[WARNING] /home/pi/builds/TheBusyBiscuit/ExoticGarden/master/files/src/me/mrCookieSlime/ExoticGarden/ExoticGarden.java:[288,305] unmappable character for encoding UTF-8
[WARNING] /home/pi/builds/TheBusyBiscuit/ExoticGarden/master/files/src/me/mrCookieSlime/ExoticGarden/ExoticGarden.java:[288,307] unmappable character for encoding UTF-8
[WARNING] /home/pi/builds/TheBusyBiscuit/ExoticGarden/master/files/src/me/mrCookieSlime/ExoticGarden/ExoticGarden.java:[288,323] unmappable character for encoding UTF-8
[WARNING] /home/pi/builds/TheBusyBiscuit/ExoticGarden/master/files/src/me/mrCookieSlime/ExoticGarden/ExoticGarden.java:[288,325] unmappable character for encoding UTF-8
[WARNING] /home/pi/builds/TheBusyBiscuit/ExoticGarden/master/files/src/me/mrCookieSlime/ExoticGarden/ExoticGarden.java:[293,123] unmappable character for encoding UTF-8
[WARNING] /home/pi/builds/TheBusyBiscuit/ExoticGarden/master/files/src/me/mrCookieSlime/ExoticGarden/ExoticGarden.java:[293,125] unmappable character for encoding UTF-8
[WARNING] /home/pi/builds/TheBusyBiscuit/ExoticGarden/master/files/src/me/mrCookieSlime/ExoticGarden/ExoticGarden.java:[293,136] unmappable character for encoding UTF-8
[WARNING] /home/pi/builds/TheBusyBiscuit/ExoticGarden/master/files/src/me/mrCookieSlime/ExoticGarden/ExoticGarden.java:[293,138] unmappable character for encoding UTF-8
[WARNING] /home/pi/builds/TheBusyBiscuit/ExoticGarden/master/files/src/me/mrCookieSlime/ExoticGarden/ExoticGarden.java:[293,154] unmappable character for encoding UTF-8
[WARNING] /home/pi/builds/TheBusyBiscuit/ExoticGarden/master/files/src/me/mrCookieSlime/ExoticGarden/ExoticGarden.java:[293,156] unmappable character for encoding UTF-8
[WARNING] /home/pi/builds/TheBusyBiscuit/ExoticGarden/master/files/src/me/mrCookieSlime/ExoticGarden/ExoticGarden.java:[298,125] unmappable character for encoding UTF-8
[WARNING] /home/pi/builds/TheBusyBiscuit/ExoticGarden/master/files/src/me/mrCookieSlime/ExoticGarden/ExoticGarden.java:[298,127] unmappable character for encoding UTF-8
[WARNING] /home/pi/builds/TheBusyBiscuit/ExoticGarden/master/files/src/me/mrCookieSlime/ExoticGarden/ExoticGarden.java:[298,138] unmappable character for encoding UTF-8
[WARNING] /home/pi/builds/TheBusyBiscuit/ExoticGarden/master/files/src/me/mrCookieSlime/ExoticGarden/ExoticGarden.java:[298,140] unmappable character for encoding UTF-8
[WARNING] /home/pi/builds/TheBusyBiscuit/ExoticGarden/master/files/src/me/mrCookieSlime/ExoticGarden/ExoticGarden.java:[298,156] unmappable character for encoding UTF-8
[WARNING] /home/pi/builds/TheBusyBiscuit/ExoticGarden/master/files/src/me/mrCookieSlime/ExoticGarden/ExoticGarden.java:[298,158] unmappable character for encoding UTF-8
[WARNING] /home/pi/builds/TheBusyBiscuit/ExoticGarden/master/files/src/me/mrCookieSlime/ExoticGarden/ExoticGarden.java:[303,130] unmappable character for encoding UTF-8
[WARNING] /home/pi/builds/TheBusyBiscuit/ExoticGarden/master/files/src/me/mrCookieSlime/ExoticGarden/ExoticGarden.java:[303,132] unmappable character for encoding UTF-8
[WARNING] /home/pi/builds/TheBusyBiscuit/ExoticGarden/master/files/src/me/mrCookieSlime/ExoticGarden/ExoticGarden.java:[303,143] unmappable character for encoding UTF-8
[WARNING] /home/pi/builds/TheBusyBiscuit/ExoticGarden/master/files/src/me/mrCookieSlime/ExoticGarden/ExoticGarden.java:[303,145] unmappable character for encoding UTF-8
[WARNING] /home/pi/builds/TheBusyBiscuit/ExoticGarden/master/files/src/me/mrCookieSlime/ExoticGarden/PlantsListener.java: Some input files use or override a deprecated API.
[WARNING] /home/pi/builds/TheBusyBiscuit/ExoticGarden/master/files/src/me/mrCookieSlime/ExoticGarden/PlantsListener.java: Recompile with -Xlint:deprecation for details.
[INFO] 
[INFO] --- maven-resources-plugin:2.6:testResources (default-testResources) @ ExoticGarden ---
[INFO] Using 'UTF-8' encoding to copy filtered resources.
[INFO] skip non existing resourceDirectory /home/pi/builds/TheBusyBiscuit/ExoticGarden/master/files/tests/resources
[INFO] 
[INFO] --- maven-compiler-plugin:3.1:testCompile (default-testCompile) @ ExoticGarden ---
[INFO] No sources to compile
[INFO] 
[INFO] --- maven-surefire-plugin:2.12.4:test (default-test) @ ExoticGarden ---
[INFO] No tests to run.
[INFO] 
[INFO] --- maven-jar-plugin:2.4:jar (default-jar) @ ExoticGarden ---
[INFO] Building jar: /home/pi/builds/TheBusyBiscuit/ExoticGarden/master/files/target/ExoticGarden-1.jar
[INFO] ------------------------------------------------------------------------
[INFO] BUILD SUCCESS
[INFO] ------------------------------------------------------------------------
[INFO] Total time: 19.321 s
[INFO] Finished at: 2018-04-17T08:22:54Z
[INFO] Final Memory: 15M/55M
[INFO] ------------------------------------------------------------------------
