[INFO] Scanning for projects...
[INFO] 
[INFO] -------------< io.github.thebusybiscuit:SlimefunOreChunks >-------------
[INFO] Building SlimefunOreChunks DEV - 13 (git 9f7a2be3)
[INFO] --------------------------------[ jar ]---------------------------------
[INFO] Downloading from paper-repo: https://repo.destroystokyo.com/repository/maven-public/com/github/slimefun/Slimefun4/RC-20/Slimefun4-RC-20.pom
[INFO] Downloading from spigot-repo: https://hub.spigotmc.org/nexus/content/repositories/snapshots/com/github/slimefun/Slimefun4/RC-20/Slimefun4-RC-20.pom
[INFO] Downloading from jitpack.io: https://jitpack.io/com/github/slimefun/Slimefun4/RC-20/Slimefun4-RC-20.pom
[INFO] Downloaded from jitpack.io: https://jitpack.io/com/github/slimefun/Slimefun4/RC-20/Slimefun4-RC-20.pom (13 kB at 70 kB/s)
[INFO] Downloading from paper-repo: https://repo.destroystokyo.com/repository/maven-public/com/github/slimefun/Slimefun4/RC-20/Slimefun4-RC-20.jar
[INFO] Downloading from spigot-repo: https://hub.spigotmc.org/nexus/content/repositories/snapshots/com/github/slimefun/Slimefun4/RC-20/Slimefun4-RC-20.jar
[INFO] Downloading from jitpack.io: https://jitpack.io/com/github/slimefun/Slimefun4/RC-20/Slimefun4-RC-20.jar
[INFO] Downloaded from jitpack.io: https://jitpack.io/com/github/slimefun/Slimefun4/RC-20/Slimefun4-RC-20.jar (4.2 MB at 12 MB/s)
[INFO] 
[INFO] --- maven-clean-plugin:2.5:clean (default-clean) @ SlimefunOreChunks ---
[INFO] 
[INFO] --- maven-resources-plugin:2.6:resources (default-resources) @ SlimefunOreChunks ---
[INFO] Using 'UTF-8' encoding to copy filtered resources.
[INFO] Copying 2 resources
[INFO] 
[INFO] --- maven-compiler-plugin:3.1:compile (default-compile) @ SlimefunOreChunks ---
[INFO] Changes detected - recompiling the module!
[INFO] Compiling 3 source files to /home/runner/work/builds/builds/TheBusyBiscuit/SlimefunOreChunks/master/files/target/classes
[INFO] 
[INFO] --- maven-resources-plugin:2.6:testResources (default-testResources) @ SlimefunOreChunks ---
[INFO] Using 'UTF-8' encoding to copy filtered resources.
[INFO] skip non existing resourceDirectory /home/runner/work/builds/builds/TheBusyBiscuit/SlimefunOreChunks/master/files/src/test/resources
[INFO] 
[INFO] --- maven-compiler-plugin:3.1:testCompile (default-testCompile) @ SlimefunOreChunks ---
[INFO] No sources to compile
[INFO] 
[INFO] --- maven-surefire-plugin:2.12.4:test (default-test) @ SlimefunOreChunks ---
[INFO] No tests to run.
[INFO] 
[INFO] --- maven-jar-plugin:2.4:jar (default-jar) @ SlimefunOreChunks ---
[INFO] Building jar: /home/runner/work/builds/builds/TheBusyBiscuit/SlimefunOreChunks/master/files/target/SlimefunOreChunks-13.jar
[INFO] 
[INFO] --- maven-shade-plugin:3.2.4:shade (default) @ SlimefunOreChunks ---
[INFO] Including org.bstats:bstats-bukkit:jar:2.2.1 in the shaded jar.
[INFO] Including org.bstats:bstats-base:jar:2.2.1 in the shaded jar.
[INFO] Replacing original artifact with shaded artifact.
[INFO] Replacing /home/runner/work/builds/builds/TheBusyBiscuit/SlimefunOreChunks/master/files/target/SlimefunOreChunks-13.jar with /home/runner/work/builds/builds/TheBusyBiscuit/SlimefunOreChunks/master/files/target/SlimefunOreChunks-DEV - 13 (git 9f7a2be3)-shaded.jar
[INFO] Dependency-reduced POM written at: /home/runner/work/builds/builds/TheBusyBiscuit/SlimefunOreChunks/master/files/dependency-reduced-pom.xml
[INFO] 
[INFO] -------------< io.github.thebusybiscuit:SlimefunOreChunks >-------------
[INFO] Building SlimefunOreChunks DEV - 13 (git 9f7a2be3)
[INFO] --------------------------------[ jar ]---------------------------------
[INFO] 
[INFO] --- sonar-maven-plugin:3.8.0.2131:sonar (default-cli) @ SlimefunOreChunks ---
[INFO] User cache: /home/runner/.sonar/cache
[INFO] SonarQube version: 8.5.0
[INFO] Default locale: "en", source code encoding: "UTF-8"
[INFO] Load global settings
[INFO] Load global settings (done) | time=598ms
[INFO] Server id: 1BD809FA-AWHW8ct9-T_TB3XqouNu
[INFO] User cache: /home/runner/.sonar/cache
[INFO] Load/download plugins
[INFO] Load plugins index
[INFO] Load plugins index (done) | time=142ms
[INFO] Load/download plugins (done) | time=314ms
[INFO] Loaded core extensions: developer-scanner
[INFO] JavaScript/TypeScript frontend is enabled
[INFO] Found an active CI vendor: 'Github Actions'
[INFO] Load project settings for component key: 'TheBusyBiscuit_SlimefunOreChunks'
[INFO] Load project settings for component key: 'TheBusyBiscuit_SlimefunOreChunks' (done) | time=141ms
[INFO] Process project properties
[INFO] Execute project builders
[INFO] Execute project builders (done) | time=4ms
[INFO] Project key: TheBusyBiscuit_SlimefunOreChunks
[INFO] Base dir: /home/runner/work/builds/builds/TheBusyBiscuit/SlimefunOreChunks/master/files
[INFO] Working dir: /home/runner/work/builds/builds/TheBusyBiscuit/SlimefunOreChunks/master/files/target/sonar
[INFO] Load project branches
[INFO] Load project branches (done) | time=122ms
[INFO] Check ALM binding of project 'TheBusyBiscuit_SlimefunOreChunks'
ected project binding: NOT_BOUND
[INFO] Det[INFO] Check ALM binding of project 'TheBusyBiscuit_SlimefunOreChunks' (done) | time=101ms
[INFO] Load project pull requests
[INFO] Load project pull requests (done) | time=104ms
[INFO] Load branch configuration
[INFO] Github event: schedule
[INFO] Load branch configuration (done) | time=5ms
[INFO] Load quality profiles
[INFO] Load quality profiles (done) | time=156ms
[INFO] Load active rules
[INFO] Load active rules (done) | time=3498ms
[INFO] Organization key: thebusybiscuit-github
[INFO] Indexing files...
[INFO] Project configuration:
[INFO] 3 files indexed
[INFO] 1 file ignored because of scm ignore settings
[INFO] Quality profile for java: Additional Checks
[INFO] ------------- Run sensors on module SlimefunOreChunks
[INFO] JavaScript/TypeScript frontend is enabled
[INFO] Load metrics repository
[INFO] Load metrics repository (done) | time=109ms
[INFO] Sensor JavaSquidSensor [java]
[INFO] Configured Java source version (sonar.java.source): 8
[INFO] JavaClasspath initialization
[INFO] JavaClasspath initialization (done) | time=5ms
[INFO] JavaTestClasspath initialization
[INFO] JavaTestClasspath initialization (done) | time=0ms
[INFO] Java Main Files AST scan
[INFO] 3 source files to be analyzed
[INFO] Load project repositories
[INFO] Load project repositories (done) | time=117ms
[INFO] 3/3 source files have been analyzed
[INFO] Java Main Files AST scan (done) | time=2155ms
[INFO] Java Test Files AST scan
[INFO] 0 source files to be analyzed
[INFO] Java Test Files AST scan (done) | time=3ms
[INFO] Java Generated Files AST scan
[INFO] 0 source files to be analyzed
[INFO] Java Generated Files AST scan (done) | time=1ms
[INFO] Sensor JavaSquidSensor [java] (done) | time=2492ms
[INFO] Sensor SonarCSS Rules [cssfamily]
[INFO] No CSS, PHP, HTML or VueJS files are found in the project. CSS analysis is skipped.
[INFO] Sensor SonarCSS Rules [cssfamily] (done) | time=1ms
[INFO] Sensor C# Properties [csharp]
[INFO] Sensor C# Properties [csharp] (done) | time=1ms
[INFO] Sensor SurefireSensor [java]
[INFO] parsing [/home/runner/work/builds/builds/TheBusyBiscuit/SlimefunOreChunks/master/files/target/surefire-reports]
[INFO] Sensor SurefireSensor [java] (done) | time=1ms
[INFO] Sensor JavaXmlSensor [java]
[INFO] Sensor JavaXmlSensor [java] (done) | time=0ms
[INFO] Sensor HTML [web]
[INFO] 0/0 source files have been analyzed
[INFO] Sensor HTML [web] (done) | time=8ms
[INFO] 0/0 source files have been analyzed
[INFO] Sensor VB.NET Properties [vbnet]
[INFO] Sensor VB.NET Properties [vbnet] (done) | time=2ms
[INFO] Sensor JaCoCo XML Report Importer [jacoco]
[INFO] 'sonar.coverage.jacoco.xmlReportPaths' is not defined. Using default locations: target/site/jacoco/jacoco.xml,target/site/jacoco-it/jacoco.xml,build/reports/jacoco/test/jacocoTestReport.xml
[INFO] No report imported, no coverage information will be imported by JaCoCo XML Report Importer
[INFO] Sensor JaCoCo XML Report Importer [jacoco] (done) | time=3ms
[INFO] Sensor ThymeLeaf template sensor [securityjavafrontend]
[INFO] Sensor ThymeLeaf template sensor [securityjavafrontend] (done) | time=3ms
[INFO] Sensor JavaSecuritySensor [security]
[INFO] Reading type hierarchy from: /home/runner/work/builds/builds/TheBusyBiscuit/SlimefunOreChunks/master/files/target/sonar/ucfg2/java
[INFO] Read 39 type definitions
[INFO] Reading UCFGs from: /home/runner/work/builds/builds/TheBusyBiscuit/SlimefunOreChunks/master/files/target/sonar/ucfg2/java
[INFO] 16:30:55.771336 Building Runtime Type propagation graph
[INFO] 16:30:55.7837 Running Tarjan on 72 nodes
[INFO] 16:30:55.785245 Tarjan found 72 components
[INFO] 16:30:55.792958 Variable type analysis: done
[INFO] 16:30:55.793596 Building Runtime Type propagation graph
[INFO] 16:30:55.799441 Running Tarjan on 72 nodes
[INFO] 16:30:55.800309 Tarjan found 72 components
[INFO] 16:30:55.800884 Variable type analysis: done
[INFO] Analyzing 15 ucfgs to detect vulnerabilities.
[INFO] All rules entrypoints : 0 Retained UCFGs : 0
[INFO] rule: S5131, entrypoints: 0
[INFO] rule: S5131 done
[INFO] rule: S3649, entrypoints: 0
[INFO] rule: S3649 done
[INFO] rule: S2076, entrypoints: 0
[INFO] rule: S2076 done
[INFO] rule: S2091, entrypoints: 0
[INFO] rule: S2091 done
[INFO] rule: S2078, entrypoints: 0
[INFO] rule: S2078 done
[INFO] rule: S2631, entrypoints: 0
[INFO] rule: S2631 done
[INFO] rule: S5135, entrypoints: 0
[INFO] rule: S5135 done
[INFO] rule: S2083, entrypoints: 0
[INFO] rule: S2083 done
[INFO] rule: S5167, entrypoints: 0
[INFO] rule: S5167 done
[INFO] rule: S5144, entrypoints: 0
[INFO] rule: S5144 done
[INFO] rule: S5145, entrypoints: 0
[INFO] rule: S5145 done
[INFO] rule: S5146, entrypoints: 0
[INFO] rule: S5146 done
[INFO] rule: S5334, entrypoints: 0
[INFO] rule: S5334 done
[INFO] rule: S6096, entrypoints: 0
[INFO] rule: S6096 done
[INFO] Sensor JavaSecuritySensor [security] (done) | time=470ms
[INFO] Sensor CSharpSecuritySensor [security]
[INFO] Reading type hierarchy from: /home/runner/work/builds/builds/TheBusyBiscuit/SlimefunOreChunks/master/files/target/ucfg_cs2
[INFO] Read 0 type definitions
[INFO] Reading UCFGs from: /home/runner/work/builds/builds/TheBusyBiscuit/SlimefunOreChunks/master/files/target/ucfg_cs2
[INFO] No UCFGs have been included for analysis.
[INFO] Sensor CSharpSecuritySensor [security] (done) | time=3ms
[INFO] Sensor PhpSecuritySensor [security]
[INFO] Reading type hierarchy from: /home/runner/work/builds/builds/TheBusyBiscuit/SlimefunOreChunks/master/files/target/sonar/ucfg2/php
[INFO] Read 0 type definitions
[INFO] Reading UCFGs from: /home/runner/work/builds/builds/TheBusyBiscuit/SlimefunOreChunks/master/files/target/sonar/ucfg2/php
[INFO] No UCFGs have been included for analysis.
[INFO] Sensor PhpSecuritySensor [security] (done) | time=4ms
[INFO] Sensor PythonSecuritySensor [security]
[INFO] Reading type hierarchy from: /home/runner/work/builds/builds/TheBusyBiscuit/SlimefunOreChunks/master/files/target/sonar/ucfg2/python
[INFO] Read 0 type definitions
[INFO] Reading UCFGs from: /home/runner/work/builds/builds/TheBusyBiscuit/SlimefunOreChunks/master/files/target/sonar/ucfg2/python
[INFO] No UCFGs have been included for analysis.
[INFO] Sensor PythonSecuritySensor [security] (done) | time=6ms
[INFO] Sensor JsSecuritySensor [security]
[INFO] Reading type hierarchy from: /home/runner/work/builds/builds/TheBusyBiscuit/SlimefunOreChunks/master/files/target/sonar/ucfg2/js
[INFO] Read 0 type definitions
[INFO] Reading UCFGs from: /home/runner/work/builds/builds/TheBusyBiscuit/SlimefunOreChunks/master/files/target/sonar/ucfg2/js
[INFO] No UCFGs have been included for analysis.
[INFO] Sensor JsSecuritySensor [security] (done) | time=9ms
[INFO] ------------- Run sensors on project
[INFO] Sensor Zero Coverage Sensor
[INFO] Sensor Zero Coverage Sensor (done) | time=15ms
[INFO] Sensor Java CPD Block Indexer
[INFO] Sensor Java CPD Block Indexer (done) | time=19ms
[INFO] CPD Executor Calculating CPD for 3 files
[INFO] CPD Executor CPD calculation finished (done) | time=6ms
[INFO] Analysis report generated in 1263ms, dir size=192 KB
[INFO] Analysis report compressed in 18ms, zip size=42 KB
[INFO] Analysis report uploaded in 383ms
[INFO] ANALYSIS SUCCESSFUL, you can find the results at: https://sonarcloud.io/dashboard?id=TheBusyBiscuit_SlimefunOreChunks
[INFO] Note that you will be able to access the updated dashboard once the server has processed the submitted analysis report
[INFO] More about the report processing at https://sonarcloud.io/api/ce/task?id=AXfkVCzXbQfoXnO8PYTo
[INFO] Analysis total time: 12.106 s
[INFO] ------------------------------------------------------------------------
[INFO] BUILD SUCCESS
[INFO] ------------------------------------------------------------------------
[INFO] Total time:  19.753 s
[INFO] Finished at: 2021-02-27T16:30:58Z
[INFO] ------------------------------------------------------------------------
