[INFO] Scanning for projects...
[INFO] 
[INFO] -------------< io.github.thebusybiscuit:SlimefunOreChunks >-------------
[INFO] Building SlimefunOreChunks DEV - 15 (git 2520cb23)
[INFO] --------------------------------[ jar ]---------------------------------
[INFO] 
[INFO] --- maven-clean-plugin:2.5:clean (default-clean) @ SlimefunOreChunks ---
[INFO] 
[INFO] --- maven-resources-plugin:2.6:resources (default-resources) @ SlimefunOreChunks ---
[INFO] Using 'UTF-8' encoding to copy filtered resources.
[INFO] Copying 2 resources
[INFO] 
[INFO] --- maven-compiler-plugin:3.1:compile (default-compile) @ SlimefunOreChunks ---
[INFO] Changes detected - recompiling the module!
[INFO] Compiling 3 source files to /home/runner/work/builds/builds/TheBusyBiscuit/SlimefunOreChunks/master/files/target/classes
[INFO] 
[INFO] --- maven-resources-plugin:2.6:testResources (default-testResources) @ SlimefunOreChunks ---
[INFO] Using 'UTF-8' encoding to copy filtered resources.
[INFO] skip non existing resourceDirectory /home/runner/work/builds/builds/TheBusyBiscuit/SlimefunOreChunks/master/files/src/test/resources
[INFO] 
[INFO] --- maven-compiler-plugin:3.1:testCompile (default-testCompile) @ SlimefunOreChunks ---
[INFO] No sources to compile
[INFO] 
[INFO] --- maven-surefire-plugin:2.12.4:test (default-test) @ SlimefunOreChunks ---
[INFO] No tests to run.
[INFO] 
[INFO] --- maven-jar-plugin:2.4:jar (default-jar) @ SlimefunOreChunks ---
[INFO] Building jar: /home/runner/work/builds/builds/TheBusyBiscuit/SlimefunOreChunks/master/files/target/SlimefunOreChunks-15.jar
[INFO] 
[INFO] --- maven-shade-plugin:3.2.4:shade (default) @ SlimefunOreChunks ---
[INFO] Including org.bstats:bstats-bukkit:jar:2.2.1 in the shaded jar.
[INFO] Including org.bstats:bstats-base:jar:2.2.1 in the shaded jar.
[INFO] Replacing original artifact with shaded artifact.
[INFO] Replacing /home/runner/work/builds/builds/TheBusyBiscuit/SlimefunOreChunks/master/files/target/SlimefunOreChunks-15.jar with /home/runner/work/builds/builds/TheBusyBiscuit/SlimefunOreChunks/master/files/target/SlimefunOreChunks-DEV - 15 (git 2520cb23)-shaded.jar
[INFO] Dependency-reduced POM written at: /home/runner/work/builds/builds/TheBusyBiscuit/SlimefunOreChunks/master/files/dependency-reduced-pom.xml
[INFO] 
[INFO] -------------< io.github.thebusybiscuit:SlimefunOreChunks >-------------
[INFO] Building SlimefunOreChunks DEV - 15 (git 2520cb23)
[INFO] --------------------------------[ jar ]---------------------------------
[INFO] 
[INFO] --- sonar-maven-plugin:3.9.0.2155:sonar (default-cli) @ SlimefunOreChunks ---
[INFO] User cache: /home/runner/.sonar/cache
[INFO] SonarQube version: 8.9.1
[INFO] Default locale: "en", source code encoding: "UTF-8"
[INFO] Load global settings
[INFO] Load global settings (done) | time=609ms
[INFO] Server id: 1BD809FA-AWHW8ct9-T_TB3XqouNu
[INFO] User cache: /home/runner/.sonar/cache
[INFO] Load/download plugins
[INFO] Load plugins index
[INFO] Load plugins index (done) | time=138ms
[INFO] Load/download plugins (done) | time=364ms
[INFO] Loaded core extensions: developer-scanner
[INFO] Found an active CI vendor: 'Github Actions'
[INFO] Load project settings for component key: 'TheBusyBiscuit_SlimefunOreChunks'
[INFO] Load project settings for component key: 'TheBusyBiscuit_SlimefunOreChunks' (done) | time=113ms
[INFO] Process project properties
[INFO] Execute project builders
[INFO] Execute project builders (done) | time=2ms
[INFO] Project key: TheBusyBiscuit_SlimefunOreChunks
[INFO] Base dir: /home/runner/work/builds/builds/TheBusyBiscuit/SlimefunOreChunks/master/files
[INFO] Working dir: /home/runner/work/builds/builds/TheBusyBiscuit/SlimefunOreChunks/master/files/target/sonar
[INFO] Load project branches
[INFO] Load project branches (done) | time=113ms
[INFO] Check ALM binding of project 'TheBusyBiscuit_SlimefunOreChunks'
[INFO] Detected project binding: NOT_BOUND
[INFO] Check ALM binding of project 'TheBusyBiscuit_SlimefunOreChunks' (done) | time=105ms
[INFO] Load project pull requests
[INFO] Load project pull requests (done) | time=109ms
[INFO] Load branch configuration
[INFO] Github event: workflow_dispatch
[INFO] Load branch configuration (done) | time=3ms
[INFO] Load quality profiles
[INFO] Load quality profiles (done) | time=159ms
[INFO] Load active rules
[INFO] Load active rules (done) | time=4249ms
[INFO] Organization key: thebusybiscuit-github
[INFO] Indexing files...
[INFO] Project configuration:
[INFO] 3 files indexed
[INFO] 1 file ignored because of scm ignore settings
[INFO] Quality profile for java: Additional Checks
[INFO] ------------- Run sensors on module SlimefunOreChunks
[INFO] Load metrics repository
[INFO] Load metrics repository (done) | time=109ms
[INFO] Sensor JavaSensor [java]
[INFO] Configured Java source version (sonar.java.source): 8
[INFO] JavaClasspath initialization
[INFO] JavaClasspath initialization (done) | time=4ms
[INFO] JavaTestClasspath initialization
[INFO] JavaTestClasspath initialization (done) | time=2ms
[INFO] Java "Main" source files AST scan
[INFO] 3 source files to be analyzed
[INFO] Load project repositories
[INFO] Load project repositories (done) | time=123ms
[INFO] 3/3 source files have been analyzed
[INFO] Java "Main" source files AST scan (done) | time=1766ms
[INFO] No "Test" source files to scan.
[INFO] No "Generated" source files to scan.
[INFO] Sensor JavaSensor [java] (done) | time=2051ms
[INFO] Sensor CSS Rules [cssfamily]
[INFO] No CSS, PHP, HTML or VueJS files are found in the project. CSS analysis is skipped.
[INFO] Sensor CSS Rules [cssfamily] (done) | time=2ms
[INFO] Sensor C# Project Type Information [csharp]
[INFO] Sensor C# Project Type Information [csharp] (done) | time=1ms
[INFO] Sensor C# Analysis Log [csharp]
[INFO] Sensor C# Analysis Log [csharp] (done) | time=12ms
[INFO] Sensor C# Properties [csharp]
[INFO] Sensor C# Properties [csharp] (done) | time=0ms
[INFO] Sensor SurefireSensor [java]
[INFO] parsing [/home/runner/work/builds/builds/TheBusyBiscuit/SlimefunOreChunks/master/files/target/surefire-reports]
[INFO] Sensor SurefireSensor [java] (done) | time=3ms
[INFO] Sensor JavaXmlSensor [java]
[INFO] Sensor JavaXmlSensor [java] (done) | time=1ms
[INFO] Sensor HTML [web]
[INFO] Sensor HTML [web] (done) | time=3ms
[INFO] Sensor VB.NET Project Type Information [vbnet]
[INFO] Sensor VB.NET Project Type Information [vbnet] (done) | time=1ms
[INFO] Sensor VB.NET Analysis Log [vbnet]
[INFO] Sensor VB.NET Analysis Log [vbnet] (done) | time=11ms
[INFO] Sensor VB.NET Properties [vbnet]
[INFO] Sensor VB.NET Properties [vbnet] (done) | time=0ms
[INFO] Sensor JaCoCo XML Report Importer [jacoco]
[INFO] 'sonar.coverage.jacoco.xmlReportPaths' is not defined. Using default locations: target/site/jacoco/jacoco.xml,target/site/jacoco-it/jacoco.xml,build/reports/jacoco/test/jacocoTestReport.xml
[INFO] No report imported, no coverage information will be imported by JaCoCo XML Report Importer
[INFO] Sensor JaCoCo XML Report Importer [jacoco] (done) | time=3ms
[INFO] Sensor ThymeLeaf template sensor [securityjavafrontend]
[INFO] Sensor ThymeLeaf template sensor [securityjavafrontend] (done) | time=2ms
[INFO] Sensor Serverless configuration file sensor [securityjsfrontend]
[INFO] 0 Serverless function entries were found in the project
[INFO] 0 Serverless function handlers were kept as entrypoints
[INFO] Sensor Serverless configuration file sensor [securityjsfrontend] (done) | time=54ms
[INFO] Sensor AWS SAM template file sensor [securityjsfrontend]
[INFO] Sensor AWS SAM template file sensor [securityjsfrontend] (done) | time=2ms
[INFO] Sensor JavaSecuritySensor [security]
[INFO] Reading type hierarchy from: /home/runner/work/builds/builds/TheBusyBiscuit/SlimefunOreChunks/master/files/target/sonar/ucfg2/java
[INFO] Read 43 type definitions
[INFO] Reading UCFGs from: /home/runner/work/builds/builds/TheBusyBiscuit/SlimefunOreChunks/master/files/target/sonar/ucfg2/java
[INFO] 13:21:50.073317926 Building Runtime Type propagation graph
[INFO] 13:21:50.0790803 Running Tarjan on 74 nodes
[INFO] 13:21:50.080948721 Tarjan found 74 components
[INFO] 13:21:50.083519288 Variable type analysis: done
[INFO] 13:21:50.085356007 Building Runtime Type propagation graph
[INFO] 13:21:50.087302734 Running Tarjan on 74 nodes
[INFO] 13:21:50.088043182 Tarjan found 74 components
[INFO] 13:21:50.088768129 Variable type analysis: done
[INFO] Analyzing 15 ucfgs to detect vulnerabilities.
[INFO] All rules entrypoints : 0 Retained UCFGs : 0
[INFO] rule: S5131, entrypoints: 0
[INFO] rule: S5131 done
[INFO] rule: S3649, entrypoints: 0
[INFO] rule: S3649 done
[INFO] rule: S2076, entrypoints: 0
[INFO] rule: S2076 done
[INFO] rule: S2091, entrypoints: 0
[INFO] rule: S2091 done
[INFO] rule: S2078, entrypoints: 0
[INFO] rule: S2078 done
[INFO] rule: S2631, entrypoints: 0
[INFO] rule: S2631 done
[INFO] rule: S5135, entrypoints: 0
[INFO] rule: S5135 done
[INFO] rule: S2083, entrypoints: 0
[INFO] rule: S2083 done
[INFO] rule: S5167, entrypoints: 0
[INFO] rule: S5167 done
[INFO] rule: S5144, entrypoints: 0
[INFO] rule: S5144 done
[INFO] rule: S5145, entrypoints: 0
[INFO] rule: S5145 done
[INFO] rule: S5146, entrypoints: 0
[INFO] rule: S5146 done
[INFO] rule: S5334, entrypoints: 0
[INFO] rule: S5334 done
[INFO] rule: S6096, entrypoints: 0
[INFO] rule: S6096 done
[INFO] Sensor JavaSecuritySensor [security] (done) | time=392ms
[INFO] Sensor CSharpSecuritySensor [security]
[INFO] Reading type hierarchy from: /home/runner/work/builds/builds/TheBusyBiscuit/SlimefunOreChunks/master/files/target/ucfg_cs2
[INFO] Read 0 type definitions
[INFO] Reading UCFGs from: /home/runner/work/builds/builds/TheBusyBiscuit/SlimefunOreChunks/master/files/target/ucfg_cs2
[INFO] No UCFGs have been included for analysis.
[INFO] Sensor CSharpSecuritySensor [security] (done) | time=1ms
[INFO] Sensor PhpSecuritySensor [security]
[INFO] Reading type hierarchy from: /home/runner/work/builds/builds/TheBusyBiscuit/SlimefunOreChunks/master/files/target/sonar/ucfg2/php
[INFO] Read 0 type definitions
[INFO] Reading UCFGs from: /home/runner/work/builds/builds/TheBusyBiscuit/SlimefunOreChunks/master/files/target/sonar/ucfg2/php
[INFO] No UCFGs have been included for analysis.
[INFO] Sensor PhpSecuritySensor [security] (done) | time=0ms
[INFO] Sensor PythonSecuritySensor [security]
[INFO] Reading type hierarchy from: /home/runner/work/builds/builds/TheBusyBiscuit/SlimefunOreChunks/master/files/target/sonar/ucfg2/python
[INFO] Read 0 type definitions
[INFO] Reading UCFGs from: /home/runner/work/builds/builds/TheBusyBiscuit/SlimefunOreChunks/master/files/target/sonar/ucfg2/python
[INFO] No UCFGs have been included for analysis.
[INFO] Sensor PythonSecuritySensor [security] (done) | time=4ms
[INFO] Sensor JsSecuritySensor [security]
[INFO] Reading type hierarchy from: /home/runner/work/builds/builds/TheBusyBiscuit/SlimefunOreChunks/master/files/target/sonar/ucfg2/js
[INFO] Read 0 type definitions
[INFO] Reading UCFGs from: /home/runner/work/builds/builds/TheBusyBiscuit/SlimefunOreChunks/master/files/target/sonar/ucfg2/js
[INFO] 13:21:50.38081489 Building Runtime Type propagation graph
[INFO] 13:21:50.380941098 Running Tarjan on 0 nodes
[INFO] 13:21:50.383054635 Tarjan found 0 components
[INFO] 13:21:50.383834286 Variable type analysis: done
[INFO] 13:21:50.384133005 Building Runtime Type propagation graph
[INFO] 13:21:50.384247412 Running Tarjan on 0 nodes
[INFO] 13:21:50.384305016 Tarjan found 0 components
[INFO] 13:21:50.385665104 Variable type analysis: done
[INFO] Analyzing 2 ucfgs to detect vulnerabilities.
[INFO] rule: S5146, entrypoints: 3
[INFO] Running symbolic analysis
[INFO] rule: S5146 done
[INFO] rule: S2076, entrypoints: 3
[INFO] Running symbolic analysis
[INFO] rule: S2076 done
[INFO] rule: S5144, entrypoints: 3
[INFO] Running symbolic analysis
[INFO] rule: S5144 done
[INFO] rule: S5131, entrypoints: 3
[INFO] Running symbolic analysis
[INFO] rule: S5131 done
[INFO] rule: S2631, entrypoints: 3
[INFO] Running symbolic analysis
[INFO] rule: S2631 done
[INFO] rule: S5147, entrypoints: 3
[INFO] Running symbolic analysis
[INFO] rule: S5147 done
[INFO] rule: S6096, entrypoints: 3
[INFO] Running symbolic analysis
[INFO] rule: S6096 done
[INFO] rule: S5334, entrypoints: 3
[INFO] Running symbolic analysis
[INFO] rule: S5334 done
[INFO] rule: S3649, entrypoints: 3
[INFO] Running symbolic analysis
[INFO] rule: S3649 done
[INFO] rule: S5696, entrypoints: 3
[INFO] Running symbolic analysis
[INFO] rule: S5696 done
[INFO] rule: S2083, entrypoints: 3
[INFO] Running symbolic analysis
[INFO] rule: S2083 done
[INFO] rule: S5883, entrypoints: 3
[INFO] Running symbolic analysis
[INFO] rule: S5883 done
[INFO] rule: S6105, entrypoints: 3
[INFO] Running symbolic analysis
[INFO] rule: S6105 done
[INFO] Sensor JsSecuritySensor [security] (done) | time=723ms
[INFO] ------------- Run sensors on project
[INFO] Sensor Zero Coverage Sensor
[INFO] Sensor Zero Coverage Sensor (done) | time=6ms
[INFO] Sensor Java CPD Block Indexer
[INFO] Sensor Java CPD Block Indexer (done) | time=19ms
[INFO] SCM Publisher SCM provider for this project is: git
[INFO] SCM Publisher 2 source files to be analyzed
[INFO] SCM Publisher 2/2 source files have been analyzed (done) | time=106ms
[INFO] CPD Executor Calculating CPD for 3 files
[INFO] CPD Executor CPD calculation finished (done) | time=12ms
[INFO] Analysis report generated in 423ms, dir size=203 KB
[INFO] Analysis report compressed in 17ms, zip size=46 KB
[INFO] Analysis report uploaded in 339ms
[INFO] ANALYSIS SUCCESSFUL, you can find the results at: https://sonarcloud.io/dashboard?id=TheBusyBiscuit_SlimefunOreChunks
[INFO] Note that you will be able to access the updated dashboard once the server has processed the submitted analysis report
[INFO] More about the report processing at https://sonarcloud.io/api/ce/task?id=AXu7RbFWE0HAn1899lVO
[INFO] Analysis total time: 12.074 s
[INFO] ------------------------------------------------------------------------
[INFO] BUILD SUCCESS
[INFO] ------------------------------------------------------------------------
[INFO] Total time:  16.613 s
[INFO] Finished at: 2021-09-06T13:21:52Z
[INFO] ------------------------------------------------------------------------
