[INFO] Scanning for projects...
[INFO] 
[INFO] ---------------------< me.mooy1:InfinityExpansion >---------------------
[INFO] Building InfinityExpansion DEV - 32 (git 4b3c9690)
[INFO] --------------------------------[ jar ]---------------------------------
[WARNING] The POM for com.github.TheBusyBiscuit:CS-CoreLib:jar:v1.6.1 is invalid, transitive dependencies (if any) will not be available, enable debug logging for more details
[INFO] Downloading from paper-repo: https://repo.destroystokyo.com/repository/maven-public/com/github/TheBusyBiscuit/Slimefun4/RC-17/Slimefun4-RC-17.pom
[INFO] Downloading from spigot-repo: https://hub.spigotmc.org/nexus/content/repositories/snapshots/com/github/TheBusyBiscuit/Slimefun4/RC-17/Slimefun4-RC-17.pom
[INFO] Downloading from jitpack.io: https://jitpack.io/com/github/TheBusyBiscuit/Slimefun4/RC-17/Slimefun4-RC-17.pom
[INFO] Downloaded from jitpack.io: https://jitpack.io/com/github/TheBusyBiscuit/Slimefun4/RC-17/Slimefun4-RC-17.pom (13 kB at 74 kB/s)
[INFO] Downloading from paper-repo: https://repo.destroystokyo.com/repository/maven-public/com/github/TheBusyBiscuit/Slimefun4/RC-17/Slimefun4-RC-17.jar
[INFO] Downloading from spigot-repo: https://hub.spigotmc.org/nexus/content/repositories/snapshots/com/github/TheBusyBiscuit/Slimefun4/RC-17/Slimefun4-RC-17.jar
[INFO] Downloading from jitpack.io: https://jitpack.io/com/github/TheBusyBiscuit/Slimefun4/RC-17/Slimefun4-RC-17.jar
[INFO] Downloaded from jitpack.io: https://jitpack.io/com/github/TheBusyBiscuit/Slimefun4/RC-17/Slimefun4-RC-17.jar (4.1 MB at 15 MB/s)
[INFO] 
[INFO] --- maven-clean-plugin:2.5:clean (default-clean) @ InfinityExpansion ---
[INFO] 
[INFO] --- maven-resources-plugin:2.6:resources (default-resources) @ InfinityExpansion ---
[INFO] Using 'UTF-8' encoding to copy filtered resources.
[INFO] Copying 2 resources
[INFO] Copying 1 resource
[INFO] 
[INFO] --- maven-compiler-plugin:3.1:compile (default-compile) @ InfinityExpansion ---
[INFO] Changes detected - recompiling the module!
[INFO] Compiling 58 source files to /home/runner/work/builds/builds/Mooy1/InfinityExpansion/master/files/target/classes
[INFO] 
[INFO] --- maven-resources-plugin:2.6:testResources (default-testResources) @ InfinityExpansion ---
[INFO] Using 'UTF-8' encoding to copy filtered resources.
[INFO] skip non existing resourceDirectory /home/runner/work/builds/builds/Mooy1/InfinityExpansion/master/files/src/test/resources
[INFO] 
[INFO] --- maven-compiler-plugin:3.1:testCompile (default-testCompile) @ InfinityExpansion ---
[INFO] No sources to compile
[INFO] 
[INFO] --- maven-surefire-plugin:2.12.4:test (default-test) @ InfinityExpansion ---
[INFO] No tests to run.
[INFO] 
[INFO] --- maven-jar-plugin:2.4:jar (default-jar) @ InfinityExpansion ---
[INFO] Building jar: /home/runner/work/builds/builds/Mooy1/InfinityExpansion/master/files/target/InfinityExpansion-32.jar
[INFO] 
[INFO] --- maven-shade-plugin:3.1.0:shade (default) @ InfinityExpansion ---
[INFO] Including org.bstats:bstats-bukkit:jar:1.7 in the shaded jar.
[INFO] Replacing original artifact with shaded artifact.
[INFO] Replacing /home/runner/work/builds/builds/Mooy1/InfinityExpansion/master/files/target/InfinityExpansion-32.jar with /home/runner/work/builds/builds/Mooy1/InfinityExpansion/master/files/target/InfinityExpansion-DEV - 32 (git 4b3c9690)-shaded.jar
[INFO] Dependency-reduced POM written at: /home/runner/work/builds/builds/Mooy1/InfinityExpansion/master/files/dependency-reduced-pom.xml
[INFO] ------------------------------------------------------------------------
[INFO] BUILD SUCCESS
[INFO] ------------------------------------------------------------------------
[INFO] Total time:  7.573 s
[INFO] Finished at: 2020-10-29T04:56:59Z
[INFO] ------------------------------------------------------------------------
