[INFO] Scanning for projects...
[INFO] 
[INFO] ---------< io.github.seggan.slimypowersuits:Slimy_Power_Suits >---------
[INFO] Building Slimy_Power_Suits DEV - 11 (git e726cc3c)
[INFO] --------------------------------[ jar ]---------------------------------
[INFO] Downloading from central: https://repo.maven.apache.org/maven2/org/apache/maven/plugins/maven-clean-plugin/2.5/maven-clean-plugin-2.5.pom
[INFO] Downloaded from central: https://repo.maven.apache.org/maven2/org/apache/maven/plugins/maven-clean-plugin/2.5/maven-clean-plugin-2.5.pom (3.9 kB at 11 kB/s)
[INFO] Downloading from central: https://repo.maven.apache.org/maven2/org/apache/maven/plugins/maven-plugins/22/maven-plugins-22.pom
[INFO] Downloaded from central: https://repo.maven.apache.org/maven2/org/apache/maven/plugins/maven-plugins/22/maven-plugins-22.pom (13 kB at 186 kB/s)
[INFO] Downloading from central: https://repo.maven.apache.org/maven2/org/apache/maven/maven-parent/21/maven-parent-21.pom
[INFO] Downloaded from central: https://repo.maven.apache.org/maven2/org/apache/maven/maven-parent/21/maven-parent-21.pom (26 kB at 643 kB/s)
[INFO] Downloading from central: https://repo.maven.apache.org/maven2/org/apache/apache/10/apache-10.pom
[INFO] Downloaded from central: https://repo.maven.apache.org/maven2/org/apache/apache/10/apache-10.pom (15 kB at 389 kB/s)
[INFO] Downloading from central: https://repo.maven.apache.org/maven2/org/apache/maven/plugins/maven-clean-plugin/2.5/maven-clean-plugin-2.5.jar
[INFO] Downloaded from central: https://repo.maven.apache.org/maven2/org/apache/maven/plugins/maven-clean-plugin/2.5/maven-clean-plugin-2.5.jar (25 kB at 418 kB/s)
[INFO] Downloading from central: https://repo.maven.apache.org/maven2/org/apache/maven/plugins/maven-resources-plugin/2.6/maven-resources-plugin-2.6.pom
[INFO] Downloaded from central: https://repo.maven.apache.org/maven2/org/apache/maven/plugins/maven-resources-plugin/2.6/maven-resources-plugin-2.6.pom (8.1 kB at 193 kB/s)
[INFO] Downloading from central: https://repo.maven.apache.org/maven2/org/apache/maven/plugins/maven-plugins/23/maven-plugins-23.pom
[INFO] Downloaded from central: https://repo.maven.apache.org/maven2/org/apache/maven/plugins/maven-plugins/23/maven-plugins-23.pom (9.2 kB at 271 kB/s)
[INFO] Downloading from central: https://repo.maven.apache.org/maven2/org/apache/maven/maven-parent/22/maven-parent-22.pom
[INFO] Downloaded from central: https://repo.maven.apache.org/maven2/org/apache/maven/maven-parent/22/maven-parent-22.pom (30 kB at 901 kB/s)
[INFO] Downloading from central: https://repo.maven.apache.org/maven2/org/apache/apache/11/apache-11.pom
[INFO] Downloaded from central: https://repo.maven.apache.org/maven2/org/apache/apache/11/apache-11.pom (15 kB at 370 kB/s)
[INFO] Downloading from central: https://repo.maven.apache.org/maven2/org/apache/maven/plugins/maven-resources-plugin/2.6/maven-resources-plugin-2.6.jar
[INFO] Downloaded from central: https://repo.maven.apache.org/maven2/org/apache/maven/plugins/maven-resources-plugin/2.6/maven-resources-plugin-2.6.jar (30 kB at 757 kB/s)
[INFO] Downloading from central: https://repo.maven.apache.org/maven2/org/apache/maven/plugins/maven-compiler-plugin/3.1/maven-compiler-plugin-3.1.pom
[INFO] Downloaded from central: https://repo.maven.apache.org/maven2/org/apache/maven/plugins/maven-compiler-plugin/3.1/maven-compiler-plugin-3.1.pom (10 kB at 284 kB/s)
[INFO] Downloading from central: https://repo.maven.apache.org/maven2/org/apache/maven/plugins/maven-plugins/24/maven-plugins-24.pom
[INFO] Downloaded from central: https://repo.maven.apache.org/maven2/org/apache/maven/plugins/maven-plugins/24/maven-plugins-24.pom (11 kB at 360 kB/s)
[INFO] Downloading from central: https://repo.maven.apache.org/maven2/org/apache/maven/maven-parent/23/maven-parent-23.pom
[INFO] Downloaded from central: https://repo.maven.apache.org/maven2/org/apache/maven/maven-parent/23/maven-parent-23.pom (33 kB at 1.0 MB/s)
[INFO] Downloading from central: https://repo.maven.apache.org/maven2/org/apache/apache/13/apache-13.pom
[INFO] Downloaded from central: https://repo.maven.apache.org/maven2/org/apache/apache/13/apache-13.pom (14 kB at 399 kB/s)
[INFO] Downloading from central: https://repo.maven.apache.org/maven2/org/apache/maven/plugins/maven-compiler-plugin/3.1/maven-compiler-plugin-3.1.jar
[INFO] Downloaded from central: https://repo.maven.apache.org/maven2/org/apache/maven/plugins/maven-compiler-plugin/3.1/maven-compiler-plugin-3.1.jar (43 kB at 954 kB/s)
[INFO] Downloading from central: https://repo.maven.apache.org/maven2/org/apache/maven/plugins/maven-surefire-plugin/2.12.4/maven-surefire-plugin-2.12.4.pom
[INFO] Downloaded from central: https://repo.maven.apache.org/maven2/org/apache/maven/plugins/maven-surefire-plugin/2.12.4/maven-surefire-plugin-2.12.4.pom (10 kB at 349 kB/s)
[INFO] Downloading from central: https://repo.maven.apache.org/maven2/org/apache/maven/surefire/surefire/2.12.4/surefire-2.12.4.pom
[INFO] Downloaded from central: https://repo.maven.apache.org/maven2/org/apache/maven/surefire/surefire/2.12.4/surefire-2.12.4.pom (14 kB at 431 kB/s)
[INFO] Downloading from central: https://repo.maven.apache.org/maven2/org/apache/maven/plugins/maven-surefire-plugin/2.12.4/maven-surefire-plugin-2.12.4.jar
[INFO] Downloaded from central: https://repo.maven.apache.org/maven2/org/apache/maven/plugins/maven-surefire-plugin/2.12.4/maven-surefire-plugin-2.12.4.jar (30 kB at 802 kB/s)
[INFO] Downloading from central: https://repo.maven.apache.org/maven2/org/apache/maven/plugins/maven-jar-plugin/2.4/maven-jar-plugin-2.4.pom
[INFO] Downloaded from central: https://repo.maven.apache.org/maven2/org/apache/maven/plugins/maven-jar-plugin/2.4/maven-jar-plugin-2.4.pom (5.8 kB at 224 kB/s)
[INFO] Downloading from central: https://repo.maven.apache.org/maven2/org/apache/maven/plugins/maven-jar-plugin/2.4/maven-jar-plugin-2.4.jar
[INFO] Downloaded from central: https://repo.maven.apache.org/maven2/org/apache/maven/plugins/maven-jar-plugin/2.4/maven-jar-plugin-2.4.jar (34 kB at 945 kB/s)
[INFO] Downloading from central: https://repo.maven.apache.org/maven2/org/apache/maven/plugins/maven-shade-plugin/3.2.4/maven-shade-plugin-3.2.4.pom
[INFO] Downloaded from central: https://repo.maven.apache.org/maven2/org/apache/maven/plugins/maven-shade-plugin/3.2.4/maven-shade-plugin-3.2.4.pom (11 kB at 399 kB/s)
[INFO] Downloading from central: https://repo.maven.apache.org/maven2/org/apache/maven/plugins/maven-plugins/34/maven-plugins-34.pom
[INFO] Downloaded from central: https://repo.maven.apache.org/maven2/org/apache/maven/plugins/maven-plugins/34/maven-plugins-34.pom (11 kB at 396 kB/s)
[INFO] Downloading from central: https://repo.maven.apache.org/maven2/org/apache/maven/maven-parent/34/maven-parent-34.pom
[INFO] Downloaded from central: https://repo.maven.apache.org/maven2/org/apache/maven/maven-parent/34/maven-parent-34.pom (43 kB at 752 kB/s)
[INFO] Downloading from central: https://repo.maven.apache.org/maven2/org/apache/apache/23/apache-23.pom
[INFO] Downloaded from central: https://repo.maven.apache.org/maven2/org/apache/apache/23/apache-23.pom (18 kB at 658 kB/s)
[INFO] Downloading from central: https://repo.maven.apache.org/maven2/org/apache/maven/plugins/maven-shade-plugin/3.2.4/maven-shade-plugin-3.2.4.jar
[INFO] Downloaded from central: https://repo.maven.apache.org/maven2/org/apache/maven/plugins/maven-shade-plugin/3.2.4/maven-shade-plugin-3.2.4.jar (134 kB at 2.5 MB/s)
[INFO] Downloading from spigot-repo: https://hub.spigotmc.org/nexus/content/repositories/snapshots/org/spigotmc/spigot-api/1.15.2-R0.1-SNAPSHOT/maven-metadata.xml
[INFO] Downloading from jitpack: https://jitpack.io/org/spigotmc/spigot-api/1.15.2-R0.1-SNAPSHOT/maven-metadata.xml
[INFO] Downloading from CodeMC: https://repo.codemc.org/repository/maven-public/org/spigotmc/spigot-api/1.15.2-R0.1-SNAPSHOT/maven-metadata.xml
[INFO] Downloaded from spigot-repo: https://hub.spigotmc.org/nexus/content/repositories/snapshots/org/spigotmc/spigot-api/1.15.2-R0.1-SNAPSHOT/maven-metadata.xml (1.5 kB at 5.4 kB/s)
[INFO] Downloading from jitpack: https://jitpack.io/org/spigotmc/spigot-api/1.15.2-R0.1-SNAPSHOT/spigot-api-1.15.2-R0.1-20200624.001023-124.pom
[INFO] Downloading from spigot-repo: https://hub.spigotmc.org/nexus/content/repositories/snapshots/org/spigotmc/spigot-api/1.15.2-R0.1-SNAPSHOT/spigot-api-1.15.2-R0.1-20200624.001023-124.pom
[INFO] Downloaded from spigot-repo: https://hub.spigotmc.org/nexus/content/repositories/snapshots/org/spigotmc/spigot-api/1.15.2-R0.1-SNAPSHOT/spigot-api-1.15.2-R0.1-20200624.001023-124.pom (9.6 kB at 119 kB/s)
[INFO] Downloading from jitpack: https://jitpack.io/commons-lang/commons-lang/2.6/commons-lang-2.6.pom
[INFO] Downloading from spigot-repo: https://hub.spigotmc.org/nexus/content/repositories/snapshots/commons-lang/commons-lang/2.6/commons-lang-2.6.pom
[INFO] Downloading from CodeMC: https://repo.codemc.org/repository/maven-public/commons-lang/commons-lang/2.6/commons-lang-2.6.pom
[INFO] Downloading from central: https://repo.maven.apache.org/maven2/commons-lang/commons-lang/2.6/commons-lang-2.6.pom
[INFO] Downloaded from central: https://repo.maven.apache.org/maven2/commons-lang/commons-lang/2.6/commons-lang-2.6.pom (17 kB at 564 kB/s)
[INFO] Downloading from jitpack: https://jitpack.io/org/apache/commons/commons-parent/17/commons-parent-17.pom
[INFO] Downloading from spigot-repo: https://hub.spigotmc.org/nexus/content/repositories/snapshots/org/apache/commons/commons-parent/17/commons-parent-17.pom
[INFO] Downloading from CodeMC: https://repo.codemc.org/repository/maven-public/org/apache/commons/commons-parent/17/commons-parent-17.pom
[INFO] Downloading from central: https://repo.maven.apache.org/maven2/org/apache/commons/commons-parent/17/commons-parent-17.pom
[INFO] Downloaded from central: https://repo.maven.apache.org/maven2/org/apache/commons/commons-parent/17/commons-parent-17.pom (31 kB at 866 kB/s)
[INFO] Downloading from jitpack: https://jitpack.io/org/apache/apache/7/apache-7.pom
[INFO] Downloading from spigot-repo: https://hub.spigotmc.org/nexus/content/repositories/snapshots/org/apache/apache/7/apache-7.pom
[INFO] Downloading from CodeMC: https://repo.codemc.org/repository/maven-public/org/apache/apache/7/apache-7.pom
[INFO] Downloading from central: https://repo.maven.apache.org/maven2/org/apache/apache/7/apache-7.pom
[INFO] Downloaded from central: https://repo.maven.apache.org/maven2/org/apache/apache/7/apache-7.pom (14 kB at 380 kB/s)
[INFO] Downloading from jitpack: https://jitpack.io/com/google/guava/guava/21.0/guava-21.0.pom
[INFO] Downloading from spigot-repo: https://hub.spigotmc.org/nexus/content/repositories/snapshots/com/google/guava/guava/21.0/guava-21.0.pom
[INFO] Downloading from CodeMC: https://repo.codemc.org/repository/maven-public/com/google/guava/guava/21.0/guava-21.0.pom
[INFO] Downloading from central: https://repo.maven.apache.org/maven2/com/google/guava/guava/21.0/guava-21.0.pom
[INFO] Downloaded from central: https://repo.maven.apache.org/maven2/com/google/guava/guava/21.0/guava-21.0.pom (7.0 kB at 250 kB/s)
[INFO] Downloading from jitpack: https://jitpack.io/com/google/guava/guava-parent/21.0/guava-parent-21.0.pom
[INFO] Downloading from spigot-repo: https://hub.spigotmc.org/nexus/content/repositories/snapshots/com/google/guava/guava-parent/21.0/guava-parent-21.0.pom
[INFO] Downloading from CodeMC: https://repo.codemc.org/repository/maven-public/com/google/guava/guava-parent/21.0/guava-parent-21.0.pom
[INFO] Downloading from central: https://repo.maven.apache.org/maven2/com/google/guava/guava-parent/21.0/guava-parent-21.0.pom
[INFO] Downloaded from central: https://repo.maven.apache.org/maven2/com/google/guava/guava-parent/21.0/guava-parent-21.0.pom (9.7 kB at 322 kB/s)
[INFO] Downloading from jitpack: https://jitpack.io/org/sonatype/oss/oss-parent/7/oss-parent-7.pom
[INFO] Downloading from spigot-repo: https://hub.spigotmc.org/nexus/content/repositories/snapshots/org/sonatype/oss/oss-parent/7/oss-parent-7.pom
[INFO] Downloading from CodeMC: https://repo.codemc.org/repository/maven-public/org/sonatype/oss/oss-parent/7/oss-parent-7.pom
[INFO] Downloading from central: https://repo.maven.apache.org/maven2/org/sonatype/oss/oss-parent/7/oss-parent-7.pom
[INFO] Downloaded from central: https://repo.maven.apache.org/maven2/org/sonatype/oss/oss-parent/7/oss-parent-7.pom (4.8 kB at 134 kB/s)
[INFO] Downloading from jitpack: https://jitpack.io/com/google/code/gson/gson/2.8.0/gson-2.8.0.pom
[INFO] Downloading from spigot-repo: https://hub.spigotmc.org/nexus/content/repositories/snapshots/com/google/code/gson/gson/2.8.0/gson-2.8.0.pom
[INFO] Downloading from CodeMC: https://repo.codemc.org/repository/maven-public/com/google/code/gson/gson/2.8.0/gson-2.8.0.pom
[INFO] Downloading from central: https://repo.maven.apache.org/maven2/com/google/code/gson/gson/2.8.0/gson-2.8.0.pom
[INFO] Downloaded from central: https://repo.maven.apache.org/maven2/com/google/code/gson/gson/2.8.0/gson-2.8.0.pom (1.4 kB at 54 kB/s)
[INFO] Downloading from jitpack: https://jitpack.io/com/google/code/gson/gson-parent/2.8.0/gson-parent-2.8.0.pom
[INFO] Downloading from spigot-repo: https://hub.spigotmc.org/nexus/content/repositories/snapshots/com/google/code/gson/gson-parent/2.8.0/gson-parent-2.8.0.pom
[INFO] Downloading from CodeMC: https://repo.codemc.org/repository/maven-public/com/google/code/gson/gson-parent/2.8.0/gson-parent-2.8.0.pom
[INFO] Downloading from central: https://repo.maven.apache.org/maven2/com/google/code/gson/gson-parent/2.8.0/gson-parent-2.8.0.pom
[INFO] Downloaded from central: https://repo.maven.apache.org/maven2/com/google/code/gson/gson-parent/2.8.0/gson-parent-2.8.0.pom (3.5 kB at 124 kB/s)
[INFO] Downloading from jitpack: https://jitpack.io/net/md-5/bungeecord-chat/1.15-SNAPSHOT/maven-metadata.xml
[INFO] Downloading from spigot-repo: https://hub.spigotmc.org/nexus/content/repositories/snapshots/net/md-5/bungeecord-chat/1.15-SNAPSHOT/maven-metadata.xml
[INFO] Downloading from spigotmc-public: https://hub.spigotmc.org/nexus/content/groups/public/net/md-5/bungeecord-chat/1.15-SNAPSHOT/maven-metadata.xml
[INFO] Downloading from CodeMC: https://repo.codemc.org/repository/maven-public/net/md-5/bungeecord-chat/1.15-SNAPSHOT/maven-metadata.xml
[INFO] Downloaded from spigotmc-public: https://hub.spigotmc.org/nexus/content/groups/public/net/md-5/bungeecord-chat/1.15-SNAPSHOT/maven-metadata.xml (1.2 kB at 9.8 kB/s)
[INFO] Downloaded from CodeMC: https://repo.codemc.org/repository/maven-public/net/md-5/bungeecord-chat/1.15-SNAPSHOT/maven-metadata.xml (1.2 kB at 1.5 kB/s)
[INFO] Downloading from jitpack: https://jitpack.io/net/md-5/bungeecord-chat/1.15-SNAPSHOT/bungeecord-chat-1.15-20200526.095038-71.pom
[INFO] Downloading from spigot-repo: https://hub.spigotmc.org/nexus/content/repositories/snapshots/net/md-5/bungeecord-chat/1.15-SNAPSHOT/bungeecord-chat-1.15-20200526.095038-71.pom
[INFO] Downloading from CodeMC: https://repo.codemc.org/repository/maven-public/net/md-5/bungeecord-chat/1.15-SNAPSHOT/bungeecord-chat-1.15-20200526.095038-71.pom
[INFO] Downloaded from CodeMC: https://repo.codemc.org/repository/maven-public/net/md-5/bungeecord-chat/1.15-SNAPSHOT/bungeecord-chat-1.15-20200526.095038-71.pom (986 B at 1.3 kB/s)
[INFO] Downloading from jitpack: https://jitpack.io/net/md-5/bungeecord-parent/1.15-SNAPSHOT/maven-metadata.xml
[INFO] Downloading from spigot-repo: https://hub.spigotmc.org/nexus/content/repositories/snapshots/net/md-5/bungeecord-parent/1.15-SNAPSHOT/maven-metadata.xml
[INFO] Downloading from CodeMC: https://repo.codemc.org/repository/maven-public/net/md-5/bungeecord-parent/1.15-SNAPSHOT/maven-metadata.xml
[INFO] Downloading from spigotmc-public: https://hub.spigotmc.org/nexus/content/groups/public/net/md-5/bungeecord-parent/1.15-SNAPSHOT/maven-metadata.xml
[INFO] Downloaded from spigotmc-public: https://hub.spigotmc.org/nexus/content/groups/public/net/md-5/bungeecord-parent/1.15-SNAPSHOT/maven-metadata.xml (602 B at 3.6 kB/s)
[INFO] Downloaded from CodeMC: https://repo.codemc.org/repository/maven-public/net/md-5/bungeecord-parent/1.15-SNAPSHOT/maven-metadata.xml (602 B at 2.9 kB/s)
[INFO] Downloading from CodeMC: https://repo.codemc.org/repository/maven-public/net/md-5/bungeecord-parent/1.15-SNAPSHOT/bungeecord-parent-1.15-20200526.095025-72.pom
[INFO] Downloaded from CodeMC: https://repo.codemc.org/repository/maven-public/net/md-5/bungeecord-parent/1.15-SNAPSHOT/bungeecord-parent-1.15-20200526.095025-72.pom (9.4 kB at 19 kB/s)
[INFO] Downloading from jitpack: https://jitpack.io/org/yaml/snakeyaml/1.25/snakeyaml-1.25.pom
[INFO] Downloading from spigot-repo: https://hub.spigotmc.org/nexus/content/repositories/snapshots/org/yaml/snakeyaml/1.25/snakeyaml-1.25.pom
[INFO] Downloading from CodeMC: https://repo.codemc.org/repository/maven-public/org/yaml/snakeyaml/1.25/snakeyaml-1.25.pom
[INFO] Downloading from central: https://repo.maven.apache.org/maven2/org/yaml/snakeyaml/1.25/snakeyaml-1.25.pom
[INFO] Downloaded from central: https://repo.maven.apache.org/maven2/org/yaml/snakeyaml/1.25/snakeyaml-1.25.pom (38 kB at 992 kB/s)
[INFO] Downloading from jitpack: https://jitpack.io/com/github/TheBusyBiscuit/Slimefun4/RC-19/Slimefun4-RC-19.pom
[INFO] Downloaded from jitpack: https://jitpack.io/com/github/TheBusyBiscuit/Slimefun4/RC-19/Slimefun4-RC-19.pom (13 kB at 120 kB/s)
[INFO] Downloading from jitpack: https://jitpack.io/com/github/TheBusyBiscuit/CS-CoreLib/1.7/CS-CoreLib-1.7.pom
[INFO] Downloaded from jitpack: https://jitpack.io/com/github/TheBusyBiscuit/CS-CoreLib/1.7/CS-CoreLib-1.7.pom (4.2 kB at 54 kB/s)
[INFO] Downloading from jitpack: https://jitpack.io/com/github/J3fftw1/LiteXpansion/d057d812a2/LiteXpansion-d057d812a2.pom
[INFO] Downloading from spigot-repo: https://hub.spigotmc.org/nexus/content/repositories/snapshots/com/github/J3fftw1/LiteXpansion/d057d812a2/LiteXpansion-d057d812a2.pom
[INFO] Downloading from CodeMC: https://repo.codemc.org/repository/maven-public/com/github/J3fftw1/LiteXpansion/d057d812a2/LiteXpansion-d057d812a2.pom
[INFO] Downloading from central: https://repo.maven.apache.org/maven2/com/github/J3fftw1/LiteXpansion/d057d812a2/LiteXpansion-d057d812a2.pom
[INFO] Downloading from jitpack: https://jitpack.io/org/bstats/bstats-bukkit/1.7/bstats-bukkit-1.7.pom
[INFO] Downloading from spigot-repo: https://hub.spigotmc.org/nexus/content/repositories/snapshots/org/bstats/bstats-bukkit/1.7/bstats-bukkit-1.7.pom
[INFO] Downloading from CodeMC: https://repo.codemc.org/repository/maven-public/org/bstats/bstats-bukkit/1.7/bstats-bukkit-1.7.pom
[INFO] Downloaded from CodeMC: https://repo.codemc.org/repository/maven-public/org/bstats/bstats-bukkit/1.7/bstats-bukkit-1.7.pom (953 B at 1.2 kB/s)
[INFO] Downloading from jitpack: https://jitpack.io/org/bstats/bstats/1.7/bstats-1.7.pom
[INFO] Downloading from spigot-repo: https://hub.spigotmc.org/nexus/content/repositories/snapshots/org/bstats/bstats/1.7/bstats-1.7.pom
[INFO] Downloading from CodeMC: https://repo.codemc.org/repository/maven-public/org/bstats/bstats/1.7/bstats-1.7.pom
[INFO] Downloaded from CodeMC: https://repo.codemc.org/repository/maven-public/org/bstats/bstats/1.7/bstats-1.7.pom (7.3 kB at 9.4 kB/s)
[INFO] ------------------------------------------------------------------------
[INFO] BUILD FAILURE
[INFO] ------------------------------------------------------------------------
[INFO] Total time:  12.554 s
[INFO] Finished at: 2021-01-20T02:12:44Z
[INFO] ------------------------------------------------------------------------
[ERROR] Failed to execute goal on project Slimy_Power_Suits: Could not resolve dependencies for project io.github.seggan.slimypowersuits:Slimy_Power_Suits:jar:DEV - 11 (git e726cc3c): Failed to collect dependencies at com.github.J3fftw1:LiteXpansion:jar:d057d812a2: Failed to read artifact descriptor for com.github.J3fftw1:LiteXpansion:jar:d057d812a2: Could not transfer artifact com.github.J3fftw1:LiteXpansion:pom:d057d812a2 from/to jitpack (https://jitpack.io): Authentication failed for https://jitpack.io/com/github/J3fftw1/LiteXpansion/d057d812a2/LiteXpansion-d057d812a2.pom 401 Unauthorized -> [Help 1]
[ERROR] 
[ERROR] To see the full stack trace of the errors, re-run Maven with the -e switch.
[ERROR] Re-run Maven using the -X switch to enable full debug logging.
[ERROR] 
[ERROR] For more information about the errors and possible solutions, please read the following articles:
[ERROR] [Help 1] http://cwiki.apache.org/confluence/display/MAVEN/DependencyResolutionException
