[INFO] Scanning for projects...
[INFO] 
[INFO] ---------------------< me.mrCookieSlime:ExtraGear >---------------------
[INFO] Building ExtraGear DEV - 3 (git de222ab7)
[INFO] --------------------------------[ jar ]---------------------------------
[WARNING] The POM for com.github.TheBusyBiscuit:CS-CoreLib:jar:v1.6.1 is invalid, transitive dependencies (if any) will not be available, enable debug logging for more details
[WARNING] The POM for com.github.TheBusyBiscuit:Slimefun4:jar:3619c4bc9e is invalid, transitive dependencies (if any) will not be available, enable debug logging for more details
[INFO] 
[INFO] --- maven-resources-plugin:2.6:resources (default-resources) @ ExtraGear ---
[INFO] Using 'UTF-8' encoding to copy filtered resources.
[INFO] Copying 1 resource
[INFO] 
[INFO] --- maven-compiler-plugin:3.1:compile (default-compile) @ ExtraGear ---
[INFO] Changes detected - recompiling the module!
[INFO] Compiling 1 source file to /home/pi/Desktop/Build Server/TheBusyBiscuit/ExtraGear/master/files/target/classes
[WARNING] /home/pi/Desktop/Build Server/TheBusyBiscuit/ExtraGear/master/files/src/me/mrCookieSlime/ExtraGear/ExtraGear.java: /home/pi/Desktop/Build Server/TheBusyBiscuit/ExtraGear/master/files/src/me/mrCookieSlime/ExtraGear/ExtraGear.java uses or overrides a deprecated API.
[WARNING] /home/pi/Desktop/Build Server/TheBusyBiscuit/ExtraGear/master/files/src/me/mrCookieSlime/ExtraGear/ExtraGear.java: Recompile with -Xlint:deprecation for details.
[INFO] 
[INFO] --- maven-resources-plugin:2.6:testResources (default-testResources) @ ExtraGear ---
[INFO] Using 'UTF-8' encoding to copy filtered resources.
[INFO] skip non existing resourceDirectory /home/pi/Desktop/Build Server/TheBusyBiscuit/ExtraGear/master/files/tests/resources
[INFO] 
[INFO] --- maven-compiler-plugin:3.1:testCompile (default-testCompile) @ ExtraGear ---
[INFO] No sources to compile
[INFO] 
[INFO] --- maven-surefire-plugin:2.12.4:test (default-test) @ ExtraGear ---
[INFO] No tests to run.
[INFO] 
[INFO] --- maven-jar-plugin:2.4:jar (default-jar) @ ExtraGear ---
[INFO] Building jar: /home/pi/Desktop/Build Server/TheBusyBiscuit/ExtraGear/master/files/target/ExtraGear-3.jar
[INFO] ------------------------------------------------------------------------
[INFO] BUILD SUCCESS
[INFO] ------------------------------------------------------------------------
[INFO] Total time:  6.980 s
[INFO] Finished at: 2019-06-11T23:25:51+02:00
[INFO] ------------------------------------------------------------------------
